[0.027s] Invoking command in '/home/angel/0710_code/build/dual_arm_lag_newton_planner': CMAKE_PREFIX_PATH=${CMAKE_PREFIX_PATH}:/opt/ros/humble /usr/bin/cmake --build /home/angel/0710_code/build/dual_arm_lag_newton_planner -- -j8 -l8
[0.114s] [100%] Built target dual_arm_lag_newton_planner
[0.237s] Invoked command in '/home/angel/0710_code/build/dual_arm_lag_newton_planner' returned '0': CMAKE_PREFIX_PATH=${CMAKE_PREFIX_PATH}:/opt/ros/humble /usr/bin/cmake --build /home/angel/0710_code/build/dual_arm_lag_newton_planner -- -j8 -l8
[0.246s] Invoking command in '/home/angel/0710_code/build/dual_arm_lag_newton_planner': CMAKE_PREFIX_PATH=${CMAKE_PREFIX_PATH}:/opt/ros/humble /usr/bin/cmake --install /home/angel/0710_code/build/dual_arm_lag_newton_planner
[0.249s] -- Install configuration: "Release"
[0.249s] -- Up-to-date: /home/angel/0710_code/install/dual_arm_lag_newton_planner/share/dual_arm_lag_newton_planner/dual_arm_lag_newton_planner.xml
[0.250s] -- Up-to-date: /home/angel/0710_code/install/dual_arm_lag_newton_planner/lib/libdual_arm_lag_newton_planner.so
[0.250s] -- Up-to-date: /home/angel/0710_code/install/dual_arm_lag_newton_planner/include
[0.250s] -- Up-to-date: /home/angel/0710_code/install/dual_arm_lag_newton_planner/include/dual_arm_lag_newton_planner
[0.250s] -- Up-to-date: /home/angel/0710_code/install/dual_arm_lag_newton_planner/include/dual_arm_lag_newton_planner/newton_solver.hpp
[0.250s] -- Up-to-date: /home/angel/0710_code/install/dual_arm_lag_newton_planner/include/dual_arm_lag_newton_planner/avoidance_system.hpp
[0.250s] -- Up-to-date: /home/angel/0710_code/install/dual_arm_lag_newton_planner/include/dual_arm_lag_newton_planner/data_io.hpp
[0.250s] -- Up-to-date: /home/angel/0710_code/install/dual_arm_lag_newton_planner/include/dual_arm_lag_newton_planner/planner_manager.hpp
[0.251s] -- Up-to-date: /home/angel/0710_code/install/dual_arm_lag_newton_planner/share/dual_arm_lag_newton_planner/config
[0.251s] -- Up-to-date: /home/angel/0710_code/install/dual_arm_lag_newton_planner/share/dual_arm_lag_newton_planner/config/dual_arm_lag_newton_planning.yaml
[0.251s] -- Up-to-date: /home/angel/0710_code/install/dual_arm_lag_newton_planner/share/dual_arm_lag_newton_planner/environment/library_path.sh
[0.251s] -- Up-to-date: /home/angel/0710_code/install/dual_arm_lag_newton_planner/share/dual_arm_lag_newton_planner/environment/library_path.dsv
[0.251s] -- Up-to-date: /home/angel/0710_code/install/dual_arm_lag_newton_planner/share/ament_index/resource_index/package_run_dependencies/dual_arm_lag_newton_planner
[0.251s] -- Up-to-date: /home/angel/0710_code/install/dual_arm_lag_newton_planner/share/ament_index/resource_index/parent_prefix_path/dual_arm_lag_newton_planner
[0.252s] -- Up-to-date: /home/angel/0710_code/install/dual_arm_lag_newton_planner/share/dual_arm_lag_newton_planner/environment/ament_prefix_path.sh
[0.252s] -- Up-to-date: /home/angel/0710_code/install/dual_arm_lag_newton_planner/share/dual_arm_lag_newton_planner/environment/ament_prefix_path.dsv
[0.252s] -- Up-to-date: /home/angel/0710_code/install/dual_arm_lag_newton_planner/share/dual_arm_lag_newton_planner/environment/path.sh
[0.252s] -- Up-to-date: /home/angel/0710_code/install/dual_arm_lag_newton_planner/share/dual_arm_lag_newton_planner/environment/path.dsv
[0.252s] -- Up-to-date: /home/angel/0710_code/install/dual_arm_lag_newton_planner/share/dual_arm_lag_newton_planner/local_setup.bash
[0.253s] -- Up-to-date: /home/angel/0710_code/install/dual_arm_lag_newton_planner/share/dual_arm_lag_newton_planner/local_setup.sh
[0.254s] -- Up-to-date: /home/angel/0710_code/install/dual_arm_lag_newton_planner/share/dual_arm_lag_newton_planner/local_setup.zsh
[0.254s] -- Up-to-date: /home/angel/0710_code/install/dual_arm_lag_newton_planner/share/dual_arm_lag_newton_planner/local_setup.dsv
[0.254s] -- Installing: /home/angel/0710_code/install/dual_arm_lag_newton_planner/share/dual_arm_lag_newton_planner/package.dsv
[0.255s] -- Up-to-date: /home/angel/0710_code/install/dual_arm_lag_newton_planner/share/ament_index/resource_index/packages/dual_arm_lag_newton_planner
[0.255s] -- Up-to-date: /home/angel/0710_code/install/dual_arm_lag_newton_planner/share/ament_index/resource_index/moveit_core__pluginlib__plugin/dual_arm_lag_newton_planner
[0.255s] -- Up-to-date: /home/angel/0710_code/install/dual_arm_lag_newton_planner/share/dual_arm_lag_newton_planner/cmake/ament_cmake_export_libraries-extras.cmake
[0.255s] -- Up-to-date: /home/angel/0710_code/install/dual_arm_lag_newton_planner/share/dual_arm_lag_newton_planner/cmake/ament_cmake_export_dependencies-extras.cmake
[0.255s] -- Up-to-date: /home/angel/0710_code/install/dual_arm_lag_newton_planner/share/dual_arm_lag_newton_planner/cmake/dual_arm_lag_newton_plannerConfig.cmake
[0.256s] -- Up-to-date: /home/angel/0710_code/install/dual_arm_lag_newton_planner/share/dual_arm_lag_newton_planner/cmake/dual_arm_lag_newton_plannerConfig-version.cmake
[0.256s] -- Up-to-date: /home/angel/0710_code/install/dual_arm_lag_newton_planner/share/dual_arm_lag_newton_planner/package.xml
[0.297s] Invoked command in '/home/angel/0710_code/build/dual_arm_lag_newton_planner' returned '0': CMAKE_PREFIX_PATH=${CMAKE_PREFIX_PATH}:/opt/ros/humble /usr/bin/cmake --install /home/angel/0710_code/build/dual_arm_lag_newton_planner
