[1.294s] DEBUG:colcon:Command line arguments: ['/usr/bin/colcon', 'build', '--packages-select', 'hiwin_dual_arm', 'dual_arm_alm_cg_planner', 'dual_arm_alm_gd_planner', 'dual_arm_alm_newton_planner', 'dual_arm_lag_cg_planner', 'dual_arm_lag_gd_planner', 'dual_arm_lag_newton_planner']
[1.294s] DEBUG:colcon:Parsed command line arguments: Namespace(log_base=None, log_level=None, verb_name='build', build_base='build', install_base='install', merge_install=False, symlink_install=False, test_result_base=None, continue_on_error=False, executor='parallel', parallel_workers=8, event_handlers=None, ignore_user_meta=False, metas=['./colcon.meta'], base_paths=['.'], packages_ignore=None, packages_ignore_regex=None, paths=None, packages_up_to=None, packages_up_to_regex=None, packages_above=None, packages_above_and_dependencies=None, packages_above_depth=None, packages_select_by_dep=None, packages_skip_by_dep=None, packages_skip_up_to=None, packages_select_build_failed=False, packages_skip_build_finished=False, packages_select_test_failures=False, packages_skip_test_passed=False, packages_select=['hiwin_dual_arm', 'dual_arm_alm_cg_planner', 'dual_arm_alm_gd_planner', 'dual_arm_alm_newton_planner', 'dual_arm_lag_cg_planner', 'dual_arm_lag_gd_planner', 'dual_arm_lag_newton_planner'], packages_skip=None, packages_select_regex=None, packages_skip_regex=None, packages_start=None, packages_end=None, allow_overriding=[], cmake_args=None, cmake_target=None, cmake_target_skip_unavailable=False, cmake_clean_cache=False, cmake_clean_first=False, cmake_force_configure=False, ament_cmake_args=None, catkin_cmake_args=None, catkin_skip_building_tests=False, mixin_files=None, mixin=None, verb_parser=<colcon_mixin.mixin.mixin_argument.MixinArgumentDecorator object at 0x7a1c92ab5fd0>, verb_extension=<colcon_core.verb.build.BuildVerb object at 0x7a1c92ab57f0>, main=<bound method BuildVerb.main of <colcon_core.verb.build.BuildVerb object at 0x7a1c92ab57f0>>, mixin_verb=('build',))
[1.497s] Level 1:colcon.colcon_core.package_discovery:discover_packages(colcon_meta) check parameters
[1.498s] Level 1:colcon.colcon_core.package_discovery:discover_packages(recursive) check parameters
[1.498s] Level 1:colcon.colcon_core.package_discovery:discover_packages(ignore) check parameters
[1.498s] Level 1:colcon.colcon_core.package_discovery:discover_packages(path) check parameters
[1.498s] Level 1:colcon.colcon_core.package_discovery:discover_packages(colcon_meta) discover
[1.498s] Level 1:colcon.colcon_core.package_discovery:discover_packages(recursive) discover
[1.498s] INFO:colcon.colcon_core.package_discovery:Crawling recursively for packages in '/home/angel/0710_code'
[1.498s] Level 1:colcon.colcon_core.package_identification:_identify(.) by extensions ['ignore', 'ignore_ament_install']
[1.498s] Level 1:colcon.colcon_core.package_identification:_identify(.) by extension 'ignore'
[1.499s] Level 1:colcon.colcon_core.package_identification:_identify(.) by extension 'ignore_ament_install'
[1.499s] Level 1:colcon.colcon_core.package_identification:_identify(.) by extensions ['colcon_pkg']
[1.499s] Level 1:colcon.colcon_core.package_identification:_identify(.) by extension 'colcon_pkg'
[1.499s] Level 1:colcon.colcon_core.package_identification:_identify(.) by extensions ['colcon_meta']
[1.499s] Level 1:colcon.colcon_core.package_identification:_identify(.) by extension 'colcon_meta'
[1.499s] Level 1:colcon.colcon_core.package_identification:_identify(.) by extensions ['ros']
[1.499s] Level 1:colcon.colcon_core.package_identification:_identify(.) by extension 'ros'
[1.547s] Level 1:colcon.colcon_core.package_identification:_identify(.) by extensions ['cmake', 'python']
[1.547s] Level 1:colcon.colcon_core.package_identification:_identify(.) by extension 'cmake'
[1.547s] Level 1:colcon.colcon_core.package_identification:_identify(.) by extension 'python'
[1.547s] Level 1:colcon.colcon_core.package_identification:_identify(.) by extensions ['python_setup_py']
[1.547s] Level 1:colcon.colcon_core.package_identification:_identify(.) by extension 'python_setup_py'
[1.547s] Level 1:colcon.colcon_core.package_identification:_identify(build) by extensions ['ignore', 'ignore_ament_install']
[1.547s] Level 1:colcon.colcon_core.package_identification:_identify(build) by extension 'ignore'
[1.547s] Level 1:colcon.colcon_core.package_identification:_identify(build) ignored
[1.548s] Level 1:colcon.colcon_core.package_identification:_identify(install) by extensions ['ignore', 'ignore_ament_install']
[1.548s] Level 1:colcon.colcon_core.package_identification:_identify(install) by extension 'ignore'
[1.548s] Level 1:colcon.colcon_core.package_identification:_identify(install) ignored
[1.548s] Level 1:colcon.colcon_core.package_identification:_identify(log) by extensions ['ignore', 'ignore_ament_install']
[1.548s] Level 1:colcon.colcon_core.package_identification:_identify(log) by extension 'ignore'
[1.548s] Level 1:colcon.colcon_core.package_identification:_identify(log) ignored
[1.549s] Level 1:colcon.colcon_core.package_identification:_identify(src) by extensions ['ignore', 'ignore_ament_install']
[1.549s] Level 1:colcon.colcon_core.package_identification:_identify(src) by extension 'ignore'
[1.549s] Level 1:colcon.colcon_core.package_identification:_identify(src) by extension 'ignore_ament_install'
[1.549s] Level 1:colcon.colcon_core.package_identification:_identify(src) by extensions ['colcon_pkg']
[1.549s] Level 1:colcon.colcon_core.package_identification:_identify(src) by extension 'colcon_pkg'
[1.549s] Level 1:colcon.colcon_core.package_identification:_identify(src) by extensions ['colcon_meta']
[1.549s] Level 1:colcon.colcon_core.package_identification:_identify(src) by extension 'colcon_meta'
[1.549s] Level 1:colcon.colcon_core.package_identification:_identify(src) by extensions ['ros']
[1.549s] Level 1:colcon.colcon_core.package_identification:_identify(src) by extension 'ros'
[1.549s] Level 1:colcon.colcon_core.package_identification:_identify(src) by extensions ['cmake', 'python']
[1.549s] Level 1:colcon.colcon_core.package_identification:_identify(src) by extension 'cmake'
[1.550s] Level 1:colcon.colcon_core.package_identification:_identify(src) by extension 'python'
[1.550s] Level 1:colcon.colcon_core.package_identification:_identify(src) by extensions ['python_setup_py']
[1.550s] Level 1:colcon.colcon_core.package_identification:_identify(src) by extension 'python_setup_py'
[1.550s] Level 1:colcon.colcon_core.package_identification:_identify(src/0710_code) by extensions ['ignore', 'ignore_ament_install']
[1.550s] Level 1:colcon.colcon_core.package_identification:_identify(src/0710_code) by extension 'ignore'
[1.550s] Level 1:colcon.colcon_core.package_identification:_identify(src/0710_code) by extension 'ignore_ament_install'
[1.550s] Level 1:colcon.colcon_core.package_identification:_identify(src/0710_code) by extensions ['colcon_pkg']
[1.550s] Level 1:colcon.colcon_core.package_identification:_identify(src/0710_code) by extension 'colcon_pkg'
[1.550s] Level 1:colcon.colcon_core.package_identification:_identify(src/0710_code) by extensions ['colcon_meta']
[1.551s] Level 1:colcon.colcon_core.package_identification:_identify(src/0710_code) by extension 'colcon_meta'
[1.551s] Level 1:colcon.colcon_core.package_identification:_identify(src/0710_code) by extensions ['ros']
[1.551s] Level 1:colcon.colcon_core.package_identification:_identify(src/0710_code) by extension 'ros'
[1.551s] Level 1:colcon.colcon_core.package_identification:_identify(src/0710_code) by extensions ['cmake', 'python']
[1.551s] Level 1:colcon.colcon_core.package_identification:_identify(src/0710_code) by extension 'cmake'
[1.551s] Level 1:colcon.colcon_core.package_identification:_identify(src/0710_code) by extension 'python'
[1.551s] Level 1:colcon.colcon_core.package_identification:_identify(src/0710_code) by extensions ['python_setup_py']
[1.551s] Level 1:colcon.colcon_core.package_identification:_identify(src/0710_code) by extension 'python_setup_py'
[1.551s] Level 1:colcon.colcon_core.package_identification:_identify(src/0710_code/dual_arm_alm_cg_planner) by extensions ['ignore', 'ignore_ament_install']
[1.551s] Level 1:colcon.colcon_core.package_identification:_identify(src/0710_code/dual_arm_alm_cg_planner) by extension 'ignore'
[1.552s] Level 1:colcon.colcon_core.package_identification:_identify(src/0710_code/dual_arm_alm_cg_planner) by extension 'ignore_ament_install'
[1.552s] Level 1:colcon.colcon_core.package_identification:_identify(src/0710_code/dual_arm_alm_cg_planner) by extensions ['colcon_pkg']
[1.552s] Level 1:colcon.colcon_core.package_identification:_identify(src/0710_code/dual_arm_alm_cg_planner) by extension 'colcon_pkg'
[1.552s] Level 1:colcon.colcon_core.package_identification:_identify(src/0710_code/dual_arm_alm_cg_planner) by extensions ['colcon_meta']
[1.552s] Level 1:colcon.colcon_core.package_identification:_identify(src/0710_code/dual_arm_alm_cg_planner) by extension 'colcon_meta'
[1.552s] Level 1:colcon.colcon_core.package_identification:_identify(src/0710_code/dual_arm_alm_cg_planner) by extensions ['ros']
[1.552s] Level 1:colcon.colcon_core.package_identification:_identify(src/0710_code/dual_arm_alm_cg_planner) by extension 'ros'
[1.571s] DEBUG:colcon.colcon_core.package_identification:Package 'src/0710_code/dual_arm_alm_cg_planner' with type 'ros.ament_cmake' and name 'dual_arm_alm_cg_planner'
[1.572s] Level 1:colcon.colcon_core.package_identification:_identify(src/0710_code/dual_arm_alm_gd_planner) by extensions ['ignore', 'ignore_ament_install']
[1.572s] Level 1:colcon.colcon_core.package_identification:_identify(src/0710_code/dual_arm_alm_gd_planner) by extension 'ignore'
[1.572s] Level 1:colcon.colcon_core.package_identification:_identify(src/0710_code/dual_arm_alm_gd_planner) by extension 'ignore_ament_install'
[1.572s] Level 1:colcon.colcon_core.package_identification:_identify(src/0710_code/dual_arm_alm_gd_planner) by extensions ['colcon_pkg']
[1.572s] Level 1:colcon.colcon_core.package_identification:_identify(src/0710_code/dual_arm_alm_gd_planner) by extension 'colcon_pkg'
[1.572s] Level 1:colcon.colcon_core.package_identification:_identify(src/0710_code/dual_arm_alm_gd_planner) by extensions ['colcon_meta']
[1.572s] Level 1:colcon.colcon_core.package_identification:_identify(src/0710_code/dual_arm_alm_gd_planner) by extension 'colcon_meta'
[1.573s] Level 1:colcon.colcon_core.package_identification:_identify(src/0710_code/dual_arm_alm_gd_planner) by extensions ['ros']
[1.573s] Level 1:colcon.colcon_core.package_identification:_identify(src/0710_code/dual_arm_alm_gd_planner) by extension 'ros'
[1.574s] DEBUG:colcon.colcon_core.package_identification:Package 'src/0710_code/dual_arm_alm_gd_planner' with type 'ros.ament_cmake' and name 'dual_arm_alm_gd_planner'
[1.574s] Level 1:colcon.colcon_core.package_identification:_identify(src/0710_code/dual_arm_alm_newton_planner) by extensions ['ignore', 'ignore_ament_install']
[1.574s] Level 1:colcon.colcon_core.package_identification:_identify(src/0710_code/dual_arm_alm_newton_planner) by extension 'ignore'
[1.574s] Level 1:colcon.colcon_core.package_identification:_identify(src/0710_code/dual_arm_alm_newton_planner) by extension 'ignore_ament_install'
[1.575s] Level 1:colcon.colcon_core.package_identification:_identify(src/0710_code/dual_arm_alm_newton_planner) by extensions ['colcon_pkg']
[1.575s] Level 1:colcon.colcon_core.package_identification:_identify(src/0710_code/dual_arm_alm_newton_planner) by extension 'colcon_pkg'
[1.575s] Level 1:colcon.colcon_core.package_identification:_identify(src/0710_code/dual_arm_alm_newton_planner) by extensions ['colcon_meta']
[1.575s] Level 1:colcon.colcon_core.package_identification:_identify(src/0710_code/dual_arm_alm_newton_planner) by extension 'colcon_meta'
[1.575s] Level 1:colcon.colcon_core.package_identification:_identify(src/0710_code/dual_arm_alm_newton_planner) by extensions ['ros']
[1.575s] Level 1:colcon.colcon_core.package_identification:_identify(src/0710_code/dual_arm_alm_newton_planner) by extension 'ros'
[1.576s] DEBUG:colcon.colcon_core.package_identification:Package 'src/0710_code/dual_arm_alm_newton_planner' with type 'ros.ament_cmake' and name 'dual_arm_alm_newton_planner'
[1.576s] Level 1:colcon.colcon_core.package_identification:_identify(src/0710_code/dual_arm_lag_cg_planner) by extensions ['ignore', 'ignore_ament_install']
[1.577s] Level 1:colcon.colcon_core.package_identification:_identify(src/0710_code/dual_arm_lag_cg_planner) by extension 'ignore'
[1.577s] Level 1:colcon.colcon_core.package_identification:_identify(src/0710_code/dual_arm_lag_cg_planner) by extension 'ignore_ament_install'
[1.577s] Level 1:colcon.colcon_core.package_identification:_identify(src/0710_code/dual_arm_lag_cg_planner) by extensions ['colcon_pkg']
[1.577s] Level 1:colcon.colcon_core.package_identification:_identify(src/0710_code/dual_arm_lag_cg_planner) by extension 'colcon_pkg'
[1.577s] Level 1:colcon.colcon_core.package_identification:_identify(src/0710_code/dual_arm_lag_cg_planner) by extensions ['colcon_meta']
[1.577s] Level 1:colcon.colcon_core.package_identification:_identify(src/0710_code/dual_arm_lag_cg_planner) by extension 'colcon_meta'
[1.577s] Level 1:colcon.colcon_core.package_identification:_identify(src/0710_code/dual_arm_lag_cg_planner) by extensions ['ros']
[1.577s] Level 1:colcon.colcon_core.package_identification:_identify(src/0710_code/dual_arm_lag_cg_planner) by extension 'ros'
[1.579s] DEBUG:colcon.colcon_core.package_identification:Package 'src/0710_code/dual_arm_lag_cg_planner' with type 'ros.ament_cmake' and name 'dual_arm_lag_cg_planner'
[1.579s] Level 1:colcon.colcon_core.package_identification:_identify(src/0710_code/dual_arm_lag_gd_planner) by extensions ['ignore', 'ignore_ament_install']
[1.579s] Level 1:colcon.colcon_core.package_identification:_identify(src/0710_code/dual_arm_lag_gd_planner) by extension 'ignore'
[1.579s] Level 1:colcon.colcon_core.package_identification:_identify(src/0710_code/dual_arm_lag_gd_planner) by extension 'ignore_ament_install'
[1.579s] Level 1:colcon.colcon_core.package_identification:_identify(src/0710_code/dual_arm_lag_gd_planner) by extensions ['colcon_pkg']
[1.579s] Level 1:colcon.colcon_core.package_identification:_identify(src/0710_code/dual_arm_lag_gd_planner) by extension 'colcon_pkg'
[1.579s] Level 1:colcon.colcon_core.package_identification:_identify(src/0710_code/dual_arm_lag_gd_planner) by extensions ['colcon_meta']
[1.580s] Level 1:colcon.colcon_core.package_identification:_identify(src/0710_code/dual_arm_lag_gd_planner) by extension 'colcon_meta'
[1.580s] Level 1:colcon.colcon_core.package_identification:_identify(src/0710_code/dual_arm_lag_gd_planner) by extensions ['ros']
[1.580s] Level 1:colcon.colcon_core.package_identification:_identify(src/0710_code/dual_arm_lag_gd_planner) by extension 'ros'
[1.581s] DEBUG:colcon.colcon_core.package_identification:Package 'src/0710_code/dual_arm_lag_gd_planner' with type 'ros.ament_cmake' and name 'dual_arm_lag_gd_planner'
[1.581s] Level 1:colcon.colcon_core.package_identification:_identify(src/0710_code/dual_arm_lag_newton_planner) by extensions ['ignore', 'ignore_ament_install']
[1.581s] Level 1:colcon.colcon_core.package_identification:_identify(src/0710_code/dual_arm_lag_newton_planner) by extension 'ignore'
[1.581s] Level 1:colcon.colcon_core.package_identification:_identify(src/0710_code/dual_arm_lag_newton_planner) by extension 'ignore_ament_install'
[1.582s] Level 1:colcon.colcon_core.package_identification:_identify(src/0710_code/dual_arm_lag_newton_planner) by extensions ['colcon_pkg']
[1.582s] Level 1:colcon.colcon_core.package_identification:_identify(src/0710_code/dual_arm_lag_newton_planner) by extension 'colcon_pkg'
[1.582s] Level 1:colcon.colcon_core.package_identification:_identify(src/0710_code/dual_arm_lag_newton_planner) by extensions ['colcon_meta']
[1.582s] Level 1:colcon.colcon_core.package_identification:_identify(src/0710_code/dual_arm_lag_newton_planner) by extension 'colcon_meta'
[1.582s] Level 1:colcon.colcon_core.package_identification:_identify(src/0710_code/dual_arm_lag_newton_planner) by extensions ['ros']
[1.582s] Level 1:colcon.colcon_core.package_identification:_identify(src/0710_code/dual_arm_lag_newton_planner) by extension 'ros'
[1.583s] DEBUG:colcon.colcon_core.package_identification:Package 'src/0710_code/dual_arm_lag_newton_planner' with type 'ros.ament_cmake' and name 'dual_arm_lag_newton_planner'
[1.583s] Level 1:colcon.colcon_core.package_identification:_identify(src/0710_code/hiwin_description) by extensions ['ignore', 'ignore_ament_install']
[1.584s] Level 1:colcon.colcon_core.package_identification:_identify(src/0710_code/hiwin_description) by extension 'ignore'
[1.584s] Level 1:colcon.colcon_core.package_identification:_identify(src/0710_code/hiwin_description) by extension 'ignore_ament_install'
[1.584s] Level 1:colcon.colcon_core.package_identification:_identify(src/0710_code/hiwin_description) by extensions ['colcon_pkg']
[1.584s] Level 1:colcon.colcon_core.package_identification:_identify(src/0710_code/hiwin_description) by extension 'colcon_pkg'
[1.584s] Level 1:colcon.colcon_core.package_identification:_identify(src/0710_code/hiwin_description) by extensions ['colcon_meta']
[1.584s] Level 1:colcon.colcon_core.package_identification:_identify(src/0710_code/hiwin_description) by extension 'colcon_meta'
[1.584s] Level 1:colcon.colcon_core.package_identification:_identify(src/0710_code/hiwin_description) by extensions ['ros']
[1.584s] Level 1:colcon.colcon_core.package_identification:_identify(src/0710_code/hiwin_description) by extension 'ros'
[1.585s] DEBUG:colcon.colcon_core.package_identification:Package 'src/0710_code/hiwin_description' with type 'ros.ament_cmake' and name 'hiwin_description'
[1.585s] Level 1:colcon.colcon_core.package_identification:_identify(src/0710_code/hiwin_dual_arm) by extensions ['ignore', 'ignore_ament_install']
[1.585s] Level 1:colcon.colcon_core.package_identification:_identify(src/0710_code/hiwin_dual_arm) by extension 'ignore'
[1.586s] Level 1:colcon.colcon_core.package_identification:_identify(src/0710_code/hiwin_dual_arm) by extension 'ignore_ament_install'
[1.586s] Level 1:colcon.colcon_core.package_identification:_identify(src/0710_code/hiwin_dual_arm) by extensions ['colcon_pkg']
[1.586s] Level 1:colcon.colcon_core.package_identification:_identify(src/0710_code/hiwin_dual_arm) by extension 'colcon_pkg'
[1.586s] Level 1:colcon.colcon_core.package_identification:_identify(src/0710_code/hiwin_dual_arm) by extensions ['colcon_meta']
[1.586s] Level 1:colcon.colcon_core.package_identification:_identify(src/0710_code/hiwin_dual_arm) by extension 'colcon_meta'
[1.586s] Level 1:colcon.colcon_core.package_identification:_identify(src/0710_code/hiwin_dual_arm) by extensions ['ros']
[1.586s] Level 1:colcon.colcon_core.package_identification:_identify(src/0710_code/hiwin_dual_arm) by extension 'ros'
[1.587s] DEBUG:colcon.colcon_core.package_identification:Package 'src/0710_code/hiwin_dual_arm' with type 'ros.ament_cmake' and name 'hiwin_dual_arm'
[1.587s] Level 1:colcon.colcon_core.package_discovery:discover_packages(recursive) using defaults
[1.588s] Level 1:colcon.colcon_core.package_discovery:discover_packages(ignore) discover
[1.588s] Level 1:colcon.colcon_core.package_discovery:discover_packages(ignore) using defaults
[1.588s] Level 1:colcon.colcon_core.package_discovery:discover_packages(path) discover
[1.588s] Level 1:colcon.colcon_core.package_discovery:discover_packages(path) using defaults
[1.671s] INFO:colcon.colcon_core.package_selection:Skipping not selected package 'hiwin_description' in 'src/0710_code/hiwin_description'
[1.672s] Level 1:colcon.colcon_core.package_discovery:discover_packages(prefix_path) check parameters
[1.672s] Level 1:colcon.colcon_core.package_discovery:discover_packages(prefix_path) discover
[1.674s] Level 1:colcon.colcon_core.package_discovery:discover_packages(prefix_path) using defaults
[1.677s] Level 5:colcon.colcon_core.verb:set package 'dual_arm_alm_cg_planner' build argument 'cmake_args' from command line to 'None'
[1.677s] Level 5:colcon.colcon_core.verb:set package 'dual_arm_alm_cg_planner' build argument 'cmake_target' from command line to 'None'
[1.677s] Level 5:colcon.colcon_core.verb:set package 'dual_arm_alm_cg_planner' build argument 'cmake_target_skip_unavailable' from command line to 'False'
[1.677s] Level 5:colcon.colcon_core.verb:set package 'dual_arm_alm_cg_planner' build argument 'cmake_clean_cache' from command line to 'False'
[1.677s] Level 5:colcon.colcon_core.verb:set package 'dual_arm_alm_cg_planner' build argument 'cmake_clean_first' from command line to 'False'
[1.677s] Level 5:colcon.colcon_core.verb:set package 'dual_arm_alm_cg_planner' build argument 'cmake_force_configure' from command line to 'False'
[1.677s] Level 5:colcon.colcon_core.verb:set package 'dual_arm_alm_cg_planner' build argument 'ament_cmake_args' from command line to 'None'
[1.677s] Level 5:colcon.colcon_core.verb:set package 'dual_arm_alm_cg_planner' build argument 'catkin_cmake_args' from command line to 'None'
[1.677s] Level 5:colcon.colcon_core.verb:set package 'dual_arm_alm_cg_planner' build argument 'catkin_skip_building_tests' from command line to 'False'
[1.677s] DEBUG:colcon.colcon_core.verb:Building package 'dual_arm_alm_cg_planner' with the following arguments: {'ament_cmake_args': None, 'build_base': '/home/angel/0710_code/build/dual_arm_alm_cg_planner', 'catkin_cmake_args': None, 'catkin_skip_building_tests': False, 'cmake_args': None, 'cmake_clean_cache': False, 'cmake_clean_first': False, 'cmake_force_configure': False, 'cmake_target': None, 'cmake_target_skip_unavailable': False, 'install_base': '/home/angel/0710_code/install/dual_arm_alm_cg_planner', 'merge_install': False, 'path': '/home/angel/0710_code/src/0710_code/dual_arm_alm_cg_planner', 'symlink_install': False, 'test_result_base': None}
[1.678s] Level 5:colcon.colcon_core.verb:set package 'dual_arm_alm_gd_planner' build argument 'cmake_args' from command line to 'None'
[1.678s] Level 5:colcon.colcon_core.verb:set package 'dual_arm_alm_gd_planner' build argument 'cmake_target' from command line to 'None'
[1.678s] Level 5:colcon.colcon_core.verb:set package 'dual_arm_alm_gd_planner' build argument 'cmake_target_skip_unavailable' from command line to 'False'
[1.678s] Level 5:colcon.colcon_core.verb:set package 'dual_arm_alm_gd_planner' build argument 'cmake_clean_cache' from command line to 'False'
[1.678s] Level 5:colcon.colcon_core.verb:set package 'dual_arm_alm_gd_planner' build argument 'cmake_clean_first' from command line to 'False'
[1.678s] Level 5:colcon.colcon_core.verb:set package 'dual_arm_alm_gd_planner' build argument 'cmake_force_configure' from command line to 'False'
[1.678s] Level 5:colcon.colcon_core.verb:set package 'dual_arm_alm_gd_planner' build argument 'ament_cmake_args' from command line to 'None'
[1.678s] Level 5:colcon.colcon_core.verb:set package 'dual_arm_alm_gd_planner' build argument 'catkin_cmake_args' from command line to 'None'
[1.678s] Level 5:colcon.colcon_core.verb:set package 'dual_arm_alm_gd_planner' build argument 'catkin_skip_building_tests' from command line to 'False'
[1.678s] DEBUG:colcon.colcon_core.verb:Building package 'dual_arm_alm_gd_planner' with the following arguments: {'ament_cmake_args': None, 'build_base': '/home/angel/0710_code/build/dual_arm_alm_gd_planner', 'catkin_cmake_args': None, 'catkin_skip_building_tests': False, 'cmake_args': None, 'cmake_clean_cache': False, 'cmake_clean_first': False, 'cmake_force_configure': False, 'cmake_target': None, 'cmake_target_skip_unavailable': False, 'install_base': '/home/angel/0710_code/install/dual_arm_alm_gd_planner', 'merge_install': False, 'path': '/home/angel/0710_code/src/0710_code/dual_arm_alm_gd_planner', 'symlink_install': False, 'test_result_base': None}
[1.679s] Level 5:colcon.colcon_core.verb:set package 'dual_arm_alm_newton_planner' build argument 'cmake_args' from command line to 'None'
[1.679s] Level 5:colcon.colcon_core.verb:set package 'dual_arm_alm_newton_planner' build argument 'cmake_target' from command line to 'None'
[1.679s] Level 5:colcon.colcon_core.verb:set package 'dual_arm_alm_newton_planner' build argument 'cmake_target_skip_unavailable' from command line to 'False'
[1.679s] Level 5:colcon.colcon_core.verb:set package 'dual_arm_alm_newton_planner' build argument 'cmake_clean_cache' from command line to 'False'
[1.679s] Level 5:colcon.colcon_core.verb:set package 'dual_arm_alm_newton_planner' build argument 'cmake_clean_first' from command line to 'False'
[1.679s] Level 5:colcon.colcon_core.verb:set package 'dual_arm_alm_newton_planner' build argument 'cmake_force_configure' from command line to 'False'
[1.679s] Level 5:colcon.colcon_core.verb:set package 'dual_arm_alm_newton_planner' build argument 'ament_cmake_args' from command line to 'None'
[1.679s] Level 5:colcon.colcon_core.verb:set package 'dual_arm_alm_newton_planner' build argument 'catkin_cmake_args' from command line to 'None'
[1.679s] Level 5:colcon.colcon_core.verb:set package 'dual_arm_alm_newton_planner' build argument 'catkin_skip_building_tests' from command line to 'False'
[1.679s] DEBUG:colcon.colcon_core.verb:Building package 'dual_arm_alm_newton_planner' with the following arguments: {'ament_cmake_args': None, 'build_base': '/home/angel/0710_code/build/dual_arm_alm_newton_planner', 'catkin_cmake_args': None, 'catkin_skip_building_tests': False, 'cmake_args': None, 'cmake_clean_cache': False, 'cmake_clean_first': False, 'cmake_force_configure': False, 'cmake_target': None, 'cmake_target_skip_unavailable': False, 'install_base': '/home/angel/0710_code/install/dual_arm_alm_newton_planner', 'merge_install': False, 'path': '/home/angel/0710_code/src/0710_code/dual_arm_alm_newton_planner', 'symlink_install': False, 'test_result_base': None}
[1.680s] Level 5:colcon.colcon_core.verb:set package 'dual_arm_lag_cg_planner' build argument 'cmake_args' from command line to 'None'
[1.680s] Level 5:colcon.colcon_core.verb:set package 'dual_arm_lag_cg_planner' build argument 'cmake_target' from command line to 'None'
[1.680s] Level 5:colcon.colcon_core.verb:set package 'dual_arm_lag_cg_planner' build argument 'cmake_target_skip_unavailable' from command line to 'False'
[1.680s] Level 5:colcon.colcon_core.verb:set package 'dual_arm_lag_cg_planner' build argument 'cmake_clean_cache' from command line to 'False'
[1.680s] Level 5:colcon.colcon_core.verb:set package 'dual_arm_lag_cg_planner' build argument 'cmake_clean_first' from command line to 'False'
[1.680s] Level 5:colcon.colcon_core.verb:set package 'dual_arm_lag_cg_planner' build argument 'cmake_force_configure' from command line to 'False'
[1.680s] Level 5:colcon.colcon_core.verb:set package 'dual_arm_lag_cg_planner' build argument 'ament_cmake_args' from command line to 'None'
[1.680s] Level 5:colcon.colcon_core.verb:set package 'dual_arm_lag_cg_planner' build argument 'catkin_cmake_args' from command line to 'None'
[1.680s] Level 5:colcon.colcon_core.verb:set package 'dual_arm_lag_cg_planner' build argument 'catkin_skip_building_tests' from command line to 'False'
[1.680s] DEBUG:colcon.colcon_core.verb:Building package 'dual_arm_lag_cg_planner' with the following arguments: {'ament_cmake_args': None, 'build_base': '/home/angel/0710_code/build/dual_arm_lag_cg_planner', 'catkin_cmake_args': None, 'catkin_skip_building_tests': False, 'cmake_args': None, 'cmake_clean_cache': False, 'cmake_clean_first': False, 'cmake_force_configure': False, 'cmake_target': None, 'cmake_target_skip_unavailable': False, 'install_base': '/home/angel/0710_code/install/dual_arm_lag_cg_planner', 'merge_install': False, 'path': '/home/angel/0710_code/src/0710_code/dual_arm_lag_cg_planner', 'symlink_install': False, 'test_result_base': None}
[1.681s] Level 5:colcon.colcon_core.verb:set package 'dual_arm_lag_gd_planner' build argument 'cmake_args' from command line to 'None'
[1.681s] Level 5:colcon.colcon_core.verb:set package 'dual_arm_lag_gd_planner' build argument 'cmake_target' from command line to 'None'
[1.681s] Level 5:colcon.colcon_core.verb:set package 'dual_arm_lag_gd_planner' build argument 'cmake_target_skip_unavailable' from command line to 'False'
[1.681s] Level 5:colcon.colcon_core.verb:set package 'dual_arm_lag_gd_planner' build argument 'cmake_clean_cache' from command line to 'False'
[1.681s] Level 5:colcon.colcon_core.verb:set package 'dual_arm_lag_gd_planner' build argument 'cmake_clean_first' from command line to 'False'
[1.681s] Level 5:colcon.colcon_core.verb:set package 'dual_arm_lag_gd_planner' build argument 'cmake_force_configure' from command line to 'False'
[1.681s] Level 5:colcon.colcon_core.verb:set package 'dual_arm_lag_gd_planner' build argument 'ament_cmake_args' from command line to 'None'
[1.681s] Level 5:colcon.colcon_core.verb:set package 'dual_arm_lag_gd_planner' build argument 'catkin_cmake_args' from command line to 'None'
[1.681s] Level 5:colcon.colcon_core.verb:set package 'dual_arm_lag_gd_planner' build argument 'catkin_skip_building_tests' from command line to 'False'
[1.681s] DEBUG:colcon.colcon_core.verb:Building package 'dual_arm_lag_gd_planner' with the following arguments: {'ament_cmake_args': None, 'build_base': '/home/angel/0710_code/build/dual_arm_lag_gd_planner', 'catkin_cmake_args': None, 'catkin_skip_building_tests': False, 'cmake_args': None, 'cmake_clean_cache': False, 'cmake_clean_first': False, 'cmake_force_configure': False, 'cmake_target': None, 'cmake_target_skip_unavailable': False, 'install_base': '/home/angel/0710_code/install/dual_arm_lag_gd_planner', 'merge_install': False, 'path': '/home/angel/0710_code/src/0710_code/dual_arm_lag_gd_planner', 'symlink_install': False, 'test_result_base': None}
[1.682s] Level 5:colcon.colcon_core.verb:set package 'dual_arm_lag_newton_planner' build argument 'cmake_args' from command line to 'None'
[1.682s] Level 5:colcon.colcon_core.verb:set package 'dual_arm_lag_newton_planner' build argument 'cmake_target' from command line to 'None'
[1.682s] Level 5:colcon.colcon_core.verb:set package 'dual_arm_lag_newton_planner' build argument 'cmake_target_skip_unavailable' from command line to 'False'
[1.682s] Level 5:colcon.colcon_core.verb:set package 'dual_arm_lag_newton_planner' build argument 'cmake_clean_cache' from command line to 'False'
[1.682s] Level 5:colcon.colcon_core.verb:set package 'dual_arm_lag_newton_planner' build argument 'cmake_clean_first' from command line to 'False'
[1.682s] Level 5:colcon.colcon_core.verb:set package 'dual_arm_lag_newton_planner' build argument 'cmake_force_configure' from command line to 'False'
[1.682s] Level 5:colcon.colcon_core.verb:set package 'dual_arm_lag_newton_planner' build argument 'ament_cmake_args' from command line to 'None'
[1.682s] Level 5:colcon.colcon_core.verb:set package 'dual_arm_lag_newton_planner' build argument 'catkin_cmake_args' from command line to 'None'
[1.682s] Level 5:colcon.colcon_core.verb:set package 'dual_arm_lag_newton_planner' build argument 'catkin_skip_building_tests' from command line to 'False'
[1.682s] DEBUG:colcon.colcon_core.verb:Building package 'dual_arm_lag_newton_planner' with the following arguments: {'ament_cmake_args': None, 'build_base': '/home/angel/0710_code/build/dual_arm_lag_newton_planner', 'catkin_cmake_args': None, 'catkin_skip_building_tests': False, 'cmake_args': None, 'cmake_clean_cache': False, 'cmake_clean_first': False, 'cmake_force_configure': False, 'cmake_target': None, 'cmake_target_skip_unavailable': False, 'install_base': '/home/angel/0710_code/install/dual_arm_lag_newton_planner', 'merge_install': False, 'path': '/home/angel/0710_code/src/0710_code/dual_arm_lag_newton_planner', 'symlink_install': False, 'test_result_base': None}
[1.682s] Level 5:colcon.colcon_core.verb:set package 'hiwin_dual_arm' build argument 'cmake_args' from command line to 'None'
[1.683s] Level 5:colcon.colcon_core.verb:set package 'hiwin_dual_arm' build argument 'cmake_target' from command line to 'None'
[1.683s] Level 5:colcon.colcon_core.verb:set package 'hiwin_dual_arm' build argument 'cmake_target_skip_unavailable' from command line to 'False'
[1.683s] Level 5:colcon.colcon_core.verb:set package 'hiwin_dual_arm' build argument 'cmake_clean_cache' from command line to 'False'
[1.683s] Level 5:colcon.colcon_core.verb:set package 'hiwin_dual_arm' build argument 'cmake_clean_first' from command line to 'False'
[1.683s] Level 5:colcon.colcon_core.verb:set package 'hiwin_dual_arm' build argument 'cmake_force_configure' from command line to 'False'
[1.683s] Level 5:colcon.colcon_core.verb:set package 'hiwin_dual_arm' build argument 'ament_cmake_args' from command line to 'None'
[1.683s] Level 5:colcon.colcon_core.verb:set package 'hiwin_dual_arm' build argument 'catkin_cmake_args' from command line to 'None'
[1.683s] Level 5:colcon.colcon_core.verb:set package 'hiwin_dual_arm' build argument 'catkin_skip_building_tests' from command line to 'False'
[1.683s] DEBUG:colcon.colcon_core.verb:Building package 'hiwin_dual_arm' with the following arguments: {'ament_cmake_args': None, 'build_base': '/home/angel/0710_code/build/hiwin_dual_arm', 'catkin_cmake_args': None, 'catkin_skip_building_tests': False, 'cmake_args': None, 'cmake_clean_cache': False, 'cmake_clean_first': False, 'cmake_force_configure': False, 'cmake_target': None, 'cmake_target_skip_unavailable': False, 'install_base': '/home/angel/0710_code/install/hiwin_dual_arm', 'merge_install': False, 'path': '/home/angel/0710_code/src/0710_code/hiwin_dual_arm', 'symlink_install': False, 'test_result_base': None}
[1.683s] INFO:colcon.colcon_core.executor:Executing jobs using 'parallel' executor
[1.684s] DEBUG:colcon.colcon_parallel_executor.executor.parallel:run_until_complete
[1.685s] INFO:colcon.colcon_ros.task.ament_cmake.build:Building ROS package in '/home/angel/0710_code/src/0710_code/dual_arm_alm_cg_planner' with build type 'ament_cmake'
[1.685s] INFO:colcon.colcon_cmake.task.cmake.build:Building CMake package in '/home/angel/0710_code/src/0710_code/dual_arm_alm_cg_planner'
[1.690s] INFO:colcon.colcon_core.plugin_system:Skipping extension 'colcon_core.shell.bat': Not used on non-Windows systems
[1.690s] INFO:colcon.colcon_core.shell:Skip shell extension 'powershell' for command environment: Not usable outside of PowerShell
[1.691s] DEBUG:colcon.colcon_core.shell:Skip shell extension 'dsv' for command environment
[1.697s] INFO:colcon.colcon_ros.task.ament_cmake.build:Building ROS package in '/home/angel/0710_code/src/0710_code/dual_arm_alm_gd_planner' with build type 'ament_cmake'
[1.697s] INFO:colcon.colcon_cmake.task.cmake.build:Building CMake package in '/home/angel/0710_code/src/0710_code/dual_arm_alm_gd_planner'
[1.697s] INFO:colcon.colcon_core.shell:Skip shell extension 'powershell' for command environment: Not usable outside of PowerShell
[1.697s] DEBUG:colcon.colcon_core.shell:Skip shell extension 'dsv' for command environment
[1.698s] INFO:colcon.colcon_ros.task.ament_cmake.build:Building ROS package in '/home/angel/0710_code/src/0710_code/dual_arm_alm_newton_planner' with build type 'ament_cmake'
[1.699s] INFO:colcon.colcon_cmake.task.cmake.build:Building CMake package in '/home/angel/0710_code/src/0710_code/dual_arm_alm_newton_planner'
[1.699s] INFO:colcon.colcon_core.shell:Skip shell extension 'powershell' for command environment: Not usable outside of PowerShell
[1.699s] DEBUG:colcon.colcon_core.shell:Skip shell extension 'dsv' for command environment
[1.700s] INFO:colcon.colcon_ros.task.ament_cmake.build:Building ROS package in '/home/angel/0710_code/src/0710_code/dual_arm_lag_cg_planner' with build type 'ament_cmake'
[1.700s] INFO:colcon.colcon_cmake.task.cmake.build:Building CMake package in '/home/angel/0710_code/src/0710_code/dual_arm_lag_cg_planner'
[1.701s] INFO:colcon.colcon_core.shell:Skip shell extension 'powershell' for command environment: Not usable outside of PowerShell
[1.701s] DEBUG:colcon.colcon_core.shell:Skip shell extension 'dsv' for command environment
[1.702s] INFO:colcon.colcon_ros.task.ament_cmake.build:Building ROS package in '/home/angel/0710_code/src/0710_code/dual_arm_lag_gd_planner' with build type 'ament_cmake'
[1.702s] INFO:colcon.colcon_cmake.task.cmake.build:Building CMake package in '/home/angel/0710_code/src/0710_code/dual_arm_lag_gd_planner'
[1.702s] INFO:colcon.colcon_core.shell:Skip shell extension 'powershell' for command environment: Not usable outside of PowerShell
[1.702s] DEBUG:colcon.colcon_core.shell:Skip shell extension 'dsv' for command environment
[1.703s] INFO:colcon.colcon_ros.task.ament_cmake.build:Building ROS package in '/home/angel/0710_code/src/0710_code/dual_arm_lag_newton_planner' with build type 'ament_cmake'
[1.704s] INFO:colcon.colcon_cmake.task.cmake.build:Building CMake package in '/home/angel/0710_code/src/0710_code/dual_arm_lag_newton_planner'
[1.704s] INFO:colcon.colcon_core.shell:Skip shell extension 'powershell' for command environment: Not usable outside of PowerShell
[1.704s] DEBUG:colcon.colcon_core.shell:Skip shell extension 'dsv' for command environment
[1.705s] INFO:colcon.colcon_ros.task.ament_cmake.build:Building ROS package in '/home/angel/0710_code/src/0710_code/hiwin_dual_arm' with build type 'ament_cmake'
[1.705s] INFO:colcon.colcon_cmake.task.cmake.build:Building CMake package in '/home/angel/0710_code/src/0710_code/hiwin_dual_arm'
[1.706s] INFO:colcon.colcon_core.shell:Skip shell extension 'powershell' for command environment: Not usable outside of PowerShell
[1.706s] DEBUG:colcon.colcon_core.shell:Skip shell extension 'dsv' for command environment
[1.719s] DEBUG:colcon.colcon_core.event_handler.log_command:Invoking command in '/home/angel/0710_code/build/dual_arm_alm_gd_planner': DEBUGINFOD_URLS=https://debuginfod.ubuntu.com /usr/bin/cmake --build /home/angel/0710_code/build/dual_arm_alm_gd_planner -- -j8 -l8
[1.722s] DEBUG:colcon.colcon_core.event_handler.log_command:Invoking command in '/home/angel/0710_code/build/hiwin_dual_arm': AMENT_PREFIX_PATH=/home/angel/0710_code/install/hiwin_description CMAKE_PREFIX_PATH=/home/angel/0710_code/install/hiwin_description DEBUGINFOD_URLS=https://debuginfod.ubuntu.com /usr/bin/cmake --build /home/angel/0710_code/build/hiwin_dual_arm -- -j8 -l8
[1.726s] DEBUG:colcon.colcon_core.event_handler.log_command:Invoking command in '/home/angel/0710_code/build/dual_arm_alm_newton_planner': DEBUGINFOD_URLS=https://debuginfod.ubuntu.com /usr/bin/cmake --build /home/angel/0710_code/build/dual_arm_alm_newton_planner -- -j8 -l8
[1.729s] DEBUG:colcon.colcon_core.event_handler.log_command:Invoking command in '/home/angel/0710_code/build/dual_arm_lag_gd_planner': DEBUGINFOD_URLS=https://debuginfod.ubuntu.com /usr/bin/cmake --build /home/angel/0710_code/build/dual_arm_lag_gd_planner -- -j8 -l8
[1.738s] DEBUG:colcon.colcon_core.event_handler.log_command:Invoking command in '/home/angel/0710_code/build/dual_arm_alm_cg_planner': DEBUGINFOD_URLS=https://debuginfod.ubuntu.com /usr/bin/cmake --build /home/angel/0710_code/build/dual_arm_alm_cg_planner -- -j8 -l8
[1.741s] DEBUG:colcon.colcon_core.event_handler.log_command:Invoking command in '/home/angel/0710_code/build/dual_arm_lag_newton_planner': DEBUGINFOD_URLS=https://debuginfod.ubuntu.com /usr/bin/cmake --build /home/angel/0710_code/build/dual_arm_lag_newton_planner -- -j8 -l8
[1.750s] DEBUG:colcon.colcon_core.event_handler.log_command:Invoking command in '/home/angel/0710_code/build/dual_arm_lag_cg_planner': DEBUGINFOD_URLS=https://debuginfod.ubuntu.com /usr/bin/cmake --build /home/angel/0710_code/build/dual_arm_lag_cg_planner -- -j8 -l8
[4.430s] DEBUG:colcon.colcon_core.event_handler.log_command:Invoked command in '/home/angel/0710_code/build/hiwin_dual_arm' returned '0': AMENT_PREFIX_PATH=/home/angel/0710_code/install/hiwin_description CMAKE_PREFIX_PATH=/home/angel/0710_code/install/hiwin_description DEBUGINFOD_URLS=https://debuginfod.ubuntu.com /usr/bin/cmake --build /home/angel/0710_code/build/hiwin_dual_arm -- -j8 -l8
[4.436s] DEBUG:colcon.colcon_core.event_handler.log_command:Invoking command in '/home/angel/0710_code/build/hiwin_dual_arm': AMENT_PREFIX_PATH=/home/angel/0710_code/install/hiwin_description CMAKE_PREFIX_PATH=/home/angel/0710_code/install/hiwin_description DEBUGINFOD_URLS=https://debuginfod.ubuntu.com /usr/bin/cmake --install /home/angel/0710_code/build/hiwin_dual_arm
[4.446s] Level 1:colcon.colcon_core.environment:create_environment_scripts_only(hiwin_dual_arm)
[4.448s] DEBUG:colcon.colcon_core.event_handler.log_command:Invoked command in '/home/angel/0710_code/build/hiwin_dual_arm' returned '0': AMENT_PREFIX_PATH=/home/angel/0710_code/install/hiwin_description CMAKE_PREFIX_PATH=/home/angel/0710_code/install/hiwin_description DEBUGINFOD_URLS=https://debuginfod.ubuntu.com /usr/bin/cmake --install /home/angel/0710_code/build/hiwin_dual_arm
[4.621s] Level 1:colcon.colcon_core.environment:checking '/home/angel/0710_code/install/hiwin_dual_arm' for CMake module files
[4.621s] Level 1:colcon.colcon_core.environment:checking '/home/angel/0710_code/install/hiwin_dual_arm' for CMake config files
[4.622s] Level 1:colcon.colcon_core.shell:create_environment_hook('hiwin_dual_arm', 'cmake_prefix_path')
[4.622s] INFO:colcon.colcon_core.shell:Creating environment hook '/home/angel/0710_code/install/hiwin_dual_arm/share/hiwin_dual_arm/hook/cmake_prefix_path.ps1'
[4.681s] INFO:colcon.colcon_core.shell:Creating environment descriptor '/home/angel/0710_code/install/hiwin_dual_arm/share/hiwin_dual_arm/hook/cmake_prefix_path.dsv'
[4.755s] INFO:colcon.colcon_core.shell:Creating environment hook '/home/angel/0710_code/install/hiwin_dual_arm/share/hiwin_dual_arm/hook/cmake_prefix_path.sh'
[4.789s] Level 1:colcon.colcon_core.environment:checking '/home/angel/0710_code/install/hiwin_dual_arm/bin'
[4.789s] Level 1:colcon.colcon_core.environment:checking '/home/angel/0710_code/install/hiwin_dual_arm/lib/pkgconfig/hiwin_dual_arm.pc'
[4.792s] Level 1:colcon.colcon_core.environment:checking '/home/angel/0710_code/install/hiwin_dual_arm/lib/python3.12/site-packages'
[4.792s] Level 1:colcon.colcon_core.environment:checking '/home/angel/0710_code/install/hiwin_dual_arm/bin'
[4.792s] INFO:colcon.colcon_core.shell:Creating package script '/home/angel/0710_code/install/hiwin_dual_arm/share/hiwin_dual_arm/package.ps1'
[4.794s] INFO:colcon.colcon_core.shell:Creating package descriptor '/home/angel/0710_code/install/hiwin_dual_arm/share/hiwin_dual_arm/package.dsv'
[4.794s] INFO:colcon.colcon_core.shell:Creating package script '/home/angel/0710_code/install/hiwin_dual_arm/share/hiwin_dual_arm/package.sh'
[4.795s] INFO:colcon.colcon_core.shell:Creating package script '/home/angel/0710_code/install/hiwin_dual_arm/share/hiwin_dual_arm/package.bash'
[4.824s] INFO:colcon.colcon_core.shell:Creating package script '/home/angel/0710_code/install/hiwin_dual_arm/share/hiwin_dual_arm/package.zsh'
[4.852s] Level 1:colcon.colcon_core.environment:create_file_with_runtime_dependencies(/home/angel/0710_code/install/hiwin_dual_arm/share/colcon-core/packages/hiwin_dual_arm)
[4.853s] Level 1:colcon.colcon_core.environment:create_environment_scripts_only(hiwin_dual_arm)
[4.853s] Level 1:colcon.colcon_core.environment:checking '/home/angel/0710_code/install/hiwin_dual_arm' for CMake module files
[4.854s] Level 1:colcon.colcon_core.environment:checking '/home/angel/0710_code/install/hiwin_dual_arm' for CMake config files
[4.854s] Level 1:colcon.colcon_core.shell:create_environment_hook('hiwin_dual_arm', 'cmake_prefix_path')
[4.854s] INFO:colcon.colcon_core.shell:Creating environment hook '/home/angel/0710_code/install/hiwin_dual_arm/share/hiwin_dual_arm/hook/cmake_prefix_path.ps1'
[4.854s] INFO:colcon.colcon_core.shell:Creating environment descriptor '/home/angel/0710_code/install/hiwin_dual_arm/share/hiwin_dual_arm/hook/cmake_prefix_path.dsv'
[4.855s] INFO:colcon.colcon_core.shell:Creating environment hook '/home/angel/0710_code/install/hiwin_dual_arm/share/hiwin_dual_arm/hook/cmake_prefix_path.sh'
[4.856s] Level 1:colcon.colcon_core.environment:checking '/home/angel/0710_code/install/hiwin_dual_arm/bin'
[4.856s] Level 1:colcon.colcon_core.environment:checking '/home/angel/0710_code/install/hiwin_dual_arm/lib/pkgconfig/hiwin_dual_arm.pc'
[4.856s] Level 1:colcon.colcon_core.environment:checking '/home/angel/0710_code/install/hiwin_dual_arm/lib/python3.12/site-packages'
[4.856s] Level 1:colcon.colcon_core.environment:checking '/home/angel/0710_code/install/hiwin_dual_arm/bin'
[4.857s] INFO:colcon.colcon_core.shell:Creating package script '/home/angel/0710_code/install/hiwin_dual_arm/share/hiwin_dual_arm/package.ps1'
[4.857s] INFO:colcon.colcon_core.shell:Creating package descriptor '/home/angel/0710_code/install/hiwin_dual_arm/share/hiwin_dual_arm/package.dsv'
[4.858s] INFO:colcon.colcon_core.shell:Creating package script '/home/angel/0710_code/install/hiwin_dual_arm/share/hiwin_dual_arm/package.sh'
[4.859s] INFO:colcon.colcon_core.shell:Creating package script '/home/angel/0710_code/install/hiwin_dual_arm/share/hiwin_dual_arm/package.bash'
[4.859s] INFO:colcon.colcon_core.shell:Creating package script '/home/angel/0710_code/install/hiwin_dual_arm/share/hiwin_dual_arm/package.zsh'
[4.859s] Level 1:colcon.colcon_core.environment:create_file_with_runtime_dependencies(/home/angel/0710_code/install/hiwin_dual_arm/share/colcon-core/packages/hiwin_dual_arm)
[4.936s] DEBUG:colcon.colcon_core.event_handler.log_command:Invoked command in '/home/angel/0710_code/build/dual_arm_alm_newton_planner' returned '2': DEBUGINFOD_URLS=https://debuginfod.ubuntu.com /usr/bin/cmake --build /home/angel/0710_code/build/dual_arm_alm_newton_planner -- -j8 -l8
[4.936s] Level 1:colcon.colcon_core.environment:create_environment_scripts_only(dual_arm_alm_newton_planner)
[4.936s] Level 1:colcon.colcon_core.environment:checking '/home/angel/0710_code/install/dual_arm_alm_newton_planner' for CMake module files
[4.937s] Level 1:colcon.colcon_core.environment:checking '/home/angel/0710_code/install/dual_arm_alm_newton_planner' for CMake config files
[4.937s] Level 1:colcon.colcon_core.shell:create_environment_hook('dual_arm_alm_newton_planner', 'cmake_prefix_path')
[4.938s] INFO:colcon.colcon_core.shell:Creating environment hook '/home/angel/0710_code/install/dual_arm_alm_newton_planner/share/dual_arm_alm_newton_planner/hook/cmake_prefix_path.ps1'
[4.938s] INFO:colcon.colcon_core.shell:Creating environment descriptor '/home/angel/0710_code/install/dual_arm_alm_newton_planner/share/dual_arm_alm_newton_planner/hook/cmake_prefix_path.dsv'
[4.938s] INFO:colcon.colcon_core.shell:Creating environment hook '/home/angel/0710_code/install/dual_arm_alm_newton_planner/share/dual_arm_alm_newton_planner/hook/cmake_prefix_path.sh'
[4.939s] Level 1:colcon.colcon_core.environment:checking '/home/angel/0710_code/install/dual_arm_alm_newton_planner/lib'
[4.939s] Level 1:colcon.colcon_core.shell:create_environment_hook('dual_arm_alm_newton_planner', 'ld_library_path_lib')
[4.940s] INFO:colcon.colcon_core.shell:Creating environment hook '/home/angel/0710_code/install/dual_arm_alm_newton_planner/share/dual_arm_alm_newton_planner/hook/ld_library_path_lib.ps1'
[4.940s] INFO:colcon.colcon_core.shell:Creating environment descriptor '/home/angel/0710_code/install/dual_arm_alm_newton_planner/share/dual_arm_alm_newton_planner/hook/ld_library_path_lib.dsv'
[4.941s] INFO:colcon.colcon_core.shell:Creating environment hook '/home/angel/0710_code/install/dual_arm_alm_newton_planner/share/dual_arm_alm_newton_planner/hook/ld_library_path_lib.sh'
[4.941s] Level 1:colcon.colcon_core.environment:checking '/home/angel/0710_code/install/dual_arm_alm_newton_planner/bin'
[4.941s] Level 1:colcon.colcon_core.environment:checking '/home/angel/0710_code/install/dual_arm_alm_newton_planner/lib/pkgconfig/dual_arm_alm_newton_planner.pc'
[4.942s] Level 1:colcon.colcon_core.environment:checking '/home/angel/0710_code/install/dual_arm_alm_newton_planner/lib/python3.12/site-packages'
[4.942s] Level 1:colcon.colcon_core.environment:checking '/home/angel/0710_code/install/dual_arm_alm_newton_planner/bin'
[4.942s] INFO:colcon.colcon_core.shell:Creating package script '/home/angel/0710_code/install/dual_arm_alm_newton_planner/share/dual_arm_alm_newton_planner/package.ps1'
[4.943s] INFO:colcon.colcon_core.shell:Creating package descriptor '/home/angel/0710_code/install/dual_arm_alm_newton_planner/share/dual_arm_alm_newton_planner/package.dsv'
[4.944s] INFO:colcon.colcon_core.shell:Creating package script '/home/angel/0710_code/install/dual_arm_alm_newton_planner/share/dual_arm_alm_newton_planner/package.sh'
[4.944s] INFO:colcon.colcon_core.shell:Creating package script '/home/angel/0710_code/install/dual_arm_alm_newton_planner/share/dual_arm_alm_newton_planner/package.bash'
[4.945s] INFO:colcon.colcon_core.shell:Creating package script '/home/angel/0710_code/install/dual_arm_alm_newton_planner/share/dual_arm_alm_newton_planner/package.zsh'
[4.945s] Level 1:colcon.colcon_core.environment:create_file_with_runtime_dependencies(/home/angel/0710_code/install/dual_arm_alm_newton_planner/share/colcon-core/packages/dual_arm_alm_newton_planner)
[4.958s] DEBUG:colcon.colcon_parallel_executor.executor.parallel:closing loop
[4.958s] DEBUG:colcon.colcon_parallel_executor.executor.parallel:loop closed
[4.958s] DEBUG:colcon.colcon_parallel_executor.executor.parallel:run_until_complete finished with '2'
[4.958s] DEBUG:colcon.colcon_core.event_reactor:joining thread
[5.024s] INFO:colcon.colcon_core.plugin_system:Skipping extension 'colcon_notification.desktop_notification.terminal_notifier': Not used on non-Darwin systems
[5.024s] INFO:colcon.colcon_core.plugin_system:Skipping extension 'colcon_notification.desktop_notification.win32': Not used on non-Windows systems
[5.024s] INFO:colcon.colcon_notification.desktop_notification:Sending desktop notification using 'notify2'
[5.040s] DEBUG:colcon.colcon_core.event_reactor:joined thread
[5.040s] INFO:colcon.colcon_core.shell:Creating prefix script '/home/angel/0710_code/install/local_setup.ps1'
[5.041s] INFO:colcon.colcon_core.shell:Creating prefix util module '/home/angel/0710_code/install/_local_setup_util_ps1.py'
[5.048s] INFO:colcon.colcon_core.shell:Creating prefix chain script '/home/angel/0710_code/install/setup.ps1'
[5.051s] INFO:colcon.colcon_core.shell:Creating prefix script '/home/angel/0710_code/install/local_setup.sh'
[5.053s] INFO:colcon.colcon_core.shell:Creating prefix util module '/home/angel/0710_code/install/_local_setup_util_sh.py'
[5.054s] INFO:colcon.colcon_core.shell:Creating prefix chain script '/home/angel/0710_code/install/setup.sh'
[5.055s] INFO:colcon.colcon_core.shell:Creating prefix script '/home/angel/0710_code/install/local_setup.bash'
[5.056s] INFO:colcon.colcon_core.shell:Creating prefix chain script '/home/angel/0710_code/install/setup.bash'
[5.057s] INFO:colcon.colcon_core.shell:Creating prefix script '/home/angel/0710_code/install/local_setup.zsh'
[5.060s] INFO:colcon.colcon_core.shell:Creating prefix chain script '/home/angel/0710_code/install/setup.zsh'
