[0.030s] Invoking command in '/home/angel/ros2_ws/build/dual_arm_lag_gd_planner': CMAKE_PREFIX_PATH=/opt/ros/humble /usr/bin/cmake /home/angel/ros2_ws/src/For_hiwin_dual_arm/dual_arm_lag_gd_planner -DAMENT_CMAKE_SYMLINK_INSTALL=1 -DCMAKE_INSTALL_PREFIX=/home/angel/ros2_ws/install/dual_arm_lag_gd_planner
[0.632s] -- The C compiler identification is GNU 11.4.0
[0.632s] -- The CXX compiler identification is GNU 11.4.0
[0.632s] -- Detecting C compiler ABI info
[0.632s] -- Detecting C compiler ABI info - done
[0.632s] -- Check for working C compiler: /usr/bin/cc - skipped
[0.632s] -- Detecting C compile features
[0.632s] -- Detecting C compile features - done
[0.633s] -- Detecting CXX compiler ABI info
[0.633s] -- Detecting CXX compiler ABI info - done
[0.633s] -- Check for working CXX compiler: /usr/bin/c++ - skipped
[0.633s] -- Detecting CXX compile features
[0.633s] -- Detecting CXX compile features - done
[0.633s] -- Found ament_cmake: 1.3.14 (/opt/ros/humble/share/ament_cmake/cmake)
[0.633s] -- Found Python3: /usr/bin/python3 (found version "3.10.12") found components: Interpreter 
[0.633s] -- Override CMake install command with custom implementation using symlinks instead of copying resources
[0.633s] -- Found rclcpp: 16.0.19 (/opt/ros/humble/share/rclcpp/cmake)
[0.676s] -- Found rosidl_generator_c: 3.1.8 (/opt/ros/humble/share/rosidl_generator_c/cmake)
[0.680s] -- Found rosidl_adapter: 3.1.8 (/opt/ros/humble/share/rosidl_adapter/cmake)
[0.690s] -- Found rosidl_generator_cpp: 3.1.8 (/opt/ros/humble/share/rosidl_generator_cpp/cmake)
[0.717s] -- Using all available rosidl_typesupport_c: rosidl_typesupport_fastrtps_c;rosidl_typesupport_introspection_c
[0.734s] -- Using all available rosidl_typesupport_cpp: rosidl_typesupport_fastrtps_cpp;rosidl_typesupport_introspection_cpp
[0.790s] -- Found rmw_implementation_cmake: 6.1.2 (/opt/ros/humble/share/rmw_implementation_cmake/cmake)
[0.793s] -- Found rmw_fastrtps_cpp: 6.2.10 (/opt/ros/humble/share/rmw_fastrtps_cpp/cmake)
[0.882s] -- Found OpenSSL: /usr/lib/x86_64-linux-gnu/libcrypto.so (found version "3.0.2")  
[0.911s] -- Found FastRTPS: /opt/ros/humble/include  
[0.952s] -- Using RMW implementation 'rmw_fastrtps_cpp' as default
[0.962s] -- Looking for pthread.h
[1.033s] -- Looking for pthread.h - found
[1.034s] -- Performing Test CMAKE_HAVE_LIBC_PTHREAD
[1.110s] -- Performing Test CMAKE_HAVE_LIBC_PTHREAD - Success
[1.111s] -- Found Threads: TRUE  
[1.184s] -- Found pluginlib: 5.1.4 (/opt/ros/humble/share/pluginlib/cmake)
[1.212s] -- Found moveit_core: 2.5.9 (/opt/ros/humble/share/moveit_core/cmake)
[1.252s] -- Found Boost: /usr/lib/x86_64-linux-gnu/cmake/Boost-1.74.0/BoostConfig.cmake (found version "1.74.0") found components: chrono date_time filesystem iostreams program_options regex serialization system thread 
[1.292s] -- Found parameter_traits: 0.7.1 (/opt/ros/humble/share/parameter_traits/cmake)
[1.309s] -- Found rclcpp_lifecycle: 16.0.19 (/opt/ros/humble/share/rclcpp_lifecycle/cmake)
[1.336s] -- Found Boost: /usr/lib/x86_64-linux-gnu/cmake/Boost-1.74.0/BoostConfig.cmake (found version "1.74.0") found components: filesystem 
[1.429s] -- library: /usr/lib/x86_64-linux-gnu/libcurl.so
[1.497s] -- Found Eigen3: TRUE (found version "3.4.0") 
[1.497s] -- Ensuring Eigen3 include directory is part of orocos-kdl CMake target
[1.810s] -- Configuring done
[1.833s] -- Generating done
[1.839s] -- Build files have been written to: /home/angel/ros2_ws/build/dual_arm_lag_gd_planner
[1.856s] Invoked command in '/home/angel/ros2_ws/build/dual_arm_lag_gd_planner' returned '0': CMAKE_PREFIX_PATH=/opt/ros/humble /usr/bin/cmake /home/angel/ros2_ws/src/For_hiwin_dual_arm/dual_arm_lag_gd_planner -DAMENT_CMAKE_SYMLINK_INSTALL=1 -DCMAKE_INSTALL_PREFIX=/home/angel/ros2_ws/install/dual_arm_lag_gd_planner
[1.859s] Invoking command in '/home/angel/ros2_ws/build/dual_arm_lag_gd_planner': CMAKE_PREFIX_PATH=/opt/ros/humble /usr/bin/cmake --build /home/angel/ros2_ws/build/dual_arm_lag_gd_planner -- -j8 -l8
[1.915s] [ 20%] [32mBuilding CXX object CMakeFiles/dual_arm_lag_gd_planner.dir/src/data_io.cpp.o[0m
[1.915s] [ 40%] [32mBuilding CXX object CMakeFiles/dual_arm_lag_gd_planner.dir/src/gd_solver.cpp.o[0m
[1.920s] [ 60%] [32mBuilding CXX object CMakeFiles/dual_arm_lag_gd_planner.dir/src/avoidance_system.cpp.o[0m
[1.960s] [ 80%] [32mBuilding CXX object CMakeFiles/dual_arm_lag_gd_planner.dir/src/planner_manager.cpp.o[0m
[31.850s] [100%] [32m[1mLinking CXX shared library libdual_arm_lag_gd_planner.so[0m
[33.163s] [100%] Built target dual_arm_lag_gd_planner
[33.961s] Invoked command in '/home/angel/ros2_ws/build/dual_arm_lag_gd_planner' returned '0': CMAKE_PREFIX_PATH=/opt/ros/humble /usr/bin/cmake --build /home/angel/ros2_ws/build/dual_arm_lag_gd_planner -- -j8 -l8
[33.962s] Invoking command in '/home/angel/ros2_ws/build/dual_arm_lag_gd_planner': CMAKE_PREFIX_PATH=/opt/ros/humble /usr/bin/cmake --install /home/angel/ros2_ws/build/dual_arm_lag_gd_planner
[33.968s] -- Install configuration: "Release"
[33.968s] -- Execute custom install script
[33.968s] -- Symlinking: /home/angel/ros2_ws/install/dual_arm_lag_gd_planner/share/dual_arm_lag_gd_planner//dual_arm_lag_gd_planner.xml
[33.981s] -- Symlinking: /home/angel/ros2_ws/install/dual_arm_lag_gd_planner/lib/libdual_arm_lag_gd_planner.so
[33.987s] -- Symlinking: /home/angel/ros2_ws/install/dual_arm_lag_gd_planner/include/dual_arm_lag_gd_planner/avoidance_system.hpp
[33.995s] -- Symlinking: /home/angel/ros2_ws/install/dual_arm_lag_gd_planner/include/dual_arm_lag_gd_planner/data_io.hpp
[34.009s] -- Symlinking: /home/angel/ros2_ws/install/dual_arm_lag_gd_planner/include/dual_arm_lag_gd_planner/gd_solver.hpp
[34.017s] -- Symlinking: /home/angel/ros2_ws/install/dual_arm_lag_gd_planner/include/dual_arm_lag_gd_planner/planner_manager.hpp
[34.025s] -- Symlinking: /home/angel/ros2_ws/install/dual_arm_lag_gd_planner/share/dual_arm_lag_gd_planner/config/dual_arm_lag_gd_planning.yaml
[34.033s] -- Symlinking: /home/angel/ros2_ws/install/dual_arm_lag_gd_planner/share/dual_arm_lag_gd_planner/environment/library_path.sh
[34.042s] -- Symlinking: /home/angel/ros2_ws/install/dual_arm_lag_gd_planner/share/dual_arm_lag_gd_planner/environment/library_path.dsv
[34.051s] -- Symlinking: /home/angel/ros2_ws/install/dual_arm_lag_gd_planner/share/ament_index/resource_index/package_run_dependencies/dual_arm_lag_gd_planner
[34.059s] -- Symlinking: /home/angel/ros2_ws/install/dual_arm_lag_gd_planner/share/ament_index/resource_index/parent_prefix_path/dual_arm_lag_gd_planner
[34.068s] -- Symlinking: /home/angel/ros2_ws/install/dual_arm_lag_gd_planner/share/dual_arm_lag_gd_planner/environment/ament_prefix_path.sh
[34.075s] -- Symlinking: /home/angel/ros2_ws/install/dual_arm_lag_gd_planner/share/dual_arm_lag_gd_planner/environment/ament_prefix_path.dsv
[34.083s] -- Symlinking: /home/angel/ros2_ws/install/dual_arm_lag_gd_planner/share/dual_arm_lag_gd_planner/environment/path.sh
[34.091s] -- Symlinking: /home/angel/ros2_ws/install/dual_arm_lag_gd_planner/share/dual_arm_lag_gd_planner/environment/path.dsv
[34.099s] -- Symlinking: /home/angel/ros2_ws/install/dual_arm_lag_gd_planner/share/dual_arm_lag_gd_planner/local_setup.bash
[34.105s] -- Symlinking: /home/angel/ros2_ws/install/dual_arm_lag_gd_planner/share/dual_arm_lag_gd_planner/local_setup.sh
[34.111s] -- Symlinking: /home/angel/ros2_ws/install/dual_arm_lag_gd_planner/share/dual_arm_lag_gd_planner/local_setup.zsh
[34.120s] -- Symlinking: /home/angel/ros2_ws/install/dual_arm_lag_gd_planner/share/dual_arm_lag_gd_planner/local_setup.dsv
[34.125s] -- Symlinking: /home/angel/ros2_ws/install/dual_arm_lag_gd_planner/share/dual_arm_lag_gd_planner/package.dsv
[34.133s] -- Symlinking: /home/angel/ros2_ws/install/dual_arm_lag_gd_planner/share/ament_index/resource_index/packages/dual_arm_lag_gd_planner
[34.141s] -- Symlinking: /home/angel/ros2_ws/install/dual_arm_lag_gd_planner/share/ament_index/resource_index/moveit_core__pluginlib__plugin/dual_arm_lag_gd_planner
[34.148s] -- Symlinking: /home/angel/ros2_ws/install/dual_arm_lag_gd_planner/share/dual_arm_lag_gd_planner/cmake/ament_cmake_export_libraries-extras.cmake
[34.162s] -- Symlinking: /home/angel/ros2_ws/install/dual_arm_lag_gd_planner/share/dual_arm_lag_gd_planner/cmake/ament_cmake_export_dependencies-extras.cmake
[34.171s] -- Symlinking: /home/angel/ros2_ws/install/dual_arm_lag_gd_planner/share/dual_arm_lag_gd_planner/cmake/dual_arm_lag_gd_plannerConfig.cmake
[34.180s] -- Symlinking: /home/angel/ros2_ws/install/dual_arm_lag_gd_planner/share/dual_arm_lag_gd_planner/cmake/dual_arm_lag_gd_plannerConfig-version.cmake
[34.189s] -- Symlinking: /home/angel/ros2_ws/install/dual_arm_lag_gd_planner/share/dual_arm_lag_gd_planner/package.xml
[34.212s] Invoked command in '/home/angel/ros2_ws/build/dual_arm_lag_gd_planner' returned '0': CMAKE_PREFIX_PATH=/opt/ros/humble /usr/bin/cmake --install /home/angel/ros2_ws/build/dual_arm_lag_gd_planner
