[0.017s] Invoking command in '/home/angel/ros2_ws/build/dual_arm_lag_gd_planner': /usr/bin/cmake /home/angel/ros2_ws/src/dual_arm_lag_gd_planner -DAMENT_CMAKE_SYMLINK_INSTALL=1 -DCMAKE_INSTALL_PREFIX=/home/angel/ros2_ws/install/dual_arm_lag_gd_planner
[0.296s] -- The C compiler identification is GNU 11.4.0
[0.371s] -- The CXX compiler identification is GNU 11.4.0
[0.379s] -- Detecting C compiler ABI info
[0.459s] -- Detecting C compiler ABI info - done
[0.468s] -- Check for working C compiler: /usr/bin/cc - skipped
[0.468s] -- Detecting C compile features
[0.468s] -- Detecting C compile features - done
[0.469s] -- Detecting CXX compiler ABI info
[0.550s] -- Detecting CXX compiler ABI info - done
[0.560s] -- Check for working CXX compiler: /usr/bin/c++ - skipped
[0.560s] -- Detecting CXX compile features
[0.561s] -- Detecting CXX compile features - done
[0.843s] -- Configuring incomplete, errors occurred!
[0.846s] See also "/home/angel/ros2_ws/build/dual_arm_lag_gd_planner/CMakeFiles/CMakeOutput.log".
[0.848s] [31mCMake Error at CMakeLists.txt:20 (find_package):
[0.848s]   By not providing "Findament_cmake.cmake" in CMAKE_MODULE_PATH this project
[0.848s]   has asked CMake to find a package configuration file provided by
[0.852s]   "ament_cmake", but CMake did not find one.
[0.852s] 
[0.853s]   Could not find a package configuration file provided by "ament_cmake" with
[0.853s]   any of the following names:
[0.853s] 
[0.854s]     ament_cmakeConfig.cmake
[0.854s]     ament_cmake-config.cmake
[0.854s] 
[0.854s]   Add the installation prefix of "ament_cmake" to CMAKE_PREFIX_PATH or set
[0.855s]   "ament_cmake_DIR" to a directory containing one of the above files.  If
[0.855s]   "ament_cmake" provides a separate development package or SDK, be sure it
[0.855s]   has been installed.
[0.856s] 
[0.856s] [0m
[0.915s] Invoked command in '/home/angel/ros2_ws/build/dual_arm_lag_gd_planner' returned '1': /usr/bin/cmake /home/angel/ros2_ws/src/dual_arm_lag_gd_planner -DAMENT_CMAKE_SYMLINK_INSTALL=1 -DCMAKE_INSTALL_PREFIX=/home/angel/ros2_ws/install/dual_arm_lag_gd_planner
