[0.021s] Invoking command in '/home/angel/0710_code/build/dual_arm_alm_gd_planner': DEBUGINFOD_URLS=https://debuginfod.ubuntu.com /usr/bin/cmake --build /home/angel/0710_code/build/dual_arm_alm_gd_planner -- -j8 -l8
[1.135s] -- The C compiler identification is GNU 13.3.0
[1.798s] -- The CXX compiler identification is GNU 13.3.0
[1.842s] -- Detecting C compiler ABI info
[2.008s] -- Detecting C compiler ABI info - done
[2.023s] -- Check for working C compiler: /usr/bin/cc - skipped
[2.023s] -- Detecting C compile features
[2.023s] -- Detecting C compile features - done
[2.028s] -- Detecting CXX compiler ABI info
[2.172s] -- Detecting CXX compiler ABI info - done
[2.184s] -- Check for working CXX compiler: /usr/bin/c++ - skipped
[2.184s] -- Detecting CXX compile features
[2.184s] -- Detecting CXX compile features - done
[2.188s] -- Found ament_cmake: 2.5.5 (/opt/ros/jazzy/share/ament_cmake/cmake)
[2.394s] -- Found Python3: /usr/bin/python3 (found version "3.12.3") found components: Interpreter 
[2.634s] -- Found rclcpp: 28.1.16 (/opt/ros/jazzy/share/rclcpp/cmake)
[3.164s] -- Found rosidl_generator_c: 4.6.7 (/opt/ros/jazzy/share/rosidl_generator_c/cmake)
[3.164s] -- Found rosidl_generator_cpp: 4.6.7 (/opt/ros/jazzy/share/rosidl_generator_cpp/cmake)
[3.233s] CMake Error at /opt/ros/jazzy/share/rosidl_typesupport_c/cmake/get_used_typesupports.cmake:35 (message):
[3.233s]   No 'rosidl_typesupport_c' found
[3.233s] Call Stack (most recent call first):
[3.233s]   /opt/ros/jazzy/share/rosidl_typesupport_c/cmake/rosidl_typesupport_c-extras.cmake:8 (get_used_typesupports)
[3.233s]   /opt/ros/jazzy/share/rosidl_typesupport_c/cmake/rosidl_typesupport_cConfig.cmake:41 (include)
[3.233s]   /opt/ros/jazzy/share/builtin_interfaces/cmake/ament_cmake_export_dependencies-extras.cmake:21 (find_package)
[3.233s]   /opt/ros/jazzy/share/builtin_interfaces/cmake/builtin_interfacesConfig.cmake:41 (include)
[3.233s]   /opt/ros/jazzy/share/rclcpp/cmake/ament_cmake_export_dependencies-extras.cmake:21 (find_package)
[3.234s]   /opt/ros/jazzy/share/rclcpp/cmake/rclcppConfig.cmake:41 (include)
[3.234s]   CMakeLists.txt:21 (find_package)
[3.234s] 
[3.234s] 
[3.234s] -- Configuring incomplete, errors occurred!
[3.250s] gmake: *** [Makefile:348: cmake_check_build_system] Error 1
