[0.028s] Invoking command in '/home/angel/ros2_ws/build/dual_arm_domain_bridge': CMAKE_PREFIX_PATH=/opt/ros/humble /usr/bin/cmake /home/angel/ros2_ws/src/For_hiwin_dual_arm/dual_arm_domain_bridge (7)/dual_arm_domain_bridge -DAMENT_CMAKE_SYMLINK_INSTALL=1 -DCMAKE_INSTALL_PREFIX=/home/angel/ros2_ws/install/dual_arm_domain_bridge
[0.099s] -- The C compiler identification is GNU 11.4.0
[0.156s] -- The CXX compiler identification is GNU 11.4.0
[0.162s] -- Detecting C compiler ABI info
[0.235s] -- Detecting C compiler ABI info - done
[0.242s] -- Check for working C compiler: /usr/bin/cc - skipped
[0.242s] -- Detecting C compile features
[0.245s] -- Detecting C compile features - done
[0.247s] -- Detecting CXX compiler ABI info
[0.330s] -- Detecting CXX compiler ABI info - done
[0.337s] -- Check for working CXX compiler: /usr/bin/c++ - skipped
[0.338s] -- Detecting CXX compile features
[0.338s] -- Detecting CXX compile features - done
[0.342s] -- Found ament_cmake: 1.3.14 (/opt/ros/humble/share/ament_cmake/cmake)
[0.480s] -- Found Python3: /usr/bin/python3 (found version "3.10.12") found components: Interpreter 
[0.548s] -- Override CMake install command with custom implementation using symlinks instead of copying resources
[0.592s] -- Found rclcpp: 16.0.19 (/opt/ros/humble/share/rclcpp/cmake)
[0.682s] -- Found rosidl_generator_c: 3.1.8 (/opt/ros/humble/share/rosidl_generator_c/cmake)
[0.687s] -- Found rosidl_adapter: 3.1.8 (/opt/ros/humble/share/rosidl_adapter/cmake)
[0.696s] -- Found rosidl_generator_cpp: 3.1.8 (/opt/ros/humble/share/rosidl_generator_cpp/cmake)
[0.723s] -- Using all available rosidl_typesupport_c: rosidl_typesupport_fastrtps_c;rosidl_typesupport_introspection_c
[0.740s] -- Using all available rosidl_typesupport_cpp: rosidl_typesupport_fastrtps_cpp;rosidl_typesupport_introspection_cpp
[0.798s] -- Found rmw_implementation_cmake: 6.1.2 (/opt/ros/humble/share/rmw_implementation_cmake/cmake)
[0.801s] -- Found rmw_fastrtps_cpp: 6.2.10 (/opt/ros/humble/share/rmw_fastrtps_cpp/cmake)
[0.883s] -- Found OpenSSL: /usr/lib/x86_64-linux-gnu/libcrypto.so (found version "3.0.2")  
[0.918s] -- Found FastRTPS: /opt/ros/humble/include  
[0.956s] -- Using RMW implementation 'rmw_fastrtps_cpp' as default
[0.968s] -- Looking for pthread.h
[1.040s] -- Looking for pthread.h - found
[1.040s] -- Performing Test CMAKE_HAVE_LIBC_PTHREAD
[1.138s] -- Performing Test CMAKE_HAVE_LIBC_PTHREAD - Success
[1.138s] -- Found Threads: TRUE  
[1.191s] -- Found sensor_msgs: 4.9.1 (/opt/ros/humble/share/sensor_msgs/cmake)
[1.223s] -- Found rclcpp_action: 16.0.19 (/opt/ros/humble/share/rclcpp_action/cmake)
[1.270s] -- Found control_msgs: 4.9.0 (/opt/ros/humble/share/control_msgs/cmake)
[1.374s] -- Configuring done
[1.387s] -- Generating done
[1.398s] -- Build files have been written to: /home/angel/ros2_ws/build/dual_arm_domain_bridge
[1.409s] Invoked command in '/home/angel/ros2_ws/build/dual_arm_domain_bridge' returned '0': CMAKE_PREFIX_PATH=/opt/ros/humble /usr/bin/cmake /home/angel/ros2_ws/src/For_hiwin_dual_arm/dual_arm_domain_bridge (7)/dual_arm_domain_bridge -DAMENT_CMAKE_SYMLINK_INSTALL=1 -DCMAKE_INSTALL_PREFIX=/home/angel/ros2_ws/install/dual_arm_domain_bridge
[1.410s] Invoking command in '/home/angel/ros2_ws/build/dual_arm_domain_bridge': CMAKE_PREFIX_PATH=/opt/ros/humble /usr/bin/cmake --build /home/angel/ros2_ws/build/dual_arm_domain_bridge -- -j8 -l8
[1.864s] [ 25%] [32mBuilding CXX object CMakeFiles/trajectory_downlink_endpoint_relay.dir/src/trajectory_downlink_endpoint_relay.cpp.o[0m
[1.864s] [ 50%] [32mBuilding CXX object CMakeFiles/joint_state_uplink_bridge.dir/src/joint_state_uplink_bridge.cpp.o[0m
[34.117s] [ 75%] [32m[1mLinking CXX executable joint_state_uplink_bridge[0m
[35.514s] [ 75%] Built target joint_state_uplink_bridge
[41.733s] [100%] [32m[1mLinking CXX executable trajectory_downlink_endpoint_relay[0m
[43.676s] [100%] Built target trajectory_downlink_endpoint_relay
[43.684s] Invoked command in '/home/angel/ros2_ws/build/dual_arm_domain_bridge' returned '0': CMAKE_PREFIX_PATH=/opt/ros/humble /usr/bin/cmake --build /home/angel/ros2_ws/build/dual_arm_domain_bridge -- -j8 -l8
[43.685s] Invoking command in '/home/angel/ros2_ws/build/dual_arm_domain_bridge': CMAKE_PREFIX_PATH=/opt/ros/humble /usr/bin/cmake --install /home/angel/ros2_ws/build/dual_arm_domain_bridge
[43.691s] -- Install configuration: "Release"
[43.691s] -- Execute custom install script
[43.691s] -- Symlinking: /home/angel/ros2_ws/install/dual_arm_domain_bridge/share/dual_arm_domain_bridge/launch/bridge_relay.launch.py
[43.698s] -- Symlinking: /home/angel/ros2_ws/install/dual_arm_domain_bridge/lib/dual_arm_domain_bridge/joint_state_uplink_bridge
[43.705s] -- Symlinking: /home/angel/ros2_ws/install/dual_arm_domain_bridge/lib/dual_arm_domain_bridge/trajectory_downlink_endpoint_relay
[43.712s] -- Symlinking: /home/angel/ros2_ws/install/dual_arm_domain_bridge/share/ament_index/resource_index/package_run_dependencies/dual_arm_domain_bridge
[43.717s] -- Symlinking: /home/angel/ros2_ws/install/dual_arm_domain_bridge/share/ament_index/resource_index/parent_prefix_path/dual_arm_domain_bridge
[43.724s] -- Symlinking: /home/angel/ros2_ws/install/dual_arm_domain_bridge/share/dual_arm_domain_bridge/environment/ament_prefix_path.sh
[43.730s] -- Symlinking: /home/angel/ros2_ws/install/dual_arm_domain_bridge/share/dual_arm_domain_bridge/environment/ament_prefix_path.dsv
[43.736s] -- Symlinking: /home/angel/ros2_ws/install/dual_arm_domain_bridge/share/dual_arm_domain_bridge/environment/path.sh
[43.742s] -- Symlinking: /home/angel/ros2_ws/install/dual_arm_domain_bridge/share/dual_arm_domain_bridge/environment/path.dsv
[43.748s] -- Symlinking: /home/angel/ros2_ws/install/dual_arm_domain_bridge/share/dual_arm_domain_bridge/local_setup.bash
[43.753s] -- Symlinking: /home/angel/ros2_ws/install/dual_arm_domain_bridge/share/dual_arm_domain_bridge/local_setup.sh
[43.759s] -- Symlinking: /home/angel/ros2_ws/install/dual_arm_domain_bridge/share/dual_arm_domain_bridge/local_setup.zsh
[43.765s] -- Symlinking: /home/angel/ros2_ws/install/dual_arm_domain_bridge/share/dual_arm_domain_bridge/local_setup.dsv
[43.773s] -- Symlinking: /home/angel/ros2_ws/install/dual_arm_domain_bridge/share/dual_arm_domain_bridge/package.dsv
[43.779s] -- Symlinking: /home/angel/ros2_ws/install/dual_arm_domain_bridge/share/ament_index/resource_index/packages/dual_arm_domain_bridge
[43.785s] -- Symlinking: /home/angel/ros2_ws/install/dual_arm_domain_bridge/share/dual_arm_domain_bridge/cmake/dual_arm_domain_bridgeConfig.cmake
[43.791s] -- Symlinking: /home/angel/ros2_ws/install/dual_arm_domain_bridge/share/dual_arm_domain_bridge/cmake/dual_arm_domain_bridgeConfig-version.cmake
[43.797s] -- Symlinking: /home/angel/ros2_ws/install/dual_arm_domain_bridge/share/dual_arm_domain_bridge/package.xml
[43.804s] Invoked command in '/home/angel/ros2_ws/build/dual_arm_domain_bridge' returned '0': CMAKE_PREFIX_PATH=/opt/ros/humble /usr/bin/cmake --install /home/angel/ros2_ws/build/dual_arm_domain_bridge
