[0.014s] Invoking command in '/home/angel/ros2_ws/build/dual_arm_alm_gd_planner': /usr/bin/cmake /home/angel/ros2_ws/src/dual_arm_alm_gd_planner -DAMENT_CMAKE_SYMLINK_INSTALL=1 -DCMAKE_INSTALL_PREFIX=/home/angel/ros2_ws/install/dual_arm_alm_gd_planner
[0.301s] -- The C compiler identification is GNU 11.4.0
[0.381s] -- The CXX compiler identification is GNU 11.4.0
[0.385s] -- Detecting C compiler ABI info
[0.469s] -- Detecting C compiler ABI info - done
[0.474s] -- Check for working C compiler: /usr/bin/cc - skipped
[0.474s] -- Detecting C compile features
[0.474s] -- Detecting C compile features - done
[0.478s] -- Detecting CXX compiler ABI info
[0.556s] -- Detecting CXX compiler ABI info - done
[0.564s] -- Check for working CXX compiler: /usr/bin/c++ - skipped
[0.564s] -- Detecting CXX compile features
[0.564s] -- Detecting CXX compile features - done
[0.861s] [31mCMake Error at CMakeLists.txt:20 (find_package):
[0.861s]   By not providing "Findament_cmake.cmake" in CMAKE_MODULE_PATH this project
[0.862s]   has asked CMake to find a package configuration file provided by
[0.862s]   "ament_cmake", but CMake did not find one.
[0.862s] 
[0.863s]   Could not find a package configuration file provided by "ament_cmake" with
[0.863s]   any of the following names:
[0.863s] 
[0.865s]     ament_cmakeConfig.cmake
[0.865s]     ament_cmake-config.cmake
[0.866s] 
[0.866s]   Add the installation prefix of "ament_cmake" to CMAKE_PREFIX_PATH or set
[0.867s]   "ament_cmake_DIR" to a directory containing one of the above files.  If
[0.867s]   "ament_cmake" provides a separate development package or SDK, be sure it
[0.867s]   has been installed.
[0.868s] 
[0.868s] [0m
[0.877s] -- Configuring incomplete, errors occurred!
[0.877s] See also "/home/angel/ros2_ws/build/dual_arm_alm_gd_planner/CMakeFiles/CMakeOutput.log".
[0.925s] Invoked command in '/home/angel/ros2_ws/build/dual_arm_alm_gd_planner' returned '1': /usr/bin/cmake /home/angel/ros2_ws/src/dual_arm_alm_gd_planner -DAMENT_CMAKE_SYMLINK_INSTALL=1 -DCMAKE_INSTALL_PREFIX=/home/angel/ros2_ws/install/dual_arm_alm_gd_planner
