[0.023s] Invoking command in '/home/angel/ros2_ws/build/dual_arm_lag_cg_planner': CMAKE_PREFIX_PATH=/opt/ros/humble /usr/bin/cmake /home/angel/ros2_ws/src/dual_arm_lag_cg_planner -DAMENT_CMAKE_SYMLINK_INSTALL=1 -DCMAKE_INSTALL_PREFIX=/home/angel/ros2_ws/install/dual_arm_lag_cg_planner
[4.775s] -- Found ament_cmake: 1.3.14 (/opt/ros/humble/share/ament_cmake/cmake)
[4.992s] -- Found Python3: /usr/bin/python3 (found version "3.10.12") found components: Interpreter 
[5.063s] -- Override CMake install command with custom implementation using symlinks instead of copying resources
[5.618s] -- Found rclcpp: 16.0.19 (/opt/ros/humble/share/rclcpp/cmake)
[6.439s] -- Found rosidl_generator_c: 3.1.8 (/opt/ros/humble/share/rosidl_generator_c/cmake)
[6.451s] -- Found rosidl_adapter: 3.1.8 (/opt/ros/humble/share/rosidl_adapter/cmake)
[6.463s] -- Found rosidl_generator_cpp: 3.1.8 (/opt/ros/humble/share/rosidl_generator_cpp/cmake)
[8.216s] -- Using all available rosidl_typesupport_c: rosidl_typesupport_fastrtps_c;rosidl_typesupport_introspection_c
[8.280s] -- Using all available rosidl_typesupport_cpp: rosidl_typesupport_fastrtps_cpp;rosidl_typesupport_introspection_cpp
[8.395s] -- Found rmw_implementation_cmake: 6.1.2 (/opt/ros/humble/share/rmw_implementation_cmake/cmake)
[8.401s] -- Found rmw_fastrtps_cpp: 6.2.10 (/opt/ros/humble/share/rmw_fastrtps_cpp/cmake)
[9.996s] -- Found OpenSSL: /usr/lib/x86_64-linux-gnu/libcrypto.so (found version "3.0.2")  
[10.043s] -- Found FastRTPS: /opt/ros/humble/include  
[10.104s] -- Using RMW implementation 'rmw_fastrtps_cpp' as default
[10.176s] -- Looking for pthread.h
[10.435s] -- Looking for pthread.h - found
[10.435s] -- Performing Test CMAKE_HAVE_LIBC_PTHREAD
[10.501s] -- Performing Test CMAKE_HAVE_LIBC_PTHREAD - Success
[10.502s] -- Found Threads: TRUE  
[10.631s] -- Found pluginlib: 5.1.3 (/opt/ros/humble/share/pluginlib/cmake)
[11.151s] -- Found moveit_core: 2.5.9 (/opt/ros/humble/share/moveit_core/cmake)
[11.872s] -- Found Boost: /usr/lib/x86_64-linux-gnu/cmake/Boost-1.74.0/BoostConfig.cmake (found version "1.74.0") found components: chrono date_time filesystem iostreams program_options regex serialization system thread 
[12.011s] -- Found parameter_traits: 0.7.1 (/opt/ros/humble/share/parameter_traits/cmake)
[12.035s] -- Found rclcpp_lifecycle: 16.0.19 (/opt/ros/humble/share/rclcpp_lifecycle/cmake)
[12.107s] -- Found Boost: /usr/lib/x86_64-linux-gnu/cmake/Boost-1.74.0/BoostConfig.cmake (found version "1.74.0") found components: filesystem 
[12.521s] -- library: /usr/lib/x86_64-linux-gnu/libcurl.so
[12.956s] -- Found Eigen3: TRUE (found version "3.4.0") 
[12.957s] -- Ensuring Eigen3 include directory is part of orocos-kdl CMake target
[14.878s] -- Configuring done
[15.460s] -- Generating done
[15.471s] -- Build files have been written to: /home/angel/ros2_ws/build/dual_arm_lag_cg_planner
[15.512s] Invoked command in '/home/angel/ros2_ws/build/dual_arm_lag_cg_planner' returned '0': CMAKE_PREFIX_PATH=/opt/ros/humble /usr/bin/cmake /home/angel/ros2_ws/src/dual_arm_lag_cg_planner -DAMENT_CMAKE_SYMLINK_INSTALL=1 -DCMAKE_INSTALL_PREFIX=/home/angel/ros2_ws/install/dual_arm_lag_cg_planner
[15.513s] Invoking command in '/home/angel/ros2_ws/build/dual_arm_lag_cg_planner': CMAKE_PREFIX_PATH=/opt/ros/humble /usr/bin/cmake --build /home/angel/ros2_ws/build/dual_arm_lag_cg_planner -- -j8 -l8
[15.556s] [ 20%] [32mBuilding CXX object CMakeFiles/dual_arm_lag_cg_planner.dir/src/cg_solver.cpp.o[0m
[20.303s] [ 40%] [32mBuilding CXX object CMakeFiles/dual_arm_lag_cg_planner.dir/src/planner_manager.cpp.o[0m
[82.302s] [ 60%] [32mBuilding CXX object CMakeFiles/dual_arm_lag_cg_planner.dir/src/data_io.cpp.o[0m
[109.331s] [ 80%] [32mBuilding CXX object CMakeFiles/dual_arm_lag_cg_planner.dir/src/avoidance_system.cpp.o[0m
[117.898s] [100%] [32m[1mLinking CXX shared library libdual_arm_lag_cg_planner.so[0m
[120.936s] [100%] Built target dual_arm_lag_cg_planner
[127.811s] Invoked command in '/home/angel/ros2_ws/build/dual_arm_lag_cg_planner' returned '0': CMAKE_PREFIX_PATH=/opt/ros/humble /usr/bin/cmake --build /home/angel/ros2_ws/build/dual_arm_lag_cg_planner -- -j8 -l8
[127.846s] Invoking command in '/home/angel/ros2_ws/build/dual_arm_lag_cg_planner': CMAKE_PREFIX_PATH=/opt/ros/humble /usr/bin/cmake --install /home/angel/ros2_ws/build/dual_arm_lag_cg_planner
[128.890s] -- Install configuration: "Release"
[128.890s] -- Execute custom install script
[128.890s] -- Symlinking: /home/angel/ros2_ws/install/dual_arm_lag_cg_planner/share/dual_arm_lag_cg_planner//dual_arm_lag_cg_planner.xml
[128.890s] -- Symlinking: /home/angel/ros2_ws/install/dual_arm_lag_cg_planner/lib/libdual_arm_lag_cg_planner.so
[128.890s] -- Symlinking: /home/angel/ros2_ws/install/dual_arm_lag_cg_planner/include/dual_arm_lag_cg_planner/avoidance_system.hpp
[128.890s] -- Symlinking: /home/angel/ros2_ws/install/dual_arm_lag_cg_planner/include/dual_arm_lag_cg_planner/cg_solver.hpp
[128.890s] -- Symlinking: /home/angel/ros2_ws/install/dual_arm_lag_cg_planner/include/dual_arm_lag_cg_planner/data_io.hpp
[128.890s] -- Symlinking: /home/angel/ros2_ws/install/dual_arm_lag_cg_planner/include/dual_arm_lag_cg_planner/planner_manager.hpp
[128.890s] -- Symlinking: /home/angel/ros2_ws/install/dual_arm_lag_cg_planner/share/dual_arm_lag_cg_planner/config/dual_arm_lag_cg_planning.yaml
[128.890s] -- Symlinking: /home/angel/ros2_ws/install/dual_arm_lag_cg_planner/share/dual_arm_lag_cg_planner/environment/library_path.sh
[128.890s] -- Symlinking: /home/angel/ros2_ws/install/dual_arm_lag_cg_planner/share/dual_arm_lag_cg_planner/environment/library_path.dsv
[128.890s] -- Symlinking: /home/angel/ros2_ws/install/dual_arm_lag_cg_planner/share/ament_index/resource_index/package_run_dependencies/dual_arm_lag_cg_planner
[128.890s] -- Symlinking: /home/angel/ros2_ws/install/dual_arm_lag_cg_planner/share/ament_index/resource_index/parent_prefix_path/dual_arm_lag_cg_planner
[128.891s] -- Symlinking: /home/angel/ros2_ws/install/dual_arm_lag_cg_planner/share/dual_arm_lag_cg_planner/environment/ament_prefix_path.sh
[128.891s] -- Symlinking: /home/angel/ros2_ws/install/dual_arm_lag_cg_planner/share/dual_arm_lag_cg_planner/environment/ament_prefix_path.dsv
[128.891s] -- Symlinking: /home/angel/ros2_ws/install/dual_arm_lag_cg_planner/share/dual_arm_lag_cg_planner/environment/path.sh
[128.891s] -- Symlinking: /home/angel/ros2_ws/install/dual_arm_lag_cg_planner/share/dual_arm_lag_cg_planner/environment/path.dsv
[128.891s] -- Symlinking: /home/angel/ros2_ws/install/dual_arm_lag_cg_planner/share/dual_arm_lag_cg_planner/local_setup.bash
[128.891s] -- Symlinking: /home/angel/ros2_ws/install/dual_arm_lag_cg_planner/share/dual_arm_lag_cg_planner/local_setup.sh
[128.891s] -- Symlinking: /home/angel/ros2_ws/install/dual_arm_lag_cg_planner/share/dual_arm_lag_cg_planner/local_setup.zsh
[128.891s] -- Symlinking: /home/angel/ros2_ws/install/dual_arm_lag_cg_planner/share/dual_arm_lag_cg_planner/local_setup.dsv
[128.891s] -- Symlinking: /home/angel/ros2_ws/install/dual_arm_lag_cg_planner/share/dual_arm_lag_cg_planner/package.dsv
[128.891s] -- Symlinking: /home/angel/ros2_ws/install/dual_arm_lag_cg_planner/share/ament_index/resource_index/packages/dual_arm_lag_cg_planner
[128.891s] -- Symlinking: /home/angel/ros2_ws/install/dual_arm_lag_cg_planner/share/ament_index/resource_index/moveit_core__pluginlib__plugin/dual_arm_lag_cg_planner
[128.891s] -- Symlinking: /home/angel/ros2_ws/install/dual_arm_lag_cg_planner/share/dual_arm_lag_cg_planner/cmake/ament_cmake_export_libraries-extras.cmake
[128.891s] -- Symlinking: /home/angel/ros2_ws/install/dual_arm_lag_cg_planner/share/dual_arm_lag_cg_planner/cmake/ament_cmake_export_dependencies-extras.cmake
[128.891s] -- Symlinking: /home/angel/ros2_ws/install/dual_arm_lag_cg_planner/share/dual_arm_lag_cg_planner/cmake/dual_arm_lag_cg_plannerConfig.cmake
[128.893s] -- Symlinking: /home/angel/ros2_ws/install/dual_arm_lag_cg_planner/share/dual_arm_lag_cg_planner/cmake/dual_arm_lag_cg_plannerConfig-version.cmake
[128.893s] -- Symlinking: /home/angel/ros2_ws/install/dual_arm_lag_cg_planner/share/dual_arm_lag_cg_planner/package.xml
[130.270s] Invoked command in '/home/angel/ros2_ws/build/dual_arm_lag_cg_planner' returned '0': CMAKE_PREFIX_PATH=/opt/ros/humble /usr/bin/cmake --install /home/angel/ros2_ws/build/dual_arm_lag_cg_planner
