[0.027s] Invoking command in '/home/angel/0710_code/build/dual_arm_lag_cg_planner': CMAKE_PREFIX_PATH=${CMAKE_PREFIX_PATH}:/opt/ros/humble /usr/bin/cmake --build /home/angel/0710_code/build/dual_arm_lag_cg_planner -- -j8 -l8
[0.082s] [100%] Built target dual_arm_lag_cg_planner
[0.130s] Invoked command in '/home/angel/0710_code/build/dual_arm_lag_cg_planner' returned '0': CMAKE_PREFIX_PATH=${CMAKE_PREFIX_PATH}:/opt/ros/humble /usr/bin/cmake --build /home/angel/0710_code/build/dual_arm_lag_cg_planner -- -j8 -l8
[0.131s] Invoking command in '/home/angel/0710_code/build/dual_arm_lag_cg_planner': CMAKE_PREFIX_PATH=${CMAKE_PREFIX_PATH}:/opt/ros/humble /usr/bin/cmake --install /home/angel/0710_code/build/dual_arm_lag_cg_planner
[0.140s] -- Install configuration: "Release"
[0.140s] -- Up-to-date: /home/angel/0710_code/install/dual_arm_lag_cg_planner/share/dual_arm_lag_cg_planner/dual_arm_lag_cg_planner.xml
[0.140s] -- Up-to-date: /home/angel/0710_code/install/dual_arm_lag_cg_planner/lib/libdual_arm_lag_cg_planner.so
[0.140s] -- Up-to-date: /home/angel/0710_code/install/dual_arm_lag_cg_planner/include
[0.140s] -- Up-to-date: /home/angel/0710_code/install/dual_arm_lag_cg_planner/include/dual_arm_lag_cg_planner
[0.140s] -- Up-to-date: /home/angel/0710_code/install/dual_arm_lag_cg_planner/include/dual_arm_lag_cg_planner/avoidance_system.hpp
[0.140s] -- Up-to-date: /home/angel/0710_code/install/dual_arm_lag_cg_planner/include/dual_arm_lag_cg_planner/cg_solver.hpp
[0.140s] -- Up-to-date: /home/angel/0710_code/install/dual_arm_lag_cg_planner/include/dual_arm_lag_cg_planner/data_io.hpp
[0.141s] -- Up-to-date: /home/angel/0710_code/install/dual_arm_lag_cg_planner/include/dual_arm_lag_cg_planner/planner_manager.hpp
[0.141s] -- Up-to-date: /home/angel/0710_code/install/dual_arm_lag_cg_planner/share/dual_arm_lag_cg_planner/config
[0.141s] -- Up-to-date: /home/angel/0710_code/install/dual_arm_lag_cg_planner/share/dual_arm_lag_cg_planner/config/dual_arm_lag_cg_planning.yaml
[0.143s] -- Up-to-date: /home/angel/0710_code/install/dual_arm_lag_cg_planner/share/dual_arm_lag_cg_planner/environment/library_path.sh
[0.143s] -- Up-to-date: /home/angel/0710_code/install/dual_arm_lag_cg_planner/share/dual_arm_lag_cg_planner/environment/library_path.dsv
[0.143s] -- Up-to-date: /home/angel/0710_code/install/dual_arm_lag_cg_planner/share/ament_index/resource_index/package_run_dependencies/dual_arm_lag_cg_planner
[0.143s] -- Up-to-date: /home/angel/0710_code/install/dual_arm_lag_cg_planner/share/ament_index/resource_index/parent_prefix_path/dual_arm_lag_cg_planner
[0.143s] -- Up-to-date: /home/angel/0710_code/install/dual_arm_lag_cg_planner/share/dual_arm_lag_cg_planner/environment/ament_prefix_path.sh
[0.143s] -- Up-to-date: /home/angel/0710_code/install/dual_arm_lag_cg_planner/share/dual_arm_lag_cg_planner/environment/ament_prefix_path.dsv
[0.143s] -- Up-to-date: /home/angel/0710_code/install/dual_arm_lag_cg_planner/share/dual_arm_lag_cg_planner/environment/path.sh
[0.143s] -- Up-to-date: /home/angel/0710_code/install/dual_arm_lag_cg_planner/share/dual_arm_lag_cg_planner/environment/path.dsv
[0.143s] -- Up-to-date: /home/angel/0710_code/install/dual_arm_lag_cg_planner/share/dual_arm_lag_cg_planner/local_setup.bash
[0.143s] -- Up-to-date: /home/angel/0710_code/install/dual_arm_lag_cg_planner/share/dual_arm_lag_cg_planner/local_setup.sh
[0.143s] -- Up-to-date: /home/angel/0710_code/install/dual_arm_lag_cg_planner/share/dual_arm_lag_cg_planner/local_setup.zsh
[0.143s] -- Up-to-date: /home/angel/0710_code/install/dual_arm_lag_cg_planner/share/dual_arm_lag_cg_planner/local_setup.dsv
[0.143s] -- Installing: /home/angel/0710_code/install/dual_arm_lag_cg_planner/share/dual_arm_lag_cg_planner/package.dsv
[0.144s] -- Up-to-date: /home/angel/0710_code/install/dual_arm_lag_cg_planner/share/ament_index/resource_index/packages/dual_arm_lag_cg_planner
[0.144s] -- Up-to-date: /home/angel/0710_code/install/dual_arm_lag_cg_planner/share/ament_index/resource_index/moveit_core__pluginlib__plugin/dual_arm_lag_cg_planner
[0.144s] -- Up-to-date: /home/angel/0710_code/install/dual_arm_lag_cg_planner/share/dual_arm_lag_cg_planner/cmake/ament_cmake_export_libraries-extras.cmake
[0.144s] -- Up-to-date: /home/angel/0710_code/install/dual_arm_lag_cg_planner/share/dual_arm_lag_cg_planner/cmake/ament_cmake_export_dependencies-extras.cmake
[0.144s] -- Up-to-date: /home/angel/0710_code/install/dual_arm_lag_cg_planner/share/dual_arm_lag_cg_planner/cmake/dual_arm_lag_cg_plannerConfig.cmake
[0.144s] -- Up-to-date: /home/angel/0710_code/install/dual_arm_lag_cg_planner/share/dual_arm_lag_cg_planner/cmake/dual_arm_lag_cg_plannerConfig-version.cmake
[0.144s] -- Up-to-date: /home/angel/0710_code/install/dual_arm_lag_cg_planner/share/dual_arm_lag_cg_planner/package.xml
[0.274s] Invoked command in '/home/angel/0710_code/build/dual_arm_lag_cg_planner' returned '0': CMAKE_PREFIX_PATH=${CMAKE_PREFIX_PATH}:/opt/ros/humble /usr/bin/cmake --install /home/angel/0710_code/build/dual_arm_lag_cg_planner
