[0.035s] Invoking command in '/home/angel/ros2_ws/build/dual_arm_alm_gd_planner': CMAKE_PREFIX_PATH=/opt/ros/humble /usr/bin/cmake /home/angel/ros2_ws/src/dual_arm_alm_gd_planner -DAMENT_CMAKE_SYMLINK_INSTALL=1 -DCMAKE_INSTALL_PREFIX=/home/angel/ros2_ws/install/dual_arm_alm_gd_planner
[4.793s] -- Found ament_cmake: 1.3.14 (/opt/ros/humble/share/ament_cmake/cmake)
[5.009s] -- Found Python3: /usr/bin/python3 (found version "3.10.12") found components: Interpreter 
[5.081s] -- Override CMake install command with custom implementation using symlinks instead of copying resources
[5.635s] -- Found rclcpp: 16.0.19 (/opt/ros/humble/share/rclcpp/cmake)
[6.457s] -- Found rosidl_generator_c: 3.1.8 (/opt/ros/humble/share/rosidl_generator_c/cmake)
[6.467s] -- Found rosidl_adapter: 3.1.8 (/opt/ros/humble/share/rosidl_adapter/cmake)
[6.476s] -- Found rosidl_generator_cpp: 3.1.8 (/opt/ros/humble/share/rosidl_generator_cpp/cmake)
[8.233s] -- Using all available rosidl_typesupport_c: rosidl_typesupport_fastrtps_c;rosidl_typesupport_introspection_c
[8.296s] -- Using all available rosidl_typesupport_cpp: rosidl_typesupport_fastrtps_cpp;rosidl_typesupport_introspection_cpp
[8.411s] -- Found rmw_implementation_cmake: 6.1.2 (/opt/ros/humble/share/rmw_implementation_cmake/cmake)
[8.417s] -- Found rmw_fastrtps_cpp: 6.2.10 (/opt/ros/humble/share/rmw_fastrtps_cpp/cmake)
[10.013s] -- Found OpenSSL: /usr/lib/x86_64-linux-gnu/libcrypto.so (found version "3.0.2")  
[10.059s] -- Found FastRTPS: /opt/ros/humble/include  
[10.121s] -- Using RMW implementation 'rmw_fastrtps_cpp' as default
[10.191s] -- Looking for pthread.h
[10.451s] -- Looking for pthread.h - found
[10.451s] -- Performing Test CMAKE_HAVE_LIBC_PTHREAD
[10.527s] -- Performing Test CMAKE_HAVE_LIBC_PTHREAD - Success
[10.529s] -- Found Threads: TRUE  
[10.648s] -- Found pluginlib: 5.1.3 (/opt/ros/humble/share/pluginlib/cmake)
[11.169s] -- Found moveit_core: 2.5.9 (/opt/ros/humble/share/moveit_core/cmake)
[11.888s] -- Found Boost: /usr/lib/x86_64-linux-gnu/cmake/Boost-1.74.0/BoostConfig.cmake (found version "1.74.0") found components: chrono date_time filesystem iostreams program_options regex serialization system thread 
[12.027s] -- Found parameter_traits: 0.7.1 (/opt/ros/humble/share/parameter_traits/cmake)
[12.052s] -- Found rclcpp_lifecycle: 16.0.19 (/opt/ros/humble/share/rclcpp_lifecycle/cmake)
[12.123s] -- Found Boost: /usr/lib/x86_64-linux-gnu/cmake/Boost-1.74.0/BoostConfig.cmake (found version "1.74.0") found components: filesystem 
[12.536s] -- library: /usr/lib/x86_64-linux-gnu/libcurl.so
[12.973s] -- Found Eigen3: TRUE (found version "3.4.0") 
[12.973s] -- Ensuring Eigen3 include directory is part of orocos-kdl CMake target
[14.898s] -- Configuring done
[15.477s] -- Generating done
[15.488s] -- Build files have been written to: /home/angel/ros2_ws/build/dual_arm_alm_gd_planner
[15.531s] Invoked command in '/home/angel/ros2_ws/build/dual_arm_alm_gd_planner' returned '0': CMAKE_PREFIX_PATH=/opt/ros/humble /usr/bin/cmake /home/angel/ros2_ws/src/dual_arm_alm_gd_planner -DAMENT_CMAKE_SYMLINK_INSTALL=1 -DCMAKE_INSTALL_PREFIX=/home/angel/ros2_ws/install/dual_arm_alm_gd_planner
[15.532s] Invoking command in '/home/angel/ros2_ws/build/dual_arm_alm_gd_planner': CMAKE_PREFIX_PATH=/opt/ros/humble /usr/bin/cmake --build /home/angel/ros2_ws/build/dual_arm_alm_gd_planner -- -j8 -l8
[16.820s] [ 20%] [32mBuilding CXX object CMakeFiles/dual_arm_alm_gd_planner.dir/src/gd_solver.cpp.o[0m
[19.552s] [ 40%] [32mBuilding CXX object CMakeFiles/dual_arm_alm_gd_planner.dir/src/planner_manager.cpp.o[0m
[82.750s] [ 60%] [32mBuilding CXX object CMakeFiles/dual_arm_alm_gd_planner.dir/src/data_io.cpp.o[0m
[109.350s] [ 80%] [32mBuilding CXX object CMakeFiles/dual_arm_alm_gd_planner.dir/src/avoidance_system.cpp.o[0m
[117.853s] [100%] [32m[1mLinking CXX shared library libdual_arm_alm_gd_planner.so[0m
[121.075s] [100%] Built target dual_arm_alm_gd_planner
[126.117s] Invoked command in '/home/angel/ros2_ws/build/dual_arm_alm_gd_planner' returned '0': CMAKE_PREFIX_PATH=/opt/ros/humble /usr/bin/cmake --build /home/angel/ros2_ws/build/dual_arm_alm_gd_planner -- -j8 -l8
[126.985s] Invoking command in '/home/angel/ros2_ws/build/dual_arm_alm_gd_planner': CMAKE_PREFIX_PATH=/opt/ros/humble /usr/bin/cmake --install /home/angel/ros2_ws/build/dual_arm_alm_gd_planner
[128.001s] -- Install configuration: "Release"
[128.081s] -- Execute custom install script
[128.082s] -- Symlinking: /home/angel/ros2_ws/install/dual_arm_alm_gd_planner/share/dual_arm_alm_gd_planner//dual_arm_alm_gd_planner.xml
[128.122s] -- Symlinking: /home/angel/ros2_ws/install/dual_arm_alm_gd_planner/lib/libdual_arm_alm_gd_planner.so
[128.122s] -- Symlinking: /home/angel/ros2_ws/install/dual_arm_alm_gd_planner/include/dual_arm_alm_gd_planner/avoidance_system.hpp
[128.142s] -- Symlinking: /home/angel/ros2_ws/install/dual_arm_alm_gd_planner/include/dual_arm_alm_gd_planner/data_io.hpp
[128.142s] -- Symlinking: /home/angel/ros2_ws/install/dual_arm_alm_gd_planner/include/dual_arm_alm_gd_planner/gd_solver.hpp
[128.156s] -- Symlinking: /home/angel/ros2_ws/install/dual_arm_alm_gd_planner/include/dual_arm_alm_gd_planner/planner_manager.hpp
[128.194s] -- Symlinking: /home/angel/ros2_ws/install/dual_arm_alm_gd_planner/share/dual_arm_alm_gd_planner/config/dual_arm_alm_gd_planning.yaml
[128.194s] -- Symlinking: /home/angel/ros2_ws/install/dual_arm_alm_gd_planner/share/dual_arm_alm_gd_planner/environment/library_path.sh
[128.194s] -- Symlinking: /home/angel/ros2_ws/install/dual_arm_alm_gd_planner/share/dual_arm_alm_gd_planner/environment/library_path.dsv
[128.289s] -- Symlinking: /home/angel/ros2_ws/install/dual_arm_alm_gd_planner/share/ament_index/resource_index/package_run_dependencies/dual_arm_alm_gd_planner
[128.321s] -- Symlinking: /home/angel/ros2_ws/install/dual_arm_alm_gd_planner/share/ament_index/resource_index/parent_prefix_path/dual_arm_alm_gd_planner
[128.334s] -- Symlinking: /home/angel/ros2_ws/install/dual_arm_alm_gd_planner/share/dual_arm_alm_gd_planner/environment/ament_prefix_path.sh
[128.341s] -- Symlinking: /home/angel/ros2_ws/install/dual_arm_alm_gd_planner/share/dual_arm_alm_gd_planner/environment/ament_prefix_path.dsv
[128.352s] -- Symlinking: /home/angel/ros2_ws/install/dual_arm_alm_gd_planner/share/dual_arm_alm_gd_planner/environment/path.sh
[128.359s] -- Symlinking: /home/angel/ros2_ws/install/dual_arm_alm_gd_planner/share/dual_arm_alm_gd_planner/environment/path.dsv
[128.365s] -- Symlinking: /home/angel/ros2_ws/install/dual_arm_alm_gd_planner/share/dual_arm_alm_gd_planner/local_setup.bash
[128.365s] -- Symlinking: /home/angel/ros2_ws/install/dual_arm_alm_gd_planner/share/dual_arm_alm_gd_planner/local_setup.sh
[128.398s] -- Symlinking: /home/angel/ros2_ws/install/dual_arm_alm_gd_planner/share/dual_arm_alm_gd_planner/local_setup.zsh
[128.398s] -- Symlinking: /home/angel/ros2_ws/install/dual_arm_alm_gd_planner/share/dual_arm_alm_gd_planner/local_setup.dsv
[128.398s] -- Symlinking: /home/angel/ros2_ws/install/dual_arm_alm_gd_planner/share/dual_arm_alm_gd_planner/package.dsv
[128.446s] -- Symlinking: /home/angel/ros2_ws/install/dual_arm_alm_gd_planner/share/ament_index/resource_index/packages/dual_arm_alm_gd_planner
[128.471s] -- Symlinking: /home/angel/ros2_ws/install/dual_arm_alm_gd_planner/share/ament_index/resource_index/moveit_core__pluginlib__plugin/dual_arm_alm_gd_planner
[128.482s] -- Symlinking: /home/angel/ros2_ws/install/dual_arm_alm_gd_planner/share/dual_arm_alm_gd_planner/cmake/ament_cmake_export_libraries-extras.cmake
[128.482s] -- Symlinking: /home/angel/ros2_ws/install/dual_arm_alm_gd_planner/share/dual_arm_alm_gd_planner/cmake/ament_cmake_export_dependencies-extras.cmake
[128.482s] -- Symlinking: /home/angel/ros2_ws/install/dual_arm_alm_gd_planner/share/dual_arm_alm_gd_planner/cmake/dual_arm_alm_gd_plannerConfig.cmake
[128.500s] -- Symlinking: /home/angel/ros2_ws/install/dual_arm_alm_gd_planner/share/dual_arm_alm_gd_planner/cmake/dual_arm_alm_gd_plannerConfig-version.cmake
[128.513s] -- Symlinking: /home/angel/ros2_ws/install/dual_arm_alm_gd_planner/share/dual_arm_alm_gd_planner/package.xml
[128.729s] Invoked command in '/home/angel/ros2_ws/build/dual_arm_alm_gd_planner' returned '0': CMAKE_PREFIX_PATH=/opt/ros/humble /usr/bin/cmake --install /home/angel/ros2_ws/build/dual_arm_alm_gd_planner
