[0.041s] Invoking command in '/home/angel/0710_code/build/dual_arm_alm_gd_planner': CMAKE_PREFIX_PATH=${CMAKE_PREFIX_PATH}:/opt/ros/humble /usr/bin/cmake --build /home/angel/0710_code/build/dual_arm_alm_gd_planner -- -j8 -l8
[0.108s] -- Found ament_cmake: 1.3.14 (/opt/ros/humble/share/ament_cmake/cmake)
[0.258s] -- Found rclcpp: 16.0.19 (/opt/ros/humble/share/rclcpp/cmake)
[0.308s] -- Found rosidl_generator_c: 3.1.8 (/opt/ros/humble/share/rosidl_generator_c/cmake)
[0.310s] -- Found rosidl_adapter: 3.1.8 (/opt/ros/humble/share/rosidl_adapter/cmake)
[0.316s] -- Found rosidl_generator_cpp: 3.1.8 (/opt/ros/humble/share/rosidl_generator_cpp/cmake)
[0.326s] -- Using all available rosidl_typesupport_c: rosidl_typesupport_fastrtps_c;rosidl_typesupport_introspection_c
[0.339s] -- Using all available rosidl_typesupport_cpp: rosidl_typesupport_fastrtps_cpp;rosidl_typesupport_introspection_cpp
[0.373s] -- Found rmw_implementation_cmake: 6.1.2 (/opt/ros/humble/share/rmw_implementation_cmake/cmake)
[0.374s] -- Found rmw_fastrtps_cpp: 6.2.10 (/opt/ros/humble/share/rmw_fastrtps_cpp/cmake)
[0.486s] -- Using RMW implementation 'rmw_fastrtps_cpp' as default
[0.535s] -- Found pluginlib: 5.1.3 (/opt/ros/humble/share/pluginlib/cmake)
[0.557s] -- Found moveit_core: 2.5.9 (/opt/ros/humble/share/moveit_core/cmake)
[0.590s] -- Found Boost: /usr/lib/x86_64-linux-gnu/cmake/Boost-1.74.0/BoostConfig.cmake (found version "1.74.0") found components: chrono date_time filesystem iostreams program_options regex serialization system thread 
[0.616s] -- Found parameter_traits: 0.7.1 (/opt/ros/humble/share/parameter_traits/cmake)
[0.623s] -- Found rclcpp_lifecycle: 16.0.19 (/opt/ros/humble/share/rclcpp_lifecycle/cmake)
[0.644s] -- Found Boost: /usr/lib/x86_64-linux-gnu/cmake/Boost-1.74.0/BoostConfig.cmake (found version "1.74.0") found components: filesystem 
[0.696s] -- library: /usr/lib/x86_64-linux-gnu/libcurl.so
[0.750s] -- Ensuring Eigen3 include directory is part of orocos-kdl CMake target
[1.002s] -- Configuring done
[1.043s] -- Generating done
[1.054s] -- Build files have been written to: /home/angel/0710_code/build/dual_arm_alm_gd_planner
[1.090s] [35m[1mConsolidate compiler generated dependencies of target dual_arm_alm_gd_planner[0m
[1.115s] [100%] Built target dual_arm_alm_gd_planner
[1.126s] Invoked command in '/home/angel/0710_code/build/dual_arm_alm_gd_planner' returned '0': CMAKE_PREFIX_PATH=${CMAKE_PREFIX_PATH}:/opt/ros/humble /usr/bin/cmake --build /home/angel/0710_code/build/dual_arm_alm_gd_planner -- -j8 -l8
[1.148s] Invoking command in '/home/angel/0710_code/build/dual_arm_alm_gd_planner': CMAKE_PREFIX_PATH=${CMAKE_PREFIX_PATH}:/opt/ros/humble /usr/bin/cmake --install /home/angel/0710_code/build/dual_arm_alm_gd_planner
[1.149s] -- Install configuration: "Release"
[1.149s] -- Installing: /home/angel/0710_code/install/dual_arm_alm_gd_planner/share/dual_arm_alm_gd_planner/dual_arm_alm_gd_planner.xml
[1.149s] -- Up-to-date: /home/angel/0710_code/install/dual_arm_alm_gd_planner/lib/libdual_arm_alm_gd_planner.so
[1.149s] -- Up-to-date: /home/angel/0710_code/install/dual_arm_alm_gd_planner/include
[1.149s] -- Up-to-date: /home/angel/0710_code/install/dual_arm_alm_gd_planner/include/dual_arm_alm_gd_planner
[1.149s] -- Installing: /home/angel/0710_code/install/dual_arm_alm_gd_planner/include/dual_arm_alm_gd_planner/avoidance_system.hpp
[1.149s] -- Installing: /home/angel/0710_code/install/dual_arm_alm_gd_planner/include/dual_arm_alm_gd_planner/data_io.hpp
[1.149s] -- Installing: /home/angel/0710_code/install/dual_arm_alm_gd_planner/include/dual_arm_alm_gd_planner/gd_solver.hpp
[1.149s] -- Installing: /home/angel/0710_code/install/dual_arm_alm_gd_planner/include/dual_arm_alm_gd_planner/planner_manager.hpp
[1.149s] -- Up-to-date: /home/angel/0710_code/install/dual_arm_alm_gd_planner/share/dual_arm_alm_gd_planner/config
[1.149s] -- Installing: /home/angel/0710_code/install/dual_arm_alm_gd_planner/share/dual_arm_alm_gd_planner/config/dual_arm_alm_gd_planning.yaml
[1.149s] -- Up-to-date: /home/angel/0710_code/install/dual_arm_alm_gd_planner/share/dual_arm_alm_gd_planner/environment/library_path.sh
[1.149s] -- Installing: /home/angel/0710_code/install/dual_arm_alm_gd_planner/share/dual_arm_alm_gd_planner/environment/library_path.dsv
[1.149s] -- Up-to-date: /home/angel/0710_code/install/dual_arm_alm_gd_planner/share/ament_index/resource_index/package_run_dependencies/dual_arm_alm_gd_planner
[1.150s] -- Installing: /home/angel/0710_code/install/dual_arm_alm_gd_planner/share/ament_index/resource_index/parent_prefix_path/dual_arm_alm_gd_planner
[1.150s] -- Up-to-date: /home/angel/0710_code/install/dual_arm_alm_gd_planner/share/dual_arm_alm_gd_planner/environment/ament_prefix_path.sh
[1.150s] -- Installing: /home/angel/0710_code/install/dual_arm_alm_gd_planner/share/dual_arm_alm_gd_planner/environment/ament_prefix_path.dsv
[1.150s] -- Up-to-date: /home/angel/0710_code/install/dual_arm_alm_gd_planner/share/dual_arm_alm_gd_planner/environment/path.sh
[1.150s] -- Installing: /home/angel/0710_code/install/dual_arm_alm_gd_planner/share/dual_arm_alm_gd_planner/environment/path.dsv
[1.150s] -- Up-to-date: /home/angel/0710_code/install/dual_arm_alm_gd_planner/share/dual_arm_alm_gd_planner/local_setup.bash
[1.150s] -- Up-to-date: /home/angel/0710_code/install/dual_arm_alm_gd_planner/share/dual_arm_alm_gd_planner/local_setup.sh
[1.150s] -- Up-to-date: /home/angel/0710_code/install/dual_arm_alm_gd_planner/share/dual_arm_alm_gd_planner/local_setup.zsh
[1.150s] -- Installing: /home/angel/0710_code/install/dual_arm_alm_gd_planner/share/dual_arm_alm_gd_planner/local_setup.dsv
[1.153s] -- Installing: /home/angel/0710_code/install/dual_arm_alm_gd_planner/share/dual_arm_alm_gd_planner/package.dsv
[1.153s] -- Up-to-date: /home/angel/0710_code/install/dual_arm_alm_gd_planner/share/ament_index/resource_index/packages/dual_arm_alm_gd_planner
[1.153s] -- Up-to-date: /home/angel/0710_code/install/dual_arm_alm_gd_planner/share/ament_index/resource_index/moveit_core__pluginlib__plugin/dual_arm_alm_gd_planner
[1.153s] -- Up-to-date: /home/angel/0710_code/install/dual_arm_alm_gd_planner/share/dual_arm_alm_gd_planner/cmake/ament_cmake_export_libraries-extras.cmake
[1.153s] -- Up-to-date: /home/angel/0710_code/install/dual_arm_alm_gd_planner/share/dual_arm_alm_gd_planner/cmake/ament_cmake_export_dependencies-extras.cmake
[1.154s] -- Up-to-date: /home/angel/0710_code/install/dual_arm_alm_gd_planner/share/dual_arm_alm_gd_planner/cmake/dual_arm_alm_gd_plannerConfig.cmake
[1.154s] -- Up-to-date: /home/angel/0710_code/install/dual_arm_alm_gd_planner/share/dual_arm_alm_gd_planner/cmake/dual_arm_alm_gd_plannerConfig-version.cmake
[1.154s] -- Installing: /home/angel/0710_code/install/dual_arm_alm_gd_planner/share/dual_arm_alm_gd_planner/package.xml
[1.165s] Invoked command in '/home/angel/0710_code/build/dual_arm_alm_gd_planner' returned '0': CMAKE_PREFIX_PATH=${CMAKE_PREFIX_PATH}:/opt/ros/humble /usr/bin/cmake --install /home/angel/0710_code/build/dual_arm_alm_gd_planner
