[0.034s] Invoking command in '/home/angel/0710_code/build/dual_arm_alm_cg_planner': CMAKE_PREFIX_PATH=/opt/ros/humble /usr/bin/cmake --build /home/angel/0710_code/build/dual_arm_alm_cg_planner -- -j8 -l8
[0.080s] [35m[1mConsolidate compiler generated dependencies of target dual_arm_alm_cg_planner[0m
[0.106s] [100%] Built target dual_arm_alm_cg_planner
[0.147s] Invoked command in '/home/angel/0710_code/build/dual_arm_alm_cg_planner' returned '0': CMAKE_PREFIX_PATH=/opt/ros/humble /usr/bin/cmake --build /home/angel/0710_code/build/dual_arm_alm_cg_planner -- -j8 -l8
[0.148s] Invoking command in '/home/angel/0710_code/build/dual_arm_alm_cg_planner': CMAKE_PREFIX_PATH=/opt/ros/humble /usr/bin/cmake --install /home/angel/0710_code/build/dual_arm_alm_cg_planner
[0.160s] -- Install configuration: "Release"
[0.160s] -- Up-to-date: /home/angel/0710_code/install/dual_arm_alm_cg_planner/share/dual_arm_alm_cg_planner/dual_arm_alm_cg_planner.xml
[0.160s] -- Up-to-date: /home/angel/0710_code/install/dual_arm_alm_cg_planner/lib/libdual_arm_alm_cg_planner.so
[0.160s] -- Up-to-date: /home/angel/0710_code/install/dual_arm_alm_cg_planner/include
[0.160s] -- Up-to-date: /home/angel/0710_code/install/dual_arm_alm_cg_planner/include/dual_arm_alm_cg_planner
[0.160s] -- Up-to-date: /home/angel/0710_code/install/dual_arm_alm_cg_planner/include/dual_arm_alm_cg_planner/avoidance_system.hpp
[0.160s] -- Up-to-date: /home/angel/0710_code/install/dual_arm_alm_cg_planner/include/dual_arm_alm_cg_planner/cg_solver.hpp
[0.160s] -- Up-to-date: /home/angel/0710_code/install/dual_arm_alm_cg_planner/include/dual_arm_alm_cg_planner/data_io.hpp
[0.161s] -- Up-to-date: /home/angel/0710_code/install/dual_arm_alm_cg_planner/include/dual_arm_alm_cg_planner/planner_manager.hpp
[0.161s] -- Up-to-date: /home/angel/0710_code/install/dual_arm_alm_cg_planner/share/dual_arm_alm_cg_planner/config
[0.161s] -- Up-to-date: /home/angel/0710_code/install/dual_arm_alm_cg_planner/share/dual_arm_alm_cg_planner/config/dual_arm_alm_cg_planning.yaml
[0.161s] -- Up-to-date: /home/angel/0710_code/install/dual_arm_alm_cg_planner/share/dual_arm_alm_cg_planner/environment/library_path.sh
[0.161s] -- Up-to-date: /home/angel/0710_code/install/dual_arm_alm_cg_planner/share/dual_arm_alm_cg_planner/environment/library_path.dsv
[0.161s] -- Up-to-date: /home/angel/0710_code/install/dual_arm_alm_cg_planner/share/ament_index/resource_index/package_run_dependencies/dual_arm_alm_cg_planner
[0.161s] -- Up-to-date: /home/angel/0710_code/install/dual_arm_alm_cg_planner/share/ament_index/resource_index/parent_prefix_path/dual_arm_alm_cg_planner
[0.161s] -- Up-to-date: /home/angel/0710_code/install/dual_arm_alm_cg_planner/share/dual_arm_alm_cg_planner/environment/ament_prefix_path.sh
[0.161s] -- Up-to-date: /home/angel/0710_code/install/dual_arm_alm_cg_planner/share/dual_arm_alm_cg_planner/environment/ament_prefix_path.dsv
[0.161s] -- Up-to-date: /home/angel/0710_code/install/dual_arm_alm_cg_planner/share/dual_arm_alm_cg_planner/environment/path.sh
[0.161s] -- Up-to-date: /home/angel/0710_code/install/dual_arm_alm_cg_planner/share/dual_arm_alm_cg_planner/environment/path.dsv
[0.161s] -- Up-to-date: /home/angel/0710_code/install/dual_arm_alm_cg_planner/share/dual_arm_alm_cg_planner/local_setup.bash
[0.161s] -- Up-to-date: /home/angel/0710_code/install/dual_arm_alm_cg_planner/share/dual_arm_alm_cg_planner/local_setup.sh
[0.161s] -- Up-to-date: /home/angel/0710_code/install/dual_arm_alm_cg_planner/share/dual_arm_alm_cg_planner/local_setup.zsh
[0.161s] -- Up-to-date: /home/angel/0710_code/install/dual_arm_alm_cg_planner/share/dual_arm_alm_cg_planner/local_setup.dsv
[0.161s] -- Installing: /home/angel/0710_code/install/dual_arm_alm_cg_planner/share/dual_arm_alm_cg_planner/package.dsv
[0.161s] -- Up-to-date: /home/angel/0710_code/install/dual_arm_alm_cg_planner/share/ament_index/resource_index/packages/dual_arm_alm_cg_planner
[0.161s] -- Up-to-date: /home/angel/0710_code/install/dual_arm_alm_cg_planner/share/ament_index/resource_index/moveit_core__pluginlib__plugin/dual_arm_alm_cg_planner
[0.161s] -- Up-to-date: /home/angel/0710_code/install/dual_arm_alm_cg_planner/share/dual_arm_alm_cg_planner/cmake/ament_cmake_export_libraries-extras.cmake
[0.162s] -- Up-to-date: /home/angel/0710_code/install/dual_arm_alm_cg_planner/share/dual_arm_alm_cg_planner/cmake/ament_cmake_export_dependencies-extras.cmake
[0.162s] -- Up-to-date: /home/angel/0710_code/install/dual_arm_alm_cg_planner/share/dual_arm_alm_cg_planner/cmake/dual_arm_alm_cg_plannerConfig.cmake
[0.162s] -- Up-to-date: /home/angel/0710_code/install/dual_arm_alm_cg_planner/share/dual_arm_alm_cg_planner/cmake/dual_arm_alm_cg_plannerConfig-version.cmake
[0.162s] -- Up-to-date: /home/angel/0710_code/install/dual_arm_alm_cg_planner/share/dual_arm_alm_cg_planner/package.xml
[0.219s] Invoked command in '/home/angel/0710_code/build/dual_arm_alm_cg_planner' returned '0': CMAKE_PREFIX_PATH=/opt/ros/humble /usr/bin/cmake --install /home/angel/0710_code/build/dual_arm_alm_cg_planner
