-- Found ament_cmake: 1.3.14 (/opt/ros/humble/share/ament_cmake/cmake)
-- Override CMake install command with custom implementation using symlinks instead of copying resources
-- Found rclcpp: 16.0.19 (/opt/ros/humble/share/rclcpp/cmake)
-- Found rosidl_generator_c: 3.1.8 (/opt/ros/humble/share/rosidl_generator_c/cmake)
-- Found rosidl_adapter: 3.1.8 (/opt/ros/humble/share/rosidl_adapter/cmake)
-- Found rosidl_generator_cpp: 3.1.8 (/opt/ros/humble/share/rosidl_generator_cpp/cmake)
-- Using all available rosidl_typesupport_c: rosidl_typesupport_fastrtps_c;rosidl_typesupport_introspection_c
-- Using all available rosidl_typesupport_cpp: rosidl_typesupport_fastrtps_cpp;rosidl_typesupport_introspection_cpp
-- Found rmw_implementation_cmake: 6.1.2 (/opt/ros/humble/share/rmw_implementation_cmake/cmake)
-- Found rmw_fastrtps_cpp: 6.2.10 (/opt/ros/humble/share/rmw_fastrtps_cpp/cmake)
-- Using RMW implementation 'rmw_fastrtps_cpp' as default
-- Found pluginlib: 5.1.3 (/opt/ros/humble/share/pluginlib/cmake)
-- Found moveit_core: 2.5.9 (/opt/ros/humble/share/moveit_core/cmake)
-- Found Boost: /usr/lib/x86_64-linux-gnu/cmake/Boost-1.74.0/BoostConfig.cmake (found version "1.74.0") found components: chrono date_time filesystem iostreams program_options regex serialization system thread 
-- Found parameter_traits: 0.7.1 (/opt/ros/humble/share/parameter_traits/cmake)
-- Found rclcpp_lifecycle: 16.0.19 (/opt/ros/humble/share/rclcpp_lifecycle/cmake)
-- Found Boost: /usr/lib/x86_64-linux-gnu/cmake/Boost-1.74.0/BoostConfig.cmake (found version "1.74.0") found components: filesystem 
-- library: /usr/lib/x86_64-linux-gnu/libcurl.so
-- Ensuring Eigen3 include directory is part of orocos-kdl CMake target
-- Configuring done
-- Generating done
-- Build files have been written to: /home/angel/0710_code/build/dual_arm_lag_gd_planner
[35m[1mConsolidate compiler generated dependencies of target dual_arm_lag_gd_planner[0m
[ 20%] [32mBuilding CXX object CMakeFiles/dual_arm_lag_gd_planner.dir/src/planner_manager.cpp.o[0m
[ 40%] [32m[1mLinking CXX shared library libdual_arm_lag_gd_planner.so[0m
[100%] Built target dual_arm_lag_gd_planner
-- Install configuration: "Release"
-- Execute custom install script
-- Symlinking: /home/angel/0710_code/install/dual_arm_lag_gd_planner/share/dual_arm_lag_gd_planner//dual_arm_lag_gd_planner.xml
-- Symlinking: /home/angel/0710_code/install/dual_arm_lag_gd_planner/lib/libdual_arm_lag_gd_planner.so
-- Symlinking: /home/angel/0710_code/install/dual_arm_lag_gd_planner/include/dual_arm_lag_gd_planner/avoidance_system.hpp
-- Symlinking: /home/angel/0710_code/install/dual_arm_lag_gd_planner/include/dual_arm_lag_gd_planner/data_io.hpp
-- Symlinking: /home/angel/0710_code/install/dual_arm_lag_gd_planner/include/dual_arm_lag_gd_planner/gd_solver.hpp
-- Symlinking: /home/angel/0710_code/install/dual_arm_lag_gd_planner/include/dual_arm_lag_gd_planner/planner_manager.hpp
-- Symlinking: /home/angel/0710_code/install/dual_arm_lag_gd_planner/share/dual_arm_lag_gd_planner/config/dual_arm_lag_gd_planning.yaml
-- Symlinking: /home/angel/0710_code/install/dual_arm_lag_gd_planner/share/dual_arm_lag_gd_planner/environment/library_path.sh
-- Symlinking: /home/angel/0710_code/install/dual_arm_lag_gd_planner/share/dual_arm_lag_gd_planner/environment/library_path.dsv
-- Symlinking: /home/angel/0710_code/install/dual_arm_lag_gd_planner/share/ament_index/resource_index/package_run_dependencies/dual_arm_lag_gd_planner
-- Symlinking: /home/angel/0710_code/install/dual_arm_lag_gd_planner/share/ament_index/resource_index/parent_prefix_path/dual_arm_lag_gd_planner
-- Symlinking: /home/angel/0710_code/install/dual_arm_lag_gd_planner/share/dual_arm_lag_gd_planner/environment/ament_prefix_path.sh
-- Symlinking: /home/angel/0710_code/install/dual_arm_lag_gd_planner/share/dual_arm_lag_gd_planner/environment/ament_prefix_path.dsv
-- Symlinking: /home/angel/0710_code/install/dual_arm_lag_gd_planner/share/dual_arm_lag_gd_planner/environment/path.sh
-- Symlinking: /home/angel/0710_code/install/dual_arm_lag_gd_planner/share/dual_arm_lag_gd_planner/environment/path.dsv
-- Symlinking: /home/angel/0710_code/install/dual_arm_lag_gd_planner/share/dual_arm_lag_gd_planner/local_setup.bash
-- Symlinking: /home/angel/0710_code/install/dual_arm_lag_gd_planner/share/dual_arm_lag_gd_planner/local_setup.sh
-- Symlinking: /home/angel/0710_code/install/dual_arm_lag_gd_planner/share/dual_arm_lag_gd_planner/local_setup.zsh
-- Symlinking: /home/angel/0710_code/install/dual_arm_lag_gd_planner/share/dual_arm_lag_gd_planner/local_setup.dsv
-- Symlinking: /home/angel/0710_code/install/dual_arm_lag_gd_planner/share/dual_arm_lag_gd_planner/package.dsv
-- Symlinking: /home/angel/0710_code/install/dual_arm_lag_gd_planner/share/ament_index/resource_index/packages/dual_arm_lag_gd_planner
-- Symlinking: /home/angel/0710_code/install/dual_arm_lag_gd_planner/share/ament_index/resource_index/moveit_core__pluginlib__plugin/dual_arm_lag_gd_planner
-- Symlinking: /home/angel/0710_code/install/dual_arm_lag_gd_planner/share/dual_arm_lag_gd_planner/cmake/ament_cmake_export_libraries-extras.cmake
-- Symlinking: /home/angel/0710_code/install/dual_arm_lag_gd_planner/share/dual_arm_lag_gd_planner/cmake/ament_cmake_export_dependencies-extras.cmake
-- Symlinking: /home/angel/0710_code/install/dual_arm_lag_gd_planner/share/dual_arm_lag_gd_planner/cmake/dual_arm_lag_gd_plannerConfig.cmake
-- Symlinking: /home/angel/0710_code/install/dual_arm_lag_gd_planner/share/dual_arm_lag_gd_planner/cmake/dual_arm_lag_gd_plannerConfig-version.cmake
-- Symlinking: /home/angel/0710_code/install/dual_arm_lag_gd_planner/share/dual_arm_lag_gd_planner/package.xml
