[0.029s] Invoking command in '/home/angel/0710_code/build/dual_arm_lag_gd_planner': CMAKE_PREFIX_PATH=${CMAKE_PREFIX_PATH}:/opt/ros/humble /usr/bin/cmake /home/angel/0710_code/src/0710_code/dual_arm_lag_gd_planner -DAMENT_CMAKE_SYMLINK_INSTALL=1 -DCMAKE_INSTALL_PREFIX=/home/angel/0710_code/install/dual_arm_lag_gd_planner
[0.041s] -- Found ament_cmake: 1.3.14 (/opt/ros/humble/share/ament_cmake/cmake)
[0.201s] -- Override CMake install command with custom implementation using symlinks instead of copying resources
[0.208s] -- Found rclcpp: 16.0.19 (/opt/ros/humble/share/rclcpp/cmake)
[0.239s] -- Found rosidl_generator_c: 3.1.8 (/opt/ros/humble/share/rosidl_generator_c/cmake)
[0.241s] -- Found rosidl_adapter: 3.1.8 (/opt/ros/humble/share/rosidl_adapter/cmake)
[0.246s] -- Found rosidl_generator_cpp: 3.1.8 (/opt/ros/humble/share/rosidl_generator_cpp/cmake)
[0.255s] -- Using all available rosidl_typesupport_c: rosidl_typesupport_fastrtps_c;rosidl_typesupport_introspection_c
[0.267s] -- Using all available rosidl_typesupport_cpp: rosidl_typesupport_fastrtps_cpp;rosidl_typesupport_introspection_cpp
[0.297s] -- Found rmw_implementation_cmake: 6.1.2 (/opt/ros/humble/share/rmw_implementation_cmake/cmake)
[0.298s] -- Found rmw_fastrtps_cpp: 6.2.10 (/opt/ros/humble/share/rmw_fastrtps_cpp/cmake)
[0.423s] -- Using RMW implementation 'rmw_fastrtps_cpp' as default
[0.468s] -- Found pluginlib: 5.1.3 (/opt/ros/humble/share/pluginlib/cmake)
[0.486s] -- Found moveit_core: 2.5.9 (/opt/ros/humble/share/moveit_core/cmake)
[0.499s] -- Found Boost: /usr/lib/x86_64-linux-gnu/cmake/Boost-1.74.0/BoostConfig.cmake (found version "1.74.0") found components: chrono date_time filesystem iostreams program_options regex serialization system thread 
[0.516s] -- Found parameter_traits: 0.7.1 (/opt/ros/humble/share/parameter_traits/cmake)
[0.524s] -- Found rclcpp_lifecycle: 16.0.19 (/opt/ros/humble/share/rclcpp_lifecycle/cmake)
[0.543s] -- Found Boost: /usr/lib/x86_64-linux-gnu/cmake/Boost-1.74.0/BoostConfig.cmake (found version "1.74.0") found components: filesystem 
[0.588s] -- library: /usr/lib/x86_64-linux-gnu/libcurl.so
[0.641s] -- Ensuring Eigen3 include directory is part of orocos-kdl CMake target
[0.893s] -- Configuring done
[0.919s] -- Generating done
[0.925s] -- Build files have been written to: /home/angel/0710_code/build/dual_arm_lag_gd_planner
[0.940s] Invoked command in '/home/angel/0710_code/build/dual_arm_lag_gd_planner' returned '0': CMAKE_PREFIX_PATH=${CMAKE_PREFIX_PATH}:/opt/ros/humble /usr/bin/cmake /home/angel/0710_code/src/0710_code/dual_arm_lag_gd_planner -DAMENT_CMAKE_SYMLINK_INSTALL=1 -DCMAKE_INSTALL_PREFIX=/home/angel/0710_code/install/dual_arm_lag_gd_planner
[0.943s] Invoking command in '/home/angel/0710_code/build/dual_arm_lag_gd_planner': CMAKE_PREFIX_PATH=${CMAKE_PREFIX_PATH}:/opt/ros/humble /usr/bin/cmake --build /home/angel/0710_code/build/dual_arm_lag_gd_planner -- -j8 -l8
[1.238s] [35m[1mConsolidate compiler generated dependencies of target dual_arm_lag_gd_planner[0m
[1.238s] [ 20%] [32mBuilding CXX object CMakeFiles/dual_arm_lag_gd_planner.dir/src/planner_manager.cpp.o[0m
[7.559s] [ 40%] [32m[1mLinking CXX shared library libdual_arm_lag_gd_planner.so[0m
[7.689s] [100%] Built target dual_arm_lag_gd_planner
[7.699s] Invoked command in '/home/angel/0710_code/build/dual_arm_lag_gd_planner' returned '0': CMAKE_PREFIX_PATH=${CMAKE_PREFIX_PATH}:/opt/ros/humble /usr/bin/cmake --build /home/angel/0710_code/build/dual_arm_lag_gd_planner -- -j8 -l8
[7.699s] Invoking command in '/home/angel/0710_code/build/dual_arm_lag_gd_planner': CMAKE_PREFIX_PATH=${CMAKE_PREFIX_PATH}:/opt/ros/humble /usr/bin/cmake --install /home/angel/0710_code/build/dual_arm_lag_gd_planner
[7.705s] -- Install configuration: "Release"
[7.705s] -- Execute custom install script
[7.705s] -- Symlinking: /home/angel/0710_code/install/dual_arm_lag_gd_planner/share/dual_arm_lag_gd_planner//dual_arm_lag_gd_planner.xml
[7.712s] -- Symlinking: /home/angel/0710_code/install/dual_arm_lag_gd_planner/lib/libdual_arm_lag_gd_planner.so
[7.719s] -- Symlinking: /home/angel/0710_code/install/dual_arm_lag_gd_planner/include/dual_arm_lag_gd_planner/avoidance_system.hpp
[7.725s] -- Symlinking: /home/angel/0710_code/install/dual_arm_lag_gd_planner/include/dual_arm_lag_gd_planner/data_io.hpp
[7.732s] -- Symlinking: /home/angel/0710_code/install/dual_arm_lag_gd_planner/include/dual_arm_lag_gd_planner/gd_solver.hpp
[7.740s] -- Symlinking: /home/angel/0710_code/install/dual_arm_lag_gd_planner/include/dual_arm_lag_gd_planner/planner_manager.hpp
[7.748s] -- Symlinking: /home/angel/0710_code/install/dual_arm_lag_gd_planner/share/dual_arm_lag_gd_planner/config/dual_arm_lag_gd_planning.yaml
[7.755s] -- Symlinking: /home/angel/0710_code/install/dual_arm_lag_gd_planner/share/dual_arm_lag_gd_planner/environment/library_path.sh
[7.763s] -- Symlinking: /home/angel/0710_code/install/dual_arm_lag_gd_planner/share/dual_arm_lag_gd_planner/environment/library_path.dsv
[7.770s] -- Symlinking: /home/angel/0710_code/install/dual_arm_lag_gd_planner/share/ament_index/resource_index/package_run_dependencies/dual_arm_lag_gd_planner
[7.778s] -- Symlinking: /home/angel/0710_code/install/dual_arm_lag_gd_planner/share/ament_index/resource_index/parent_prefix_path/dual_arm_lag_gd_planner
[7.786s] -- Symlinking: /home/angel/0710_code/install/dual_arm_lag_gd_planner/share/dual_arm_lag_gd_planner/environment/ament_prefix_path.sh
[7.794s] -- Symlinking: /home/angel/0710_code/install/dual_arm_lag_gd_planner/share/dual_arm_lag_gd_planner/environment/ament_prefix_path.dsv
[7.802s] -- Symlinking: /home/angel/0710_code/install/dual_arm_lag_gd_planner/share/dual_arm_lag_gd_planner/environment/path.sh
[7.809s] -- Symlinking: /home/angel/0710_code/install/dual_arm_lag_gd_planner/share/dual_arm_lag_gd_planner/environment/path.dsv
[7.816s] -- Symlinking: /home/angel/0710_code/install/dual_arm_lag_gd_planner/share/dual_arm_lag_gd_planner/local_setup.bash
[7.822s] -- Symlinking: /home/angel/0710_code/install/dual_arm_lag_gd_planner/share/dual_arm_lag_gd_planner/local_setup.sh
[7.829s] -- Symlinking: /home/angel/0710_code/install/dual_arm_lag_gd_planner/share/dual_arm_lag_gd_planner/local_setup.zsh
[7.835s] -- Symlinking: /home/angel/0710_code/install/dual_arm_lag_gd_planner/share/dual_arm_lag_gd_planner/local_setup.dsv
[7.842s] -- Symlinking: /home/angel/0710_code/install/dual_arm_lag_gd_planner/share/dual_arm_lag_gd_planner/package.dsv
[7.848s] -- Symlinking: /home/angel/0710_code/install/dual_arm_lag_gd_planner/share/ament_index/resource_index/packages/dual_arm_lag_gd_planner
[7.854s] -- Symlinking: /home/angel/0710_code/install/dual_arm_lag_gd_planner/share/ament_index/resource_index/moveit_core__pluginlib__plugin/dual_arm_lag_gd_planner
[7.861s] -- Symlinking: /home/angel/0710_code/install/dual_arm_lag_gd_planner/share/dual_arm_lag_gd_planner/cmake/ament_cmake_export_libraries-extras.cmake
[7.867s] -- Symlinking: /home/angel/0710_code/install/dual_arm_lag_gd_planner/share/dual_arm_lag_gd_planner/cmake/ament_cmake_export_dependencies-extras.cmake
[7.873s] -- Symlinking: /home/angel/0710_code/install/dual_arm_lag_gd_planner/share/dual_arm_lag_gd_planner/cmake/dual_arm_lag_gd_plannerConfig.cmake
[7.879s] -- Symlinking: /home/angel/0710_code/install/dual_arm_lag_gd_planner/share/dual_arm_lag_gd_planner/cmake/dual_arm_lag_gd_plannerConfig-version.cmake
[7.885s] -- Symlinking: /home/angel/0710_code/install/dual_arm_lag_gd_planner/share/dual_arm_lag_gd_planner/package.xml
[7.893s] Invoked command in '/home/angel/0710_code/build/dual_arm_lag_gd_planner' returned '0': CMAKE_PREFIX_PATH=${CMAKE_PREFIX_PATH}:/opt/ros/humble /usr/bin/cmake --install /home/angel/0710_code/build/dual_arm_lag_gd_planner
