[0.016s] Invoking command in '/home/angel/ros2_ws/build/hiwin_description': /usr/bin/cmake /home/angel/ros2_ws/src/hiwin_description -DAMENT_CMAKE_SYMLINK_INSTALL=1 -DCMAKE_INSTALL_PREFIX=/home/angel/ros2_ws/install/hiwin_description
[0.317s] -- The C compiler identification is GNU 11.4.0
[0.384s] -- The CXX compiler identification is GNU 11.4.0
[0.388s] -- Detecting C compiler ABI info
[0.471s] -- Detecting C compiler ABI info - done
[0.478s] -- Check for working C compiler: /usr/bin/cc - skipped
[0.478s] -- Detecting C compile features
[0.478s] -- Detecting C compile features - done
[0.482s] -- Detecting CXX compiler ABI info
[0.561s] -- Detecting CXX compiler ABI info - done
[0.570s] -- Check for working CXX compiler: /usr/bin/c++ - skipped
[0.570s] -- Detecting CXX compile features
[0.570s] -- Detecting CXX compile features - done
[0.857s] -- Configuring incomplete, errors occurred!
[0.857s] See also "/home/angel/ros2_ws/build/hiwin_description/CMakeFiles/CMakeOutput.log".
[0.884s] [31mCMake Error at CMakeLists.txt:8 (find_package):
[0.884s]   By not providing "Findament_cmake.cmake" in CMAKE_MODULE_PATH this project
[0.884s]   has asked CMake to find a package configuration file provided by
[0.885s]   "ament_cmake", but CMake did not find one.
[0.886s] 
[0.888s]   Could not find a package configuration file provided by "ament_cmake" with
[0.888s]   any of the following names:
[0.888s] 
[0.889s]     ament_cmakeConfig.cmake
[0.889s]     ament_cmake-config.cmake
[0.889s] 
[0.890s]   Add the installation prefix of "ament_cmake" to CMAKE_PREFIX_PATH or set
[0.890s]   "ament_cmake_DIR" to a directory containing one of the above files.  If
[0.891s]   "ament_cmake" provides a separate development package or SDK, be sure it
[0.891s]   has been installed.
[0.891s] 
[0.892s] [0m
[0.923s] Invoked command in '/home/angel/ros2_ws/build/hiwin_description' returned '1': /usr/bin/cmake /home/angel/ros2_ws/src/hiwin_description -DAMENT_CMAKE_SYMLINK_INSTALL=1 -DCMAKE_INSTALL_PREFIX=/home/angel/ros2_ws/install/hiwin_description
