[0.042s] Invoking command in '/home/angel/0710_code/build/hiwin_dual_arm': AMENT_PREFIX_PATH=/home/angel/0710_code/install/hiwin_description:${AMENT_PREFIX_PATH} CMAKE_PREFIX_PATH=/home/angel/0710_code/install/hiwin_description:/opt/ros/humble /usr/bin/cmake /home/angel/0710_code/src/0710_code/hiwin_dual_arm -DCMAKE_INSTALL_PREFIX=/home/angel/0710_code/install/hiwin_dual_arm
[0.152s] -- The C compiler identification is GNU 11.4.0
[0.360s] -- The CXX compiler identification is GNU 11.4.0
[0.388s] -- Detecting C compiler ABI info
[0.564s] -- Detecting C compiler ABI info - done
[0.586s] -- Check for working C compiler: /usr/bin/cc - skipped
[0.586s] -- Detecting C compile features
[0.586s] -- Detecting C compile features - done
[0.591s] -- Detecting CXX compiler ABI info
[0.790s] -- Detecting CXX compiler ABI info - done
[0.819s] -- Check for working CXX compiler: /usr/bin/c++ - skipped
[0.819s] -- Detecting CXX compile features
[0.819s] -- Detecting CXX compile features - done
[0.836s] -- Found ament_cmake: 1.3.14 (/opt/ros/humble/share/ament_cmake/cmake)
[1.039s] -- Found Python3: /usr/bin/python3 (found version "3.10.12") found components: Interpreter 
[1.225s] -- Configuring done
[1.236s] -- Generating done
[1.240s] -- Build files have been written to: /home/angel/0710_code/build/hiwin_dual_arm
[1.245s] Invoked command in '/home/angel/0710_code/build/hiwin_dual_arm' returned '0': AMENT_PREFIX_PATH=/home/angel/0710_code/install/hiwin_description:${AMENT_PREFIX_PATH} CMAKE_PREFIX_PATH=/home/angel/0710_code/install/hiwin_description:/opt/ros/humble /usr/bin/cmake /home/angel/0710_code/src/0710_code/hiwin_dual_arm -DCMAKE_INSTALL_PREFIX=/home/angel/0710_code/install/hiwin_dual_arm
[1.246s] Invoking command in '/home/angel/0710_code/build/hiwin_dual_arm': AMENT_PREFIX_PATH=/home/angel/0710_code/install/hiwin_description:${AMENT_PREFIX_PATH} CMAKE_PREFIX_PATH=/home/angel/0710_code/install/hiwin_description:/opt/ros/humble /usr/bin/cmake --build /home/angel/0710_code/build/hiwin_dual_arm -- -j8 -l8
[57.194s] Invoked command in '/home/angel/0710_code/build/hiwin_dual_arm' returned '0': AMENT_PREFIX_PATH=/home/angel/0710_code/install/hiwin_description:${AMENT_PREFIX_PATH} CMAKE_PREFIX_PATH=/home/angel/0710_code/install/hiwin_description:/opt/ros/humble /usr/bin/cmake --build /home/angel/0710_code/build/hiwin_dual_arm -- -j8 -l8
[57.195s] Invoking command in '/home/angel/0710_code/build/hiwin_dual_arm': AMENT_PREFIX_PATH=/home/angel/0710_code/install/hiwin_description:${AMENT_PREFIX_PATH} CMAKE_PREFIX_PATH=/home/angel/0710_code/install/hiwin_description:/opt/ros/humble /usr/bin/cmake --install /home/angel/0710_code/build/hiwin_dual_arm
[57.204s] -- Install configuration: ""
[57.204s] -- Installing: /home/angel/0710_code/install/hiwin_dual_arm/share/ament_index/resource_index/package_run_dependencies/hiwin_dual_arm
[57.204s] -- Installing: /home/angel/0710_code/install/hiwin_dual_arm/share/ament_index/resource_index/parent_prefix_path/hiwin_dual_arm
[57.204s] -- Installing: /home/angel/0710_code/install/hiwin_dual_arm/share/hiwin_dual_arm/environment/ament_prefix_path.sh
[57.204s] -- Installing: /home/angel/0710_code/install/hiwin_dual_arm/share/hiwin_dual_arm/environment/ament_prefix_path.dsv
[57.204s] -- Installing: /home/angel/0710_code/install/hiwin_dual_arm/share/hiwin_dual_arm/environment/path.sh
[57.205s] -- Installing: /home/angel/0710_code/install/hiwin_dual_arm/share/hiwin_dual_arm/environment/path.dsv
[57.205s] -- Installing: /home/angel/0710_code/install/hiwin_dual_arm/share/hiwin_dual_arm/local_setup.bash
[57.205s] -- Installing: /home/angel/0710_code/install/hiwin_dual_arm/share/hiwin_dual_arm/local_setup.sh
[57.205s] -- Installing: /home/angel/0710_code/install/hiwin_dual_arm/share/hiwin_dual_arm/local_setup.zsh
[57.205s] -- Installing: /home/angel/0710_code/install/hiwin_dual_arm/share/hiwin_dual_arm/local_setup.dsv
[57.205s] -- Installing: /home/angel/0710_code/install/hiwin_dual_arm/share/hiwin_dual_arm/package.dsv
[57.205s] -- Installing: /home/angel/0710_code/install/hiwin_dual_arm/share/ament_index/resource_index/packages/hiwin_dual_arm
[57.205s] -- Installing: /home/angel/0710_code/install/hiwin_dual_arm/share/hiwin_dual_arm/cmake/hiwin_dual_armConfig.cmake
[57.205s] -- Installing: /home/angel/0710_code/install/hiwin_dual_arm/share/hiwin_dual_arm/cmake/hiwin_dual_armConfig-version.cmake
[57.205s] -- Installing: /home/angel/0710_code/install/hiwin_dual_arm/share/hiwin_dual_arm/package.xml
[57.205s] -- Installing: /home/angel/0710_code/install/hiwin_dual_arm/share/hiwin_dual_arm/launch
[57.205s] -- Installing: /home/angel/0710_code/install/hiwin_dual_arm/share/hiwin_dual_arm/launch/static_virtual_joint_tfs.launch.py
[57.205s] -- Installing: /home/angel/0710_code/install/hiwin_dual_arm/share/hiwin_dual_arm/launch/move_group.launch.py
[57.205s] -- Installing: /home/angel/0710_code/install/hiwin_dual_arm/share/hiwin_dual_arm/launch/setup_assistant.launch.py
[57.205s] -- Installing: /home/angel/0710_code/install/hiwin_dual_arm/share/hiwin_dual_arm/launch/test1.launch.py
[57.205s] -- Installing: /home/angel/0710_code/install/hiwin_dual_arm/share/hiwin_dual_arm/launch/warehouse_db.launch.py
[57.207s] -- Installing: /home/angel/0710_code/install/hiwin_dual_arm/share/hiwin_dual_arm/launch/demo.launch.py
[57.207s] -- Installing: /home/angel/0710_code/install/hiwin_dual_arm/share/hiwin_dual_arm/launch/moveit_rviz.launch.py
[57.207s] -- Installing: /home/angel/0710_code/install/hiwin_dual_arm/share/hiwin_dual_arm/launch/spawn_controllers.launch.py
[57.207s] -- Installing: /home/angel/0710_code/install/hiwin_dual_arm/share/hiwin_dual_arm/launch/brain.launch.py
[57.207s] -- Installing: /home/angel/0710_code/install/hiwin_dual_arm/share/hiwin_dual_arm/launch/rsp.launch.py
[57.207s] -- Installing: /home/angel/0710_code/install/hiwin_dual_arm/share/hiwin_dual_arm/config
[57.207s] -- Installing: /home/angel/0710_code/install/hiwin_dual_arm/share/hiwin_dual_arm/config/moveit_controllers.yaml
[57.593s] -- Installing: /home/angel/0710_code/install/hiwin_dual_arm/share/hiwin_dual_arm/config/dual_hiwin.ros2_control.xacro
[57.593s] -- Installing: /home/angel/0710_code/install/hiwin_dual_arm/share/hiwin_dual_arm/config/dual_arm_lag_cg_1_planning.yaml
[57.726s] -- Installing: /home/angel/0710_code/install/hiwin_dual_arm/share/hiwin_dual_arm/config/moveit_controllers .yaml.txt
[57.789s] -- Installing: /home/angel/0710_code/install/hiwin_dual_arm/share/hiwin_dual_arm/config/ros2_controllers.yaml
[57.791s] -- Installing: /home/angel/0710_code/install/hiwin_dual_arm/share/hiwin_dual_arm/config/ros2_controllers_copy.yaml
[57.852s] -- Installing: /home/angel/0710_code/install/hiwin_dual_arm/share/hiwin_dual_arm/config/moveit_controllers_copy.yaml
[57.920s] -- Installing: /home/angel/0710_code/install/hiwin_dual_arm/share/hiwin_dual_arm/config/joint_limits.yaml
[57.942s] -- Installing: /home/angel/0710_code/install/hiwin_dual_arm/share/hiwin_dual_arm/config/dual_arm_alm_gd_1_planning.yaml
[57.946s] -- Installing: /home/angel/0710_code/install/hiwin_dual_arm/share/hiwin_dual_arm/config/dual_arm_lag_newton_1_planning.yaml
[58.079s] -- Installing: /home/angel/0710_code/install/hiwin_dual_arm/share/hiwin_dual_arm/config/pilz_cartesian_limits.yaml
[58.162s] -- Installing: /home/angel/0710_code/install/hiwin_dual_arm/share/hiwin_dual_arm/config/moveit.rviz
[58.162s] -- Installing: /home/angel/0710_code/install/hiwin_dual_arm/share/hiwin_dual_arm/config/dual_hiwin.srdf
[58.162s] -- Installing: /home/angel/0710_code/install/hiwin_dual_arm/share/hiwin_dual_arm/config/dual_arm_lag_gd_1_planning.yaml
[58.177s] -- Installing: /home/angel/0710_code/install/hiwin_dual_arm/share/hiwin_dual_arm/config/dual_hiwin.urdf.xacro
[58.177s] -- Installing: /home/angel/0710_code/install/hiwin_dual_arm/share/hiwin_dual_arm/config/dual_arm_alm_cg_1_planning.yaml
[58.261s] -- Installing: /home/angel/0710_code/install/hiwin_dual_arm/share/hiwin_dual_arm/config/dual_arm_alm_newton_1_planning.yaml
[58.335s] -- Installing: /home/angel/0710_code/install/hiwin_dual_arm/share/hiwin_dual_arm/config/ompl_planning.yaml
[58.335s] -- Installing: /home/angel/0710_code/install/hiwin_dual_arm/share/hiwin_dual_arm/config/initial_positions.yaml
[58.335s] -- Installing: /home/angel/0710_code/install/hiwin_dual_arm/share/hiwin_dual_arm/config/sensors_3d.yaml
[58.335s] -- Installing: /home/angel/0710_code/install/hiwin_dual_arm/share/hiwin_dual_arm/config/kinematics.yaml
[58.338s] -- Installing: /home/angel/0710_code/install/hiwin_dual_arm/share/hiwin_dual_arm/.setup_assistant
[58.341s] Invoked command in '/home/angel/0710_code/build/hiwin_dual_arm' returned '0': AMENT_PREFIX_PATH=/home/angel/0710_code/install/hiwin_description:${AMENT_PREFIX_PATH} CMAKE_PREFIX_PATH=/home/angel/0710_code/install/hiwin_description:/opt/ros/humble /usr/bin/cmake --install /home/angel/0710_code/build/hiwin_dual_arm
