[0.033s] Invoking command in '/home/angel/ros2_ws/build/dual_arm_alm_cg_planner': CMAKE_PREFIX_PATH=/opt/ros/humble /usr/bin/cmake /home/angel/ros2_ws/src/For_hiwin_dual_arm/dual_arm_alm_cg_planner -DAMENT_CMAKE_SYMLINK_INSTALL=1 -DCMAKE_INSTALL_PREFIX=/home/angel/ros2_ws/install/dual_arm_alm_cg_planner
[0.097s] -- The C compiler identification is GNU 11.4.0
[0.158s] -- The CXX compiler identification is GNU 11.4.0
[0.167s] -- Detecting C compiler ABI info
[0.249s] -- Detecting C compiler ABI info - done
[0.258s] -- Check for working C compiler: /usr/bin/cc - skipped
[0.258s] -- Detecting C compile features
[0.258s] -- Detecting C compile features - done
[0.261s] -- Detecting CXX compiler ABI info
[0.348s] -- Detecting CXX compiler ABI info - done
[0.354s] -- Check for working CXX compiler: /usr/bin/c++ - skipped
[0.355s] -- Detecting CXX compile features
[0.355s] -- Detecting CXX compile features - done
[0.360s] -- Found ament_cmake: 1.3.14 (/opt/ros/humble/share/ament_cmake/cmake)
[0.488s] -- Found Python3: /usr/bin/python3 (found version "3.10.12") found components: Interpreter 
[0.553s] -- Override CMake install command with custom implementation using symlinks instead of copying resources
[0.599s] -- Found rclcpp: 16.0.19 (/opt/ros/humble/share/rclcpp/cmake)
[0.692s] -- Found rosidl_generator_c: 3.1.8 (/opt/ros/humble/share/rosidl_generator_c/cmake)
[0.696s] -- Found rosidl_adapter: 3.1.8 (/opt/ros/humble/share/rosidl_adapter/cmake)
[0.706s] -- Found rosidl_generator_cpp: 3.1.8 (/opt/ros/humble/share/rosidl_generator_cpp/cmake)
[0.732s] -- Using all available rosidl_typesupport_c: rosidl_typesupport_fastrtps_c;rosidl_typesupport_introspection_c
[0.751s] -- Using all available rosidl_typesupport_cpp: rosidl_typesupport_fastrtps_cpp;rosidl_typesupport_introspection_cpp
[0.809s] -- Found rmw_implementation_cmake: 6.1.2 (/opt/ros/humble/share/rmw_implementation_cmake/cmake)
[0.812s] -- Found rmw_fastrtps_cpp: 6.2.10 (/opt/ros/humble/share/rmw_fastrtps_cpp/cmake)
[0.897s] -- Found OpenSSL: /usr/lib/x86_64-linux-gnu/libcrypto.so (found version "3.0.2")  
[0.928s] -- Found FastRTPS: /opt/ros/humble/include  
[0.966s] -- Using RMW implementation 'rmw_fastrtps_cpp' as default
[0.978s] -- Looking for pthread.h
[1.050s] -- Looking for pthread.h - found
[1.050s] -- Performing Test CMAKE_HAVE_LIBC_PTHREAD
[1.127s] -- Performing Test CMAKE_HAVE_LIBC_PTHREAD - Success
[1.127s] -- Found Threads: TRUE  
[1.201s] -- Found pluginlib: 5.1.4 (/opt/ros/humble/share/pluginlib/cmake)
[1.232s] -- Found moveit_core: 2.5.9 (/opt/ros/humble/share/moveit_core/cmake)
[1.272s] -- Found Boost: /usr/lib/x86_64-linux-gnu/cmake/Boost-1.74.0/BoostConfig.cmake (found version "1.74.0") found components: chrono date_time filesystem iostreams program_options regex serialization system thread 
[1.312s] -- Found parameter_traits: 0.7.1 (/opt/ros/humble/share/parameter_traits/cmake)
[1.331s] -- Found rclcpp_lifecycle: 16.0.19 (/opt/ros/humble/share/rclcpp_lifecycle/cmake)
[1.355s] -- Found Boost: /usr/lib/x86_64-linux-gnu/cmake/Boost-1.74.0/BoostConfig.cmake (found version "1.74.0") found components: filesystem 
[1.453s] -- library: /usr/lib/x86_64-linux-gnu/libcurl.so
[1.517s] -- Found Eigen3: TRUE (found version "3.4.0") 
[1.517s] -- Ensuring Eigen3 include directory is part of orocos-kdl CMake target
[1.841s] -- Configuring done
[1.867s] -- Generating done
[1.876s] -- Build files have been written to: /home/angel/ros2_ws/build/dual_arm_alm_cg_planner
[1.895s] Invoked command in '/home/angel/ros2_ws/build/dual_arm_alm_cg_planner' returned '0': CMAKE_PREFIX_PATH=/opt/ros/humble /usr/bin/cmake /home/angel/ros2_ws/src/For_hiwin_dual_arm/dual_arm_alm_cg_planner -DAMENT_CMAKE_SYMLINK_INSTALL=1 -DCMAKE_INSTALL_PREFIX=/home/angel/ros2_ws/install/dual_arm_alm_cg_planner
[1.895s] Invoking command in '/home/angel/ros2_ws/build/dual_arm_alm_cg_planner': CMAKE_PREFIX_PATH=/opt/ros/humble /usr/bin/cmake --build /home/angel/ros2_ws/build/dual_arm_alm_cg_planner -- -j8 -l8
[1.987s] [ 20%] [32mBuilding CXX object CMakeFiles/dual_arm_alm_cg_planner.dir/src/data_io.cpp.o[0m
[2.039s] [ 60%] [32mBuilding CXX object CMakeFiles/dual_arm_alm_cg_planner.dir/src/avoidance_system.cpp.o[0m
[2.039s] [ 60%] [32mBuilding CXX object CMakeFiles/dual_arm_alm_cg_planner.dir/src/cg_solver.cpp.o[0m
[2.042s] [ 80%] [32mBuilding CXX object CMakeFiles/dual_arm_alm_cg_planner.dir/src/planner_manager.cpp.o[0m
[32.948s] [100%] [32m[1mLinking CXX shared library libdual_arm_alm_cg_planner.so[0m
[33.226s] [100%] Built target dual_arm_alm_cg_planner
[33.240s] Invoked command in '/home/angel/ros2_ws/build/dual_arm_alm_cg_planner' returned '0': CMAKE_PREFIX_PATH=/opt/ros/humble /usr/bin/cmake --build /home/angel/ros2_ws/build/dual_arm_alm_cg_planner -- -j8 -l8
[33.241s] Invoking command in '/home/angel/ros2_ws/build/dual_arm_alm_cg_planner': CMAKE_PREFIX_PATH=/opt/ros/humble /usr/bin/cmake --install /home/angel/ros2_ws/build/dual_arm_alm_cg_planner
[33.430s] -- Install configuration: "Release"
[33.430s] -- Execute custom install script
[33.430s] -- Symlinking: /home/angel/ros2_ws/install/dual_arm_alm_cg_planner/share/dual_arm_alm_cg_planner//dual_arm_alm_cg_planner.xml
[33.430s] -- Symlinking: /home/angel/ros2_ws/install/dual_arm_alm_cg_planner/lib/libdual_arm_alm_cg_planner.so
[33.430s] -- Symlinking: /home/angel/ros2_ws/install/dual_arm_alm_cg_planner/include/dual_arm_alm_cg_planner/avoidance_system.hpp
[33.430s] -- Symlinking: /home/angel/ros2_ws/install/dual_arm_alm_cg_planner/include/dual_arm_alm_cg_planner/cg_solver.hpp
[33.430s] -- Symlinking: /home/angel/ros2_ws/install/dual_arm_alm_cg_planner/include/dual_arm_alm_cg_planner/data_io.hpp
[33.431s] -- Symlinking: /home/angel/ros2_ws/install/dual_arm_alm_cg_planner/include/dual_arm_alm_cg_planner/planner_manager.hpp
[33.461s] -- Symlinking: /home/angel/ros2_ws/install/dual_arm_alm_cg_planner/share/dual_arm_alm_cg_planner/config/dual_arm_alm_cg_planning.yaml
[33.469s] -- Symlinking: /home/angel/ros2_ws/install/dual_arm_alm_cg_planner/share/dual_arm_alm_cg_planner/environment/library_path.sh
[33.476s] -- Symlinking: /home/angel/ros2_ws/install/dual_arm_alm_cg_planner/share/dual_arm_alm_cg_planner/environment/library_path.dsv
[33.485s] -- Symlinking: /home/angel/ros2_ws/install/dual_arm_alm_cg_planner/share/ament_index/resource_index/package_run_dependencies/dual_arm_alm_cg_planner
[33.491s] -- Symlinking: /home/angel/ros2_ws/install/dual_arm_alm_cg_planner/share/ament_index/resource_index/parent_prefix_path/dual_arm_alm_cg_planner
[33.499s] -- Symlinking: /home/angel/ros2_ws/install/dual_arm_alm_cg_planner/share/dual_arm_alm_cg_planner/environment/ament_prefix_path.sh
[33.506s] -- Symlinking: /home/angel/ros2_ws/install/dual_arm_alm_cg_planner/share/dual_arm_alm_cg_planner/environment/ament_prefix_path.dsv
[33.513s] -- Symlinking: /home/angel/ros2_ws/install/dual_arm_alm_cg_planner/share/dual_arm_alm_cg_planner/environment/path.sh
[33.521s] -- Symlinking: /home/angel/ros2_ws/install/dual_arm_alm_cg_planner/share/dual_arm_alm_cg_planner/environment/path.dsv
[33.528s] -- Symlinking: /home/angel/ros2_ws/install/dual_arm_alm_cg_planner/share/dual_arm_alm_cg_planner/local_setup.bash
[33.535s] -- Symlinking: /home/angel/ros2_ws/install/dual_arm_alm_cg_planner/share/dual_arm_alm_cg_planner/local_setup.sh
[33.542s] -- Symlinking: /home/angel/ros2_ws/install/dual_arm_alm_cg_planner/share/dual_arm_alm_cg_planner/local_setup.zsh
[33.550s] -- Symlinking: /home/angel/ros2_ws/install/dual_arm_alm_cg_planner/share/dual_arm_alm_cg_planner/local_setup.dsv
[33.557s] -- Symlinking: /home/angel/ros2_ws/install/dual_arm_alm_cg_planner/share/dual_arm_alm_cg_planner/package.dsv
[33.565s] -- Symlinking: /home/angel/ros2_ws/install/dual_arm_alm_cg_planner/share/ament_index/resource_index/packages/dual_arm_alm_cg_planner
[33.572s] -- Symlinking: /home/angel/ros2_ws/install/dual_arm_alm_cg_planner/share/ament_index/resource_index/moveit_core__pluginlib__plugin/dual_arm_alm_cg_planner
[33.579s] -- Symlinking: /home/angel/ros2_ws/install/dual_arm_alm_cg_planner/share/dual_arm_alm_cg_planner/cmake/ament_cmake_export_libraries-extras.cmake
[33.586s] -- Symlinking: /home/angel/ros2_ws/install/dual_arm_alm_cg_planner/share/dual_arm_alm_cg_planner/cmake/ament_cmake_export_dependencies-extras.cmake
[33.593s] -- Symlinking: /home/angel/ros2_ws/install/dual_arm_alm_cg_planner/share/dual_arm_alm_cg_planner/cmake/dual_arm_alm_cg_plannerConfig.cmake
[33.601s] -- Symlinking: /home/angel/ros2_ws/install/dual_arm_alm_cg_planner/share/dual_arm_alm_cg_planner/cmake/dual_arm_alm_cg_plannerConfig-version.cmake
[33.608s] -- Symlinking: /home/angel/ros2_ws/install/dual_arm_alm_cg_planner/share/dual_arm_alm_cg_planner/package.xml
[33.979s] Invoked command in '/home/angel/ros2_ws/build/dual_arm_alm_cg_planner' returned '0': CMAKE_PREFIX_PATH=/opt/ros/humble /usr/bin/cmake --install /home/angel/ros2_ws/build/dual_arm_alm_cg_planner
