[0.030s] Invoking command in '/home/angel/ros2_ws/build/dual_arm_alm_newton_planner': CMAKE_PREFIX_PATH=/opt/ros/humble /usr/bin/cmake /home/angel/ros2_ws/src/For_hiwin_dual_arm/dual_arm_alm_newton_planner -DAMENT_CMAKE_SYMLINK_INSTALL=1 -DCMAKE_INSTALL_PREFIX=/home/angel/ros2_ws/install/dual_arm_alm_newton_planner
[0.090s] -- The C compiler identification is GNU 11.4.0
[0.163s] -- The CXX compiler identification is GNU 11.4.0
[0.171s] -- Detecting C compiler ABI info
[0.251s] -- Detecting C compiler ABI info - done
[0.264s] -- Check for working C compiler: /usr/bin/cc - skipped
[0.264s] -- Detecting C compile features
[0.265s] -- Detecting C compile features - done
[0.268s] -- Detecting CXX compiler ABI info
[0.354s] -- Detecting CXX compiler ABI info - done
[0.362s] -- Check for working CXX compiler: /usr/bin/c++ - skipped
[0.362s] -- Detecting CXX compile features
[0.362s] -- Detecting CXX compile features - done
[0.364s] -- Found ament_cmake: 1.3.14 (/opt/ros/humble/share/ament_cmake/cmake)
[0.543s] -- Found Python3: /usr/bin/python3 (found version "3.10.12") found components: Interpreter 
[0.604s] -- Override CMake install command with custom implementation using symlinks instead of copying resources
[0.637s] -- Found rclcpp: 16.0.19 (/opt/ros/humble/share/rclcpp/cmake)
[0.685s] -- Found rosidl_generator_c: 3.1.8 (/opt/ros/humble/share/rosidl_generator_c/cmake)
[0.690s] -- Found rosidl_adapter: 3.1.8 (/opt/ros/humble/share/rosidl_adapter/cmake)
[0.700s] -- Found rosidl_generator_cpp: 3.1.8 (/opt/ros/humble/share/rosidl_generator_cpp/cmake)
[0.726s] -- Using all available rosidl_typesupport_c: rosidl_typesupport_fastrtps_c;rosidl_typesupport_introspection_c
[0.745s] -- Using all available rosidl_typesupport_cpp: rosidl_typesupport_fastrtps_cpp;rosidl_typesupport_introspection_cpp
[0.798s] -- Found rmw_implementation_cmake: 6.1.2 (/opt/ros/humble/share/rmw_implementation_cmake/cmake)
[0.801s] -- Found rmw_fastrtps_cpp: 6.2.10 (/opt/ros/humble/share/rmw_fastrtps_cpp/cmake)
[0.886s] -- Found OpenSSL: /usr/lib/x86_64-linux-gnu/libcrypto.so (found version "3.0.2")  
[0.921s] -- Found FastRTPS: /opt/ros/humble/include  
[0.960s] -- Using RMW implementation 'rmw_fastrtps_cpp' as default
[0.971s] -- Looking for pthread.h
[1.080s] -- Looking for pthread.h - found
[1.080s] -- Performing Test CMAKE_HAVE_LIBC_PTHREAD
[1.154s] -- Performing Test CMAKE_HAVE_LIBC_PTHREAD - Success
[1.155s] -- Found Threads: TRUE  
[1.212s] -- Found pluginlib: 5.1.4 (/opt/ros/humble/share/pluginlib/cmake)
[1.236s] -- Found moveit_core: 2.5.9 (/opt/ros/humble/share/moveit_core/cmake)
[1.277s] -- Found Boost: /usr/lib/x86_64-linux-gnu/cmake/Boost-1.74.0/BoostConfig.cmake (found version "1.74.0") found components: chrono date_time filesystem iostreams program_options regex serialization system thread 
[1.316s] -- Found parameter_traits: 0.7.1 (/opt/ros/humble/share/parameter_traits/cmake)
[1.333s] -- Found rclcpp_lifecycle: 16.0.19 (/opt/ros/humble/share/rclcpp_lifecycle/cmake)
[1.358s] -- Found Boost: /usr/lib/x86_64-linux-gnu/cmake/Boost-1.74.0/BoostConfig.cmake (found version "1.74.0") found components: filesystem 
[1.452s] -- library: /usr/lib/x86_64-linux-gnu/libcurl.so
[1.522s] -- Found Eigen3: TRUE (found version "3.4.0") 
[1.523s] -- Ensuring Eigen3 include directory is part of orocos-kdl CMake target
[1.833s] -- Configuring done
[1.871s] -- Generating done
[1.877s] -- Build files have been written to: /home/angel/ros2_ws/build/dual_arm_alm_newton_planner
[1.897s] Invoked command in '/home/angel/ros2_ws/build/dual_arm_alm_newton_planner' returned '0': CMAKE_PREFIX_PATH=/opt/ros/humble /usr/bin/cmake /home/angel/ros2_ws/src/For_hiwin_dual_arm/dual_arm_alm_newton_planner -DAMENT_CMAKE_SYMLINK_INSTALL=1 -DCMAKE_INSTALL_PREFIX=/home/angel/ros2_ws/install/dual_arm_alm_newton_planner
[1.897s] Invoking command in '/home/angel/ros2_ws/build/dual_arm_alm_newton_planner': CMAKE_PREFIX_PATH=/opt/ros/humble /usr/bin/cmake --build /home/angel/ros2_ws/build/dual_arm_alm_newton_planner -- -j8 -l8
[33.194s] [ 40%] [32mBuilding CXX object CMakeFiles/dual_arm_alm_newton_planner.dir/src/newton_solver.cpp.o[0m
[33.195s] [ 40%] [32mBuilding CXX object CMakeFiles/dual_arm_alm_newton_planner.dir/src/planner_manager.cpp.o[0m
[33.195s] [ 60%] [32mBuilding CXX object CMakeFiles/dual_arm_alm_newton_planner.dir/src/avoidance_system.cpp.o[0m
[33.195s] [ 80%] [32mBuilding CXX object CMakeFiles/dual_arm_alm_newton_planner.dir/src/data_io.cpp.o[0m
[33.195s] [100%] [32m[1mLinking CXX shared library libdual_arm_alm_newton_planner.so[0m
[33.196s] [100%] Built target dual_arm_alm_newton_planner
[33.218s] Invoked command in '/home/angel/ros2_ws/build/dual_arm_alm_newton_planner' returned '0': CMAKE_PREFIX_PATH=/opt/ros/humble /usr/bin/cmake --build /home/angel/ros2_ws/build/dual_arm_alm_newton_planner -- -j8 -l8
[33.219s] Invoking command in '/home/angel/ros2_ws/build/dual_arm_alm_newton_planner': CMAKE_PREFIX_PATH=/opt/ros/humble /usr/bin/cmake --install /home/angel/ros2_ws/build/dual_arm_alm_newton_planner
[33.233s] -- Install configuration: "Release"
[33.233s] -- Execute custom install script
[33.233s] -- Symlinking: /home/angel/ros2_ws/install/dual_arm_alm_newton_planner/share/dual_arm_alm_newton_planner//dual_arm_alm_newton_planner.xml
[33.234s] -- Symlinking: /home/angel/ros2_ws/install/dual_arm_alm_newton_planner/lib/libdual_arm_alm_newton_planner.so
[33.241s] -- Symlinking: /home/angel/ros2_ws/install/dual_arm_alm_newton_planner/include/dual_arm_alm_newton_planner/avoidance_system.hpp
[33.249s] -- Symlinking: /home/angel/ros2_ws/install/dual_arm_alm_newton_planner/include/dual_arm_alm_newton_planner/data_io.hpp
[33.256s] -- Symlinking: /home/angel/ros2_ws/install/dual_arm_alm_newton_planner/include/dual_arm_alm_newton_planner/newton_solver.hpp
[33.263s] -- Symlinking: /home/angel/ros2_ws/install/dual_arm_alm_newton_planner/include/dual_arm_alm_newton_planner/planner_manager.hpp
[33.271s] -- Symlinking: /home/angel/ros2_ws/install/dual_arm_alm_newton_planner/share/dual_arm_alm_newton_planner/config/dual_arm_alm_newton_planning.yaml
[33.279s] -- Symlinking: /home/angel/ros2_ws/install/dual_arm_alm_newton_planner/share/dual_arm_alm_newton_planner/environment/library_path.sh
[33.286s] -- Symlinking: /home/angel/ros2_ws/install/dual_arm_alm_newton_planner/share/dual_arm_alm_newton_planner/environment/library_path.dsv
[33.295s] -- Symlinking: /home/angel/ros2_ws/install/dual_arm_alm_newton_planner/share/ament_index/resource_index/package_run_dependencies/dual_arm_alm_newton_planner
[33.303s] -- Symlinking: /home/angel/ros2_ws/install/dual_arm_alm_newton_planner/share/ament_index/resource_index/parent_prefix_path/dual_arm_alm_newton_planner
[33.311s] -- Symlinking: /home/angel/ros2_ws/install/dual_arm_alm_newton_planner/share/dual_arm_alm_newton_planner/environment/ament_prefix_path.sh
[33.318s] -- Symlinking: /home/angel/ros2_ws/install/dual_arm_alm_newton_planner/share/dual_arm_alm_newton_planner/environment/ament_prefix_path.dsv
[33.326s] -- Symlinking: /home/angel/ros2_ws/install/dual_arm_alm_newton_planner/share/dual_arm_alm_newton_planner/environment/path.sh
[33.333s] -- Symlinking: /home/angel/ros2_ws/install/dual_arm_alm_newton_planner/share/dual_arm_alm_newton_planner/environment/path.dsv
[33.341s] -- Symlinking: /home/angel/ros2_ws/install/dual_arm_alm_newton_planner/share/dual_arm_alm_newton_planner/local_setup.bash
[33.349s] -- Symlinking: /home/angel/ros2_ws/install/dual_arm_alm_newton_planner/share/dual_arm_alm_newton_planner/local_setup.sh
[33.361s] -- Symlinking: /home/angel/ros2_ws/install/dual_arm_alm_newton_planner/share/dual_arm_alm_newton_planner/local_setup.zsh
[33.368s] -- Symlinking: /home/angel/ros2_ws/install/dual_arm_alm_newton_planner/share/dual_arm_alm_newton_planner/local_setup.dsv
[33.377s] -- Symlinking: /home/angel/ros2_ws/install/dual_arm_alm_newton_planner/share/dual_arm_alm_newton_planner/package.dsv
[33.385s] -- Symlinking: /home/angel/ros2_ws/install/dual_arm_alm_newton_planner/share/ament_index/resource_index/packages/dual_arm_alm_newton_planner
[33.392s] -- Symlinking: /home/angel/ros2_ws/install/dual_arm_alm_newton_planner/share/ament_index/resource_index/moveit_core__pluginlib__plugin/dual_arm_alm_newton_planner
[33.400s] -- Symlinking: /home/angel/ros2_ws/install/dual_arm_alm_newton_planner/share/dual_arm_alm_newton_planner/cmake/ament_cmake_export_libraries-extras.cmake
[33.407s] -- Symlinking: /home/angel/ros2_ws/install/dual_arm_alm_newton_planner/share/dual_arm_alm_newton_planner/cmake/ament_cmake_export_dependencies-extras.cmake
[33.414s] -- Symlinking: /home/angel/ros2_ws/install/dual_arm_alm_newton_planner/share/dual_arm_alm_newton_planner/cmake/dual_arm_alm_newton_plannerConfig.cmake
[33.422s] -- Symlinking: /home/angel/ros2_ws/install/dual_arm_alm_newton_planner/share/dual_arm_alm_newton_planner/cmake/dual_arm_alm_newton_plannerConfig-version.cmake
[33.430s] -- Symlinking: /home/angel/ros2_ws/install/dual_arm_alm_newton_planner/share/dual_arm_alm_newton_planner/package.xml
[33.863s] Invoked command in '/home/angel/ros2_ws/build/dual_arm_alm_newton_planner' returned '0': CMAKE_PREFIX_PATH=/opt/ros/humble /usr/bin/cmake --install /home/angel/ros2_ws/build/dual_arm_alm_newton_planner
