[0.040s] Invoking command in '/home/angel/0710_code/build/dual_arm_alm_gd_planner': CMAKE_PREFIX_PATH=/opt/ros/humble /usr/bin/cmake /home/angel/0710_code/src/0710_code/dual_arm_alm_gd_planner -DCMAKE_INSTALL_PREFIX=/home/angel/0710_code/install/dual_arm_alm_gd_planner
[0.106s] -- The C compiler identification is GNU 11.4.0
[0.173s] -- The CXX compiler identification is GNU 11.4.0
[0.185s] -- Detecting C compiler ABI info
[0.271s] -- Detecting C compiler ABI info - done
[0.283s] -- Check for working C compiler: /usr/bin/cc - skipped
[0.283s] -- Detecting C compile features
[0.283s] -- Detecting C compile features - done
[0.285s] -- Detecting CXX compiler ABI info
[0.375s] -- Detecting CXX compiler ABI info - done
[0.395s] -- Check for working CXX compiler: /usr/bin/c++ - skipped
[0.395s] -- Detecting CXX compile features
[0.395s] -- Detecting CXX compile features - done
[0.400s] -- Found ament_cmake: 1.3.14 (/opt/ros/humble/share/ament_cmake/cmake)
[0.642s] -- Found Python3: /usr/bin/python3 (found version "3.10.12") found components: Interpreter 
[0.767s] -- Found rclcpp: 16.0.19 (/opt/ros/humble/share/rclcpp/cmake)
[0.828s] -- Found rosidl_generator_c: 3.1.8 (/opt/ros/humble/share/rosidl_generator_c/cmake)
[0.838s] -- Found rosidl_adapter: 3.1.8 (/opt/ros/humble/share/rosidl_adapter/cmake)
[0.851s] -- Found rosidl_generator_cpp: 3.1.8 (/opt/ros/humble/share/rosidl_generator_cpp/cmake)
[0.867s] -- Using all available rosidl_typesupport_c: rosidl_typesupport_fastrtps_c;rosidl_typesupport_introspection_c
[0.887s] -- Using all available rosidl_typesupport_cpp: rosidl_typesupport_fastrtps_cpp;rosidl_typesupport_introspection_cpp
[0.952s] -- Found rmw_implementation_cmake: 6.1.2 (/opt/ros/humble/share/rmw_implementation_cmake/cmake)
[0.957s] -- Found rmw_fastrtps_cpp: 6.2.10 (/opt/ros/humble/share/rmw_fastrtps_cpp/cmake)
[1.071s] -- Found OpenSSL: /usr/lib/x86_64-linux-gnu/libcrypto.so (found version "3.0.2")  
[1.102s] -- Found FastRTPS: /opt/ros/humble/include  
[1.157s] -- Using RMW implementation 'rmw_fastrtps_cpp' as default
[1.172s] -- Looking for pthread.h
[1.260s] -- Looking for pthread.h - found
[1.260s] -- Performing Test CMAKE_HAVE_LIBC_PTHREAD
[1.341s] -- Performing Test CMAKE_HAVE_LIBC_PTHREAD - Success
[1.343s] -- Found Threads: TRUE  
[1.404s] -- Found pluginlib: 5.1.3 (/opt/ros/humble/share/pluginlib/cmake)
[1.454s] -- Found moveit_core: 2.5.9 (/opt/ros/humble/share/moveit_core/cmake)
[1.507s] -- Found Boost: /usr/lib/x86_64-linux-gnu/cmake/Boost-1.74.0/BoostConfig.cmake (found version "1.74.0") found components: chrono date_time filesystem iostreams program_options regex serialization system thread 
[1.557s] -- Found parameter_traits: 0.7.1 (/opt/ros/humble/share/parameter_traits/cmake)
[1.577s] -- Found rclcpp_lifecycle: 16.0.19 (/opt/ros/humble/share/rclcpp_lifecycle/cmake)
[1.611s] -- Found Boost: /usr/lib/x86_64-linux-gnu/cmake/Boost-1.74.0/BoostConfig.cmake (found version "1.74.0") found components: filesystem 
[1.725s] -- library: /usr/lib/x86_64-linux-gnu/libcurl.so
[1.802s] -- Found Eigen3: TRUE (found version "3.4.0") 
[1.802s] -- Ensuring Eigen3 include directory is part of orocos-kdl CMake target
[2.146s] -- Configuring done
[2.174s] -- Generating done
[2.178s] -- Build files have been written to: /home/angel/0710_code/build/dual_arm_alm_gd_planner
[2.222s] Invoked command in '/home/angel/0710_code/build/dual_arm_alm_gd_planner' returned '0': CMAKE_PREFIX_PATH=/opt/ros/humble /usr/bin/cmake /home/angel/0710_code/src/0710_code/dual_arm_alm_gd_planner -DCMAKE_INSTALL_PREFIX=/home/angel/0710_code/install/dual_arm_alm_gd_planner
[2.222s] Invoking command in '/home/angel/0710_code/build/dual_arm_alm_gd_planner': CMAKE_PREFIX_PATH=/opt/ros/humble /usr/bin/cmake --build /home/angel/0710_code/build/dual_arm_alm_gd_planner -- -j8 -l8
[2.321s] [ 20%] [32mBuilding CXX object CMakeFiles/dual_arm_alm_gd_planner.dir/src/avoidance_system.cpp.o[0m
[2.328s] [ 40%] [32mBuilding CXX object CMakeFiles/dual_arm_alm_gd_planner.dir/src/gd_solver.cpp.o[0m
[2.332s] [ 60%] [32mBuilding CXX object CMakeFiles/dual_arm_alm_gd_planner.dir/src/data_io.cpp.o[0m
[2.338s] [ 80%] [32mBuilding CXX object CMakeFiles/dual_arm_alm_gd_planner.dir/src/planner_manager.cpp.o[0m
[60.802s] [100%] [32m[1mLinking CXX shared library libdual_arm_alm_gd_planner.so[0m
[61.055s] [100%] Built target dual_arm_alm_gd_planner
[61.133s] Invoked command in '/home/angel/0710_code/build/dual_arm_alm_gd_planner' returned '0': CMAKE_PREFIX_PATH=/opt/ros/humble /usr/bin/cmake --build /home/angel/0710_code/build/dual_arm_alm_gd_planner -- -j8 -l8
[61.136s] Invoking command in '/home/angel/0710_code/build/dual_arm_alm_gd_planner': CMAKE_PREFIX_PATH=/opt/ros/humble /usr/bin/cmake --install /home/angel/0710_code/build/dual_arm_alm_gd_planner
[61.146s] -- Install configuration: "Release"
[61.146s] -- Installing: /home/angel/0710_code/install/dual_arm_alm_gd_planner/share/dual_arm_alm_gd_planner/dual_arm_alm_gd_planner.xml
[61.253s] -- Installing: /home/angel/0710_code/install/dual_arm_alm_gd_planner/lib/libdual_arm_alm_gd_planner.so
[61.253s] -- Set runtime path of "/home/angel/0710_code/install/dual_arm_alm_gd_planner/lib/libdual_arm_alm_gd_planner.so" to ""
[61.253s] -- Installing: /home/angel/0710_code/install/dual_arm_alm_gd_planner/include
[61.253s] -- Installing: /home/angel/0710_code/install/dual_arm_alm_gd_planner/include/dual_arm_alm_gd_planner
[61.253s] -- Installing: /home/angel/0710_code/install/dual_arm_alm_gd_planner/include/dual_arm_alm_gd_planner/avoidance_system.hpp
[61.253s] -- Installing: /home/angel/0710_code/install/dual_arm_alm_gd_planner/include/dual_arm_alm_gd_planner/data_io.hpp
[61.253s] -- Installing: /home/angel/0710_code/install/dual_arm_alm_gd_planner/include/dual_arm_alm_gd_planner/gd_solver.hpp
[61.253s] -- Installing: /home/angel/0710_code/install/dual_arm_alm_gd_planner/include/dual_arm_alm_gd_planner/planner_manager.hpp
[61.356s] -- Installing: /home/angel/0710_code/install/dual_arm_alm_gd_planner/share/dual_arm_alm_gd_planner/config
[61.356s] -- Installing: /home/angel/0710_code/install/dual_arm_alm_gd_planner/share/dual_arm_alm_gd_planner/config/dual_arm_alm_gd_planning.yaml
[61.469s] -- Installing: /home/angel/0710_code/install/dual_arm_alm_gd_planner/share/dual_arm_alm_gd_planner/environment/library_path.sh
[61.469s] -- Installing: /home/angel/0710_code/install/dual_arm_alm_gd_planner/share/dual_arm_alm_gd_planner/environment/library_path.dsv
[61.470s] -- Installing: /home/angel/0710_code/install/dual_arm_alm_gd_planner/share/ament_index/resource_index/package_run_dependencies/dual_arm_alm_gd_planner
[61.470s] -- Installing: /home/angel/0710_code/install/dual_arm_alm_gd_planner/share/ament_index/resource_index/parent_prefix_path/dual_arm_alm_gd_planner
[61.470s] -- Installing: /home/angel/0710_code/install/dual_arm_alm_gd_planner/share/dual_arm_alm_gd_planner/environment/ament_prefix_path.sh
[61.470s] -- Installing: /home/angel/0710_code/install/dual_arm_alm_gd_planner/share/dual_arm_alm_gd_planner/environment/ament_prefix_path.dsv
[61.471s] -- Installing: /home/angel/0710_code/install/dual_arm_alm_gd_planner/share/dual_arm_alm_gd_planner/environment/path.sh
[61.471s] -- Installing: /home/angel/0710_code/install/dual_arm_alm_gd_planner/share/dual_arm_alm_gd_planner/environment/path.dsv
[61.471s] -- Installing: /home/angel/0710_code/install/dual_arm_alm_gd_planner/share/dual_arm_alm_gd_planner/local_setup.bash
[61.471s] -- Installing: /home/angel/0710_code/install/dual_arm_alm_gd_planner/share/dual_arm_alm_gd_planner/local_setup.sh
[61.471s] -- Installing: /home/angel/0710_code/install/dual_arm_alm_gd_planner/share/dual_arm_alm_gd_planner/local_setup.zsh
[61.471s] -- Installing: /home/angel/0710_code/install/dual_arm_alm_gd_planner/share/dual_arm_alm_gd_planner/local_setup.dsv
[61.471s] -- Installing: /home/angel/0710_code/install/dual_arm_alm_gd_planner/share/dual_arm_alm_gd_planner/package.dsv
[61.471s] -- Installing: /home/angel/0710_code/install/dual_arm_alm_gd_planner/share/ament_index/resource_index/packages/dual_arm_alm_gd_planner
[61.471s] -- Installing: /home/angel/0710_code/install/dual_arm_alm_gd_planner/share/ament_index/resource_index/moveit_core__pluginlib__plugin/dual_arm_alm_gd_planner
[61.471s] -- Installing: /home/angel/0710_code/install/dual_arm_alm_gd_planner/share/dual_arm_alm_gd_planner/cmake/ament_cmake_export_libraries-extras.cmake
[61.471s] -- Installing: /home/angel/0710_code/install/dual_arm_alm_gd_planner/share/dual_arm_alm_gd_planner/cmake/ament_cmake_export_dependencies-extras.cmake
[61.471s] -- Installing: /home/angel/0710_code/install/dual_arm_alm_gd_planner/share/dual_arm_alm_gd_planner/cmake/dual_arm_alm_gd_plannerConfig.cmake
[61.471s] -- Installing: /home/angel/0710_code/install/dual_arm_alm_gd_planner/share/dual_arm_alm_gd_planner/cmake/dual_arm_alm_gd_plannerConfig-version.cmake
[61.471s] -- Installing: /home/angel/0710_code/install/dual_arm_alm_gd_planner/share/dual_arm_alm_gd_planner/package.xml
[61.472s] Invoked command in '/home/angel/0710_code/build/dual_arm_alm_gd_planner' returned '0': CMAKE_PREFIX_PATH=/opt/ros/humble /usr/bin/cmake --install /home/angel/0710_code/build/dual_arm_alm_gd_planner
