[0.014s] Invoking command in '/home/angel/ros2_ws/build/dual_arm_lag_cg_planner': /usr/bin/cmake /home/angel/ros2_ws/src/dual_arm_lag_cg_planner -DAMENT_CMAKE_SYMLINK_INSTALL=1 -DCMAKE_INSTALL_PREFIX=/home/angel/ros2_ws/install/dual_arm_lag_cg_planner
[0.297s] -- The C compiler identification is GNU 11.4.0
[0.374s] -- The CXX compiler identification is GNU 11.4.0
[0.378s] -- Detecting C compiler ABI info
[0.461s] -- Detecting C compiler ABI info - done
[0.468s] -- Check for working C compiler: /usr/bin/cc - skipped
[0.468s] -- Detecting C compile features
[0.469s] -- Detecting C compile features - done
[0.471s] -- Detecting CXX compiler ABI info
[0.552s] -- Detecting CXX compiler ABI info - done
[0.561s] -- Check for working CXX compiler: /usr/bin/c++ - skipped
[0.561s] -- Detecting CXX compile features
[0.561s] -- Detecting CXX compile features - done
[0.886s] [31mCMake Error at CMakeLists.txt:20 (find_package):
[0.887s]   By not providing "Findament_cmake.cmake" in CMAKE_MODULE_PATH this project
[0.887s]   has asked CMake to find a package configuration file provided by
[0.887s]   "ament_cmake", but CMake did not find one.
[0.888s] 
[0.888s]   Could not find a package configuration file provided by "ament_cmake" with
[0.888s]   any of the following names:
[0.889s] 
[0.889s]     ament_cmakeConfig.cmake
[0.889s]     ament_cmake-config.cmake
[0.889s] 
[0.890s]   Add the installation prefix of "ament_cmake" to CMAKE_PREFIX_PATH or set
[0.891s]   "ament_cmake_DIR" to a directory containing one of the above files.  If
[0.892s]   "ament_cmake" provides a separate development package or SDK, be sure it
[0.892s]   has been installed.
[0.892s] 
[0.892s] [0m
[0.893s] -- Configuring incomplete, errors occurred!
[0.893s] See also "/home/angel/ros2_ws/build/dual_arm_lag_cg_planner/CMakeFiles/CMakeOutput.log".
[0.927s] Invoked command in '/home/angel/ros2_ws/build/dual_arm_lag_cg_planner' returned '1': /usr/bin/cmake /home/angel/ros2_ws/src/dual_arm_lag_cg_planner -DAMENT_CMAKE_SYMLINK_INSTALL=1 -DCMAKE_INSTALL_PREFIX=/home/angel/ros2_ws/install/dual_arm_lag_cg_planner
