[0.015s] Invoking command in '/home/angel/ros2_ws/build/dual_arm_alm_cg_planner': /usr/bin/cmake /home/angel/ros2_ws/src/dual_arm_alm_cg_planner -DAMENT_CMAKE_SYMLINK_INSTALL=1 -DCMAKE_INSTALL_PREFIX=/home/angel/ros2_ws/install/dual_arm_alm_cg_planner
[0.307s] -- The C compiler identification is GNU 11.4.0
[0.375s] -- The CXX compiler identification is GNU 11.4.0
[0.383s] -- Detecting C compiler ABI info
[0.477s] -- Detecting C compiler ABI info - done
[0.484s] -- Check for working C compiler: /usr/bin/cc - skipped
[0.485s] -- Detecting C compile features
[0.485s] -- Detecting C compile features - done
[0.488s] -- Detecting CXX compiler ABI info
[0.571s] -- Detecting CXX compiler ABI info - done
[0.577s] -- Check for working CXX compiler: /usr/bin/c++ - skipped
[0.577s] -- Detecting CXX compile features
[0.578s] -- Detecting CXX compile features - done
[0.838s] [31mCMake Error at CMakeLists.txt:20 (find_package):
[0.839s]   By not providing "Findament_cmake.cmake" in CMAKE_MODULE_PATH this project
[0.840s]   has asked CMake to find a package configuration file provided by
[0.840s]   "ament_cmake", but CMake did not find one.
[0.840s] 
[0.840s]   Could not find a package configuration file provided by "ament_cmake" with
[0.841s]   any of the following names:
[0.842s] 
[0.843s]     ament_cmakeConfig.cmake
[0.844s]     ament_cmake-config.cmake
[0.844s] 
[0.844s]   Add the installation prefix of "ament_cmake" to CMAKE_PREFIX_PATH or set
[0.844s]   "ament_cmake_DIR" to a directory containing one of the above files.  If
[0.845s]   "ament_cmake" provides a separate development package or SDK, be sure it
[0.845s]   has been installed.
[0.845s] 
[0.846s] [0m
[0.846s] -- Configuring incomplete, errors occurred!
[0.847s] See also "/home/angel/ros2_ws/build/dual_arm_alm_cg_planner/CMakeFiles/CMakeOutput.log".
[0.922s] Invoked command in '/home/angel/ros2_ws/build/dual_arm_alm_cg_planner' returned '1': /usr/bin/cmake /home/angel/ros2_ws/src/dual_arm_alm_cg_planner -DAMENT_CMAKE_SYMLINK_INSTALL=1 -DCMAKE_INSTALL_PREFIX=/home/angel/ros2_ws/install/dual_arm_alm_cg_planner
