[0.018s] Invoking command in '/home/angel/ros2_ws/build/dual_arm_lag_newton_planner': /usr/bin/cmake /home/angel/ros2_ws/src/dual_arm_lag_newton_planner -DAMENT_CMAKE_SYMLINK_INSTALL=1 -DCMAKE_INSTALL_PREFIX=/home/angel/ros2_ws/install/dual_arm_lag_newton_planner
[0.891s] -- The C compiler identification is GNU 11.4.0
[0.892s] -- The CXX compiler identification is GNU 11.4.0
[0.892s] -- Detecting C compiler ABI info
[0.892s] -- Detecting C compiler ABI info - done
[0.893s] -- Check for working C compiler: /usr/bin/cc - skipped
[0.893s] -- Detecting C compile features
[0.893s] -- Detecting C compile features - done
[0.893s] -- Detecting CXX compiler ABI info
[0.894s] -- Detecting CXX compiler ABI info - done
[0.895s] -- Check for working CXX compiler: /usr/bin/c++ - skipped
[0.897s] -- Detecting CXX compile features
[0.897s] -- Detecting CXX compile features - done
[0.897s] -- Configuring incomplete, errors occurred!
[0.898s] See also "/home/angel/ros2_ws/build/dual_arm_lag_newton_planner/CMakeFiles/CMakeOutput.log".
[0.898s] [31mCMake Error at CMakeLists.txt:20 (find_package):
[0.898s]   By not providing "Findament_cmake.cmake" in CMAKE_MODULE_PATH this project
[0.899s]   has asked CMake to find a package configuration file provided by
[0.899s]   "ament_cmake", but CMake did not find one.
[0.900s] 
[0.900s]   Could not find a package configuration file provided by "ament_cmake" with
[0.901s]   any of the following names:
[0.901s] 
[0.901s]     ament_cmakeConfig.cmake
[0.902s]     ament_cmake-config.cmake
[0.902s] 
[0.902s]   Add the installation prefix of "ament_cmake" to CMAKE_PREFIX_PATH or set
[0.903s]   "ament_cmake_DIR" to a directory containing one of the above files.  If
[0.904s]   "ament_cmake" provides a separate development package or SDK, be sure it
[0.907s]   has been installed.
[0.908s] 
[0.910s] [0m
[0.931s] Invoked command in '/home/angel/ros2_ws/build/dual_arm_lag_newton_planner' returned '1': /usr/bin/cmake /home/angel/ros2_ws/src/dual_arm_lag_newton_planner -DAMENT_CMAKE_SYMLINK_INSTALL=1 -DCMAKE_INSTALL_PREFIX=/home/angel/ros2_ws/install/dual_arm_lag_newton_planner
