[0.037s] Invoking command in '/home/angel/0710_code/build/dual_arm_lag_newton_planner': DEBUGINFOD_URLS=https://debuginfod.ubuntu.com /usr/bin/cmake --build /home/angel/0710_code/build/dual_arm_lag_newton_planner -- -j8 -l8
[1.127s] -- The C compiler identification is GNU 13.3.0
[1.789s] -- The CXX compiler identification is GNU 13.3.0
[1.833s] -- Detecting C compiler ABI info
[1.997s] -- Detecting C compiler ABI info - done
[2.010s] -- Check for working C compiler: /usr/bin/cc - skipped
[2.015s] -- Detecting C compile features
[2.015s] -- Detecting C compile features - done
[2.024s] -- Detecting CXX compiler ABI info
[2.153s] -- Detecting CXX compiler ABI info - done
[2.164s] -- Check for working CXX compiler: /usr/bin/c++ - skipped
[2.164s] -- Detecting CXX compile features
[2.165s] -- Detecting CXX compile features - done
[2.176s] -- Found ament_cmake: 2.5.5 (/opt/ros/jazzy/share/ament_cmake/cmake)
[2.409s] -- Found Python3: /usr/bin/python3 (found version "3.12.3") found components: Interpreter 
[2.626s] -- Found rclcpp: 28.1.16 (/opt/ros/jazzy/share/rclcpp/cmake)
[3.156s] -- Found rosidl_generator_c: 4.6.7 (/opt/ros/jazzy/share/rosidl_generator_c/cmake)
[3.157s] -- Found rosidl_generator_cpp: 4.6.7 (/opt/ros/jazzy/share/rosidl_generator_cpp/cmake)
[3.227s] CMake Error at /opt/ros/jazzy/share/rosidl_typesupport_c/cmake/get_used_typesupports.cmake:35 (message):
[3.227s]   No 'rosidl_typesupport_c' found
[3.227s] Call Stack (most recent call first):
[3.227s]   /opt/ros/jazzy/share/rosidl_typesupport_c/cmake/rosidl_typesupport_c-extras.cmake:8 (get_used_typesupports)
[3.227s]   /opt/ros/jazzy/share/rosidl_typesupport_c/cmake/rosidl_typesupport_cConfig.cmake:41 (include)
[3.227s]   /opt/ros/jazzy/share/builtin_interfaces/cmake/ament_cmake_export_dependencies-extras.cmake:21 (find_package)
[3.227s]   /opt/ros/jazzy/share/builtin_interfaces/cmake/builtin_interfacesConfig.cmake:41 (include)
[3.228s]   /opt/ros/jazzy/share/rclcpp/cmake/ament_cmake_export_dependencies-extras.cmake:21 (find_package)
[3.228s]   /opt/ros/jazzy/share/rclcpp/cmake/rclcppConfig.cmake:41 (include)
[3.228s]   CMakeLists.txt:21 (find_package)
[3.228s] 
[3.228s] 
[3.228s] -- Configuring incomplete, errors occurred!
[3.242s] gmake: *** [Makefile:348: cmake_check_build_system] Error 1
