[0.023s] Invoking command in '/home/angel/ros2_ws/build/dual_arm_lag_newton_planner': CMAKE_PREFIX_PATH=/opt/ros/humble /usr/bin/cmake /home/angel/ros2_ws/src/dual_arm_lag_newton_planner -DAMENT_CMAKE_SYMLINK_INSTALL=1 -DCMAKE_INSTALL_PREFIX=/home/angel/ros2_ws/install/dual_arm_lag_newton_planner
[6.441s] -- Found ament_cmake: 1.3.14 (/opt/ros/humble/share/ament_cmake/cmake)
[6.441s] -- Found Python3: /usr/bin/python3 (found version "3.10.12") found components: Interpreter 
[6.441s] -- Override CMake install command with custom implementation using symlinks instead of copying resources
[6.443s] -- Found rclcpp: 16.0.19 (/opt/ros/humble/share/rclcpp/cmake)
[6.443s] -- Found rosidl_generator_c: 3.1.8 (/opt/ros/humble/share/rosidl_generator_c/cmake)
[6.444s] -- Found rosidl_adapter: 3.1.8 (/opt/ros/humble/share/rosidl_adapter/cmake)
[6.454s] -- Found rosidl_generator_cpp: 3.1.8 (/opt/ros/humble/share/rosidl_generator_cpp/cmake)
[8.210s] -- Using all available rosidl_typesupport_c: rosidl_typesupport_fastrtps_c;rosidl_typesupport_introspection_c
[8.272s] -- Using all available rosidl_typesupport_cpp: rosidl_typesupport_fastrtps_cpp;rosidl_typesupport_introspection_cpp
[8.388s] -- Found rmw_implementation_cmake: 6.1.2 (/opt/ros/humble/share/rmw_implementation_cmake/cmake)
[8.394s] -- Found rmw_fastrtps_cpp: 6.2.10 (/opt/ros/humble/share/rmw_fastrtps_cpp/cmake)
[9.990s] -- Found OpenSSL: /usr/lib/x86_64-linux-gnu/libcrypto.so (found version "3.0.2")  
[10.036s] -- Found FastRTPS: /opt/ros/humble/include  
[10.097s] -- Using RMW implementation 'rmw_fastrtps_cpp' as default
[10.168s] -- Looking for pthread.h
[10.443s] -- Looking for pthread.h - found
[10.447s] -- Performing Test CMAKE_HAVE_LIBC_PTHREAD
[10.511s] -- Performing Test CMAKE_HAVE_LIBC_PTHREAD - Success
[10.512s] -- Found Threads: TRUE  
[10.624s] -- Found pluginlib: 5.1.3 (/opt/ros/humble/share/pluginlib/cmake)
[11.146s] -- Found moveit_core: 2.5.9 (/opt/ros/humble/share/moveit_core/cmake)
[11.864s] -- Found Boost: /usr/lib/x86_64-linux-gnu/cmake/Boost-1.74.0/BoostConfig.cmake (found version "1.74.0") found components: chrono date_time filesystem iostreams program_options regex serialization system thread 
[12.003s] -- Found parameter_traits: 0.7.1 (/opt/ros/humble/share/parameter_traits/cmake)
[12.029s] -- Found rclcpp_lifecycle: 16.0.19 (/opt/ros/humble/share/rclcpp_lifecycle/cmake)
[12.099s] -- Found Boost: /usr/lib/x86_64-linux-gnu/cmake/Boost-1.74.0/BoostConfig.cmake (found version "1.74.0") found components: filesystem 
[12.513s] -- library: /usr/lib/x86_64-linux-gnu/libcurl.so
[12.949s] -- Found Eigen3: TRUE (found version "3.4.0") 
[12.950s] -- Ensuring Eigen3 include directory is part of orocos-kdl CMake target
[14.871s] -- Configuring done
[15.453s] -- Generating done
[15.462s] -- Build files have been written to: /home/angel/ros2_ws/build/dual_arm_lag_newton_planner
[15.483s] Invoked command in '/home/angel/ros2_ws/build/dual_arm_lag_newton_planner' returned '0': CMAKE_PREFIX_PATH=/opt/ros/humble /usr/bin/cmake /home/angel/ros2_ws/src/dual_arm_lag_newton_planner -DAMENT_CMAKE_SYMLINK_INSTALL=1 -DCMAKE_INSTALL_PREFIX=/home/angel/ros2_ws/install/dual_arm_lag_newton_planner
[15.484s] Invoking command in '/home/angel/ros2_ws/build/dual_arm_lag_newton_planner': CMAKE_PREFIX_PATH=/opt/ros/humble /usr/bin/cmake --build /home/angel/ros2_ws/build/dual_arm_lag_newton_planner -- -j8 -l8
[15.531s] [ 20%] [32mBuilding CXX object CMakeFiles/dual_arm_lag_newton_planner.dir/src/newton_solver.cpp.o[0m
[46.233s] [ 40%] [32mBuilding CXX object CMakeFiles/dual_arm_lag_newton_planner.dir/src/planner_manager.cpp.o[0m
[120.938s] [ 60%] [32mBuilding CXX object CMakeFiles/dual_arm_lag_newton_planner.dir/src/data_io.cpp.o[0m
[122.694s] [ 80%] [32mBuilding CXX object CMakeFiles/dual_arm_lag_newton_planner.dir/src/avoidance_system.cpp.o[0m
[130.165s] [100%] [32m[1mLinking CXX shared library libdual_arm_lag_newton_planner.so[0m
[130.798s] [100%] Built target dual_arm_lag_newton_planner
[131.479s] Invoked command in '/home/angel/ros2_ws/build/dual_arm_lag_newton_planner' returned '0': CMAKE_PREFIX_PATH=/opt/ros/humble /usr/bin/cmake --build /home/angel/ros2_ws/build/dual_arm_lag_newton_planner -- -j8 -l8
[131.543s] Invoking command in '/home/angel/ros2_ws/build/dual_arm_lag_newton_planner': CMAKE_PREFIX_PATH=/opt/ros/humble /usr/bin/cmake --install /home/angel/ros2_ws/build/dual_arm_lag_newton_planner
[131.569s] -- Install configuration: "Release"
[131.571s] -- Execute custom install script
[131.572s] -- Symlinking: /home/angel/ros2_ws/install/dual_arm_lag_newton_planner/share/dual_arm_lag_newton_planner//dual_arm_lag_newton_planner.xml
[131.603s] -- Symlinking: /home/angel/ros2_ws/install/dual_arm_lag_newton_planner/lib/libdual_arm_lag_newton_planner.so
[131.632s] -- Symlinking: /home/angel/ros2_ws/install/dual_arm_lag_newton_planner/include/dual_arm_lag_newton_planner/avoidance_system.hpp
[131.645s] -- Symlinking: /home/angel/ros2_ws/install/dual_arm_lag_newton_planner/include/dual_arm_lag_newton_planner/data_io.hpp
[131.655s] -- Symlinking: /home/angel/ros2_ws/install/dual_arm_lag_newton_planner/include/dual_arm_lag_newton_planner/newton_solver.hpp
[131.663s] -- Symlinking: /home/angel/ros2_ws/install/dual_arm_lag_newton_planner/include/dual_arm_lag_newton_planner/planner_manager.hpp
[131.671s] -- Symlinking: /home/angel/ros2_ws/install/dual_arm_lag_newton_planner/share/dual_arm_lag_newton_planner/config/dual_arm_lag_newton_planning.yaml
[131.680s] -- Symlinking: /home/angel/ros2_ws/install/dual_arm_lag_newton_planner/share/dual_arm_lag_newton_planner/environment/library_path.sh
[131.688s] -- Symlinking: /home/angel/ros2_ws/install/dual_arm_lag_newton_planner/share/dual_arm_lag_newton_planner/environment/library_path.dsv
[131.696s] -- Symlinking: /home/angel/ros2_ws/install/dual_arm_lag_newton_planner/share/ament_index/resource_index/package_run_dependencies/dual_arm_lag_newton_planner
[131.704s] -- Symlinking: /home/angel/ros2_ws/install/dual_arm_lag_newton_planner/share/ament_index/resource_index/parent_prefix_path/dual_arm_lag_newton_planner
[131.711s] -- Symlinking: /home/angel/ros2_ws/install/dual_arm_lag_newton_planner/share/dual_arm_lag_newton_planner/environment/ament_prefix_path.sh
[131.719s] -- Symlinking: /home/angel/ros2_ws/install/dual_arm_lag_newton_planner/share/dual_arm_lag_newton_planner/environment/ament_prefix_path.dsv
[131.727s] -- Symlinking: /home/angel/ros2_ws/install/dual_arm_lag_newton_planner/share/dual_arm_lag_newton_planner/environment/path.sh
[131.735s] -- Symlinking: /home/angel/ros2_ws/install/dual_arm_lag_newton_planner/share/dual_arm_lag_newton_planner/environment/path.dsv
[131.743s] -- Symlinking: /home/angel/ros2_ws/install/dual_arm_lag_newton_planner/share/dual_arm_lag_newton_planner/local_setup.bash
[131.751s] -- Symlinking: /home/angel/ros2_ws/install/dual_arm_lag_newton_planner/share/dual_arm_lag_newton_planner/local_setup.sh
[131.759s] -- Symlinking: /home/angel/ros2_ws/install/dual_arm_lag_newton_planner/share/dual_arm_lag_newton_planner/local_setup.zsh
[131.766s] -- Symlinking: /home/angel/ros2_ws/install/dual_arm_lag_newton_planner/share/dual_arm_lag_newton_planner/local_setup.dsv
[131.773s] -- Symlinking: /home/angel/ros2_ws/install/dual_arm_lag_newton_planner/share/dual_arm_lag_newton_planner/package.dsv
[131.781s] -- Symlinking: /home/angel/ros2_ws/install/dual_arm_lag_newton_planner/share/ament_index/resource_index/packages/dual_arm_lag_newton_planner
[131.788s] -- Symlinking: /home/angel/ros2_ws/install/dual_arm_lag_newton_planner/share/ament_index/resource_index/moveit_core__pluginlib__plugin/dual_arm_lag_newton_planner
[131.794s] -- Symlinking: /home/angel/ros2_ws/install/dual_arm_lag_newton_planner/share/dual_arm_lag_newton_planner/cmake/ament_cmake_export_libraries-extras.cmake
[131.800s] -- Symlinking: /home/angel/ros2_ws/install/dual_arm_lag_newton_planner/share/dual_arm_lag_newton_planner/cmake/ament_cmake_export_dependencies-extras.cmake
[131.806s] -- Symlinking: /home/angel/ros2_ws/install/dual_arm_lag_newton_planner/share/dual_arm_lag_newton_planner/cmake/dual_arm_lag_newton_plannerConfig.cmake
[131.812s] -- Symlinking: /home/angel/ros2_ws/install/dual_arm_lag_newton_planner/share/dual_arm_lag_newton_planner/cmake/dual_arm_lag_newton_plannerConfig-version.cmake
[131.818s] -- Symlinking: /home/angel/ros2_ws/install/dual_arm_lag_newton_planner/share/dual_arm_lag_newton_planner/package.xml
[131.825s] Invoked command in '/home/angel/ros2_ws/build/dual_arm_lag_newton_planner' returned '0': CMAKE_PREFIX_PATH=/opt/ros/humble /usr/bin/cmake --install /home/angel/ros2_ws/build/dual_arm_lag_newton_planner
