[0.038s] Invoking command in '/home/angel/0710_code/build/dual_arm_alm_newton_planner': CMAKE_PREFIX_PATH=/opt/ros/humble /usr/bin/cmake /home/angel/0710_code/src/0710_code/dual_arm_alm_newton_planner -DCMAKE_INSTALL_PREFIX=/home/angel/0710_code/install/dual_arm_alm_newton_planner
[0.107s] -- The C compiler identification is GNU 11.4.0
[0.189s] -- The CXX compiler identification is GNU 11.4.0
[0.196s] -- Detecting C compiler ABI info
[0.299s] -- Detecting C compiler ABI info - done
[0.306s] -- Check for working C compiler: /usr/bin/cc - skipped
[0.306s] -- Detecting C compile features
[0.306s] -- Detecting C compile features - done
[0.309s] -- Detecting CXX compiler ABI info
[0.411s] -- Detecting CXX compiler ABI info - done
[0.427s] -- Check for working CXX compiler: /usr/bin/c++ - skipped
[0.428s] -- Detecting CXX compile features
[0.428s] -- Detecting CXX compile features - done
[0.432s] -- Found ament_cmake: 1.3.14 (/opt/ros/humble/share/ament_cmake/cmake)
[0.646s] -- Found Python3: /usr/bin/python3 (found version "3.10.12") found components: Interpreter 
[0.771s] -- Found rclcpp: 16.0.19 (/opt/ros/humble/share/rclcpp/cmake)
[0.832s] -- Found rosidl_generator_c: 3.1.8 (/opt/ros/humble/share/rosidl_generator_c/cmake)
[0.841s] -- Found rosidl_adapter: 3.1.8 (/opt/ros/humble/share/rosidl_adapter/cmake)
[0.849s] -- Found rosidl_generator_cpp: 3.1.8 (/opt/ros/humble/share/rosidl_generator_cpp/cmake)
[0.866s] -- Using all available rosidl_typesupport_c: rosidl_typesupport_fastrtps_c;rosidl_typesupport_introspection_c
[0.884s] -- Using all available rosidl_typesupport_cpp: rosidl_typesupport_fastrtps_cpp;rosidl_typesupport_introspection_cpp
[0.938s] -- Found rmw_implementation_cmake: 6.1.2 (/opt/ros/humble/share/rmw_implementation_cmake/cmake)
[0.943s] -- Found rmw_fastrtps_cpp: 6.2.10 (/opt/ros/humble/share/rmw_fastrtps_cpp/cmake)
[1.045s] -- Found OpenSSL: /usr/lib/x86_64-linux-gnu/libcrypto.so (found version "3.0.2")  
[1.078s] -- Found FastRTPS: /opt/ros/humble/include  
[1.130s] -- Using RMW implementation 'rmw_fastrtps_cpp' as default
[1.142s] -- Looking for pthread.h
[1.228s] -- Looking for pthread.h - found
[1.229s] -- Performing Test CMAKE_HAVE_LIBC_PTHREAD
[1.305s] -- Performing Test CMAKE_HAVE_LIBC_PTHREAD - Success
[1.306s] -- Found Threads: TRUE  
[1.375s] -- Found pluginlib: 5.1.3 (/opt/ros/humble/share/pluginlib/cmake)
[1.416s] -- Found moveit_core: 2.5.9 (/opt/ros/humble/share/moveit_core/cmake)
[1.468s] -- Found Boost: /usr/lib/x86_64-linux-gnu/cmake/Boost-1.74.0/BoostConfig.cmake (found version "1.74.0") found components: chrono date_time filesystem iostreams program_options regex serialization system thread 
[1.530s] -- Found parameter_traits: 0.7.1 (/opt/ros/humble/share/parameter_traits/cmake)
[1.550s] -- Found rclcpp_lifecycle: 16.0.19 (/opt/ros/humble/share/rclcpp_lifecycle/cmake)
[1.576s] -- Found Boost: /usr/lib/x86_64-linux-gnu/cmake/Boost-1.74.0/BoostConfig.cmake (found version "1.74.0") found components: filesystem 
[1.695s] -- library: /usr/lib/x86_64-linux-gnu/libcurl.so
[1.770s] -- Found Eigen3: TRUE (found version "3.4.0") 
[1.770s] -- Ensuring Eigen3 include directory is part of orocos-kdl CMake target
[2.089s] -- Configuring done
[2.144s] -- Generating done
[2.156s] -- Build files have been written to: /home/angel/0710_code/build/dual_arm_alm_newton_planner
[2.204s] Invoked command in '/home/angel/0710_code/build/dual_arm_alm_newton_planner' returned '0': CMAKE_PREFIX_PATH=/opt/ros/humble /usr/bin/cmake /home/angel/0710_code/src/0710_code/dual_arm_alm_newton_planner -DCMAKE_INSTALL_PREFIX=/home/angel/0710_code/install/dual_arm_alm_newton_planner
[2.215s] Invoking command in '/home/angel/0710_code/build/dual_arm_alm_newton_planner': CMAKE_PREFIX_PATH=/opt/ros/humble /usr/bin/cmake --build /home/angel/0710_code/build/dual_arm_alm_newton_planner -- -j8 -l8
[2.317s] [ 40%] [32mBuilding CXX object CMakeFiles/dual_arm_alm_newton_planner.dir/src/avoidance_system.cpp.o[0m
[2.317s] [ 40%] [32mBuilding CXX object CMakeFiles/dual_arm_alm_newton_planner.dir/src/newton_solver.cpp.o[0m
[2.321s] [ 60%] [32mBuilding CXX object CMakeFiles/dual_arm_alm_newton_planner.dir/src/planner_manager.cpp.o[0m
[2.328s] [ 80%] [32mBuilding CXX object CMakeFiles/dual_arm_alm_newton_planner.dir/src/data_io.cpp.o[0m
[58.702s] [100%] [32m[1mLinking CXX shared library libdual_arm_alm_newton_planner.so[0m
[59.044s] [100%] Built target dual_arm_alm_newton_planner
[59.390s] Invoked command in '/home/angel/0710_code/build/dual_arm_alm_newton_planner' returned '0': CMAKE_PREFIX_PATH=/opt/ros/humble /usr/bin/cmake --build /home/angel/0710_code/build/dual_arm_alm_newton_planner -- -j8 -l8
[59.391s] Invoking command in '/home/angel/0710_code/build/dual_arm_alm_newton_planner': CMAKE_PREFIX_PATH=/opt/ros/humble /usr/bin/cmake --install /home/angel/0710_code/build/dual_arm_alm_newton_planner
[60.468s] -- Install configuration: "Release"
[60.468s] -- Installing: /home/angel/0710_code/install/dual_arm_alm_newton_planner/share/dual_arm_alm_newton_planner/dual_arm_alm_newton_planner.xml
[60.470s] -- Installing: /home/angel/0710_code/install/dual_arm_alm_newton_planner/lib/libdual_arm_alm_newton_planner.so
[60.470s] -- Set runtime path of "/home/angel/0710_code/install/dual_arm_alm_newton_planner/lib/libdual_arm_alm_newton_planner.so" to ""
[60.470s] -- Installing: /home/angel/0710_code/install/dual_arm_alm_newton_planner/include
[60.470s] -- Installing: /home/angel/0710_code/install/dual_arm_alm_newton_planner/include/dual_arm_alm_newton_planner
[60.470s] -- Installing: /home/angel/0710_code/install/dual_arm_alm_newton_planner/include/dual_arm_alm_newton_planner/newton_solver.hpp
[60.470s] -- Installing: /home/angel/0710_code/install/dual_arm_alm_newton_planner/include/dual_arm_alm_newton_planner/avoidance_system.hpp
[60.471s] -- Installing: /home/angel/0710_code/install/dual_arm_alm_newton_planner/include/dual_arm_alm_newton_planner/data_io.hpp
[60.471s] -- Installing: /home/angel/0710_code/install/dual_arm_alm_newton_planner/include/dual_arm_alm_newton_planner/planner_manager.hpp
[60.471s] -- Installing: /home/angel/0710_code/install/dual_arm_alm_newton_planner/share/dual_arm_alm_newton_planner/config
[60.471s] -- Installing: /home/angel/0710_code/install/dual_arm_alm_newton_planner/share/dual_arm_alm_newton_planner/config/dual_arm_alm_newton_planning.yaml
[60.471s] -- Installing: /home/angel/0710_code/install/dual_arm_alm_newton_planner/share/dual_arm_alm_newton_planner/environment/library_path.sh
[60.471s] -- Installing: /home/angel/0710_code/install/dual_arm_alm_newton_planner/share/dual_arm_alm_newton_planner/environment/library_path.dsv
[60.471s] -- Installing: /home/angel/0710_code/install/dual_arm_alm_newton_planner/share/ament_index/resource_index/package_run_dependencies/dual_arm_alm_newton_planner
[60.471s] -- Installing: /home/angel/0710_code/install/dual_arm_alm_newton_planner/share/ament_index/resource_index/parent_prefix_path/dual_arm_alm_newton_planner
[60.471s] -- Installing: /home/angel/0710_code/install/dual_arm_alm_newton_planner/share/dual_arm_alm_newton_planner/environment/ament_prefix_path.sh
[60.471s] -- Installing: /home/angel/0710_code/install/dual_arm_alm_newton_planner/share/dual_arm_alm_newton_planner/environment/ament_prefix_path.dsv
[60.471s] -- Installing: /home/angel/0710_code/install/dual_arm_alm_newton_planner/share/dual_arm_alm_newton_planner/environment/path.sh
[60.471s] -- Installing: /home/angel/0710_code/install/dual_arm_alm_newton_planner/share/dual_arm_alm_newton_planner/environment/path.dsv
[60.471s] -- Installing: /home/angel/0710_code/install/dual_arm_alm_newton_planner/share/dual_arm_alm_newton_planner/local_setup.bash
[60.471s] -- Installing: /home/angel/0710_code/install/dual_arm_alm_newton_planner/share/dual_arm_alm_newton_planner/local_setup.sh
[60.471s] -- Installing: /home/angel/0710_code/install/dual_arm_alm_newton_planner/share/dual_arm_alm_newton_planner/local_setup.zsh
[60.471s] -- Installing: /home/angel/0710_code/install/dual_arm_alm_newton_planner/share/dual_arm_alm_newton_planner/local_setup.dsv
[60.471s] -- Installing: /home/angel/0710_code/install/dual_arm_alm_newton_planner/share/dual_arm_alm_newton_planner/package.dsv
[60.471s] -- Installing: /home/angel/0710_code/install/dual_arm_alm_newton_planner/share/ament_index/resource_index/packages/dual_arm_alm_newton_planner
[60.471s] -- Installing: /home/angel/0710_code/install/dual_arm_alm_newton_planner/share/ament_index/resource_index/moveit_core__pluginlib__plugin/dual_arm_alm_newton_planner
[60.471s] -- Installing: /home/angel/0710_code/install/dual_arm_alm_newton_planner/share/dual_arm_alm_newton_planner/cmake/ament_cmake_export_libraries-extras.cmake
[60.472s] -- Installing: /home/angel/0710_code/install/dual_arm_alm_newton_planner/share/dual_arm_alm_newton_planner/cmake/ament_cmake_export_dependencies-extras.cmake
[60.472s] -- Installing: /home/angel/0710_code/install/dual_arm_alm_newton_planner/share/dual_arm_alm_newton_planner/cmake/dual_arm_alm_newton_plannerConfig.cmake
[60.472s] -- Installing: /home/angel/0710_code/install/dual_arm_alm_newton_planner/share/dual_arm_alm_newton_planner/cmake/dual_arm_alm_newton_plannerConfig-version.cmake
[60.472s] -- Installing: /home/angel/0710_code/install/dual_arm_alm_newton_planner/share/dual_arm_alm_newton_planner/package.xml
[60.472s] Invoked command in '/home/angel/0710_code/build/dual_arm_alm_newton_planner' returned '0': CMAKE_PREFIX_PATH=/opt/ros/humble /usr/bin/cmake --install /home/angel/0710_code/build/dual_arm_alm_newton_planner
