[0.580s] DEBUG:colcon:Command line arguments: ['/usr/bin/colcon', 'build', '--symlink-install']
[0.580s] DEBUG:colcon:Parsed command line arguments: Namespace(log_base=None, log_level=None, verb_name='build', build_base='build', install_base='install', merge_install=False, symlink_install=True, test_result_base=None, continue_on_error=False, executor='parallel', parallel_workers=8, event_handlers=None, ignore_user_meta=False, metas=['./colcon.meta'], base_paths=['.'], packages_ignore=None, packages_ignore_regex=None, paths=None, packages_up_to=None, packages_up_to_regex=None, packages_above=None, packages_above_and_dependencies=None, packages_above_depth=None, packages_select_by_dep=None, packages_skip_by_dep=None, packages_skip_up_to=None, packages_select_build_failed=False, packages_skip_build_finished=False, packages_select_test_failures=False, packages_skip_test_passed=False, packages_select=None, packages_skip=None, packages_select_regex=None, packages_skip_regex=None, packages_start=None, packages_end=None, cmake_args=None, cmake_target=None, cmake_target_skip_unavailable=False, cmake_clean_cache=False, cmake_clean_first=False, cmake_force_configure=False, ament_cmake_args=None, catkin_cmake_args=None, catkin_skip_building_tests=False, mixin_files=None, mixin=None, verb_parser=<colcon_mixin.mixin.mixin_argument.MixinArgumentDecorator object at 0x789061d4c0a0>, verb_extension=<colcon_core.verb.build.BuildVerb object at 0x789061f1f5e0>, main=<bound method BuildVerb.main of <colcon_core.verb.build.BuildVerb object at 0x789061f1f5e0>>, mixin_verb=('build',))
[0.839s] Level 1:colcon.colcon_core.package_discovery:discover_packages(colcon_meta) check parameters
[0.839s] Level 1:colcon.colcon_core.package_discovery:discover_packages(recursive) check parameters
[0.839s] Level 1:colcon.colcon_core.package_discovery:discover_packages(ignore) check parameters
[0.839s] Level 1:colcon.colcon_core.package_discovery:discover_packages(path) check parameters
[0.839s] Level 1:colcon.colcon_core.package_discovery:discover_packages(colcon_meta) discover
[0.839s] Level 1:colcon.colcon_core.package_discovery:discover_packages(recursive) discover
[0.839s] INFO:colcon.colcon_core.package_discovery:Crawling recursively for packages in '/home/angel/ros2_ws'
[0.839s] Level 1:colcon.colcon_core.package_identification:_identify(.) by extensions ['ignore', 'ignore_ament_install']
[0.839s] Level 1:colcon.colcon_core.package_identification:_identify(.) by extension 'ignore'
[0.839s] Level 1:colcon.colcon_core.package_identification:_identify(.) by extension 'ignore_ament_install'
[0.839s] Level 1:colcon.colcon_core.package_identification:_identify(.) by extensions ['colcon_pkg']
[0.839s] Level 1:colcon.colcon_core.package_identification:_identify(.) by extension 'colcon_pkg'
[0.839s] Level 1:colcon.colcon_core.package_identification:_identify(.) by extensions ['colcon_meta']
[0.839s] Level 1:colcon.colcon_core.package_identification:_identify(.) by extension 'colcon_meta'
[0.840s] Level 1:colcon.colcon_core.package_identification:_identify(.) by extensions ['ros']
[0.840s] Level 1:colcon.colcon_core.package_identification:_identify(.) by extension 'ros'
[0.850s] Level 1:colcon.colcon_core.package_identification:_identify(.) by extensions ['cmake', 'python']
[0.850s] Level 1:colcon.colcon_core.package_identification:_identify(.) by extension 'cmake'
[0.850s] Level 1:colcon.colcon_core.package_identification:_identify(.) by extension 'python'
[0.850s] Level 1:colcon.colcon_core.package_identification:_identify(.) by extensions ['python_setup_py']
[0.850s] Level 1:colcon.colcon_core.package_identification:_identify(.) by extension 'python_setup_py'
[0.850s] Level 1:colcon.colcon_core.package_identification:_identify(build) by extensions ['ignore', 'ignore_ament_install']
[0.850s] Level 1:colcon.colcon_core.package_identification:_identify(build) by extension 'ignore'
[0.850s] Level 1:colcon.colcon_core.package_identification:_identify(build) ignored
[0.850s] Level 1:colcon.colcon_core.package_identification:_identify(docs) by extensions ['ignore', 'ignore_ament_install']
[0.850s] Level 1:colcon.colcon_core.package_identification:_identify(docs) by extension 'ignore'
[0.850s] Level 1:colcon.colcon_core.package_identification:_identify(docs) by extension 'ignore_ament_install'
[0.850s] Level 1:colcon.colcon_core.package_identification:_identify(docs) by extensions ['colcon_pkg']
[0.850s] Level 1:colcon.colcon_core.package_identification:_identify(docs) by extension 'colcon_pkg'
[0.850s] Level 1:colcon.colcon_core.package_identification:_identify(docs) by extensions ['colcon_meta']
[0.851s] Level 1:colcon.colcon_core.package_identification:_identify(docs) by extension 'colcon_meta'
[0.851s] Level 1:colcon.colcon_core.package_identification:_identify(docs) by extensions ['ros']
[0.851s] Level 1:colcon.colcon_core.package_identification:_identify(docs) by extension 'ros'
[0.851s] Level 1:colcon.colcon_core.package_identification:_identify(docs) by extensions ['cmake', 'python']
[0.851s] Level 1:colcon.colcon_core.package_identification:_identify(docs) by extension 'cmake'
[0.851s] Level 1:colcon.colcon_core.package_identification:_identify(docs) by extension 'python'
[0.851s] Level 1:colcon.colcon_core.package_identification:_identify(docs) by extensions ['python_setup_py']
[0.851s] Level 1:colcon.colcon_core.package_identification:_identify(docs) by extension 'python_setup_py'
[0.851s] Level 1:colcon.colcon_core.package_identification:_identify(docs/images) by extensions ['ignore', 'ignore_ament_install']
[0.851s] Level 1:colcon.colcon_core.package_identification:_identify(docs/images) by extension 'ignore'
[0.851s] Level 1:colcon.colcon_core.package_identification:_identify(docs/images) by extension 'ignore_ament_install'
[0.851s] Level 1:colcon.colcon_core.package_identification:_identify(docs/images) by extensions ['colcon_pkg']
[0.851s] Level 1:colcon.colcon_core.package_identification:_identify(docs/images) by extension 'colcon_pkg'
[0.851s] Level 1:colcon.colcon_core.package_identification:_identify(docs/images) by extensions ['colcon_meta']
[0.851s] Level 1:colcon.colcon_core.package_identification:_identify(docs/images) by extension 'colcon_meta'
[0.851s] Level 1:colcon.colcon_core.package_identification:_identify(docs/images) by extensions ['ros']
[0.851s] Level 1:colcon.colcon_core.package_identification:_identify(docs/images) by extension 'ros'
[0.851s] Level 1:colcon.colcon_core.package_identification:_identify(docs/images) by extensions ['cmake', 'python']
[0.851s] Level 1:colcon.colcon_core.package_identification:_identify(docs/images) by extension 'cmake'
[0.851s] Level 1:colcon.colcon_core.package_identification:_identify(docs/images) by extension 'python'
[0.851s] Level 1:colcon.colcon_core.package_identification:_identify(docs/images) by extensions ['python_setup_py']
[0.851s] Level 1:colcon.colcon_core.package_identification:_identify(docs/images) by extension 'python_setup_py'
[0.851s] Level 1:colcon.colcon_core.package_identification:_identify(install) by extensions ['ignore', 'ignore_ament_install']
[0.852s] Level 1:colcon.colcon_core.package_identification:_identify(install) by extension 'ignore'
[0.852s] Level 1:colcon.colcon_core.package_identification:_identify(install) ignored
[0.852s] Level 1:colcon.colcon_core.package_identification:_identify(log) by extensions ['ignore', 'ignore_ament_install']
[0.852s] Level 1:colcon.colcon_core.package_identification:_identify(log) by extension 'ignore'
[0.852s] Level 1:colcon.colcon_core.package_identification:_identify(log) ignored
[0.852s] Level 1:colcon.colcon_core.package_identification:_identify(src) by extensions ['ignore', 'ignore_ament_install']
[0.852s] Level 1:colcon.colcon_core.package_identification:_identify(src) by extension 'ignore'
[0.852s] Level 1:colcon.colcon_core.package_identification:_identify(src) by extension 'ignore_ament_install'
[0.852s] Level 1:colcon.colcon_core.package_identification:_identify(src) by extensions ['colcon_pkg']
[0.852s] Level 1:colcon.colcon_core.package_identification:_identify(src) by extension 'colcon_pkg'
[0.852s] Level 1:colcon.colcon_core.package_identification:_identify(src) by extensions ['colcon_meta']
[0.852s] Level 1:colcon.colcon_core.package_identification:_identify(src) by extension 'colcon_meta'
[0.852s] Level 1:colcon.colcon_core.package_identification:_identify(src) by extensions ['ros']
[0.852s] Level 1:colcon.colcon_core.package_identification:_identify(src) by extension 'ros'
[0.852s] Level 1:colcon.colcon_core.package_identification:_identify(src) by extensions ['cmake', 'python']
[0.852s] Level 1:colcon.colcon_core.package_identification:_identify(src) by extension 'cmake'
[0.852s] Level 1:colcon.colcon_core.package_identification:_identify(src) by extension 'python'
[0.852s] Level 1:colcon.colcon_core.package_identification:_identify(src) by extensions ['python_setup_py']
[0.852s] Level 1:colcon.colcon_core.package_identification:_identify(src) by extension 'python_setup_py'
[0.852s] Level 1:colcon.colcon_core.package_identification:_identify(src/dual_arm_alm_cg_planner) by extensions ['ignore', 'ignore_ament_install']
[0.853s] Level 1:colcon.colcon_core.package_identification:_identify(src/dual_arm_alm_cg_planner) by extension 'ignore'
[0.853s] Level 1:colcon.colcon_core.package_identification:_identify(src/dual_arm_alm_cg_planner) by extension 'ignore_ament_install'
[0.853s] Level 1:colcon.colcon_core.package_identification:_identify(src/dual_arm_alm_cg_planner) by extensions ['colcon_pkg']
[0.853s] Level 1:colcon.colcon_core.package_identification:_identify(src/dual_arm_alm_cg_planner) by extension 'colcon_pkg'
[0.853s] Level 1:colcon.colcon_core.package_identification:_identify(src/dual_arm_alm_cg_planner) by extensions ['colcon_meta']
[0.853s] Level 1:colcon.colcon_core.package_identification:_identify(src/dual_arm_alm_cg_planner) by extension 'colcon_meta'
[0.853s] Level 1:colcon.colcon_core.package_identification:_identify(src/dual_arm_alm_cg_planner) by extensions ['ros']
[0.853s] Level 1:colcon.colcon_core.package_identification:_identify(src/dual_arm_alm_cg_planner) by extension 'ros'
[0.855s] DEBUG:colcon.colcon_core.package_identification:Package 'src/dual_arm_alm_cg_planner' with type 'ros.ament_cmake' and name 'dual_arm_alm_cg_planner'
[0.855s] Level 1:colcon.colcon_core.package_identification:_identify(src/dual_arm_alm_gd_planner) by extensions ['ignore', 'ignore_ament_install']
[0.855s] Level 1:colcon.colcon_core.package_identification:_identify(src/dual_arm_alm_gd_planner) by extension 'ignore'
[0.856s] Level 1:colcon.colcon_core.package_identification:_identify(src/dual_arm_alm_gd_planner) by extension 'ignore_ament_install'
[0.856s] Level 1:colcon.colcon_core.package_identification:_identify(src/dual_arm_alm_gd_planner) by extensions ['colcon_pkg']
[0.856s] Level 1:colcon.colcon_core.package_identification:_identify(src/dual_arm_alm_gd_planner) by extension 'colcon_pkg'
[0.856s] Level 1:colcon.colcon_core.package_identification:_identify(src/dual_arm_alm_gd_planner) by extensions ['colcon_meta']
[0.856s] Level 1:colcon.colcon_core.package_identification:_identify(src/dual_arm_alm_gd_planner) by extension 'colcon_meta'
[0.856s] Level 1:colcon.colcon_core.package_identification:_identify(src/dual_arm_alm_gd_planner) by extensions ['ros']
[0.856s] Level 1:colcon.colcon_core.package_identification:_identify(src/dual_arm_alm_gd_planner) by extension 'ros'
[0.857s] DEBUG:colcon.colcon_core.package_identification:Package 'src/dual_arm_alm_gd_planner' with type 'ros.ament_cmake' and name 'dual_arm_alm_gd_planner'
[0.857s] Level 1:colcon.colcon_core.package_identification:_identify(src/dual_arm_alm_newton_planner) by extensions ['ignore', 'ignore_ament_install']
[0.857s] Level 1:colcon.colcon_core.package_identification:_identify(src/dual_arm_alm_newton_planner) by extension 'ignore'
[0.857s] Level 1:colcon.colcon_core.package_identification:_identify(src/dual_arm_alm_newton_planner) by extension 'ignore_ament_install'
[0.857s] Level 1:colcon.colcon_core.package_identification:_identify(src/dual_arm_alm_newton_planner) by extensions ['colcon_pkg']
[0.857s] Level 1:colcon.colcon_core.package_identification:_identify(src/dual_arm_alm_newton_planner) by extension 'colcon_pkg'
[0.857s] Level 1:colcon.colcon_core.package_identification:_identify(src/dual_arm_alm_newton_planner) by extensions ['colcon_meta']
[0.857s] Level 1:colcon.colcon_core.package_identification:_identify(src/dual_arm_alm_newton_planner) by extension 'colcon_meta'
[0.857s] Level 1:colcon.colcon_core.package_identification:_identify(src/dual_arm_alm_newton_planner) by extensions ['ros']
[0.857s] Level 1:colcon.colcon_core.package_identification:_identify(src/dual_arm_alm_newton_planner) by extension 'ros'
[0.858s] DEBUG:colcon.colcon_core.package_identification:Package 'src/dual_arm_alm_newton_planner' with type 'ros.ament_cmake' and name 'dual_arm_alm_newton_planner'
[0.858s] Level 1:colcon.colcon_core.package_identification:_identify(src/dual_arm_lag_cg_planner) by extensions ['ignore', 'ignore_ament_install']
[0.858s] Level 1:colcon.colcon_core.package_identification:_identify(src/dual_arm_lag_cg_planner) by extension 'ignore'
[0.858s] Level 1:colcon.colcon_core.package_identification:_identify(src/dual_arm_lag_cg_planner) by extension 'ignore_ament_install'
[0.858s] Level 1:colcon.colcon_core.package_identification:_identify(src/dual_arm_lag_cg_planner) by extensions ['colcon_pkg']
[0.858s] Level 1:colcon.colcon_core.package_identification:_identify(src/dual_arm_lag_cg_planner) by extension 'colcon_pkg'
[0.858s] Level 1:colcon.colcon_core.package_identification:_identify(src/dual_arm_lag_cg_planner) by extensions ['colcon_meta']
[0.858s] Level 1:colcon.colcon_core.package_identification:_identify(src/dual_arm_lag_cg_planner) by extension 'colcon_meta'
[0.858s] Level 1:colcon.colcon_core.package_identification:_identify(src/dual_arm_lag_cg_planner) by extensions ['ros']
[0.858s] Level 1:colcon.colcon_core.package_identification:_identify(src/dual_arm_lag_cg_planner) by extension 'ros'
[0.859s] DEBUG:colcon.colcon_core.package_identification:Package 'src/dual_arm_lag_cg_planner' with type 'ros.ament_cmake' and name 'dual_arm_lag_cg_planner'
[0.859s] Level 1:colcon.colcon_core.package_identification:_identify(src/dual_arm_lag_gd_planner) by extensions ['ignore', 'ignore_ament_install']
[0.859s] Level 1:colcon.colcon_core.package_identification:_identify(src/dual_arm_lag_gd_planner) by extension 'ignore'
[0.859s] Level 1:colcon.colcon_core.package_identification:_identify(src/dual_arm_lag_gd_planner) by extension 'ignore_ament_install'
[0.859s] Level 1:colcon.colcon_core.package_identification:_identify(src/dual_arm_lag_gd_planner) by extensions ['colcon_pkg']
[0.859s] Level 1:colcon.colcon_core.package_identification:_identify(src/dual_arm_lag_gd_planner) by extension 'colcon_pkg'
[0.860s] Level 1:colcon.colcon_core.package_identification:_identify(src/dual_arm_lag_gd_planner) by extensions ['colcon_meta']
[0.860s] Level 1:colcon.colcon_core.package_identification:_identify(src/dual_arm_lag_gd_planner) by extension 'colcon_meta'
[0.860s] Level 1:colcon.colcon_core.package_identification:_identify(src/dual_arm_lag_gd_planner) by extensions ['ros']
[0.860s] Level 1:colcon.colcon_core.package_identification:_identify(src/dual_arm_lag_gd_planner) by extension 'ros'
[0.860s] DEBUG:colcon.colcon_core.package_identification:Package 'src/dual_arm_lag_gd_planner' with type 'ros.ament_cmake' and name 'dual_arm_lag_gd_planner'
[0.860s] Level 1:colcon.colcon_core.package_identification:_identify(src/dual_arm_lag_newton_planner) by extensions ['ignore', 'ignore_ament_install']
[0.861s] Level 1:colcon.colcon_core.package_identification:_identify(src/dual_arm_lag_newton_planner) by extension 'ignore'
[0.861s] Level 1:colcon.colcon_core.package_identification:_identify(src/dual_arm_lag_newton_planner) by extension 'ignore_ament_install'
[0.861s] Level 1:colcon.colcon_core.package_identification:_identify(src/dual_arm_lag_newton_planner) by extensions ['colcon_pkg']
[0.861s] Level 1:colcon.colcon_core.package_identification:_identify(src/dual_arm_lag_newton_planner) by extension 'colcon_pkg'
[0.861s] Level 1:colcon.colcon_core.package_identification:_identify(src/dual_arm_lag_newton_planner) by extensions ['colcon_meta']
[0.861s] Level 1:colcon.colcon_core.package_identification:_identify(src/dual_arm_lag_newton_planner) by extension 'colcon_meta'
[0.861s] Level 1:colcon.colcon_core.package_identification:_identify(src/dual_arm_lag_newton_planner) by extensions ['ros']
[0.861s] Level 1:colcon.colcon_core.package_identification:_identify(src/dual_arm_lag_newton_planner) by extension 'ros'
[0.862s] DEBUG:colcon.colcon_core.package_identification:Package 'src/dual_arm_lag_newton_planner' with type 'ros.ament_cmake' and name 'dual_arm_lag_newton_planner'
[0.862s] Level 1:colcon.colcon_core.package_identification:_identify(src/hiwin_description) by extensions ['ignore', 'ignore_ament_install']
[0.862s] Level 1:colcon.colcon_core.package_identification:_identify(src/hiwin_description) by extension 'ignore'
[0.862s] Level 1:colcon.colcon_core.package_identification:_identify(src/hiwin_description) by extension 'ignore_ament_install'
[0.862s] Level 1:colcon.colcon_core.package_identification:_identify(src/hiwin_description) by extensions ['colcon_pkg']
[0.862s] Level 1:colcon.colcon_core.package_identification:_identify(src/hiwin_description) by extension 'colcon_pkg'
[0.862s] Level 1:colcon.colcon_core.package_identification:_identify(src/hiwin_description) by extensions ['colcon_meta']
[0.862s] Level 1:colcon.colcon_core.package_identification:_identify(src/hiwin_description) by extension 'colcon_meta'
[0.862s] Level 1:colcon.colcon_core.package_identification:_identify(src/hiwin_description) by extensions ['ros']
[0.862s] Level 1:colcon.colcon_core.package_identification:_identify(src/hiwin_description) by extension 'ros'
[0.863s] DEBUG:colcon.colcon_core.package_identification:Package 'src/hiwin_description' with type 'ros.ament_cmake' and name 'hiwin_description'
[0.863s] Level 1:colcon.colcon_core.package_identification:_identify(src/hiwin_dual_arm) by extensions ['ignore', 'ignore_ament_install']
[0.863s] Level 1:colcon.colcon_core.package_identification:_identify(src/hiwin_dual_arm) by extension 'ignore'
[0.863s] Level 1:colcon.colcon_core.package_identification:_identify(src/hiwin_dual_arm) by extension 'ignore_ament_install'
[0.863s] Level 1:colcon.colcon_core.package_identification:_identify(src/hiwin_dual_arm) by extensions ['colcon_pkg']
[0.863s] Level 1:colcon.colcon_core.package_identification:_identify(src/hiwin_dual_arm) by extension 'colcon_pkg'
[0.863s] Level 1:colcon.colcon_core.package_identification:_identify(src/hiwin_dual_arm) by extensions ['colcon_meta']
[0.863s] Level 1:colcon.colcon_core.package_identification:_identify(src/hiwin_dual_arm) by extension 'colcon_meta'
[0.863s] Level 1:colcon.colcon_core.package_identification:_identify(src/hiwin_dual_arm) by extensions ['ros']
[0.863s] Level 1:colcon.colcon_core.package_identification:_identify(src/hiwin_dual_arm) by extension 'ros'
[0.864s] DEBUG:colcon.colcon_core.package_identification:Package 'src/hiwin_dual_arm' with type 'ros.ament_cmake' and name 'hiwin_dual_arm'
[0.864s] Level 1:colcon.colcon_core.package_discovery:discover_packages(recursive) using defaults
[0.864s] Level 1:colcon.colcon_core.package_discovery:discover_packages(ignore) discover
[0.864s] Level 1:colcon.colcon_core.package_discovery:discover_packages(ignore) using defaults
[0.864s] Level 1:colcon.colcon_core.package_discovery:discover_packages(path) discover
[0.864s] Level 1:colcon.colcon_core.package_discovery:discover_packages(path) using defaults
[0.883s] Level 5:colcon.colcon_core.verb:set package 'dual_arm_alm_cg_planner' build argument 'cmake_args' from command line to 'None'
[0.883s] Level 5:colcon.colcon_core.verb:set package 'dual_arm_alm_cg_planner' build argument 'cmake_target' from command line to 'None'
[0.883s] Level 5:colcon.colcon_core.verb:set package 'dual_arm_alm_cg_planner' build argument 'cmake_target_skip_unavailable' from command line to 'False'
[0.883s] Level 5:colcon.colcon_core.verb:set package 'dual_arm_alm_cg_planner' build argument 'cmake_clean_cache' from command line to 'False'
[0.883s] Level 5:colcon.colcon_core.verb:set package 'dual_arm_alm_cg_planner' build argument 'cmake_clean_first' from command line to 'False'
[0.883s] Level 5:colcon.colcon_core.verb:set package 'dual_arm_alm_cg_planner' build argument 'cmake_force_configure' from command line to 'False'
[0.883s] Level 5:colcon.colcon_core.verb:set package 'dual_arm_alm_cg_planner' build argument 'ament_cmake_args' from command line to 'None'
[0.883s] Level 5:colcon.colcon_core.verb:set package 'dual_arm_alm_cg_planner' build argument 'catkin_cmake_args' from command line to 'None'
[0.883s] Level 5:colcon.colcon_core.verb:set package 'dual_arm_alm_cg_planner' build argument 'catkin_skip_building_tests' from command line to 'False'
[0.883s] DEBUG:colcon.colcon_core.verb:Building package 'dual_arm_alm_cg_planner' with the following arguments: {'ament_cmake_args': None, 'build_base': '/home/angel/ros2_ws/build/dual_arm_alm_cg_planner', 'catkin_cmake_args': None, 'catkin_skip_building_tests': False, 'cmake_args': None, 'cmake_clean_cache': False, 'cmake_clean_first': False, 'cmake_force_configure': False, 'cmake_target': None, 'cmake_target_skip_unavailable': False, 'install_base': '/home/angel/ros2_ws/install/dual_arm_alm_cg_planner', 'merge_install': False, 'path': '/home/angel/ros2_ws/src/dual_arm_alm_cg_planner', 'symlink_install': True, 'test_result_base': None}
[0.883s] Level 5:colcon.colcon_core.verb:set package 'dual_arm_alm_gd_planner' build argument 'cmake_args' from command line to 'None'
[0.883s] Level 5:colcon.colcon_core.verb:set package 'dual_arm_alm_gd_planner' build argument 'cmake_target' from command line to 'None'
[0.883s] Level 5:colcon.colcon_core.verb:set package 'dual_arm_alm_gd_planner' build argument 'cmake_target_skip_unavailable' from command line to 'False'
[0.883s] Level 5:colcon.colcon_core.verb:set package 'dual_arm_alm_gd_planner' build argument 'cmake_clean_cache' from command line to 'False'
[0.883s] Level 5:colcon.colcon_core.verb:set package 'dual_arm_alm_gd_planner' build argument 'cmake_clean_first' from command line to 'False'
[0.883s] Level 5:colcon.colcon_core.verb:set package 'dual_arm_alm_gd_planner' build argument 'cmake_force_configure' from command line to 'False'
[0.883s] Level 5:colcon.colcon_core.verb:set package 'dual_arm_alm_gd_planner' build argument 'ament_cmake_args' from command line to 'None'
[0.883s] Level 5:colcon.colcon_core.verb:set package 'dual_arm_alm_gd_planner' build argument 'catkin_cmake_args' from command line to 'None'
[0.883s] Level 5:colcon.colcon_core.verb:set package 'dual_arm_alm_gd_planner' build argument 'catkin_skip_building_tests' from command line to 'False'
[0.883s] DEBUG:colcon.colcon_core.verb:Building package 'dual_arm_alm_gd_planner' with the following arguments: {'ament_cmake_args': None, 'build_base': '/home/angel/ros2_ws/build/dual_arm_alm_gd_planner', 'catkin_cmake_args': None, 'catkin_skip_building_tests': False, 'cmake_args': None, 'cmake_clean_cache': False, 'cmake_clean_first': False, 'cmake_force_configure': False, 'cmake_target': None, 'cmake_target_skip_unavailable': False, 'install_base': '/home/angel/ros2_ws/install/dual_arm_alm_gd_planner', 'merge_install': False, 'path': '/home/angel/ros2_ws/src/dual_arm_alm_gd_planner', 'symlink_install': True, 'test_result_base': None}
[0.884s] Level 5:colcon.colcon_core.verb:set package 'dual_arm_alm_newton_planner' build argument 'cmake_args' from command line to 'None'
[0.884s] Level 5:colcon.colcon_core.verb:set package 'dual_arm_alm_newton_planner' build argument 'cmake_target' from command line to 'None'
[0.884s] Level 5:colcon.colcon_core.verb:set package 'dual_arm_alm_newton_planner' build argument 'cmake_target_skip_unavailable' from command line to 'False'
[0.884s] Level 5:colcon.colcon_core.verb:set package 'dual_arm_alm_newton_planner' build argument 'cmake_clean_cache' from command line to 'False'
[0.884s] Level 5:colcon.colcon_core.verb:set package 'dual_arm_alm_newton_planner' build argument 'cmake_clean_first' from command line to 'False'
[0.884s] Level 5:colcon.colcon_core.verb:set package 'dual_arm_alm_newton_planner' build argument 'cmake_force_configure' from command line to 'False'
[0.884s] Level 5:colcon.colcon_core.verb:set package 'dual_arm_alm_newton_planner' build argument 'ament_cmake_args' from command line to 'None'
[0.884s] Level 5:colcon.colcon_core.verb:set package 'dual_arm_alm_newton_planner' build argument 'catkin_cmake_args' from command line to 'None'
[0.884s] Level 5:colcon.colcon_core.verb:set package 'dual_arm_alm_newton_planner' build argument 'catkin_skip_building_tests' from command line to 'False'
[0.884s] DEBUG:colcon.colcon_core.verb:Building package 'dual_arm_alm_newton_planner' with the following arguments: {'ament_cmake_args': None, 'build_base': '/home/angel/ros2_ws/build/dual_arm_alm_newton_planner', 'catkin_cmake_args': None, 'catkin_skip_building_tests': False, 'cmake_args': None, 'cmake_clean_cache': False, 'cmake_clean_first': False, 'cmake_force_configure': False, 'cmake_target': None, 'cmake_target_skip_unavailable': False, 'install_base': '/home/angel/ros2_ws/install/dual_arm_alm_newton_planner', 'merge_install': False, 'path': '/home/angel/ros2_ws/src/dual_arm_alm_newton_planner', 'symlink_install': True, 'test_result_base': None}
[0.884s] Level 5:colcon.colcon_core.verb:set package 'dual_arm_lag_cg_planner' build argument 'cmake_args' from command line to 'None'
[0.884s] Level 5:colcon.colcon_core.verb:set package 'dual_arm_lag_cg_planner' build argument 'cmake_target' from command line to 'None'
[0.884s] Level 5:colcon.colcon_core.verb:set package 'dual_arm_lag_cg_planner' build argument 'cmake_target_skip_unavailable' from command line to 'False'
[0.884s] Level 5:colcon.colcon_core.verb:set package 'dual_arm_lag_cg_planner' build argument 'cmake_clean_cache' from command line to 'False'
[0.884s] Level 5:colcon.colcon_core.verb:set package 'dual_arm_lag_cg_planner' build argument 'cmake_clean_first' from command line to 'False'
[0.884s] Level 5:colcon.colcon_core.verb:set package 'dual_arm_lag_cg_planner' build argument 'cmake_force_configure' from command line to 'False'
[0.884s] Level 5:colcon.colcon_core.verb:set package 'dual_arm_lag_cg_planner' build argument 'ament_cmake_args' from command line to 'None'
[0.884s] Level 5:colcon.colcon_core.verb:set package 'dual_arm_lag_cg_planner' build argument 'catkin_cmake_args' from command line to 'None'
[0.884s] Level 5:colcon.colcon_core.verb:set package 'dual_arm_lag_cg_planner' build argument 'catkin_skip_building_tests' from command line to 'False'
[0.884s] DEBUG:colcon.colcon_core.verb:Building package 'dual_arm_lag_cg_planner' with the following arguments: {'ament_cmake_args': None, 'build_base': '/home/angel/ros2_ws/build/dual_arm_lag_cg_planner', 'catkin_cmake_args': None, 'catkin_skip_building_tests': False, 'cmake_args': None, 'cmake_clean_cache': False, 'cmake_clean_first': False, 'cmake_force_configure': False, 'cmake_target': None, 'cmake_target_skip_unavailable': False, 'install_base': '/home/angel/ros2_ws/install/dual_arm_lag_cg_planner', 'merge_install': False, 'path': '/home/angel/ros2_ws/src/dual_arm_lag_cg_planner', 'symlink_install': True, 'test_result_base': None}
[0.885s] Level 5:colcon.colcon_core.verb:set package 'dual_arm_lag_gd_planner' build argument 'cmake_args' from command line to 'None'
[0.885s] Level 5:colcon.colcon_core.verb:set package 'dual_arm_lag_gd_planner' build argument 'cmake_target' from command line to 'None'
[0.885s] Level 5:colcon.colcon_core.verb:set package 'dual_arm_lag_gd_planner' build argument 'cmake_target_skip_unavailable' from command line to 'False'
[0.885s] Level 5:colcon.colcon_core.verb:set package 'dual_arm_lag_gd_planner' build argument 'cmake_clean_cache' from command line to 'False'
[0.885s] Level 5:colcon.colcon_core.verb:set package 'dual_arm_lag_gd_planner' build argument 'cmake_clean_first' from command line to 'False'
[0.885s] Level 5:colcon.colcon_core.verb:set package 'dual_arm_lag_gd_planner' build argument 'cmake_force_configure' from command line to 'False'
[0.885s] Level 5:colcon.colcon_core.verb:set package 'dual_arm_lag_gd_planner' build argument 'ament_cmake_args' from command line to 'None'
[0.885s] Level 5:colcon.colcon_core.verb:set package 'dual_arm_lag_gd_planner' build argument 'catkin_cmake_args' from command line to 'None'
[0.885s] Level 5:colcon.colcon_core.verb:set package 'dual_arm_lag_gd_planner' build argument 'catkin_skip_building_tests' from command line to 'False'
[0.885s] DEBUG:colcon.colcon_core.verb:Building package 'dual_arm_lag_gd_planner' with the following arguments: {'ament_cmake_args': None, 'build_base': '/home/angel/ros2_ws/build/dual_arm_lag_gd_planner', 'catkin_cmake_args': None, 'catkin_skip_building_tests': False, 'cmake_args': None, 'cmake_clean_cache': False, 'cmake_clean_first': False, 'cmake_force_configure': False, 'cmake_target': None, 'cmake_target_skip_unavailable': False, 'install_base': '/home/angel/ros2_ws/install/dual_arm_lag_gd_planner', 'merge_install': False, 'path': '/home/angel/ros2_ws/src/dual_arm_lag_gd_planner', 'symlink_install': True, 'test_result_base': None}
[0.885s] Level 5:colcon.colcon_core.verb:set package 'dual_arm_lag_newton_planner' build argument 'cmake_args' from command line to 'None'
[0.885s] Level 5:colcon.colcon_core.verb:set package 'dual_arm_lag_newton_planner' build argument 'cmake_target' from command line to 'None'
[0.885s] Level 5:colcon.colcon_core.verb:set package 'dual_arm_lag_newton_planner' build argument 'cmake_target_skip_unavailable' from command line to 'False'
[0.885s] Level 5:colcon.colcon_core.verb:set package 'dual_arm_lag_newton_planner' build argument 'cmake_clean_cache' from command line to 'False'
[0.885s] Level 5:colcon.colcon_core.verb:set package 'dual_arm_lag_newton_planner' build argument 'cmake_clean_first' from command line to 'False'
[0.885s] Level 5:colcon.colcon_core.verb:set package 'dual_arm_lag_newton_planner' build argument 'cmake_force_configure' from command line to 'False'
[0.885s] Level 5:colcon.colcon_core.verb:set package 'dual_arm_lag_newton_planner' build argument 'ament_cmake_args' from command line to 'None'
[0.885s] Level 5:colcon.colcon_core.verb:set package 'dual_arm_lag_newton_planner' build argument 'catkin_cmake_args' from command line to 'None'
[0.885s] Level 5:colcon.colcon_core.verb:set package 'dual_arm_lag_newton_planner' build argument 'catkin_skip_building_tests' from command line to 'False'
[0.885s] DEBUG:colcon.colcon_core.verb:Building package 'dual_arm_lag_newton_planner' with the following arguments: {'ament_cmake_args': None, 'build_base': '/home/angel/ros2_ws/build/dual_arm_lag_newton_planner', 'catkin_cmake_args': None, 'catkin_skip_building_tests': False, 'cmake_args': None, 'cmake_clean_cache': False, 'cmake_clean_first': False, 'cmake_force_configure': False, 'cmake_target': None, 'cmake_target_skip_unavailable': False, 'install_base': '/home/angel/ros2_ws/install/dual_arm_lag_newton_planner', 'merge_install': False, 'path': '/home/angel/ros2_ws/src/dual_arm_lag_newton_planner', 'symlink_install': True, 'test_result_base': None}
[0.886s] Level 5:colcon.colcon_core.verb:set package 'hiwin_description' build argument 'cmake_args' from command line to 'None'
[0.886s] Level 5:colcon.colcon_core.verb:set package 'hiwin_description' build argument 'cmake_target' from command line to 'None'
[0.886s] Level 5:colcon.colcon_core.verb:set package 'hiwin_description' build argument 'cmake_target_skip_unavailable' from command line to 'False'
[0.886s] Level 5:colcon.colcon_core.verb:set package 'hiwin_description' build argument 'cmake_clean_cache' from command line to 'False'
[0.886s] Level 5:colcon.colcon_core.verb:set package 'hiwin_description' build argument 'cmake_clean_first' from command line to 'False'
[0.886s] Level 5:colcon.colcon_core.verb:set package 'hiwin_description' build argument 'cmake_force_configure' from command line to 'False'
[0.886s] Level 5:colcon.colcon_core.verb:set package 'hiwin_description' build argument 'ament_cmake_args' from command line to 'None'
[0.886s] Level 5:colcon.colcon_core.verb:set package 'hiwin_description' build argument 'catkin_cmake_args' from command line to 'None'
[0.886s] Level 5:colcon.colcon_core.verb:set package 'hiwin_description' build argument 'catkin_skip_building_tests' from command line to 'False'
[0.886s] DEBUG:colcon.colcon_core.verb:Building package 'hiwin_description' with the following arguments: {'ament_cmake_args': None, 'build_base': '/home/angel/ros2_ws/build/hiwin_description', 'catkin_cmake_args': None, 'catkin_skip_building_tests': False, 'cmake_args': None, 'cmake_clean_cache': False, 'cmake_clean_first': False, 'cmake_force_configure': False, 'cmake_target': None, 'cmake_target_skip_unavailable': False, 'install_base': '/home/angel/ros2_ws/install/hiwin_description', 'merge_install': False, 'path': '/home/angel/ros2_ws/src/hiwin_description', 'symlink_install': True, 'test_result_base': None}
[0.886s] Level 5:colcon.colcon_core.verb:set package 'hiwin_dual_arm' build argument 'cmake_args' from command line to 'None'
[0.886s] Level 5:colcon.colcon_core.verb:set package 'hiwin_dual_arm' build argument 'cmake_target' from command line to 'None'
[0.886s] Level 5:colcon.colcon_core.verb:set package 'hiwin_dual_arm' build argument 'cmake_target_skip_unavailable' from command line to 'False'
[0.886s] Level 5:colcon.colcon_core.verb:set package 'hiwin_dual_arm' build argument 'cmake_clean_cache' from command line to 'False'
[0.886s] Level 5:colcon.colcon_core.verb:set package 'hiwin_dual_arm' build argument 'cmake_clean_first' from command line to 'False'
[0.886s] Level 5:colcon.colcon_core.verb:set package 'hiwin_dual_arm' build argument 'cmake_force_configure' from command line to 'False'
[0.886s] Level 5:colcon.colcon_core.verb:set package 'hiwin_dual_arm' build argument 'ament_cmake_args' from command line to 'None'
[0.886s] Level 5:colcon.colcon_core.verb:set package 'hiwin_dual_arm' build argument 'catkin_cmake_args' from command line to 'None'
[0.886s] Level 5:colcon.colcon_core.verb:set package 'hiwin_dual_arm' build argument 'catkin_skip_building_tests' from command line to 'False'
[0.886s] DEBUG:colcon.colcon_core.verb:Building package 'hiwin_dual_arm' with the following arguments: {'ament_cmake_args': None, 'build_base': '/home/angel/ros2_ws/build/hiwin_dual_arm', 'catkin_cmake_args': None, 'catkin_skip_building_tests': False, 'cmake_args': None, 'cmake_clean_cache': False, 'cmake_clean_first': False, 'cmake_force_configure': False, 'cmake_target': None, 'cmake_target_skip_unavailable': False, 'install_base': '/home/angel/ros2_ws/install/hiwin_dual_arm', 'merge_install': False, 'path': '/home/angel/ros2_ws/src/hiwin_dual_arm', 'symlink_install': True, 'test_result_base': None}
[0.886s] INFO:colcon.colcon_core.executor:Executing jobs using 'parallel' executor
[0.887s] DEBUG:colcon.colcon_parallel_executor.executor.parallel:run_until_complete
[0.887s] INFO:colcon.colcon_ros.task.ament_cmake.build:Building ROS package in '/home/angel/ros2_ws/src/hiwin_description' with build type 'ament_cmake'
[0.888s] INFO:colcon.colcon_cmake.task.cmake.build:Building CMake package in '/home/angel/ros2_ws/src/hiwin_description'
[0.890s] INFO:colcon.colcon_core.plugin_system:Skipping extension 'colcon_core.shell.bat': Not used on non-Windows systems
[0.890s] INFO:colcon.colcon_core.shell:Skip shell extension 'powershell' for command environment: Not usable outside of PowerShell
[0.890s] DEBUG:colcon.colcon_core.shell:Skip shell extension 'dsv' for command environment
[0.892s] INFO:colcon.colcon_ros.task.ament_cmake.build:Building ROS package in '/home/angel/ros2_ws/src/dual_arm_alm_cg_planner' with build type 'ament_cmake'
[0.893s] INFO:colcon.colcon_cmake.task.cmake.build:Building CMake package in '/home/angel/ros2_ws/src/dual_arm_alm_cg_planner'
[0.893s] INFO:colcon.colcon_core.shell:Skip shell extension 'powershell' for command environment: Not usable outside of PowerShell
[0.893s] DEBUG:colcon.colcon_core.shell:Skip shell extension 'dsv' for command environment
[0.894s] INFO:colcon.colcon_ros.task.ament_cmake.build:Building ROS package in '/home/angel/ros2_ws/src/dual_arm_alm_gd_planner' with build type 'ament_cmake'
[0.894s] INFO:colcon.colcon_cmake.task.cmake.build:Building CMake package in '/home/angel/ros2_ws/src/dual_arm_alm_gd_planner'
[0.894s] INFO:colcon.colcon_core.shell:Skip shell extension 'powershell' for command environment: Not usable outside of PowerShell
[0.894s] DEBUG:colcon.colcon_core.shell:Skip shell extension 'dsv' for command environment
[0.895s] INFO:colcon.colcon_ros.task.ament_cmake.build:Building ROS package in '/home/angel/ros2_ws/src/dual_arm_alm_newton_planner' with build type 'ament_cmake'
[0.895s] INFO:colcon.colcon_cmake.task.cmake.build:Building CMake package in '/home/angel/ros2_ws/src/dual_arm_alm_newton_planner'
[0.895s] INFO:colcon.colcon_core.shell:Skip shell extension 'powershell' for command environment: Not usable outside of PowerShell
[0.896s] DEBUG:colcon.colcon_core.shell:Skip shell extension 'dsv' for command environment
[0.897s] INFO:colcon.colcon_ros.task.ament_cmake.build:Building ROS package in '/home/angel/ros2_ws/src/dual_arm_lag_cg_planner' with build type 'ament_cmake'
[0.897s] INFO:colcon.colcon_cmake.task.cmake.build:Building CMake package in '/home/angel/ros2_ws/src/dual_arm_lag_cg_planner'
[0.897s] INFO:colcon.colcon_core.shell:Skip shell extension 'powershell' for command environment: Not usable outside of PowerShell
[0.897s] DEBUG:colcon.colcon_core.shell:Skip shell extension 'dsv' for command environment
[0.898s] INFO:colcon.colcon_ros.task.ament_cmake.build:Building ROS package in '/home/angel/ros2_ws/src/dual_arm_lag_gd_planner' with build type 'ament_cmake'
[0.898s] INFO:colcon.colcon_cmake.task.cmake.build:Building CMake package in '/home/angel/ros2_ws/src/dual_arm_lag_gd_planner'
[0.898s] INFO:colcon.colcon_core.shell:Skip shell extension 'powershell' for command environment: Not usable outside of PowerShell
[0.898s] DEBUG:colcon.colcon_core.shell:Skip shell extension 'dsv' for command environment
[0.899s] INFO:colcon.colcon_ros.task.ament_cmake.build:Building ROS package in '/home/angel/ros2_ws/src/dual_arm_lag_newton_planner' with build type 'ament_cmake'
[0.899s] INFO:colcon.colcon_cmake.task.cmake.build:Building CMake package in '/home/angel/ros2_ws/src/dual_arm_lag_newton_planner'
[0.900s] INFO:colcon.colcon_core.shell:Skip shell extension 'powershell' for command environment: Not usable outside of PowerShell
[0.900s] DEBUG:colcon.colcon_core.shell:Skip shell extension 'dsv' for command environment
[0.904s] DEBUG:colcon.colcon_core.event_handler.log_command:Invoking command in '/home/angel/ros2_ws/build/hiwin_description': /usr/bin/cmake /home/angel/ros2_ws/src/hiwin_description -DAMENT_CMAKE_SYMLINK_INSTALL=1 -DCMAKE_INSTALL_PREFIX=/home/angel/ros2_ws/install/hiwin_description
[0.908s] DEBUG:colcon.colcon_core.event_handler.log_command:Invoking command in '/home/angel/ros2_ws/build/dual_arm_alm_cg_planner': /usr/bin/cmake /home/angel/ros2_ws/src/dual_arm_alm_cg_planner -DAMENT_CMAKE_SYMLINK_INSTALL=1 -DCMAKE_INSTALL_PREFIX=/home/angel/ros2_ws/install/dual_arm_alm_cg_planner
[0.909s] DEBUG:colcon.colcon_core.event_handler.log_command:Invoking command in '/home/angel/ros2_ws/build/dual_arm_alm_gd_planner': /usr/bin/cmake /home/angel/ros2_ws/src/dual_arm_alm_gd_planner -DAMENT_CMAKE_SYMLINK_INSTALL=1 -DCMAKE_INSTALL_PREFIX=/home/angel/ros2_ws/install/dual_arm_alm_gd_planner
[0.910s] DEBUG:colcon.colcon_core.event_handler.log_command:Invoking command in '/home/angel/ros2_ws/build/dual_arm_alm_newton_planner': /usr/bin/cmake /home/angel/ros2_ws/src/dual_arm_alm_newton_planner -DAMENT_CMAKE_SYMLINK_INSTALL=1 -DCMAKE_INSTALL_PREFIX=/home/angel/ros2_ws/install/dual_arm_alm_newton_planner
[0.912s] DEBUG:colcon.colcon_core.event_handler.log_command:Invoking command in '/home/angel/ros2_ws/build/dual_arm_lag_cg_planner': /usr/bin/cmake /home/angel/ros2_ws/src/dual_arm_lag_cg_planner -DAMENT_CMAKE_SYMLINK_INSTALL=1 -DCMAKE_INSTALL_PREFIX=/home/angel/ros2_ws/install/dual_arm_lag_cg_planner
[0.915s] DEBUG:colcon.colcon_core.event_handler.log_command:Invoking command in '/home/angel/ros2_ws/build/dual_arm_lag_gd_planner': /usr/bin/cmake /home/angel/ros2_ws/src/dual_arm_lag_gd_planner -DAMENT_CMAKE_SYMLINK_INSTALL=1 -DCMAKE_INSTALL_PREFIX=/home/angel/ros2_ws/install/dual_arm_lag_gd_planner
[0.919s] DEBUG:colcon.colcon_core.event_handler.log_command:Invoking command in '/home/angel/ros2_ws/build/dual_arm_lag_newton_planner': /usr/bin/cmake /home/angel/ros2_ws/src/dual_arm_lag_newton_planner -DAMENT_CMAKE_SYMLINK_INSTALL=1 -DCMAKE_INSTALL_PREFIX=/home/angel/ros2_ws/install/dual_arm_lag_newton_planner
[1.812s] DEBUG:colcon.colcon_core.event_handler.log_command:Invoked command in '/home/angel/ros2_ws/build/hiwin_description' returned '1': /usr/bin/cmake /home/angel/ros2_ws/src/hiwin_description -DAMENT_CMAKE_SYMLINK_INSTALL=1 -DCMAKE_INSTALL_PREFIX=/home/angel/ros2_ws/install/hiwin_description
[1.814s] DEBUG:colcon.colcon_core.event_handler.log_command:Invoked command in '/home/angel/ros2_ws/build/dual_arm_lag_gd_planner' returned '1': /usr/bin/cmake /home/angel/ros2_ws/src/dual_arm_lag_gd_planner -DAMENT_CMAKE_SYMLINK_INSTALL=1 -DCMAKE_INSTALL_PREFIX=/home/angel/ros2_ws/install/dual_arm_lag_gd_planner
[1.815s] DEBUG:colcon.colcon_core.event_handler.log_command:Invoked command in '/home/angel/ros2_ws/build/dual_arm_alm_cg_planner' returned '1': /usr/bin/cmake /home/angel/ros2_ws/src/dual_arm_alm_cg_planner -DAMENT_CMAKE_SYMLINK_INSTALL=1 -DCMAKE_INSTALL_PREFIX=/home/angel/ros2_ws/install/dual_arm_alm_cg_planner
[1.817s] DEBUG:colcon.colcon_core.event_handler.log_command:Invoked command in '/home/angel/ros2_ws/build/dual_arm_alm_newton_planner' returned '1': /usr/bin/cmake /home/angel/ros2_ws/src/dual_arm_alm_newton_planner -DAMENT_CMAKE_SYMLINK_INSTALL=1 -DCMAKE_INSTALL_PREFIX=/home/angel/ros2_ws/install/dual_arm_alm_newton_planner
[1.820s] DEBUG:colcon.colcon_core.event_handler.log_command:Invoked command in '/home/angel/ros2_ws/build/dual_arm_alm_gd_planner' returned '1': /usr/bin/cmake /home/angel/ros2_ws/src/dual_arm_alm_gd_planner -DAMENT_CMAKE_SYMLINK_INSTALL=1 -DCMAKE_INSTALL_PREFIX=/home/angel/ros2_ws/install/dual_arm_alm_gd_planner
[1.825s] DEBUG:colcon.colcon_core.event_handler.log_command:Invoked command in '/home/angel/ros2_ws/build/dual_arm_lag_cg_planner' returned '1': /usr/bin/cmake /home/angel/ros2_ws/src/dual_arm_lag_cg_planner -DAMENT_CMAKE_SYMLINK_INSTALL=1 -DCMAKE_INSTALL_PREFIX=/home/angel/ros2_ws/install/dual_arm_lag_cg_planner
[1.832s] DEBUG:colcon.colcon_core.event_handler.log_command:Invoked command in '/home/angel/ros2_ws/build/dual_arm_lag_newton_planner' returned '1': /usr/bin/cmake /home/angel/ros2_ws/src/dual_arm_lag_newton_planner -DAMENT_CMAKE_SYMLINK_INSTALL=1 -DCMAKE_INSTALL_PREFIX=/home/angel/ros2_ws/install/dual_arm_lag_newton_planner
[1.839s] Level 1:colcon.colcon_core.environment:create_environment_scripts_only(hiwin_description)
[1.892s] Level 1:colcon.colcon_core.environment:checking '/home/angel/ros2_ws/install/hiwin_description' for CMake module files
[1.893s] Level 1:colcon.colcon_core.environment:checking '/home/angel/ros2_ws/install/hiwin_description' for CMake config files
[1.894s] Level 1:colcon.colcon_core.environment:checking '/home/angel/ros2_ws/install/hiwin_description/bin'
[1.894s] Level 1:colcon.colcon_core.environment:checking '/home/angel/ros2_ws/install/hiwin_description/lib/pkgconfig/hiwin_description.pc'
[1.899s] Level 1:colcon.colcon_core.environment:checking '/home/angel/ros2_ws/install/hiwin_description/lib/python3.10/site-packages'
[1.900s] Level 1:colcon.colcon_core.environment:checking '/home/angel/ros2_ws/install/hiwin_description/bin'
[1.900s] INFO:colcon.colcon_core.shell:Creating package script '/home/angel/ros2_ws/install/hiwin_description/share/hiwin_description/package.ps1'
[1.903s] INFO:colcon.colcon_core.shell:Creating package descriptor '/home/angel/ros2_ws/install/hiwin_description/share/hiwin_description/package.dsv'
[1.904s] INFO:colcon.colcon_core.shell:Creating package script '/home/angel/ros2_ws/install/hiwin_description/share/hiwin_description/package.sh'
[1.905s] INFO:colcon.colcon_core.shell:Creating package script '/home/angel/ros2_ws/install/hiwin_description/share/hiwin_description/package.bash'
[1.907s] INFO:colcon.colcon_core.shell:Creating package script '/home/angel/ros2_ws/install/hiwin_description/share/hiwin_description/package.zsh'
[1.916s] Level 1:colcon.colcon_core.environment:create_file_with_runtime_dependencies(/home/angel/ros2_ws/install/hiwin_description/share/colcon-core/packages/hiwin_description)
[1.917s] Level 1:colcon.colcon_core.environment:create_environment_scripts_only(dual_arm_lag_gd_planner)
[1.917s] Level 1:colcon.colcon_core.environment:checking '/home/angel/ros2_ws/install/dual_arm_lag_gd_planner' for CMake module files
[1.918s] Level 1:colcon.colcon_core.environment:checking '/home/angel/ros2_ws/install/dual_arm_lag_gd_planner' for CMake config files
[1.919s] Level 1:colcon.colcon_core.environment:checking '/home/angel/ros2_ws/install/dual_arm_lag_gd_planner/bin'
[1.919s] Level 1:colcon.colcon_core.environment:checking '/home/angel/ros2_ws/install/dual_arm_lag_gd_planner/lib/pkgconfig/dual_arm_lag_gd_planner.pc'
[1.919s] Level 1:colcon.colcon_core.environment:checking '/home/angel/ros2_ws/install/dual_arm_lag_gd_planner/lib/python3.10/site-packages'
[1.920s] Level 1:colcon.colcon_core.environment:checking '/home/angel/ros2_ws/install/dual_arm_lag_gd_planner/bin'
[1.920s] INFO:colcon.colcon_core.shell:Creating package script '/home/angel/ros2_ws/install/dual_arm_lag_gd_planner/share/dual_arm_lag_gd_planner/package.ps1'
[1.921s] INFO:colcon.colcon_core.shell:Creating package descriptor '/home/angel/ros2_ws/install/dual_arm_lag_gd_planner/share/dual_arm_lag_gd_planner/package.dsv'
[1.922s] INFO:colcon.colcon_core.shell:Creating package script '/home/angel/ros2_ws/install/dual_arm_lag_gd_planner/share/dual_arm_lag_gd_planner/package.sh'
[1.922s] INFO:colcon.colcon_core.shell:Creating package script '/home/angel/ros2_ws/install/dual_arm_lag_gd_planner/share/dual_arm_lag_gd_planner/package.bash'
[1.923s] INFO:colcon.colcon_core.shell:Creating package script '/home/angel/ros2_ws/install/dual_arm_lag_gd_planner/share/dual_arm_lag_gd_planner/package.zsh'
[1.923s] Level 1:colcon.colcon_core.environment:create_file_with_runtime_dependencies(/home/angel/ros2_ws/install/dual_arm_lag_gd_planner/share/colcon-core/packages/dual_arm_lag_gd_planner)
[1.925s] Level 1:colcon.colcon_core.environment:create_environment_scripts_only(dual_arm_alm_cg_planner)
[1.925s] Level 1:colcon.colcon_core.environment:checking '/home/angel/ros2_ws/install/dual_arm_alm_cg_planner' for CMake module files
[1.926s] Level 1:colcon.colcon_core.environment:checking '/home/angel/ros2_ws/install/dual_arm_alm_cg_planner' for CMake config files
[1.926s] Level 1:colcon.colcon_core.environment:checking '/home/angel/ros2_ws/install/dual_arm_alm_cg_planner/bin'
[1.926s] Level 1:colcon.colcon_core.environment:checking '/home/angel/ros2_ws/install/dual_arm_alm_cg_planner/lib/pkgconfig/dual_arm_alm_cg_planner.pc'
[1.927s] Level 1:colcon.colcon_core.environment:checking '/home/angel/ros2_ws/install/dual_arm_alm_cg_planner/lib/python3.10/site-packages'
[1.927s] Level 1:colcon.colcon_core.environment:checking '/home/angel/ros2_ws/install/dual_arm_alm_cg_planner/bin'
[1.928s] INFO:colcon.colcon_core.shell:Creating package script '/home/angel/ros2_ws/install/dual_arm_alm_cg_planner/share/dual_arm_alm_cg_planner/package.ps1'
[1.929s] INFO:colcon.colcon_core.shell:Creating package descriptor '/home/angel/ros2_ws/install/dual_arm_alm_cg_planner/share/dual_arm_alm_cg_planner/package.dsv'
[1.929s] INFO:colcon.colcon_core.shell:Creating package script '/home/angel/ros2_ws/install/dual_arm_alm_cg_planner/share/dual_arm_alm_cg_planner/package.sh'
[1.930s] INFO:colcon.colcon_core.shell:Creating package script '/home/angel/ros2_ws/install/dual_arm_alm_cg_planner/share/dual_arm_alm_cg_planner/package.bash'
[1.931s] INFO:colcon.colcon_core.shell:Creating package script '/home/angel/ros2_ws/install/dual_arm_alm_cg_planner/share/dual_arm_alm_cg_planner/package.zsh'
[1.931s] Level 1:colcon.colcon_core.environment:create_file_with_runtime_dependencies(/home/angel/ros2_ws/install/dual_arm_alm_cg_planner/share/colcon-core/packages/dual_arm_alm_cg_planner)
[1.943s] DEBUG:colcon.colcon_parallel_executor.executor.parallel:closing loop
[1.944s] DEBUG:colcon.colcon_parallel_executor.executor.parallel:loop closed
[1.944s] DEBUG:colcon.colcon_parallel_executor.executor.parallel:run_until_complete finished with '1'
[1.944s] DEBUG:colcon.colcon_core.event_reactor:joining thread
[2.115s] INFO:colcon.colcon_core.plugin_system:Skipping extension 'colcon_notification.desktop_notification.notify_send': Could not find 'notify-send'
[2.115s] INFO:colcon.colcon_core.plugin_system:Skipping extension 'colcon_notification.desktop_notification.terminal_notifier': Not used on non-Darwin systems
[2.115s] INFO:colcon.colcon_core.plugin_system:Skipping extension 'colcon_notification.desktop_notification.win32': Not used on non-Windows systems
[2.116s] INFO:colcon.colcon_notification.desktop_notification:Sending desktop notification using 'notify2'
[2.159s] DEBUG:colcon.colcon_core.event_reactor:joined thread
[2.160s] INFO:colcon.colcon_core.shell:Creating prefix script '/home/angel/ros2_ws/install/local_setup.ps1'
[2.162s] INFO:colcon.colcon_core.shell:Creating prefix util module '/home/angel/ros2_ws/install/_local_setup_util_ps1.py'
[2.181s] INFO:colcon.colcon_core.shell:Creating prefix chain script '/home/angel/ros2_ws/install/setup.ps1'
[2.182s] INFO:colcon.colcon_core.shell:Creating prefix script '/home/angel/ros2_ws/install/local_setup.sh'
[2.183s] INFO:colcon.colcon_core.shell:Creating prefix util module '/home/angel/ros2_ws/install/_local_setup_util_sh.py'
[2.184s] INFO:colcon.colcon_core.shell:Creating prefix chain script '/home/angel/ros2_ws/install/setup.sh'
[2.184s] INFO:colcon.colcon_core.shell:Creating prefix script '/home/angel/ros2_ws/install/local_setup.bash'
[2.185s] INFO:colcon.colcon_core.shell:Creating prefix chain script '/home/angel/ros2_ws/install/setup.bash'
[2.185s] INFO:colcon.colcon_core.shell:Creating prefix script '/home/angel/ros2_ws/install/local_setup.zsh'
[2.186s] INFO:colcon.colcon_core.shell:Creating prefix chain script '/home/angel/ros2_ws/install/setup.zsh'
