[0.048s] Invoking command in '/home/angel/0710_code/build/hiwin_description': CMAKE_PREFIX_PATH=${CMAKE_PREFIX_PATH}:/opt/ros/humble /usr/bin/cmake --build /home/angel/0710_code/build/hiwin_description -- -j8 -l8
[0.125s] Invoked command in '/home/angel/0710_code/build/hiwin_description' returned '0': CMAKE_PREFIX_PATH=${CMAKE_PREFIX_PATH}:/opt/ros/humble /usr/bin/cmake --build /home/angel/0710_code/build/hiwin_description -- -j8 -l8
[0.137s] Invoking command in '/home/angel/0710_code/build/hiwin_description': CMAKE_PREFIX_PATH=${CMAKE_PREFIX_PATH}:/opt/ros/humble /usr/bin/cmake --install /home/angel/0710_code/build/hiwin_description
[1.138s] -- Install configuration: ""
[1.138s] -- Up-to-date: /home/angel/0710_code/install/hiwin_description/share/hiwin_description/config
[1.138s] -- Up-to-date: /home/angel/0710_code/install/hiwin_description/share/hiwin_description/config/rs405_400_200
[1.138s] -- Up-to-date: /home/angel/0710_code/install/hiwin_description/share/hiwin_description/config/rs405_400_200/joint_limits.yaml
[1.138s] -- Up-to-date: /home/angel/0710_code/install/hiwin_description/share/hiwin_description/config/rs405_400_200/physical_parameters.yaml
[1.138s] -- Up-to-date: /home/angel/0710_code/install/hiwin_description/share/hiwin_description/config/rs405_400_200/default_kinematics.yaml
[1.138s] -- Up-to-date: /home/angel/0710_code/install/hiwin_description/share/hiwin_description/config/rs405_400_200/visual_parameters.yaml
[1.139s] -- Up-to-date: /home/angel/0710_code/install/hiwin_description/share/hiwin_description/config/ra610_1355
[1.139s] -- Up-to-date: /home/angel/0710_code/install/hiwin_description/share/hiwin_description/config/ra610_1355/joint_limits.yaml
[1.139s] -- Up-to-date: /home/angel/0710_code/install/hiwin_description/share/hiwin_description/config/ra610_1355/physical_parameters.yaml
[1.139s] -- Up-to-date: /home/angel/0710_code/install/hiwin_description/share/hiwin_description/config/ra610_1355/default_kinematics.yaml
[1.139s] -- Up-to-date: /home/angel/0710_code/install/hiwin_description/share/hiwin_description/config/ra610_1355/visual_parameters.yaml
[1.139s] -- Up-to-date: /home/angel/0710_code/install/hiwin_description/share/hiwin_description/config/ra610_1869
[1.139s] -- Up-to-date: /home/angel/0710_code/install/hiwin_description/share/hiwin_description/config/ra610_1869/joint_limits.yaml
[1.139s] -- Up-to-date: /home/angel/0710_code/install/hiwin_description/share/hiwin_description/config/ra610_1869/physical_parameters.yaml
[1.139s] -- Up-to-date: /home/angel/0710_code/install/hiwin_description/share/hiwin_description/config/ra610_1869/default_kinematics.yaml
[1.139s] -- Up-to-date: /home/angel/0710_code/install/hiwin_description/share/hiwin_description/config/ra610_1869/visual_parameters.yaml
[1.139s] -- Up-to-date: /home/angel/0710_code/install/hiwin_description/share/hiwin_description/config/ra610_1476
[1.139s] -- Up-to-date: /home/angel/0710_code/install/hiwin_description/share/hiwin_description/config/ra610_1476/joint_limits.yaml
[1.139s] -- Up-to-date: /home/angel/0710_code/install/hiwin_description/share/hiwin_description/config/ra610_1476/physical_parameters.yaml
[1.139s] -- Up-to-date: /home/angel/0710_code/install/hiwin_description/share/hiwin_description/config/ra610_1476/default_kinematics.yaml
[1.139s] -- Up-to-date: /home/angel/0710_code/install/hiwin_description/share/hiwin_description/config/ra610_1476/visual_parameters.yaml
[1.139s] -- Up-to-date: /home/angel/0710_code/install/hiwin_description/share/hiwin_description/config/ra605_710
[1.139s] -- Up-to-date: /home/angel/0710_code/install/hiwin_description/share/hiwin_description/config/ra605_710/joint_limits.yaml
[1.139s] -- Up-to-date: /home/angel/0710_code/install/hiwin_description/share/hiwin_description/config/ra605_710/physical_parameters.yaml
[1.139s] -- Up-to-date: /home/angel/0710_code/install/hiwin_description/share/hiwin_description/config/ra605_710/default_kinematics.yaml
[1.139s] -- Up-to-date: /home/angel/0710_code/install/hiwin_description/share/hiwin_description/config/ra605_710/visual_parameters.yaml
[1.140s] -- Up-to-date: /home/angel/0710_code/install/hiwin_description/share/hiwin_description/config/rs405_500_400
[1.140s] -- Up-to-date: /home/angel/0710_code/install/hiwin_description/share/hiwin_description/config/rs405_500_400/joint_limits.yaml
[1.140s] -- Up-to-date: /home/angel/0710_code/install/hiwin_description/share/hiwin_description/config/rs405_500_400/physical_parameters.yaml
[1.140s] -- Up-to-date: /home/angel/0710_code/install/hiwin_description/share/hiwin_description/config/rs405_500_400/default_kinematics.yaml
[1.140s] -- Up-to-date: /home/angel/0710_code/install/hiwin_description/share/hiwin_description/config/rs405_500_400/visual_parameters.yaml
[1.140s] -- Up-to-date: /home/angel/0710_code/install/hiwin_description/share/hiwin_description/launch
[1.140s] -- Up-to-date: /home/angel/0710_code/install/hiwin_description/share/hiwin_description/launch/view_rs.launch.py
[1.141s] -- Up-to-date: /home/angel/0710_code/install/hiwin_description/share/hiwin_description/launch/view_ra.launch.py
[1.142s] -- Up-to-date: /home/angel/0710_code/install/hiwin_description/share/hiwin_description/meshes
[1.142s] -- Up-to-date: /home/angel/0710_code/install/hiwin_description/share/hiwin_description/meshes/platform
[1.142s] -- Up-to-date: /home/angel/0710_code/install/hiwin_description/share/hiwin_description/meshes/platform/visual
[1.142s] -- Up-to-date: /home/angel/0710_code/install/hiwin_description/share/hiwin_description/meshes/platform/visual/ra605_platform.STL
[1.142s] -- Up-to-date: /home/angel/0710_code/install/hiwin_description/share/hiwin_description/meshes/platform/visual/ra610_platform.STL
[1.142s] -- Up-to-date: /home/angel/0710_code/install/hiwin_description/share/hiwin_description/meshes/platform/collision
[1.142s] -- Up-to-date: /home/angel/0710_code/install/hiwin_description/share/hiwin_description/meshes/platform/collision/ra605_platform.STL
[1.142s] -- Up-to-date: /home/angel/0710_code/install/hiwin_description/share/hiwin_description/meshes/platform/collision/ra610_platform.STL
[1.142s] -- Up-to-date: /home/angel/0710_code/install/hiwin_description/share/hiwin_description/meshes/rs405_400_200
[1.142s] -- Up-to-date: /home/angel/0710_code/install/hiwin_description/share/hiwin_description/meshes/rs405_400_200/visual
[1.142s] -- Up-to-date: /home/angel/0710_code/install/hiwin_description/share/hiwin_description/meshes/rs405_400_200/visual/link_1.stl
[1.142s] -- Up-to-date: /home/angel/0710_code/install/hiwin_description/share/hiwin_description/meshes/rs405_400_200/visual/base.stl
[1.142s] -- Up-to-date: /home/angel/0710_code/install/hiwin_description/share/hiwin_description/meshes/rs405_400_200/visual/link_3.stl
[1.142s] -- Up-to-date: /home/angel/0710_code/install/hiwin_description/share/hiwin_description/meshes/rs405_400_200/visual/link_2.stl
[1.142s] -- Up-to-date: /home/angel/0710_code/install/hiwin_description/share/hiwin_description/meshes/rs405_400_200/collision
[1.147s] -- Up-to-date: /home/angel/0710_code/install/hiwin_description/share/hiwin_description/meshes/rs405_400_200/collision/link_1.stl
[1.147s] -- Up-to-date: /home/angel/0710_code/install/hiwin_description/share/hiwin_description/meshes/rs405_400_200/collision/base.stl
[1.147s] -- Up-to-date: /home/angel/0710_code/install/hiwin_description/share/hiwin_description/meshes/rs405_400_200/collision/link_3.stl
[1.147s] -- Up-to-date: /home/angel/0710_code/install/hiwin_description/share/hiwin_description/meshes/rs405_400_200/collision/link_2.stl
[1.147s] -- Up-to-date: /home/angel/0710_code/install/hiwin_description/share/hiwin_description/meshes/ra610_1355
[1.147s] -- Up-to-date: /home/angel/0710_code/install/hiwin_description/share/hiwin_description/meshes/ra610_1355/visual
[1.147s] -- Up-to-date: /home/angel/0710_code/install/hiwin_description/share/hiwin_description/meshes/ra610_1355/visual/link_1.stl
[1.147s] -- Up-to-date: /home/angel/0710_code/install/hiwin_description/share/hiwin_description/meshes/ra610_1355/visual/link_5.stl
[1.147s] -- Up-to-date: /home/angel/0710_code/install/hiwin_description/share/hiwin_description/meshes/ra610_1355/visual/link_4.stl
[1.147s] -- Up-to-date: /home/angel/0710_code/install/hiwin_description/share/hiwin_description/meshes/ra610_1355/visual/base.stl
[1.147s] -- Up-to-date: /home/angel/0710_code/install/hiwin_description/share/hiwin_description/meshes/ra610_1355/visual/link_3.stl
[1.147s] -- Up-to-date: /home/angel/0710_code/install/hiwin_description/share/hiwin_description/meshes/ra610_1355/visual/link_2.stl
[1.148s] -- Up-to-date: /home/angel/0710_code/install/hiwin_description/share/hiwin_description/meshes/ra610_1355/visual/link_6.stl
[1.148s] -- Up-to-date: /home/angel/0710_code/install/hiwin_description/share/hiwin_description/meshes/ra610_1355/collision
[1.148s] -- Up-to-date: /home/angel/0710_code/install/hiwin_description/share/hiwin_description/meshes/ra610_1355/collision/link_1.stl
[1.148s] -- Up-to-date: /home/angel/0710_code/install/hiwin_description/share/hiwin_description/meshes/ra610_1355/collision/link_5.stl
[1.148s] -- Up-to-date: /home/angel/0710_code/install/hiwin_description/share/hiwin_description/meshes/ra610_1355/collision/link_1_new.stl
[1.149s] -- Up-to-date: /home/angel/0710_code/install/hiwin_description/share/hiwin_description/meshes/ra610_1355/collision/link_4.stl
[1.149s] -- Up-to-date: /home/angel/0710_code/install/hiwin_description/share/hiwin_description/meshes/ra610_1355/collision/base.stl
[1.149s] -- Up-to-date: /home/angel/0710_code/install/hiwin_description/share/hiwin_description/meshes/ra610_1355/collision/link_3.stl
[1.149s] -- Up-to-date: /home/angel/0710_code/install/hiwin_description/share/hiwin_description/meshes/ra610_1355/collision/link_2.stl
[1.149s] -- Up-to-date: /home/angel/0710_code/install/hiwin_description/share/hiwin_description/meshes/ra610_1355/collision/base_new.stl
[1.149s] -- Up-to-date: /home/angel/0710_code/install/hiwin_description/share/hiwin_description/meshes/ra610_1355/collision/link_6.stl
[1.150s] -- Up-to-date: /home/angel/0710_code/install/hiwin_description/share/hiwin_description/meshes/ra610_1869
[1.150s] -- Up-to-date: /home/angel/0710_code/install/hiwin_description/share/hiwin_description/meshes/ra610_1869/visual
[1.150s] -- Up-to-date: /home/angel/0710_code/install/hiwin_description/share/hiwin_description/meshes/ra610_1869/visual/link_1.stl
[1.150s] -- Up-to-date: /home/angel/0710_code/install/hiwin_description/share/hiwin_description/meshes/ra610_1869/visual/link_5.stl
[1.150s] -- Up-to-date: /home/angel/0710_code/install/hiwin_description/share/hiwin_description/meshes/ra610_1869/visual/link_4.stl
[1.150s] -- Up-to-date: /home/angel/0710_code/install/hiwin_description/share/hiwin_description/meshes/ra610_1869/visual/base.stl
[1.150s] -- Up-to-date: /home/angel/0710_code/install/hiwin_description/share/hiwin_description/meshes/ra610_1869/visual/link_3.stl
[1.150s] -- Up-to-date: /home/angel/0710_code/install/hiwin_description/share/hiwin_description/meshes/ra610_1869/visual/link_2.stl
[1.150s] -- Up-to-date: /home/angel/0710_code/install/hiwin_description/share/hiwin_description/meshes/ra610_1869/visual/link_6.stl
[1.150s] -- Up-to-date: /home/angel/0710_code/install/hiwin_description/share/hiwin_description/meshes/ra610_1869/collision
[1.150s] -- Up-to-date: /home/angel/0710_code/install/hiwin_description/share/hiwin_description/meshes/ra610_1869/collision/link_1.stl
[1.150s] -- Up-to-date: /home/angel/0710_code/install/hiwin_description/share/hiwin_description/meshes/ra610_1869/collision/link_5.stl
[1.150s] -- Up-to-date: /home/angel/0710_code/install/hiwin_description/share/hiwin_description/meshes/ra610_1869/collision/link_4.stl
[1.150s] -- Up-to-date: /home/angel/0710_code/install/hiwin_description/share/hiwin_description/meshes/ra610_1869/collision/base.stl
[1.150s] -- Up-to-date: /home/angel/0710_code/install/hiwin_description/share/hiwin_description/meshes/ra610_1869/collision/link_3.stl
[1.150s] -- Up-to-date: /home/angel/0710_code/install/hiwin_description/share/hiwin_description/meshes/ra610_1869/collision/link_2.stl
[1.150s] -- Up-to-date: /home/angel/0710_code/install/hiwin_description/share/hiwin_description/meshes/ra610_1869/collision/link_6.stl
[1.150s] -- Up-to-date: /home/angel/0710_code/install/hiwin_description/share/hiwin_description/meshes/ra610_1476
[1.150s] -- Up-to-date: /home/angel/0710_code/install/hiwin_description/share/hiwin_description/meshes/ra610_1476/visual
[1.154s] -- Up-to-date: /home/angel/0710_code/install/hiwin_description/share/hiwin_description/meshes/ra610_1476/visual/link_1.stl
[1.155s] -- Up-to-date: /home/angel/0710_code/install/hiwin_description/share/hiwin_description/meshes/ra610_1476/visual/link_5.stl
[1.155s] -- Up-to-date: /home/angel/0710_code/install/hiwin_description/share/hiwin_description/meshes/ra610_1476/visual/link_4.stl
[1.155s] -- Up-to-date: /home/angel/0710_code/install/hiwin_description/share/hiwin_description/meshes/ra610_1476/visual/base.stl
[1.155s] -- Up-to-date: /home/angel/0710_code/install/hiwin_description/share/hiwin_description/meshes/ra610_1476/visual/link_3.stl
[1.155s] -- Up-to-date: /home/angel/0710_code/install/hiwin_description/share/hiwin_description/meshes/ra610_1476/visual/link_2.stl
[1.155s] -- Up-to-date: /home/angel/0710_code/install/hiwin_description/share/hiwin_description/meshes/ra610_1476/visual/link_6.stl
[1.155s] -- Up-to-date: /home/angel/0710_code/install/hiwin_description/share/hiwin_description/meshes/ra610_1476/collision
[1.155s] -- Up-to-date: /home/angel/0710_code/install/hiwin_description/share/hiwin_description/meshes/ra610_1476/collision/link_1.stl
[1.155s] -- Up-to-date: /home/angel/0710_code/install/hiwin_description/share/hiwin_description/meshes/ra610_1476/collision/link_5.stl
[1.155s] -- Up-to-date: /home/angel/0710_code/install/hiwin_description/share/hiwin_description/meshes/ra610_1476/collision/link_4.stl
[1.155s] -- Up-to-date: /home/angel/0710_code/install/hiwin_description/share/hiwin_description/meshes/ra610_1476/collision/base.stl
[1.155s] -- Up-to-date: /home/angel/0710_code/install/hiwin_description/share/hiwin_description/meshes/ra610_1476/collision/link_3.stl
[1.155s] -- Up-to-date: /home/angel/0710_code/install/hiwin_description/share/hiwin_description/meshes/ra610_1476/collision/link_2.stl
[1.155s] -- Up-to-date: /home/angel/0710_code/install/hiwin_description/share/hiwin_description/meshes/ra610_1476/collision/link_6.stl
[1.155s] -- Up-to-date: /home/angel/0710_code/install/hiwin_description/share/hiwin_description/meshes/ra605_710
[1.155s] -- Up-to-date: /home/angel/0710_code/install/hiwin_description/share/hiwin_description/meshes/ra605_710/visual
[1.155s] -- Up-to-date: /home/angel/0710_code/install/hiwin_description/share/hiwin_description/meshes/ra605_710/visual/link_1.stl
[1.155s] -- Up-to-date: /home/angel/0710_code/install/hiwin_description/share/hiwin_description/meshes/ra605_710/visual/link_5.stl
[1.155s] -- Up-to-date: /home/angel/0710_code/install/hiwin_description/share/hiwin_description/meshes/ra605_710/visual/link_4.stl
[1.155s] -- Up-to-date: /home/angel/0710_code/install/hiwin_description/share/hiwin_description/meshes/ra605_710/visual/base.stl
[1.156s] -- Up-to-date: /home/angel/0710_code/install/hiwin_description/share/hiwin_description/meshes/ra605_710/visual/link_3.stl
[1.156s] -- Up-to-date: /home/angel/0710_code/install/hiwin_description/share/hiwin_description/meshes/ra605_710/visual/link_2.stl
[1.156s] -- Up-to-date: /home/angel/0710_code/install/hiwin_description/share/hiwin_description/meshes/ra605_710/visual/link_6.stl
[1.156s] -- Up-to-date: /home/angel/0710_code/install/hiwin_description/share/hiwin_description/meshes/ra605_710/collision
[1.156s] -- Up-to-date: /home/angel/0710_code/install/hiwin_description/share/hiwin_description/meshes/ra605_710/collision/link_1.stl
[1.156s] -- Up-to-date: /home/angel/0710_code/install/hiwin_description/share/hiwin_description/meshes/ra605_710/collision/link_5.stl
[1.156s] -- Up-to-date: /home/angel/0710_code/install/hiwin_description/share/hiwin_description/meshes/ra605_710/collision/link_4.stl
[1.156s] -- Up-to-date: /home/angel/0710_code/install/hiwin_description/share/hiwin_description/meshes/ra605_710/collision/base.stl
[1.156s] -- Up-to-date: /home/angel/0710_code/install/hiwin_description/share/hiwin_description/meshes/ra605_710/collision/link_3.stl
[1.156s] -- Up-to-date: /home/angel/0710_code/install/hiwin_description/share/hiwin_description/meshes/ra605_710/collision/link_2.stl
[1.156s] -- Up-to-date: /home/angel/0710_code/install/hiwin_description/share/hiwin_description/meshes/ra605_710/collision/link_6.stl
[1.156s] -- Up-to-date: /home/angel/0710_code/install/hiwin_description/share/hiwin_description/meshes/rs405_500_400
[1.156s] -- Up-to-date: /home/angel/0710_code/install/hiwin_description/share/hiwin_description/meshes/rs405_500_400/visual
[1.156s] -- Up-to-date: /home/angel/0710_code/install/hiwin_description/share/hiwin_description/meshes/rs405_500_400/visual/link_1.stl
[1.156s] -- Up-to-date: /home/angel/0710_code/install/hiwin_description/share/hiwin_description/meshes/rs405_500_400/visual/base.stl
[1.156s] -- Up-to-date: /home/angel/0710_code/install/hiwin_description/share/hiwin_description/meshes/rs405_500_400/visual/link_3.stl
[1.156s] -- Up-to-date: /home/angel/0710_code/install/hiwin_description/share/hiwin_description/meshes/rs405_500_400/visual/link_2.stl
[1.156s] -- Up-to-date: /home/angel/0710_code/install/hiwin_description/share/hiwin_description/meshes/rs405_500_400/collision
[1.156s] -- Up-to-date: /home/angel/0710_code/install/hiwin_description/share/hiwin_description/meshes/rs405_500_400/collision/link_1.stl
[1.156s] -- Up-to-date: /home/angel/0710_code/install/hiwin_description/share/hiwin_description/meshes/rs405_500_400/collision/base.stl
[1.157s] -- Up-to-date: /home/angel/0710_code/install/hiwin_description/share/hiwin_description/meshes/rs405_500_400/collision/link_3.stl
[1.157s] -- Up-to-date: /home/angel/0710_code/install/hiwin_description/share/hiwin_description/meshes/rs405_500_400/collision/link_2.stl
[1.157s] -- Up-to-date: /home/angel/0710_code/install/hiwin_description/share/hiwin_description/rviz
[1.157s] -- Up-to-date: /home/angel/0710_code/install/hiwin_description/share/hiwin_description/rviz/view_robot.rviz
[1.157s] -- Up-to-date: /home/angel/0710_code/install/hiwin_description/share/hiwin_description/urdf
[1.157s] -- Up-to-date: /home/angel/0710_code/install/hiwin_description/share/hiwin_description/urdf/big_arm_platform.urdf.xacro
[1.157s] -- Up-to-date: /home/angel/0710_code/install/hiwin_description/share/hiwin_description/urdf/small_arm_platform.urdf.xacro
[1.157s] -- Up-to-date: /home/angel/0710_code/install/hiwin_description/share/hiwin_description/urdf/rs_macro.xacro
[1.157s] -- Up-to-date: /home/angel/0710_code/install/hiwin_description/share/hiwin_description/urdf/dual_hiwin_arms_old.urdf.xacro
[1.157s] -- Up-to-date: /home/angel/0710_code/install/hiwin_description/share/hiwin_description/urdf/dual_hiwin_arms.urdf.xacro
[1.157s] -- Up-to-date: /home/angel/0710_code/install/hiwin_description/share/hiwin_description/urdf/ra.urdf.xacro
[1.157s] -- Up-to-date: /home/angel/0710_code/install/hiwin_description/share/hiwin_description/urdf/inc
[1.157s] -- Up-to-date: /home/angel/0710_code/install/hiwin_description/share/hiwin_description/urdf/inc/common.xacro
[1.157s] -- Up-to-date: /home/angel/0710_code/install/hiwin_description/share/hiwin_description/urdf/rs.urdf.xacro
[1.157s] -- Up-to-date: /home/angel/0710_code/install/hiwin_description/share/hiwin_description/urdf/ra_macro.xacro
[1.157s] -- Up-to-date: /home/angel/0710_code/install/hiwin_description/share/ament_index/resource_index/package_run_dependencies/hiwin_description
[1.157s] -- Up-to-date: /home/angel/0710_code/install/hiwin_description/share/ament_index/resource_index/parent_prefix_path/hiwin_description
[1.157s] -- Up-to-date: /home/angel/0710_code/install/hiwin_description/share/hiwin_description/environment/ament_prefix_path.sh
[1.157s] -- Up-to-date: /home/angel/0710_code/install/hiwin_description/share/hiwin_description/environment/ament_prefix_path.dsv
[1.157s] -- Up-to-date: /home/angel/0710_code/install/hiwin_description/share/hiwin_description/environment/path.sh
[1.158s] -- Up-to-date: /home/angel/0710_code/install/hiwin_description/share/hiwin_description/environment/path.dsv
[1.158s] -- Up-to-date: /home/angel/0710_code/install/hiwin_description/share/hiwin_description/local_setup.bash
[1.158s] -- Up-to-date: /home/angel/0710_code/install/hiwin_description/share/hiwin_description/local_setup.sh
[1.158s] -- Up-to-date: /home/angel/0710_code/install/hiwin_description/share/hiwin_description/local_setup.zsh
[1.158s] -- Up-to-date: /home/angel/0710_code/install/hiwin_description/share/hiwin_description/local_setup.dsv
[1.158s] -- Installing: /home/angel/0710_code/install/hiwin_description/share/hiwin_description/package.dsv
[1.158s] -- Up-to-date: /home/angel/0710_code/install/hiwin_description/share/ament_index/resource_index/packages/hiwin_description
[1.158s] -- Up-to-date: /home/angel/0710_code/install/hiwin_description/share/hiwin_description/cmake/hiwin_descriptionConfig.cmake
[1.160s] -- Up-to-date: /home/angel/0710_code/install/hiwin_description/share/hiwin_description/cmake/hiwin_descriptionConfig-version.cmake
[1.160s] -- Up-to-date: /home/angel/0710_code/install/hiwin_description/share/hiwin_description/package.xml
[1.160s] Invoked command in '/home/angel/0710_code/build/hiwin_description' returned '0': CMAKE_PREFIX_PATH=${CMAKE_PREFIX_PATH}:/opt/ros/humble /usr/bin/cmake --install /home/angel/0710_code/build/hiwin_description
