[0.026s] Invoking command in '/home/angel/0710_code/build/dual_arm_lag_gd_planner': CMAKE_PREFIX_PATH=${CMAKE_PREFIX_PATH}:/opt/ros/humble /usr/bin/cmake --build /home/angel/0710_code/build/dual_arm_lag_gd_planner -- -j8 -l8
[0.087s] -- Found ament_cmake: 1.3.14 (/opt/ros/humble/share/ament_cmake/cmake)
[0.236s] -- Found rclcpp: 16.0.19 (/opt/ros/humble/share/rclcpp/cmake)
[0.263s] -- Found rosidl_generator_c: 3.1.8 (/opt/ros/humble/share/rosidl_generator_c/cmake)
[0.265s] -- Found rosidl_adapter: 3.1.8 (/opt/ros/humble/share/rosidl_adapter/cmake)
[0.271s] -- Found rosidl_generator_cpp: 3.1.8 (/opt/ros/humble/share/rosidl_generator_cpp/cmake)
[0.283s] -- Using all available rosidl_typesupport_c: rosidl_typesupport_fastrtps_c;rosidl_typesupport_introspection_c
[0.295s] -- Using all available rosidl_typesupport_cpp: rosidl_typesupport_fastrtps_cpp;rosidl_typesupport_introspection_cpp
[0.328s] -- Found rmw_implementation_cmake: 6.1.2 (/opt/ros/humble/share/rmw_implementation_cmake/cmake)
[0.329s] -- Found rmw_fastrtps_cpp: 6.2.10 (/opt/ros/humble/share/rmw_fastrtps_cpp/cmake)
[0.466s] -- Using RMW implementation 'rmw_fastrtps_cpp' as default
[0.511s] -- Found pluginlib: 5.1.3 (/opt/ros/humble/share/pluginlib/cmake)
[0.529s] -- Found moveit_core: 2.5.9 (/opt/ros/humble/share/moveit_core/cmake)
[0.565s] -- Found Boost: /usr/lib/x86_64-linux-gnu/cmake/Boost-1.74.0/BoostConfig.cmake (found version "1.74.0") found components: chrono date_time filesystem iostreams program_options regex serialization system thread 
[0.596s] -- Found parameter_traits: 0.7.1 (/opt/ros/humble/share/parameter_traits/cmake)
[0.609s] -- Found rclcpp_lifecycle: 16.0.19 (/opt/ros/humble/share/rclcpp_lifecycle/cmake)
[0.633s] -- Found Boost: /usr/lib/x86_64-linux-gnu/cmake/Boost-1.74.0/BoostConfig.cmake (found version "1.74.0") found components: filesystem 
[0.678s] -- library: /usr/lib/x86_64-linux-gnu/libcurl.so
[0.731s] -- Ensuring Eigen3 include directory is part of orocos-kdl CMake target
[0.981s] -- Configuring done
[1.025s] -- Generating done
[1.039s] -- Build files have been written to: /home/angel/0710_code/build/dual_arm_lag_gd_planner
[1.074s] [35m[1mConsolidate compiler generated dependencies of target dual_arm_lag_gd_planner[0m
[1.098s] [ 20%] [32mBuilding CXX object CMakeFiles/dual_arm_lag_gd_planner.dir/src/gd_solver.cpp.o[0m
[4.944s] [ 40%] [32mBuilding CXX object CMakeFiles/dual_arm_lag_gd_planner.dir/src/planner_manager.cpp.o[0m
[12.260s] [ 60%] [32mBuilding CXX object CMakeFiles/dual_arm_lag_gd_planner.dir/src/data_io.cpp.o[0m
[13.513s] [ 80%] [32mBuilding CXX object CMakeFiles/dual_arm_lag_gd_planner.dir/src/avoidance_system.cpp.o[0m
[21.201s] [100%] [32m[1mLinking CXX shared library libdual_arm_lag_gd_planner.so[0m
[21.357s] [100%] Built target dual_arm_lag_gd_planner
[21.367s] Invoked command in '/home/angel/0710_code/build/dual_arm_lag_gd_planner' returned '0': CMAKE_PREFIX_PATH=${CMAKE_PREFIX_PATH}:/opt/ros/humble /usr/bin/cmake --build /home/angel/0710_code/build/dual_arm_lag_gd_planner -- -j8 -l8
[21.369s] Invoking command in '/home/angel/0710_code/build/dual_arm_lag_gd_planner': CMAKE_PREFIX_PATH=${CMAKE_PREFIX_PATH}:/opt/ros/humble /usr/bin/cmake --install /home/angel/0710_code/build/dual_arm_lag_gd_planner
[21.375s] -- Install configuration: "Release"
[21.375s] -- Installing: /home/angel/0710_code/install/dual_arm_lag_gd_planner/share/dual_arm_lag_gd_planner/dual_arm_lag_gd_planner.xml
[21.375s] -- Installing: /home/angel/0710_code/install/dual_arm_lag_gd_planner/lib/libdual_arm_lag_gd_planner.so
[21.375s] -- Set runtime path of "/home/angel/0710_code/install/dual_arm_lag_gd_planner/lib/libdual_arm_lag_gd_planner.so" to ""
[21.376s] -- Up-to-date: /home/angel/0710_code/install/dual_arm_lag_gd_planner/include
[21.376s] -- Up-to-date: /home/angel/0710_code/install/dual_arm_lag_gd_planner/include/dual_arm_lag_gd_planner
[21.376s] -- Installing: /home/angel/0710_code/install/dual_arm_lag_gd_planner/include/dual_arm_lag_gd_planner/avoidance_system.hpp
[21.376s] -- Installing: /home/angel/0710_code/install/dual_arm_lag_gd_planner/include/dual_arm_lag_gd_planner/data_io.hpp
[21.376s] -- Installing: /home/angel/0710_code/install/dual_arm_lag_gd_planner/include/dual_arm_lag_gd_planner/gd_solver.hpp
[21.376s] -- Installing: /home/angel/0710_code/install/dual_arm_lag_gd_planner/include/dual_arm_lag_gd_planner/planner_manager.hpp
[21.376s] -- Up-to-date: /home/angel/0710_code/install/dual_arm_lag_gd_planner/share/dual_arm_lag_gd_planner/config
[21.376s] -- Installing: /home/angel/0710_code/install/dual_arm_lag_gd_planner/share/dual_arm_lag_gd_planner/config/dual_arm_lag_gd_planning.yaml
[21.376s] -- Up-to-date: /home/angel/0710_code/install/dual_arm_lag_gd_planner/share/dual_arm_lag_gd_planner/environment/library_path.sh
[21.376s] -- Installing: /home/angel/0710_code/install/dual_arm_lag_gd_planner/share/dual_arm_lag_gd_planner/environment/library_path.dsv
[21.376s] -- Up-to-date: /home/angel/0710_code/install/dual_arm_lag_gd_planner/share/ament_index/resource_index/package_run_dependencies/dual_arm_lag_gd_planner
[21.376s] -- Installing: /home/angel/0710_code/install/dual_arm_lag_gd_planner/share/ament_index/resource_index/parent_prefix_path/dual_arm_lag_gd_planner
[21.376s] -- Up-to-date: /home/angel/0710_code/install/dual_arm_lag_gd_planner/share/dual_arm_lag_gd_planner/environment/ament_prefix_path.sh
[21.376s] -- Installing: /home/angel/0710_code/install/dual_arm_lag_gd_planner/share/dual_arm_lag_gd_planner/environment/ament_prefix_path.dsv
[21.377s] -- Up-to-date: /home/angel/0710_code/install/dual_arm_lag_gd_planner/share/dual_arm_lag_gd_planner/environment/path.sh
[21.377s] -- Installing: /home/angel/0710_code/install/dual_arm_lag_gd_planner/share/dual_arm_lag_gd_planner/environment/path.dsv
[21.377s] -- Up-to-date: /home/angel/0710_code/install/dual_arm_lag_gd_planner/share/dual_arm_lag_gd_planner/local_setup.bash
[21.377s] -- Up-to-date: /home/angel/0710_code/install/dual_arm_lag_gd_planner/share/dual_arm_lag_gd_planner/local_setup.sh
[21.377s] -- Up-to-date: /home/angel/0710_code/install/dual_arm_lag_gd_planner/share/dual_arm_lag_gd_planner/local_setup.zsh
[21.377s] -- Installing: /home/angel/0710_code/install/dual_arm_lag_gd_planner/share/dual_arm_lag_gd_planner/local_setup.dsv
[21.377s] -- Installing: /home/angel/0710_code/install/dual_arm_lag_gd_planner/share/dual_arm_lag_gd_planner/package.dsv
[21.377s] -- Up-to-date: /home/angel/0710_code/install/dual_arm_lag_gd_planner/share/ament_index/resource_index/packages/dual_arm_lag_gd_planner
[21.377s] -- Up-to-date: /home/angel/0710_code/install/dual_arm_lag_gd_planner/share/ament_index/resource_index/moveit_core__pluginlib__plugin/dual_arm_lag_gd_planner
[21.377s] -- Up-to-date: /home/angel/0710_code/install/dual_arm_lag_gd_planner/share/dual_arm_lag_gd_planner/cmake/ament_cmake_export_libraries-extras.cmake
[21.377s] -- Up-to-date: /home/angel/0710_code/install/dual_arm_lag_gd_planner/share/dual_arm_lag_gd_planner/cmake/ament_cmake_export_dependencies-extras.cmake
[21.377s] -- Up-to-date: /home/angel/0710_code/install/dual_arm_lag_gd_planner/share/dual_arm_lag_gd_planner/cmake/dual_arm_lag_gd_plannerConfig.cmake
[21.377s] -- Up-to-date: /home/angel/0710_code/install/dual_arm_lag_gd_planner/share/dual_arm_lag_gd_planner/cmake/dual_arm_lag_gd_plannerConfig-version.cmake
[21.377s] -- Installing: /home/angel/0710_code/install/dual_arm_lag_gd_planner/share/dual_arm_lag_gd_planner/package.xml
[21.379s] Invoked command in '/home/angel/0710_code/build/dual_arm_lag_gd_planner' returned '0': CMAKE_PREFIX_PATH=${CMAKE_PREFIX_PATH}:/opt/ros/humble /usr/bin/cmake --install /home/angel/0710_code/build/dual_arm_lag_gd_planner
