[0.008s] Invoking command in '/home/angel/0710_code/build/hiwin_dual_arm': CMAKE_PREFIX_PATH=/home/angel/0710_code/install/hiwin_description:/home/angel/0710_code/install/hiwin_dual_arm:/home/angel/0710_code/install/dual_arm_lag_newton_planner:/home/angel/0710_code/install/dual_arm_lag_gd_planner:/home/angel/0710_code/install/dual_arm_lag_cg_planner:/home/angel/0710_code/install/dual_arm_alm_newton_planner:/home/angel/0710_code/install/dual_arm_alm_gd_planner:/home/angel/0710_code/install/dual_arm_alm_cg_planner:/opt/ros/humble /usr/bin/cmake /home/angel/0710_code/src/0710_code/hiwin_dual_arm -DAMENT_CMAKE_SYMLINK_INSTALL=1 -DCMAKE_INSTALL_PREFIX=/home/angel/0710_code/install/hiwin_dual_arm
[0.018s] -- Found ament_cmake: 1.3.14 (/opt/ros/humble/share/ament_cmake/cmake)
[0.116s] -- Override CMake install command with custom implementation using symlinks instead of copying resources
[0.173s] -- Configuring done
[0.175s] -- Generating done
[0.176s] -- Build files have been written to: /home/angel/0710_code/build/hiwin_dual_arm
[0.180s] Invoked command in '/home/angel/0710_code/build/hiwin_dual_arm' returned '0': CMAKE_PREFIX_PATH=/home/angel/0710_code/install/hiwin_description:/home/angel/0710_code/install/hiwin_dual_arm:/home/angel/0710_code/install/dual_arm_lag_newton_planner:/home/angel/0710_code/install/dual_arm_lag_gd_planner:/home/angel/0710_code/install/dual_arm_lag_cg_planner:/home/angel/0710_code/install/dual_arm_alm_newton_planner:/home/angel/0710_code/install/dual_arm_alm_gd_planner:/home/angel/0710_code/install/dual_arm_alm_cg_planner:/opt/ros/humble /usr/bin/cmake /home/angel/0710_code/src/0710_code/hiwin_dual_arm -DAMENT_CMAKE_SYMLINK_INSTALL=1 -DCMAKE_INSTALL_PREFIX=/home/angel/0710_code/install/hiwin_dual_arm
[0.181s] Invoking command in '/home/angel/0710_code/build/hiwin_dual_arm': CMAKE_PREFIX_PATH=/home/angel/0710_code/install/hiwin_description:/home/angel/0710_code/install/hiwin_dual_arm:/home/angel/0710_code/install/dual_arm_lag_newton_planner:/home/angel/0710_code/install/dual_arm_lag_gd_planner:/home/angel/0710_code/install/dual_arm_lag_cg_planner:/home/angel/0710_code/install/dual_arm_alm_newton_planner:/home/angel/0710_code/install/dual_arm_alm_gd_planner:/home/angel/0710_code/install/dual_arm_alm_cg_planner:/opt/ros/humble /usr/bin/cmake --build /home/angel/0710_code/build/hiwin_dual_arm -- -j8 -l8
[0.211s] Invoked command in '/home/angel/0710_code/build/hiwin_dual_arm' returned '0': CMAKE_PREFIX_PATH=/home/angel/0710_code/install/hiwin_description:/home/angel/0710_code/install/hiwin_dual_arm:/home/angel/0710_code/install/dual_arm_lag_newton_planner:/home/angel/0710_code/install/dual_arm_lag_gd_planner:/home/angel/0710_code/install/dual_arm_lag_cg_planner:/home/angel/0710_code/install/dual_arm_alm_newton_planner:/home/angel/0710_code/install/dual_arm_alm_gd_planner:/home/angel/0710_code/install/dual_arm_alm_cg_planner:/opt/ros/humble /usr/bin/cmake --build /home/angel/0710_code/build/hiwin_dual_arm -- -j8 -l8
[0.212s] Invoking command in '/home/angel/0710_code/build/hiwin_dual_arm': CMAKE_PREFIX_PATH=/home/angel/0710_code/install/hiwin_description:/home/angel/0710_code/install/hiwin_dual_arm:/home/angel/0710_code/install/dual_arm_lag_newton_planner:/home/angel/0710_code/install/dual_arm_lag_gd_planner:/home/angel/0710_code/install/dual_arm_lag_cg_planner:/home/angel/0710_code/install/dual_arm_alm_newton_planner:/home/angel/0710_code/install/dual_arm_alm_gd_planner:/home/angel/0710_code/install/dual_arm_alm_cg_planner:/opt/ros/humble /usr/bin/cmake --install /home/angel/0710_code/build/hiwin_dual_arm
[0.219s] -- Install configuration: ""
[0.219s] -- Execute custom install script
[0.220s] -- Symlinking: /home/angel/0710_code/install/hiwin_dual_arm/share/ament_index/resource_index/package_run_dependencies/hiwin_dual_arm
[0.227s] -- Symlinking: /home/angel/0710_code/install/hiwin_dual_arm/share/ament_index/resource_index/parent_prefix_path/hiwin_dual_arm
[0.234s] -- Symlinking: /home/angel/0710_code/install/hiwin_dual_arm/share/hiwin_dual_arm/environment/ament_prefix_path.sh
[0.241s] -- Symlinking: /home/angel/0710_code/install/hiwin_dual_arm/share/hiwin_dual_arm/environment/ament_prefix_path.dsv
[0.248s] -- Symlinking: /home/angel/0710_code/install/hiwin_dual_arm/share/hiwin_dual_arm/environment/path.sh
[0.255s] -- Symlinking: /home/angel/0710_code/install/hiwin_dual_arm/share/hiwin_dual_arm/environment/path.dsv
[0.261s] -- Symlinking: /home/angel/0710_code/install/hiwin_dual_arm/share/hiwin_dual_arm/local_setup.bash
[0.268s] -- Symlinking: /home/angel/0710_code/install/hiwin_dual_arm/share/hiwin_dual_arm/local_setup.sh
[0.276s] -- Symlinking: /home/angel/0710_code/install/hiwin_dual_arm/share/hiwin_dual_arm/local_setup.zsh
[0.284s] -- Symlinking: /home/angel/0710_code/install/hiwin_dual_arm/share/hiwin_dual_arm/local_setup.dsv
[0.291s] -- Symlinking: /home/angel/0710_code/install/hiwin_dual_arm/share/hiwin_dual_arm/package.dsv
[0.299s] -- Symlinking: /home/angel/0710_code/install/hiwin_dual_arm/share/ament_index/resource_index/packages/hiwin_dual_arm
[0.307s] -- Symlinking: /home/angel/0710_code/install/hiwin_dual_arm/share/hiwin_dual_arm/cmake/hiwin_dual_armConfig.cmake
[0.315s] -- Symlinking: /home/angel/0710_code/install/hiwin_dual_arm/share/hiwin_dual_arm/cmake/hiwin_dual_armConfig-version.cmake
[0.321s] -- Symlinking: /home/angel/0710_code/install/hiwin_dual_arm/share/hiwin_dual_arm/package.xml
[0.328s] -- Symlinking: /home/angel/0710_code/install/hiwin_dual_arm/share/hiwin_dual_arm/launch/brain.launch.py
[0.335s] -- Symlinking: /home/angel/0710_code/install/hiwin_dual_arm/share/hiwin_dual_arm/launch/demo.launch.py
[0.342s] -- Symlinking: /home/angel/0710_code/install/hiwin_dual_arm/share/hiwin_dual_arm/launch/move_group.launch.py
[0.348s] -- Symlinking: /home/angel/0710_code/install/hiwin_dual_arm/share/hiwin_dual_arm/launch/moveit_rviz.launch.py
[0.355s] -- Symlinking: /home/angel/0710_code/install/hiwin_dual_arm/share/hiwin_dual_arm/launch/rsp.launch.py
[0.362s] -- Symlinking: /home/angel/0710_code/install/hiwin_dual_arm/share/hiwin_dual_arm/launch/setup_assistant.launch.py
[0.369s] -- Symlinking: /home/angel/0710_code/install/hiwin_dual_arm/share/hiwin_dual_arm/launch/spawn_controllers.launch.py
[0.377s] -- Symlinking: /home/angel/0710_code/install/hiwin_dual_arm/share/hiwin_dual_arm/launch/static_virtual_joint_tfs.launch.py
[0.385s] -- Symlinking: /home/angel/0710_code/install/hiwin_dual_arm/share/hiwin_dual_arm/launch/test1.launch.py
[0.391s] -- Symlinking: /home/angel/0710_code/install/hiwin_dual_arm/share/hiwin_dual_arm/launch/warehouse_db.launch.py
[0.399s] -- Symlinking: /home/angel/0710_code/install/hiwin_dual_arm/share/hiwin_dual_arm/config/dual_arm_alm_cg_planning.yaml
[0.405s] -- Symlinking: /home/angel/0710_code/install/hiwin_dual_arm/share/hiwin_dual_arm/config/dual_arm_alm_gd_planning.yaml
[0.412s] -- Symlinking: /home/angel/0710_code/install/hiwin_dual_arm/share/hiwin_dual_arm/config/dual_arm_alm_newton_planning.yaml
[0.419s] -- Symlinking: /home/angel/0710_code/install/hiwin_dual_arm/share/hiwin_dual_arm/config/dual_arm_lag_cg_planning.yaml
[0.426s] -- Symlinking: /home/angel/0710_code/install/hiwin_dual_arm/share/hiwin_dual_arm/config/dual_arm_lag_gd_planning.yaml
[0.432s] -- Symlinking: /home/angel/0710_code/install/hiwin_dual_arm/share/hiwin_dual_arm/config/dual_arm_lag_newton_planning.yaml
[0.439s] -- Symlinking: /home/angel/0710_code/install/hiwin_dual_arm/share/hiwin_dual_arm/config/dual_hiwin.ros2_control.xacro
[0.446s] -- Symlinking: /home/angel/0710_code/install/hiwin_dual_arm/share/hiwin_dual_arm/config/dual_hiwin.srdf
[0.452s] -- Symlinking: /home/angel/0710_code/install/hiwin_dual_arm/share/hiwin_dual_arm/config/dual_hiwin.urdf.xacro
[0.459s] -- Symlinking: /home/angel/0710_code/install/hiwin_dual_arm/share/hiwin_dual_arm/config/initial_positions.yaml
[0.466s] -- Symlinking: /home/angel/0710_code/install/hiwin_dual_arm/share/hiwin_dual_arm/config/joint_limits.yaml
[0.473s] -- Symlinking: /home/angel/0710_code/install/hiwin_dual_arm/share/hiwin_dual_arm/config/kinematics.yaml
[0.481s] -- Symlinking: /home/angel/0710_code/install/hiwin_dual_arm/share/hiwin_dual_arm/config/moveit.rviz
[0.488s] -- Symlinking: /home/angel/0710_code/install/hiwin_dual_arm/share/hiwin_dual_arm/config/moveit_controllers .yaml.txt
[0.495s] -- Symlinking: /home/angel/0710_code/install/hiwin_dual_arm/share/hiwin_dual_arm/config/moveit_controllers.yaml
[0.502s] -- Symlinking: /home/angel/0710_code/install/hiwin_dual_arm/share/hiwin_dual_arm/config/moveit_controllers_copy.yaml
[0.509s] -- Symlinking: /home/angel/0710_code/install/hiwin_dual_arm/share/hiwin_dual_arm/config/ompl_planning.yaml
[0.517s] -- Symlinking: /home/angel/0710_code/install/hiwin_dual_arm/share/hiwin_dual_arm/config/pilz_cartesian_limits.yaml
[0.524s] -- Symlinking: /home/angel/0710_code/install/hiwin_dual_arm/share/hiwin_dual_arm/config/ros2_controllers.yaml
[0.531s] -- Symlinking: /home/angel/0710_code/install/hiwin_dual_arm/share/hiwin_dual_arm/config/ros2_controllers_copy.yaml
[0.538s] -- Symlinking: /home/angel/0710_code/install/hiwin_dual_arm/share/hiwin_dual_arm/config/sensors_3d.yaml
[0.546s] -- Symlinking: /home/angel/0710_code/install/hiwin_dual_arm/share/hiwin_dual_arm/.setup_assistant
[0.555s] Invoked command in '/home/angel/0710_code/build/hiwin_dual_arm' returned '0': CMAKE_PREFIX_PATH=/home/angel/0710_code/install/hiwin_description:/home/angel/0710_code/install/hiwin_dual_arm:/home/angel/0710_code/install/dual_arm_lag_newton_planner:/home/angel/0710_code/install/dual_arm_lag_gd_planner:/home/angel/0710_code/install/dual_arm_lag_cg_planner:/home/angel/0710_code/install/dual_arm_alm_newton_planner:/home/angel/0710_code/install/dual_arm_alm_gd_planner:/home/angel/0710_code/install/dual_arm_alm_cg_planner:/opt/ros/humble /usr/bin/cmake --install /home/angel/0710_code/build/hiwin_dual_arm
