[0.033s] Invoking command in '/home/angel/0710_code/build/dual_arm_lag_cg_planner': CMAKE_PREFIX_PATH=${CMAKE_PREFIX_PATH}:/opt/ros/humble /usr/bin/cmake /home/angel/0710_code/src/0710_code/dual_arm_lag_cg_planner -DAMENT_CMAKE_SYMLINK_INSTALL=1 -DCMAKE_INSTALL_PREFIX=/home/angel/0710_code/install/dual_arm_lag_cg_planner
[0.045s] -- Found ament_cmake: 1.3.14 (/opt/ros/humble/share/ament_cmake/cmake)
[0.175s] -- Override CMake install command with custom implementation using symlinks instead of copying resources
[0.182s] -- Found rclcpp: 16.0.19 (/opt/ros/humble/share/rclcpp/cmake)
[0.212s] -- Found rosidl_generator_c: 3.1.8 (/opt/ros/humble/share/rosidl_generator_c/cmake)
[0.213s] -- Found rosidl_adapter: 3.1.8 (/opt/ros/humble/share/rosidl_adapter/cmake)
[0.220s] -- Found rosidl_generator_cpp: 3.1.8 (/opt/ros/humble/share/rosidl_generator_cpp/cmake)
[0.228s] -- Using all available rosidl_typesupport_c: rosidl_typesupport_fastrtps_c;rosidl_typesupport_introspection_c
[0.240s] -- Using all available rosidl_typesupport_cpp: rosidl_typesupport_fastrtps_cpp;rosidl_typesupport_introspection_cpp
[0.270s] -- Found rmw_implementation_cmake: 6.1.2 (/opt/ros/humble/share/rmw_implementation_cmake/cmake)
[0.271s] -- Found rmw_fastrtps_cpp: 6.2.10 (/opt/ros/humble/share/rmw_fastrtps_cpp/cmake)
[0.397s] -- Using RMW implementation 'rmw_fastrtps_cpp' as default
[0.441s] -- Found pluginlib: 5.1.3 (/opt/ros/humble/share/pluginlib/cmake)
[0.460s] -- Found moveit_core: 2.5.9 (/opt/ros/humble/share/moveit_core/cmake)
[0.473s] -- Found Boost: /usr/lib/x86_64-linux-gnu/cmake/Boost-1.74.0/BoostConfig.cmake (found version "1.74.0") found components: chrono date_time filesystem iostreams program_options regex serialization system thread 
[0.494s] -- Found parameter_traits: 0.7.1 (/opt/ros/humble/share/parameter_traits/cmake)
[0.498s] -- Found rclcpp_lifecycle: 16.0.19 (/opt/ros/humble/share/rclcpp_lifecycle/cmake)
[0.519s] -- Found Boost: /usr/lib/x86_64-linux-gnu/cmake/Boost-1.74.0/BoostConfig.cmake (found version "1.74.0") found components: filesystem 
[0.564s] -- library: /usr/lib/x86_64-linux-gnu/libcurl.so
[0.618s] -- Ensuring Eigen3 include directory is part of orocos-kdl CMake target
[0.876s] -- Configuring done
[0.901s] -- Generating done
[0.906s] -- Build files have been written to: /home/angel/0710_code/build/dual_arm_lag_cg_planner
[0.921s] Invoked command in '/home/angel/0710_code/build/dual_arm_lag_cg_planner' returned '0': CMAKE_PREFIX_PATH=${CMAKE_PREFIX_PATH}:/opt/ros/humble /usr/bin/cmake /home/angel/0710_code/src/0710_code/dual_arm_lag_cg_planner -DAMENT_CMAKE_SYMLINK_INSTALL=1 -DCMAKE_INSTALL_PREFIX=/home/angel/0710_code/install/dual_arm_lag_cg_planner
[0.922s] Invoking command in '/home/angel/0710_code/build/dual_arm_lag_cg_planner': CMAKE_PREFIX_PATH=${CMAKE_PREFIX_PATH}:/opt/ros/humble /usr/bin/cmake --build /home/angel/0710_code/build/dual_arm_lag_cg_planner -- -j8 -l8
[0.967s] [35m[1mConsolidate compiler generated dependencies of target dual_arm_lag_cg_planner[0m
[0.996s] [ 20%] [32m[1mLinking CXX shared library libdual_arm_lag_cg_planner.so[0m
[1.245s] [100%] Built target dual_arm_lag_cg_planner
[1.257s] Invoked command in '/home/angel/0710_code/build/dual_arm_lag_cg_planner' returned '0': CMAKE_PREFIX_PATH=${CMAKE_PREFIX_PATH}:/opt/ros/humble /usr/bin/cmake --build /home/angel/0710_code/build/dual_arm_lag_cg_planner -- -j8 -l8
[1.259s] Invoking command in '/home/angel/0710_code/build/dual_arm_lag_cg_planner': CMAKE_PREFIX_PATH=${CMAKE_PREFIX_PATH}:/opt/ros/humble /usr/bin/cmake --install /home/angel/0710_code/build/dual_arm_lag_cg_planner
[1.279s] -- Install configuration: "Release"
[1.279s] -- Execute custom install script
[1.279s] -- Symlinking: /home/angel/0710_code/install/dual_arm_lag_cg_planner/share/dual_arm_lag_cg_planner//dual_arm_lag_cg_planner.xml
[1.283s] -- Symlinking: /home/angel/0710_code/install/dual_arm_lag_cg_planner/lib/libdual_arm_lag_cg_planner.so
[1.284s] -- Symlinking: /home/angel/0710_code/install/dual_arm_lag_cg_planner/include/dual_arm_lag_cg_planner/avoidance_system.hpp
[1.294s] -- Symlinking: /home/angel/0710_code/install/dual_arm_lag_cg_planner/include/dual_arm_lag_cg_planner/cg_solver.hpp
[1.302s] -- Symlinking: /home/angel/0710_code/install/dual_arm_lag_cg_planner/include/dual_arm_lag_cg_planner/data_io.hpp
[1.310s] -- Symlinking: /home/angel/0710_code/install/dual_arm_lag_cg_planner/include/dual_arm_lag_cg_planner/planner_manager.hpp
[1.317s] -- Symlinking: /home/angel/0710_code/install/dual_arm_lag_cg_planner/share/dual_arm_lag_cg_planner/config/dual_arm_lag_cg_planning.yaml
[1.326s] -- Symlinking: /home/angel/0710_code/install/dual_arm_lag_cg_planner/share/dual_arm_lag_cg_planner/environment/library_path.sh
[1.335s] -- Symlinking: /home/angel/0710_code/install/dual_arm_lag_cg_planner/share/dual_arm_lag_cg_planner/environment/library_path.dsv
[1.343s] -- Symlinking: /home/angel/0710_code/install/dual_arm_lag_cg_planner/share/ament_index/resource_index/package_run_dependencies/dual_arm_lag_cg_planner
[1.351s] -- Symlinking: /home/angel/0710_code/install/dual_arm_lag_cg_planner/share/ament_index/resource_index/parent_prefix_path/dual_arm_lag_cg_planner
[1.359s] -- Symlinking: /home/angel/0710_code/install/dual_arm_lag_cg_planner/share/dual_arm_lag_cg_planner/environment/ament_prefix_path.sh
[1.366s] -- Symlinking: /home/angel/0710_code/install/dual_arm_lag_cg_planner/share/dual_arm_lag_cg_planner/environment/ament_prefix_path.dsv
[1.374s] -- Symlinking: /home/angel/0710_code/install/dual_arm_lag_cg_planner/share/dual_arm_lag_cg_planner/environment/path.sh
[1.384s] -- Symlinking: /home/angel/0710_code/install/dual_arm_lag_cg_planner/share/dual_arm_lag_cg_planner/environment/path.dsv
[1.392s] -- Symlinking: /home/angel/0710_code/install/dual_arm_lag_cg_planner/share/dual_arm_lag_cg_planner/local_setup.bash
[1.399s] -- Symlinking: /home/angel/0710_code/install/dual_arm_lag_cg_planner/share/dual_arm_lag_cg_planner/local_setup.sh
[1.406s] -- Symlinking: /home/angel/0710_code/install/dual_arm_lag_cg_planner/share/dual_arm_lag_cg_planner/local_setup.zsh
[1.415s] -- Symlinking: /home/angel/0710_code/install/dual_arm_lag_cg_planner/share/dual_arm_lag_cg_planner/local_setup.dsv
[1.422s] -- Symlinking: /home/angel/0710_code/install/dual_arm_lag_cg_planner/share/dual_arm_lag_cg_planner/package.dsv
[1.431s] -- Symlinking: /home/angel/0710_code/install/dual_arm_lag_cg_planner/share/ament_index/resource_index/packages/dual_arm_lag_cg_planner
[1.437s] -- Symlinking: /home/angel/0710_code/install/dual_arm_lag_cg_planner/share/ament_index/resource_index/moveit_core__pluginlib__plugin/dual_arm_lag_cg_planner
[1.445s] -- Symlinking: /home/angel/0710_code/install/dual_arm_lag_cg_planner/share/dual_arm_lag_cg_planner/cmake/ament_cmake_export_libraries-extras.cmake
[1.453s] -- Symlinking: /home/angel/0710_code/install/dual_arm_lag_cg_planner/share/dual_arm_lag_cg_planner/cmake/ament_cmake_export_dependencies-extras.cmake
[1.461s] -- Symlinking: /home/angel/0710_code/install/dual_arm_lag_cg_planner/share/dual_arm_lag_cg_planner/cmake/dual_arm_lag_cg_plannerConfig.cmake
[1.469s] -- Symlinking: /home/angel/0710_code/install/dual_arm_lag_cg_planner/share/dual_arm_lag_cg_planner/cmake/dual_arm_lag_cg_plannerConfig-version.cmake
[1.477s] -- Symlinking: /home/angel/0710_code/install/dual_arm_lag_cg_planner/share/dual_arm_lag_cg_planner/package.xml
[1.535s] Invoked command in '/home/angel/0710_code/build/dual_arm_lag_cg_planner' returned '0': CMAKE_PREFIX_PATH=${CMAKE_PREFIX_PATH}:/opt/ros/humble /usr/bin/cmake --install /home/angel/0710_code/build/dual_arm_lag_cg_planner
