[0.029s] Invoking command in '/home/angel/ros2_ws/build/dual_arm_lag_cg_planner': CMAKE_PREFIX_PATH=/opt/ros/humble /usr/bin/cmake /home/angel/ros2_ws/src/For_hiwin_dual_arm/dual_arm_lag_cg_planner -DAMENT_CMAKE_SYMLINK_INSTALL=1 -DCMAKE_INSTALL_PREFIX=/home/angel/ros2_ws/install/dual_arm_lag_cg_planner
[0.096s] -- The C compiler identification is GNU 11.4.0
[0.153s] -- The CXX compiler identification is GNU 11.4.0
[0.164s] -- Detecting C compiler ABI info
[0.229s] -- Detecting C compiler ABI info - done
[0.237s] -- Check for working C compiler: /usr/bin/cc - skipped
[0.237s] -- Detecting C compile features
[0.237s] -- Detecting C compile features - done
[0.241s] -- Detecting CXX compiler ABI info
[0.316s] -- Detecting CXX compiler ABI info - done
[0.324s] -- Check for working CXX compiler: /usr/bin/c++ - skipped
[0.324s] -- Detecting CXX compile features
[0.325s] -- Detecting CXX compile features - done
[0.331s] -- Found ament_cmake: 1.3.14 (/opt/ros/humble/share/ament_cmake/cmake)
[0.456s] -- Found Python3: /usr/bin/python3 (found version "3.10.12") found components: Interpreter 
[0.524s] -- Override CMake install command with custom implementation using symlinks instead of copying resources
[0.574s] -- Found rclcpp: 16.0.19 (/opt/ros/humble/share/rclcpp/cmake)
[0.679s] -- Found rosidl_generator_c: 3.1.8 (/opt/ros/humble/share/rosidl_generator_c/cmake)
[0.684s] -- Found rosidl_adapter: 3.1.8 (/opt/ros/humble/share/rosidl_adapter/cmake)
[0.694s] -- Found rosidl_generator_cpp: 3.1.8 (/opt/ros/humble/share/rosidl_generator_cpp/cmake)
[0.720s] -- Using all available rosidl_typesupport_c: rosidl_typesupport_fastrtps_c;rosidl_typesupport_introspection_c
[0.739s] -- Using all available rosidl_typesupport_cpp: rosidl_typesupport_fastrtps_cpp;rosidl_typesupport_introspection_cpp
[0.794s] -- Found rmw_implementation_cmake: 6.1.2 (/opt/ros/humble/share/rmw_implementation_cmake/cmake)
[0.796s] -- Found rmw_fastrtps_cpp: 6.2.10 (/opt/ros/humble/share/rmw_fastrtps_cpp/cmake)
[0.878s] -- Found OpenSSL: /usr/lib/x86_64-linux-gnu/libcrypto.so (found version "3.0.2")  
[0.915s] -- Found FastRTPS: /opt/ros/humble/include  
[0.953s] -- Using RMW implementation 'rmw_fastrtps_cpp' as default
[0.965s] -- Looking for pthread.h
[1.039s] -- Looking for pthread.h - found
[1.039s] -- Performing Test CMAKE_HAVE_LIBC_PTHREAD
[1.138s] -- Performing Test CMAKE_HAVE_LIBC_PTHREAD - Success
[1.139s] -- Found Threads: TRUE  
[1.194s] -- Found pluginlib: 5.1.4 (/opt/ros/humble/share/pluginlib/cmake)
[1.219s] -- Found moveit_core: 2.5.9 (/opt/ros/humble/share/moveit_core/cmake)
[1.261s] -- Found Boost: /usr/lib/x86_64-linux-gnu/cmake/Boost-1.74.0/BoostConfig.cmake (found version "1.74.0") found components: chrono date_time filesystem iostreams program_options regex serialization system thread 
[1.297s] -- Found parameter_traits: 0.7.1 (/opt/ros/humble/share/parameter_traits/cmake)
[1.314s] -- Found rclcpp_lifecycle: 16.0.19 (/opt/ros/humble/share/rclcpp_lifecycle/cmake)
[1.338s] -- Found Boost: /usr/lib/x86_64-linux-gnu/cmake/Boost-1.74.0/BoostConfig.cmake (found version "1.74.0") found components: filesystem 
[1.430s] -- library: /usr/lib/x86_64-linux-gnu/libcurl.so
[1.496s] -- Found Eigen3: TRUE (found version "3.4.0") 
[1.496s] -- Ensuring Eigen3 include directory is part of orocos-kdl CMake target
[1.821s] -- Configuring done
[1.839s] -- Generating done
[1.845s] -- Build files have been written to: /home/angel/ros2_ws/build/dual_arm_lag_cg_planner
[1.878s] Invoked command in '/home/angel/ros2_ws/build/dual_arm_lag_cg_planner' returned '0': CMAKE_PREFIX_PATH=/opt/ros/humble /usr/bin/cmake /home/angel/ros2_ws/src/For_hiwin_dual_arm/dual_arm_lag_cg_planner -DAMENT_CMAKE_SYMLINK_INSTALL=1 -DCMAKE_INSTALL_PREFIX=/home/angel/ros2_ws/install/dual_arm_lag_cg_planner
[1.880s] Invoking command in '/home/angel/ros2_ws/build/dual_arm_lag_cg_planner': CMAKE_PREFIX_PATH=/opt/ros/humble /usr/bin/cmake --build /home/angel/ros2_ws/build/dual_arm_lag_cg_planner -- -j8 -l8
[1.966s] [ 20%] [32mBuilding CXX object CMakeFiles/dual_arm_lag_cg_planner.dir/src/data_io.cpp.o[0m
[1.966s] [ 40%] [32mBuilding CXX object CMakeFiles/dual_arm_lag_cg_planner.dir/src/avoidance_system.cpp.o[0m
[2.029s] [ 60%] [32mBuilding CXX object CMakeFiles/dual_arm_lag_cg_planner.dir/src/cg_solver.cpp.o[0m
[2.029s] [ 80%] [32mBuilding CXX object CMakeFiles/dual_arm_lag_cg_planner.dir/src/planner_manager.cpp.o[0m
[31.939s] [100%] [32m[1mLinking CXX shared library libdual_arm_lag_cg_planner.so[0m
[33.185s] [100%] Built target dual_arm_lag_cg_planner
[33.984s] Invoked command in '/home/angel/ros2_ws/build/dual_arm_lag_cg_planner' returned '0': CMAKE_PREFIX_PATH=/opt/ros/humble /usr/bin/cmake --build /home/angel/ros2_ws/build/dual_arm_lag_cg_planner -- -j8 -l8
[33.984s] Invoking command in '/home/angel/ros2_ws/build/dual_arm_lag_cg_planner': CMAKE_PREFIX_PATH=/opt/ros/humble /usr/bin/cmake --install /home/angel/ros2_ws/build/dual_arm_lag_cg_planner
[33.992s] -- Install configuration: "Release"
[33.992s] -- Execute custom install script
[33.992s] -- Symlinking: /home/angel/ros2_ws/install/dual_arm_lag_cg_planner/share/dual_arm_lag_cg_planner//dual_arm_lag_cg_planner.xml
[33.999s] -- Symlinking: /home/angel/ros2_ws/install/dual_arm_lag_cg_planner/lib/libdual_arm_lag_cg_planner.so
[34.007s] -- Symlinking: /home/angel/ros2_ws/install/dual_arm_lag_cg_planner/include/dual_arm_lag_cg_planner/avoidance_system.hpp
[34.015s] -- Symlinking: /home/angel/ros2_ws/install/dual_arm_lag_cg_planner/include/dual_arm_lag_cg_planner/cg_solver.hpp
[34.021s] -- Symlinking: /home/angel/ros2_ws/install/dual_arm_lag_cg_planner/include/dual_arm_lag_cg_planner/data_io.hpp
[34.028s] -- Symlinking: /home/angel/ros2_ws/install/dual_arm_lag_cg_planner/include/dual_arm_lag_cg_planner/planner_manager.hpp
[34.046s] -- Symlinking: /home/angel/ros2_ws/install/dual_arm_lag_cg_planner/share/dual_arm_lag_cg_planner/config/dual_arm_lag_cg_planning.yaml
[34.056s] -- Symlinking: /home/angel/ros2_ws/install/dual_arm_lag_cg_planner/share/dual_arm_lag_cg_planner/environment/library_path.sh
[34.065s] -- Symlinking: /home/angel/ros2_ws/install/dual_arm_lag_cg_planner/share/dual_arm_lag_cg_planner/environment/library_path.dsv
[34.075s] -- Symlinking: /home/angel/ros2_ws/install/dual_arm_lag_cg_planner/share/ament_index/resource_index/package_run_dependencies/dual_arm_lag_cg_planner
[34.084s] -- Symlinking: /home/angel/ros2_ws/install/dual_arm_lag_cg_planner/share/ament_index/resource_index/parent_prefix_path/dual_arm_lag_cg_planner
[34.092s] -- Symlinking: /home/angel/ros2_ws/install/dual_arm_lag_cg_planner/share/dual_arm_lag_cg_planner/environment/ament_prefix_path.sh
[34.100s] -- Symlinking: /home/angel/ros2_ws/install/dual_arm_lag_cg_planner/share/dual_arm_lag_cg_planner/environment/ament_prefix_path.dsv
[34.108s] -- Symlinking: /home/angel/ros2_ws/install/dual_arm_lag_cg_planner/share/dual_arm_lag_cg_planner/environment/path.sh
[34.115s] -- Symlinking: /home/angel/ros2_ws/install/dual_arm_lag_cg_planner/share/dual_arm_lag_cg_planner/environment/path.dsv
[34.121s] -- Symlinking: /home/angel/ros2_ws/install/dual_arm_lag_cg_planner/share/dual_arm_lag_cg_planner/local_setup.bash
[34.129s] -- Symlinking: /home/angel/ros2_ws/install/dual_arm_lag_cg_planner/share/dual_arm_lag_cg_planner/local_setup.sh
[34.136s] -- Symlinking: /home/angel/ros2_ws/install/dual_arm_lag_cg_planner/share/dual_arm_lag_cg_planner/local_setup.zsh
[34.144s] -- Symlinking: /home/angel/ros2_ws/install/dual_arm_lag_cg_planner/share/dual_arm_lag_cg_planner/local_setup.dsv
[34.153s] -- Symlinking: /home/angel/ros2_ws/install/dual_arm_lag_cg_planner/share/dual_arm_lag_cg_planner/package.dsv
[34.167s] -- Symlinking: /home/angel/ros2_ws/install/dual_arm_lag_cg_planner/share/ament_index/resource_index/packages/dual_arm_lag_cg_planner
[34.178s] -- Symlinking: /home/angel/ros2_ws/install/dual_arm_lag_cg_planner/share/ament_index/resource_index/moveit_core__pluginlib__plugin/dual_arm_lag_cg_planner
[34.186s] -- Symlinking: /home/angel/ros2_ws/install/dual_arm_lag_cg_planner/share/dual_arm_lag_cg_planner/cmake/ament_cmake_export_libraries-extras.cmake
[34.199s] -- Symlinking: /home/angel/ros2_ws/install/dual_arm_lag_cg_planner/share/dual_arm_lag_cg_planner/cmake/ament_cmake_export_dependencies-extras.cmake
[34.208s] -- Symlinking: /home/angel/ros2_ws/install/dual_arm_lag_cg_planner/share/dual_arm_lag_cg_planner/cmake/dual_arm_lag_cg_plannerConfig.cmake
[34.215s] -- Symlinking: /home/angel/ros2_ws/install/dual_arm_lag_cg_planner/share/dual_arm_lag_cg_planner/cmake/dual_arm_lag_cg_plannerConfig-version.cmake
[34.223s] -- Symlinking: /home/angel/ros2_ws/install/dual_arm_lag_cg_planner/share/dual_arm_lag_cg_planner/package.xml
[34.233s] Invoked command in '/home/angel/ros2_ws/build/dual_arm_lag_cg_planner' returned '0': CMAKE_PREFIX_PATH=/opt/ros/humble /usr/bin/cmake --install /home/angel/ros2_ws/build/dual_arm_lag_cg_planner
