[0.025s] Invoking command in '/home/angel/0710_code/build/dual_arm_lag_cg_planner': CMAKE_PREFIX_PATH=/opt/ros/humble /usr/bin/cmake --build /home/angel/0710_code/build/dual_arm_lag_cg_planner -- -j8 -l8
[0.059s] -- Found ament_cmake: 1.3.14 (/opt/ros/humble/share/ament_cmake/cmake)
[0.132s] -- Found Python3: /usr/bin/python3 (found version "3.10.12") found components: Interpreter 
[0.237s] -- Found rclcpp: 16.0.19 (/opt/ros/humble/share/rclcpp/cmake)
[0.283s] -- Found rosidl_generator_c: 3.1.8 (/opt/ros/humble/share/rosidl_generator_c/cmake)
[0.285s] -- Found rosidl_adapter: 3.1.8 (/opt/ros/humble/share/rosidl_adapter/cmake)
[0.295s] -- Found rosidl_generator_cpp: 3.1.8 (/opt/ros/humble/share/rosidl_generator_cpp/cmake)
[0.326s] -- Using all available rosidl_typesupport_c: rosidl_typesupport_fastrtps_c;rosidl_typesupport_introspection_c
[0.336s] -- Using all available rosidl_typesupport_cpp: rosidl_typesupport_fastrtps_cpp;rosidl_typesupport_introspection_cpp
[0.365s] -- Found rmw_implementation_cmake: 6.1.2 (/opt/ros/humble/share/rmw_implementation_cmake/cmake)
[0.366s] -- Found rmw_fastrtps_cpp: 6.2.10 (/opt/ros/humble/share/rmw_fastrtps_cpp/cmake)
[0.481s] -- Using RMW implementation 'rmw_fastrtps_cpp' as default
[0.525s] -- Found pluginlib: 5.1.3 (/opt/ros/humble/share/pluginlib/cmake)
[0.543s] -- Found moveit_core: 2.5.9 (/opt/ros/humble/share/moveit_core/cmake)
[0.556s] -- Found Boost: /usr/lib/x86_64-linux-gnu/cmake/Boost-1.74.0/BoostConfig.cmake (found version "1.74.0") found components: chrono date_time filesystem iostreams program_options regex serialization system thread 
[0.573s] -- Found parameter_traits: 0.7.1 (/opt/ros/humble/share/parameter_traits/cmake)
[0.580s] -- Found rclcpp_lifecycle: 16.0.19 (/opt/ros/humble/share/rclcpp_lifecycle/cmake)
[0.599s] -- Found Boost: /usr/lib/x86_64-linux-gnu/cmake/Boost-1.74.0/BoostConfig.cmake (found version "1.74.0") found components: filesystem 
[0.662s] -- library: /usr/lib/x86_64-linux-gnu/libcurl.so
[0.719s] -- Ensuring Eigen3 include directory is part of orocos-kdl CMake target
[0.969s] -- Configuring done
[0.999s] -- Generating done
[1.013s] -- Build files have been written to: /home/angel/0710_code/build/dual_arm_lag_cg_planner
[1.048s] [35m[1mConsolidate compiler generated dependencies of target dual_arm_lag_cg_planner[0m
[1.069s] [100%] Built target dual_arm_lag_cg_planner
[1.124s] Invoked command in '/home/angel/0710_code/build/dual_arm_lag_cg_planner' returned '0': CMAKE_PREFIX_PATH=/opt/ros/humble /usr/bin/cmake --build /home/angel/0710_code/build/dual_arm_lag_cg_planner -- -j8 -l8
[1.130s] Invoking command in '/home/angel/0710_code/build/dual_arm_lag_cg_planner': CMAKE_PREFIX_PATH=/opt/ros/humble /usr/bin/cmake --install /home/angel/0710_code/build/dual_arm_lag_cg_planner
[1.132s] -- Install configuration: "Release"
[1.132s] -- Up-to-date: /home/angel/0710_code/install/dual_arm_lag_cg_planner/share/dual_arm_lag_cg_planner/dual_arm_lag_cg_planner.xml
[1.133s] -- Up-to-date: /home/angel/0710_code/install/dual_arm_lag_cg_planner/lib/libdual_arm_lag_cg_planner.so
[1.133s] -- Up-to-date: /home/angel/0710_code/install/dual_arm_lag_cg_planner/include
[1.133s] -- Up-to-date: /home/angel/0710_code/install/dual_arm_lag_cg_planner/include/dual_arm_lag_cg_planner
[1.133s] -- Up-to-date: /home/angel/0710_code/install/dual_arm_lag_cg_planner/include/dual_arm_lag_cg_planner/avoidance_system.hpp
[1.133s] -- Up-to-date: /home/angel/0710_code/install/dual_arm_lag_cg_planner/include/dual_arm_lag_cg_planner/cg_solver.hpp
[1.133s] -- Up-to-date: /home/angel/0710_code/install/dual_arm_lag_cg_planner/include/dual_arm_lag_cg_planner/data_io.hpp
[1.133s] -- Up-to-date: /home/angel/0710_code/install/dual_arm_lag_cg_planner/include/dual_arm_lag_cg_planner/planner_manager.hpp
[1.133s] -- Up-to-date: /home/angel/0710_code/install/dual_arm_lag_cg_planner/share/dual_arm_lag_cg_planner/config
[1.133s] -- Up-to-date: /home/angel/0710_code/install/dual_arm_lag_cg_planner/share/dual_arm_lag_cg_planner/config/dual_arm_lag_cg_planning.yaml
[1.133s] -- Up-to-date: /home/angel/0710_code/install/dual_arm_lag_cg_planner/share/dual_arm_lag_cg_planner/environment/library_path.sh
[1.134s] -- Installing: /home/angel/0710_code/install/dual_arm_lag_cg_planner/share/dual_arm_lag_cg_planner/environment/library_path.dsv
[1.134s] -- Up-to-date: /home/angel/0710_code/install/dual_arm_lag_cg_planner/share/ament_index/resource_index/package_run_dependencies/dual_arm_lag_cg_planner
[1.134s] -- Installing: /home/angel/0710_code/install/dual_arm_lag_cg_planner/share/ament_index/resource_index/parent_prefix_path/dual_arm_lag_cg_planner
[1.134s] -- Up-to-date: /home/angel/0710_code/install/dual_arm_lag_cg_planner/share/dual_arm_lag_cg_planner/environment/ament_prefix_path.sh
[1.134s] -- Installing: /home/angel/0710_code/install/dual_arm_lag_cg_planner/share/dual_arm_lag_cg_planner/environment/ament_prefix_path.dsv
[1.135s] -- Up-to-date: /home/angel/0710_code/install/dual_arm_lag_cg_planner/share/dual_arm_lag_cg_planner/environment/path.sh
[1.135s] -- Installing: /home/angel/0710_code/install/dual_arm_lag_cg_planner/share/dual_arm_lag_cg_planner/environment/path.dsv
[1.135s] -- Up-to-date: /home/angel/0710_code/install/dual_arm_lag_cg_planner/share/dual_arm_lag_cg_planner/local_setup.bash
[1.135s] -- Up-to-date: /home/angel/0710_code/install/dual_arm_lag_cg_planner/share/dual_arm_lag_cg_planner/local_setup.sh
[1.135s] -- Up-to-date: /home/angel/0710_code/install/dual_arm_lag_cg_planner/share/dual_arm_lag_cg_planner/local_setup.zsh
[1.135s] -- Installing: /home/angel/0710_code/install/dual_arm_lag_cg_planner/share/dual_arm_lag_cg_planner/local_setup.dsv
[1.135s] -- Installing: /home/angel/0710_code/install/dual_arm_lag_cg_planner/share/dual_arm_lag_cg_planner/package.dsv
[1.135s] -- Up-to-date: /home/angel/0710_code/install/dual_arm_lag_cg_planner/share/ament_index/resource_index/packages/dual_arm_lag_cg_planner
[1.136s] -- Up-to-date: /home/angel/0710_code/install/dual_arm_lag_cg_planner/share/ament_index/resource_index/moveit_core__pluginlib__plugin/dual_arm_lag_cg_planner
[1.136s] -- Up-to-date: /home/angel/0710_code/install/dual_arm_lag_cg_planner/share/dual_arm_lag_cg_planner/cmake/ament_cmake_export_libraries-extras.cmake
[1.136s] -- Up-to-date: /home/angel/0710_code/install/dual_arm_lag_cg_planner/share/dual_arm_lag_cg_planner/cmake/ament_cmake_export_dependencies-extras.cmake
[1.136s] -- Up-to-date: /home/angel/0710_code/install/dual_arm_lag_cg_planner/share/dual_arm_lag_cg_planner/cmake/dual_arm_lag_cg_plannerConfig.cmake
[1.136s] -- Up-to-date: /home/angel/0710_code/install/dual_arm_lag_cg_planner/share/dual_arm_lag_cg_planner/cmake/dual_arm_lag_cg_plannerConfig-version.cmake
[1.136s] -- Up-to-date: /home/angel/0710_code/install/dual_arm_lag_cg_planner/share/dual_arm_lag_cg_planner/package.xml
[1.220s] Invoked command in '/home/angel/0710_code/build/dual_arm_lag_cg_planner' returned '0': CMAKE_PREFIX_PATH=/opt/ros/humble /usr/bin/cmake --install /home/angel/0710_code/build/dual_arm_lag_cg_planner
