[0.028s] Invoking command in '/home/angel/0710_code/build/dual_arm_lag_cg_planner': CMAKE_PREFIX_PATH=${CMAKE_PREFIX_PATH}:/opt/ros/humble /usr/bin/cmake --build /home/angel/0710_code/build/dual_arm_lag_cg_planner -- -j8 -l8
[0.091s] -- Found ament_cmake: 1.3.14 (/opt/ros/humble/share/ament_cmake/cmake)
[0.245s] -- Found rclcpp: 16.0.19 (/opt/ros/humble/share/rclcpp/cmake)
[0.270s] -- Found rosidl_generator_c: 3.1.8 (/opt/ros/humble/share/rosidl_generator_c/cmake)
[0.273s] -- Found rosidl_adapter: 3.1.8 (/opt/ros/humble/share/rosidl_adapter/cmake)
[0.279s] -- Found rosidl_generator_cpp: 3.1.8 (/opt/ros/humble/share/rosidl_generator_cpp/cmake)
[0.287s] -- Using all available rosidl_typesupport_c: rosidl_typesupport_fastrtps_c;rosidl_typesupport_introspection_c
[0.299s] -- Using all available rosidl_typesupport_cpp: rosidl_typesupport_fastrtps_cpp;rosidl_typesupport_introspection_cpp
[0.328s] -- Found rmw_implementation_cmake: 6.1.2 (/opt/ros/humble/share/rmw_implementation_cmake/cmake)
[0.329s] -- Found rmw_fastrtps_cpp: 6.2.10 (/opt/ros/humble/share/rmw_fastrtps_cpp/cmake)
[0.468s] -- Using RMW implementation 'rmw_fastrtps_cpp' as default
[0.519s] -- Found pluginlib: 5.1.3 (/opt/ros/humble/share/pluginlib/cmake)
[0.537s] -- Found moveit_core: 2.5.9 (/opt/ros/humble/share/moveit_core/cmake)
[0.570s] -- Found Boost: /usr/lib/x86_64-linux-gnu/cmake/Boost-1.74.0/BoostConfig.cmake (found version "1.74.0") found components: chrono date_time filesystem iostreams program_options regex serialization system thread 
[0.596s] -- Found parameter_traits: 0.7.1 (/opt/ros/humble/share/parameter_traits/cmake)
[0.604s] -- Found rclcpp_lifecycle: 16.0.19 (/opt/ros/humble/share/rclcpp_lifecycle/cmake)
[0.625s] -- Found Boost: /usr/lib/x86_64-linux-gnu/cmake/Boost-1.74.0/BoostConfig.cmake (found version "1.74.0") found components: filesystem 
[0.680s] -- library: /usr/lib/x86_64-linux-gnu/libcurl.so
[0.734s] -- Ensuring Eigen3 include directory is part of orocos-kdl CMake target
[0.985s] -- Configuring done
[1.025s] -- Generating done
[1.043s] -- Build files have been written to: /home/angel/0710_code/build/dual_arm_lag_cg_planner
[1.079s] [35m[1mConsolidate compiler generated dependencies of target dual_arm_lag_cg_planner[0m
[1.130s] [ 20%] [32mBuilding CXX object CMakeFiles/dual_arm_lag_cg_planner.dir/src/cg_solver.cpp.o[0m
[5.016s] [ 40%] [32mBuilding CXX object CMakeFiles/dual_arm_lag_cg_planner.dir/src/planner_manager.cpp.o[0m
[12.357s] [ 60%] [32mBuilding CXX object CMakeFiles/dual_arm_lag_cg_planner.dir/src/data_io.cpp.o[0m
[13.602s] [ 80%] [32mBuilding CXX object CMakeFiles/dual_arm_lag_cg_planner.dir/src/avoidance_system.cpp.o[0m
[21.333s] [100%] [32m[1mLinking CXX shared library libdual_arm_lag_cg_planner.so[0m
[21.493s] [100%] Built target dual_arm_lag_cg_planner
[21.502s] Invoked command in '/home/angel/0710_code/build/dual_arm_lag_cg_planner' returned '0': CMAKE_PREFIX_PATH=${CMAKE_PREFIX_PATH}:/opt/ros/humble /usr/bin/cmake --build /home/angel/0710_code/build/dual_arm_lag_cg_planner -- -j8 -l8
[21.504s] Invoking command in '/home/angel/0710_code/build/dual_arm_lag_cg_planner': CMAKE_PREFIX_PATH=${CMAKE_PREFIX_PATH}:/opt/ros/humble /usr/bin/cmake --install /home/angel/0710_code/build/dual_arm_lag_cg_planner
[21.511s] -- Install configuration: "Release"
[21.511s] -- Installing: /home/angel/0710_code/install/dual_arm_lag_cg_planner/share/dual_arm_lag_cg_planner/dual_arm_lag_cg_planner.xml
[21.511s] -- Installing: /home/angel/0710_code/install/dual_arm_lag_cg_planner/lib/libdual_arm_lag_cg_planner.so
[21.511s] -- Set runtime path of "/home/angel/0710_code/install/dual_arm_lag_cg_planner/lib/libdual_arm_lag_cg_planner.so" to ""
[21.512s] -- Up-to-date: /home/angel/0710_code/install/dual_arm_lag_cg_planner/include
[21.512s] -- Up-to-date: /home/angel/0710_code/install/dual_arm_lag_cg_planner/include/dual_arm_lag_cg_planner
[21.512s] -- Installing: /home/angel/0710_code/install/dual_arm_lag_cg_planner/include/dual_arm_lag_cg_planner/avoidance_system.hpp
[21.512s] -- Installing: /home/angel/0710_code/install/dual_arm_lag_cg_planner/include/dual_arm_lag_cg_planner/cg_solver.hpp
[21.512s] -- Installing: /home/angel/0710_code/install/dual_arm_lag_cg_planner/include/dual_arm_lag_cg_planner/data_io.hpp
[21.512s] -- Installing: /home/angel/0710_code/install/dual_arm_lag_cg_planner/include/dual_arm_lag_cg_planner/planner_manager.hpp
[21.512s] -- Up-to-date: /home/angel/0710_code/install/dual_arm_lag_cg_planner/share/dual_arm_lag_cg_planner/config
[21.512s] -- Installing: /home/angel/0710_code/install/dual_arm_lag_cg_planner/share/dual_arm_lag_cg_planner/config/dual_arm_lag_cg_planning.yaml
[21.512s] -- Up-to-date: /home/angel/0710_code/install/dual_arm_lag_cg_planner/share/dual_arm_lag_cg_planner/environment/library_path.sh
[21.512s] -- Installing: /home/angel/0710_code/install/dual_arm_lag_cg_planner/share/dual_arm_lag_cg_planner/environment/library_path.dsv
[21.512s] -- Up-to-date: /home/angel/0710_code/install/dual_arm_lag_cg_planner/share/ament_index/resource_index/package_run_dependencies/dual_arm_lag_cg_planner
[21.512s] -- Installing: /home/angel/0710_code/install/dual_arm_lag_cg_planner/share/ament_index/resource_index/parent_prefix_path/dual_arm_lag_cg_planner
[21.512s] -- Up-to-date: /home/angel/0710_code/install/dual_arm_lag_cg_planner/share/dual_arm_lag_cg_planner/environment/ament_prefix_path.sh
[21.513s] -- Installing: /home/angel/0710_code/install/dual_arm_lag_cg_planner/share/dual_arm_lag_cg_planner/environment/ament_prefix_path.dsv
[21.513s] -- Up-to-date: /home/angel/0710_code/install/dual_arm_lag_cg_planner/share/dual_arm_lag_cg_planner/environment/path.sh
[21.513s] -- Installing: /home/angel/0710_code/install/dual_arm_lag_cg_planner/share/dual_arm_lag_cg_planner/environment/path.dsv
[21.513s] -- Up-to-date: /home/angel/0710_code/install/dual_arm_lag_cg_planner/share/dual_arm_lag_cg_planner/local_setup.bash
[21.513s] -- Up-to-date: /home/angel/0710_code/install/dual_arm_lag_cg_planner/share/dual_arm_lag_cg_planner/local_setup.sh
[21.513s] -- Up-to-date: /home/angel/0710_code/install/dual_arm_lag_cg_planner/share/dual_arm_lag_cg_planner/local_setup.zsh
[21.513s] -- Installing: /home/angel/0710_code/install/dual_arm_lag_cg_planner/share/dual_arm_lag_cg_planner/local_setup.dsv
[21.513s] -- Installing: /home/angel/0710_code/install/dual_arm_lag_cg_planner/share/dual_arm_lag_cg_planner/package.dsv
[21.513s] -- Up-to-date: /home/angel/0710_code/install/dual_arm_lag_cg_planner/share/ament_index/resource_index/packages/dual_arm_lag_cg_planner
[21.513s] -- Up-to-date: /home/angel/0710_code/install/dual_arm_lag_cg_planner/share/ament_index/resource_index/moveit_core__pluginlib__plugin/dual_arm_lag_cg_planner
[21.513s] -- Up-to-date: /home/angel/0710_code/install/dual_arm_lag_cg_planner/share/dual_arm_lag_cg_planner/cmake/ament_cmake_export_libraries-extras.cmake
[21.513s] -- Up-to-date: /home/angel/0710_code/install/dual_arm_lag_cg_planner/share/dual_arm_lag_cg_planner/cmake/ament_cmake_export_dependencies-extras.cmake
[21.513s] -- Up-to-date: /home/angel/0710_code/install/dual_arm_lag_cg_planner/share/dual_arm_lag_cg_planner/cmake/dual_arm_lag_cg_plannerConfig.cmake
[21.513s] -- Up-to-date: /home/angel/0710_code/install/dual_arm_lag_cg_planner/share/dual_arm_lag_cg_planner/cmake/dual_arm_lag_cg_plannerConfig-version.cmake
[21.513s] -- Installing: /home/angel/0710_code/install/dual_arm_lag_cg_planner/share/dual_arm_lag_cg_planner/package.xml
[21.515s] Invoked command in '/home/angel/0710_code/build/dual_arm_lag_cg_planner' returned '0': CMAKE_PREFIX_PATH=${CMAKE_PREFIX_PATH}:/opt/ros/humble /usr/bin/cmake --install /home/angel/0710_code/build/dual_arm_lag_cg_planner
