[0.022s] Invoking command in '/home/angel/0710_code/build/dual_arm_lag_gd_planner': CMAKE_PREFIX_PATH=/opt/ros/humble /usr/bin/cmake /home/angel/0710_code/src/0710_code/dual_arm_lag_gd_planner -DCMAKE_INSTALL_PREFIX=/home/angel/0710_code/install/dual_arm_lag_gd_planner
[0.088s] -- The C compiler identification is GNU 11.4.0
[0.175s] -- The CXX compiler identification is GNU 11.4.0
[0.184s] -- Detecting C compiler ABI info
[0.260s] -- Detecting C compiler ABI info - done
[0.270s] -- Check for working C compiler: /usr/bin/cc - skipped
[0.270s] -- Detecting C compile features
[0.271s] -- Detecting C compile features - done
[0.274s] -- Detecting CXX compiler ABI info
[0.366s] -- Detecting CXX compiler ABI info - done
[0.373s] -- Check for working CXX compiler: /usr/bin/c++ - skipped
[0.373s] -- Detecting CXX compile features
[0.373s] -- Detecting CXX compile features - done
[0.377s] -- Found ament_cmake: 1.3.14 (/opt/ros/humble/share/ament_cmake/cmake)
[0.618s] -- Found Python3: /usr/bin/python3 (found version "3.10.12") found components: Interpreter 
[0.737s] -- Found rclcpp: 16.0.19 (/opt/ros/humble/share/rclcpp/cmake)
[0.799s] -- Found rosidl_generator_c: 3.1.8 (/opt/ros/humble/share/rosidl_generator_c/cmake)
[0.814s] -- Found rosidl_adapter: 3.1.8 (/opt/ros/humble/share/rosidl_adapter/cmake)
[0.824s] -- Found rosidl_generator_cpp: 3.1.8 (/opt/ros/humble/share/rosidl_generator_cpp/cmake)
[0.840s] -- Using all available rosidl_typesupport_c: rosidl_typesupport_fastrtps_c;rosidl_typesupport_introspection_c
[0.860s] -- Using all available rosidl_typesupport_cpp: rosidl_typesupport_fastrtps_cpp;rosidl_typesupport_introspection_cpp
[0.924s] -- Found rmw_implementation_cmake: 6.1.2 (/opt/ros/humble/share/rmw_implementation_cmake/cmake)
[0.925s] -- Found rmw_fastrtps_cpp: 6.2.10 (/opt/ros/humble/share/rmw_fastrtps_cpp/cmake)
[1.040s] -- Found OpenSSL: /usr/lib/x86_64-linux-gnu/libcrypto.so (found version "3.0.2")  
[1.069s] -- Found FastRTPS: /opt/ros/humble/include  
[1.116s] -- Using RMW implementation 'rmw_fastrtps_cpp' as default
[1.128s] -- Looking for pthread.h
[1.209s] -- Looking for pthread.h - found
[1.209s] -- Performing Test CMAKE_HAVE_LIBC_PTHREAD
[1.284s] -- Performing Test CMAKE_HAVE_LIBC_PTHREAD - Success
[1.285s] -- Found Threads: TRUE  
[1.355s] -- Found pluginlib: 5.1.3 (/opt/ros/humble/share/pluginlib/cmake)
[1.391s] -- Found moveit_core: 2.5.9 (/opt/ros/humble/share/moveit_core/cmake)
[1.446s] -- Found Boost: /usr/lib/x86_64-linux-gnu/cmake/Boost-1.74.0/BoostConfig.cmake (found version "1.74.0") found components: chrono date_time filesystem iostreams program_options regex serialization system thread 
[1.496s] -- Found parameter_traits: 0.7.1 (/opt/ros/humble/share/parameter_traits/cmake)
[1.519s] -- Found rclcpp_lifecycle: 16.0.19 (/opt/ros/humble/share/rclcpp_lifecycle/cmake)
[1.546s] -- Found Boost: /usr/lib/x86_64-linux-gnu/cmake/Boost-1.74.0/BoostConfig.cmake (found version "1.74.0") found components: filesystem 
[1.664s] -- library: /usr/lib/x86_64-linux-gnu/libcurl.so
[1.749s] -- Found Eigen3: TRUE (found version "3.4.0") 
[1.749s] -- Ensuring Eigen3 include directory is part of orocos-kdl CMake target
[2.067s] -- Configuring done
[2.092s] -- Generating done
[2.100s] -- Build files have been written to: /home/angel/0710_code/build/dual_arm_lag_gd_planner
[2.129s] Invoked command in '/home/angel/0710_code/build/dual_arm_lag_gd_planner' returned '0': CMAKE_PREFIX_PATH=/opt/ros/humble /usr/bin/cmake /home/angel/0710_code/src/0710_code/dual_arm_lag_gd_planner -DCMAKE_INSTALL_PREFIX=/home/angel/0710_code/install/dual_arm_lag_gd_planner
[2.130s] Invoking command in '/home/angel/0710_code/build/dual_arm_lag_gd_planner': CMAKE_PREFIX_PATH=/opt/ros/humble /usr/bin/cmake --build /home/angel/0710_code/build/dual_arm_lag_gd_planner -- -j8 -l8
[2.208s] [ 20%] [32mBuilding CXX object CMakeFiles/dual_arm_lag_gd_planner.dir/src/avoidance_system.cpp.o[0m
[2.216s] [ 40%] [32mBuilding CXX object CMakeFiles/dual_arm_lag_gd_planner.dir/src/gd_solver.cpp.o[0m
[2.216s] [ 60%] [32mBuilding CXX object CMakeFiles/dual_arm_lag_gd_planner.dir/src/planner_manager.cpp.o[0m
[2.216s] [ 80%] [32mBuilding CXX object CMakeFiles/dual_arm_lag_gd_planner.dir/src/data_io.cpp.o[0m
[60.182s] [100%] [32m[1mLinking CXX shared library libdual_arm_lag_gd_planner.so[0m
[60.394s] [100%] Built target dual_arm_lag_gd_planner
[60.499s] Invoked command in '/home/angel/0710_code/build/dual_arm_lag_gd_planner' returned '0': CMAKE_PREFIX_PATH=/opt/ros/humble /usr/bin/cmake --build /home/angel/0710_code/build/dual_arm_lag_gd_planner -- -j8 -l8
[60.500s] Invoking command in '/home/angel/0710_code/build/dual_arm_lag_gd_planner': CMAKE_PREFIX_PATH=/opt/ros/humble /usr/bin/cmake --install /home/angel/0710_code/build/dual_arm_lag_gd_planner
[60.521s] -- Install configuration: "Release"
[60.521s] -- Installing: /home/angel/0710_code/install/dual_arm_lag_gd_planner/share/dual_arm_lag_gd_planner/dual_arm_lag_gd_planner.xml
[60.673s] -- Installing: /home/angel/0710_code/install/dual_arm_lag_gd_planner/lib/libdual_arm_lag_gd_planner.so
[60.673s] -- Set runtime path of "/home/angel/0710_code/install/dual_arm_lag_gd_planner/lib/libdual_arm_lag_gd_planner.so" to ""
[60.673s] -- Installing: /home/angel/0710_code/install/dual_arm_lag_gd_planner/include
[60.673s] -- Installing: /home/angel/0710_code/install/dual_arm_lag_gd_planner/include/dual_arm_lag_gd_planner
[60.673s] -- Installing: /home/angel/0710_code/install/dual_arm_lag_gd_planner/include/dual_arm_lag_gd_planner/avoidance_system.hpp
[60.675s] -- Installing: /home/angel/0710_code/install/dual_arm_lag_gd_planner/include/dual_arm_lag_gd_planner/data_io.hpp
[60.675s] -- Installing: /home/angel/0710_code/install/dual_arm_lag_gd_planner/include/dual_arm_lag_gd_planner/gd_solver.hpp
[60.675s] -- Installing: /home/angel/0710_code/install/dual_arm_lag_gd_planner/include/dual_arm_lag_gd_planner/planner_manager.hpp
[60.806s] -- Installing: /home/angel/0710_code/install/dual_arm_lag_gd_planner/share/dual_arm_lag_gd_planner/config
[60.807s] -- Installing: /home/angel/0710_code/install/dual_arm_lag_gd_planner/share/dual_arm_lag_gd_planner/config/dual_arm_lag_gd_planning.yaml
[60.830s] -- Installing: /home/angel/0710_code/install/dual_arm_lag_gd_planner/share/dual_arm_lag_gd_planner/environment/library_path.sh
[60.830s] -- Installing: /home/angel/0710_code/install/dual_arm_lag_gd_planner/share/dual_arm_lag_gd_planner/environment/library_path.dsv
[60.831s] -- Installing: /home/angel/0710_code/install/dual_arm_lag_gd_planner/share/ament_index/resource_index/package_run_dependencies/dual_arm_lag_gd_planner
[60.831s] -- Installing: /home/angel/0710_code/install/dual_arm_lag_gd_planner/share/ament_index/resource_index/parent_prefix_path/dual_arm_lag_gd_planner
[60.831s] -- Installing: /home/angel/0710_code/install/dual_arm_lag_gd_planner/share/dual_arm_lag_gd_planner/environment/ament_prefix_path.sh
[60.831s] -- Installing: /home/angel/0710_code/install/dual_arm_lag_gd_planner/share/dual_arm_lag_gd_planner/environment/ament_prefix_path.dsv
[60.831s] -- Installing: /home/angel/0710_code/install/dual_arm_lag_gd_planner/share/dual_arm_lag_gd_planner/environment/path.sh
[60.831s] -- Installing: /home/angel/0710_code/install/dual_arm_lag_gd_planner/share/dual_arm_lag_gd_planner/environment/path.dsv
[60.832s] -- Installing: /home/angel/0710_code/install/dual_arm_lag_gd_planner/share/dual_arm_lag_gd_planner/local_setup.bash
[60.832s] -- Installing: /home/angel/0710_code/install/dual_arm_lag_gd_planner/share/dual_arm_lag_gd_planner/local_setup.sh
[60.832s] -- Installing: /home/angel/0710_code/install/dual_arm_lag_gd_planner/share/dual_arm_lag_gd_planner/local_setup.zsh
[60.832s] -- Installing: /home/angel/0710_code/install/dual_arm_lag_gd_planner/share/dual_arm_lag_gd_planner/local_setup.dsv
[60.832s] -- Installing: /home/angel/0710_code/install/dual_arm_lag_gd_planner/share/dual_arm_lag_gd_planner/package.dsv
[60.832s] -- Installing: /home/angel/0710_code/install/dual_arm_lag_gd_planner/share/ament_index/resource_index/packages/dual_arm_lag_gd_planner
[60.833s] -- Installing: /home/angel/0710_code/install/dual_arm_lag_gd_planner/share/ament_index/resource_index/moveit_core__pluginlib__plugin/dual_arm_lag_gd_planner
[60.833s] -- Installing: /home/angel/0710_code/install/dual_arm_lag_gd_planner/share/dual_arm_lag_gd_planner/cmake/ament_cmake_export_libraries-extras.cmake
[60.833s] -- Installing: /home/angel/0710_code/install/dual_arm_lag_gd_planner/share/dual_arm_lag_gd_planner/cmake/ament_cmake_export_dependencies-extras.cmake
[60.833s] -- Installing: /home/angel/0710_code/install/dual_arm_lag_gd_planner/share/dual_arm_lag_gd_planner/cmake/dual_arm_lag_gd_plannerConfig.cmake
[60.833s] -- Installing: /home/angel/0710_code/install/dual_arm_lag_gd_planner/share/dual_arm_lag_gd_planner/cmake/dual_arm_lag_gd_plannerConfig-version.cmake
[60.833s] -- Installing: /home/angel/0710_code/install/dual_arm_lag_gd_planner/share/dual_arm_lag_gd_planner/package.xml
[60.838s] Invoked command in '/home/angel/0710_code/build/dual_arm_lag_gd_planner' returned '0': CMAKE_PREFIX_PATH=/opt/ros/humble /usr/bin/cmake --install /home/angel/0710_code/build/dual_arm_lag_gd_planner
