[0.028s] Invoking command in '/home/angel/0710_code/build/dual_arm_lag_newton_planner': CMAKE_PREFIX_PATH=${CMAKE_PREFIX_PATH}:/opt/ros/humble /usr/bin/cmake --build /home/angel/0710_code/build/dual_arm_lag_newton_planner -- -j8 -l8
[0.085s] -- Found ament_cmake: 1.3.14 (/opt/ros/humble/share/ament_cmake/cmake)
[0.234s] -- Found rclcpp: 16.0.19 (/opt/ros/humble/share/rclcpp/cmake)
[0.259s] -- Found rosidl_generator_c: 3.1.8 (/opt/ros/humble/share/rosidl_generator_c/cmake)
[0.261s] -- Found rosidl_adapter: 3.1.8 (/opt/ros/humble/share/rosidl_adapter/cmake)
[0.267s] -- Found rosidl_generator_cpp: 3.1.8 (/opt/ros/humble/share/rosidl_generator_cpp/cmake)
[0.277s] -- Using all available rosidl_typesupport_c: rosidl_typesupport_fastrtps_c;rosidl_typesupport_introspection_c
[0.287s] -- Using all available rosidl_typesupport_cpp: rosidl_typesupport_fastrtps_cpp;rosidl_typesupport_introspection_cpp
[0.316s] -- Found rmw_implementation_cmake: 6.1.2 (/opt/ros/humble/share/rmw_implementation_cmake/cmake)
[0.317s] -- Found rmw_fastrtps_cpp: 6.2.10 (/opt/ros/humble/share/rmw_fastrtps_cpp/cmake)
[0.463s] -- Using RMW implementation 'rmw_fastrtps_cpp' as default
[0.512s] -- Found pluginlib: 5.1.3 (/opt/ros/humble/share/pluginlib/cmake)
[0.530s] -- Found moveit_core: 2.5.9 (/opt/ros/humble/share/moveit_core/cmake)
[0.561s] -- Found Boost: /usr/lib/x86_64-linux-gnu/cmake/Boost-1.74.0/BoostConfig.cmake (found version "1.74.0") found components: chrono date_time filesystem iostreams program_options regex serialization system thread 
[0.588s] -- Found parameter_traits: 0.7.1 (/opt/ros/humble/share/parameter_traits/cmake)
[0.596s] -- Found rclcpp_lifecycle: 16.0.19 (/opt/ros/humble/share/rclcpp_lifecycle/cmake)
[0.617s] -- Found Boost: /usr/lib/x86_64-linux-gnu/cmake/Boost-1.74.0/BoostConfig.cmake (found version "1.74.0") found components: filesystem 
[0.666s] -- library: /usr/lib/x86_64-linux-gnu/libcurl.so
[0.718s] -- Ensuring Eigen3 include directory is part of orocos-kdl CMake target
[0.969s] -- Configuring done
[1.016s] -- Generating done
[1.027s] -- Build files have been written to: /home/angel/0710_code/build/dual_arm_lag_newton_planner
[1.063s] [35m[1mConsolidate compiler generated dependencies of target dual_arm_lag_newton_planner[0m
[1.092s] [ 20%] [32mBuilding CXX object CMakeFiles/dual_arm_lag_newton_planner.dir/src/newton_solver.cpp.o[0m
[10.765s] [ 40%] [32mBuilding CXX object CMakeFiles/dual_arm_lag_newton_planner.dir/src/planner_manager.cpp.o[0m
[18.149s] [ 60%] [32mBuilding CXX object CMakeFiles/dual_arm_lag_newton_planner.dir/src/data_io.cpp.o[0m
[19.386s] [ 80%] [32mBuilding CXX object CMakeFiles/dual_arm_lag_newton_planner.dir/src/avoidance_system.cpp.o[0m
[26.759s] [100%] [32m[1mLinking CXX shared library libdual_arm_lag_newton_planner.so[0m
[26.901s] [100%] Built target dual_arm_lag_newton_planner
[26.911s] Invoked command in '/home/angel/0710_code/build/dual_arm_lag_newton_planner' returned '0': CMAKE_PREFIX_PATH=${CMAKE_PREFIX_PATH}:/opt/ros/humble /usr/bin/cmake --build /home/angel/0710_code/build/dual_arm_lag_newton_planner -- -j8 -l8
[26.912s] Invoking command in '/home/angel/0710_code/build/dual_arm_lag_newton_planner': CMAKE_PREFIX_PATH=${CMAKE_PREFIX_PATH}:/opt/ros/humble /usr/bin/cmake --install /home/angel/0710_code/build/dual_arm_lag_newton_planner
[26.918s] -- Install configuration: "Release"
[26.918s] -- Installing: /home/angel/0710_code/install/dual_arm_lag_newton_planner/share/dual_arm_lag_newton_planner/dual_arm_lag_newton_planner.xml
[26.919s] -- Installing: /home/angel/0710_code/install/dual_arm_lag_newton_planner/lib/libdual_arm_lag_newton_planner.so
[26.919s] -- Set runtime path of "/home/angel/0710_code/install/dual_arm_lag_newton_planner/lib/libdual_arm_lag_newton_planner.so" to ""
[26.919s] -- Up-to-date: /home/angel/0710_code/install/dual_arm_lag_newton_planner/include
[26.920s] -- Up-to-date: /home/angel/0710_code/install/dual_arm_lag_newton_planner/include/dual_arm_lag_newton_planner
[26.920s] -- Installing: /home/angel/0710_code/install/dual_arm_lag_newton_planner/include/dual_arm_lag_newton_planner/newton_solver.hpp
[26.920s] -- Installing: /home/angel/0710_code/install/dual_arm_lag_newton_planner/include/dual_arm_lag_newton_planner/avoidance_system.hpp
[26.920s] -- Installing: /home/angel/0710_code/install/dual_arm_lag_newton_planner/include/dual_arm_lag_newton_planner/data_io.hpp
[26.920s] -- Installing: /home/angel/0710_code/install/dual_arm_lag_newton_planner/include/dual_arm_lag_newton_planner/planner_manager.hpp
[26.920s] -- Up-to-date: /home/angel/0710_code/install/dual_arm_lag_newton_planner/share/dual_arm_lag_newton_planner/config
[26.920s] -- Installing: /home/angel/0710_code/install/dual_arm_lag_newton_planner/share/dual_arm_lag_newton_planner/config/dual_arm_lag_newton_planning.yaml
[26.920s] -- Up-to-date: /home/angel/0710_code/install/dual_arm_lag_newton_planner/share/dual_arm_lag_newton_planner/environment/library_path.sh
[26.920s] -- Installing: /home/angel/0710_code/install/dual_arm_lag_newton_planner/share/dual_arm_lag_newton_planner/environment/library_path.dsv
[26.920s] -- Up-to-date: /home/angel/0710_code/install/dual_arm_lag_newton_planner/share/ament_index/resource_index/package_run_dependencies/dual_arm_lag_newton_planner
[26.920s] -- Installing: /home/angel/0710_code/install/dual_arm_lag_newton_planner/share/ament_index/resource_index/parent_prefix_path/dual_arm_lag_newton_planner
[26.920s] -- Up-to-date: /home/angel/0710_code/install/dual_arm_lag_newton_planner/share/dual_arm_lag_newton_planner/environment/ament_prefix_path.sh
[26.920s] -- Installing: /home/angel/0710_code/install/dual_arm_lag_newton_planner/share/dual_arm_lag_newton_planner/environment/ament_prefix_path.dsv
[26.921s] -- Up-to-date: /home/angel/0710_code/install/dual_arm_lag_newton_planner/share/dual_arm_lag_newton_planner/environment/path.sh
[26.921s] -- Installing: /home/angel/0710_code/install/dual_arm_lag_newton_planner/share/dual_arm_lag_newton_planner/environment/path.dsv
[26.921s] -- Up-to-date: /home/angel/0710_code/install/dual_arm_lag_newton_planner/share/dual_arm_lag_newton_planner/local_setup.bash
[26.921s] -- Up-to-date: /home/angel/0710_code/install/dual_arm_lag_newton_planner/share/dual_arm_lag_newton_planner/local_setup.sh
[26.921s] -- Up-to-date: /home/angel/0710_code/install/dual_arm_lag_newton_planner/share/dual_arm_lag_newton_planner/local_setup.zsh
[26.921s] -- Installing: /home/angel/0710_code/install/dual_arm_lag_newton_planner/share/dual_arm_lag_newton_planner/local_setup.dsv
[26.921s] -- Installing: /home/angel/0710_code/install/dual_arm_lag_newton_planner/share/dual_arm_lag_newton_planner/package.dsv
[26.921s] -- Up-to-date: /home/angel/0710_code/install/dual_arm_lag_newton_planner/share/ament_index/resource_index/packages/dual_arm_lag_newton_planner
[26.921s] -- Up-to-date: /home/angel/0710_code/install/dual_arm_lag_newton_planner/share/ament_index/resource_index/moveit_core__pluginlib__plugin/dual_arm_lag_newton_planner
[26.921s] -- Up-to-date: /home/angel/0710_code/install/dual_arm_lag_newton_planner/share/dual_arm_lag_newton_planner/cmake/ament_cmake_export_libraries-extras.cmake
[26.921s] -- Up-to-date: /home/angel/0710_code/install/dual_arm_lag_newton_planner/share/dual_arm_lag_newton_planner/cmake/ament_cmake_export_dependencies-extras.cmake
[26.921s] -- Up-to-date: /home/angel/0710_code/install/dual_arm_lag_newton_planner/share/dual_arm_lag_newton_planner/cmake/dual_arm_lag_newton_plannerConfig.cmake
[26.921s] -- Up-to-date: /home/angel/0710_code/install/dual_arm_lag_newton_planner/share/dual_arm_lag_newton_planner/cmake/dual_arm_lag_newton_plannerConfig-version.cmake
[26.921s] -- Installing: /home/angel/0710_code/install/dual_arm_lag_newton_planner/share/dual_arm_lag_newton_planner/package.xml
[26.923s] Invoked command in '/home/angel/0710_code/build/dual_arm_lag_newton_planner' returned '0': CMAKE_PREFIX_PATH=${CMAKE_PREFIX_PATH}:/opt/ros/humble /usr/bin/cmake --install /home/angel/0710_code/build/dual_arm_lag_newton_planner
