[0.041s] Invoking command in '/home/angel/0710_code/build/dual_arm_alm_cg_planner': CMAKE_PREFIX_PATH=/opt/ros/humble /usr/bin/cmake /home/angel/0710_code/src/0710_code/dual_arm_alm_cg_planner -DCMAKE_INSTALL_PREFIX=/home/angel/0710_code/install/dual_arm_alm_cg_planner
[0.111s] -- The C compiler identification is GNU 11.4.0
[0.178s] -- The CXX compiler identification is GNU 11.4.0
[0.185s] -- Detecting C compiler ABI info
[0.269s] -- Detecting C compiler ABI info - done
[0.276s] -- Check for working C compiler: /usr/bin/cc - skipped
[0.276s] -- Detecting C compile features
[0.276s] -- Detecting C compile features - done
[0.286s] -- Detecting CXX compiler ABI info
[0.371s] -- Detecting CXX compiler ABI info - done
[0.380s] -- Check for working CXX compiler: /usr/bin/c++ - skipped
[0.380s] -- Detecting CXX compile features
[0.381s] -- Detecting CXX compile features - done
[0.386s] -- Found ament_cmake: 1.3.14 (/opt/ros/humble/share/ament_cmake/cmake)
[0.553s] -- Found Python3: /usr/bin/python3 (found version "3.10.12") found components: Interpreter 
[0.741s] -- Found rclcpp: 16.0.19 (/opt/ros/humble/share/rclcpp/cmake)
[0.807s] -- Found rosidl_generator_c: 3.1.8 (/opt/ros/humble/share/rosidl_generator_c/cmake)
[0.820s] -- Found rosidl_adapter: 3.1.8 (/opt/ros/humble/share/rosidl_adapter/cmake)
[0.833s] -- Found rosidl_generator_cpp: 3.1.8 (/opt/ros/humble/share/rosidl_generator_cpp/cmake)
[0.848s] -- Using all available rosidl_typesupport_c: rosidl_typesupport_fastrtps_c;rosidl_typesupport_introspection_c
[0.863s] -- Using all available rosidl_typesupport_cpp: rosidl_typesupport_fastrtps_cpp;rosidl_typesupport_introspection_cpp
[0.918s] -- Found rmw_implementation_cmake: 6.1.2 (/opt/ros/humble/share/rmw_implementation_cmake/cmake)
[0.922s] -- Found rmw_fastrtps_cpp: 6.2.10 (/opt/ros/humble/share/rmw_fastrtps_cpp/cmake)
[1.032s] -- Found OpenSSL: /usr/lib/x86_64-linux-gnu/libcrypto.so (found version "3.0.2")  
[1.063s] -- Found FastRTPS: /opt/ros/humble/include  
[1.115s] -- Using RMW implementation 'rmw_fastrtps_cpp' as default
[1.126s] -- Looking for pthread.h
[1.194s] -- Looking for pthread.h - found
[1.194s] -- Performing Test CMAKE_HAVE_LIBC_PTHREAD
[1.269s] -- Performing Test CMAKE_HAVE_LIBC_PTHREAD - Success
[1.270s] -- Found Threads: TRUE  
[1.340s] -- Found pluginlib: 5.1.3 (/opt/ros/humble/share/pluginlib/cmake)
[1.379s] -- Found moveit_core: 2.5.9 (/opt/ros/humble/share/moveit_core/cmake)
[1.424s] -- Found Boost: /usr/lib/x86_64-linux-gnu/cmake/Boost-1.74.0/BoostConfig.cmake (found version "1.74.0") found components: chrono date_time filesystem iostreams program_options regex serialization system thread 
[1.480s] -- Found parameter_traits: 0.7.1 (/opt/ros/humble/share/parameter_traits/cmake)
[1.502s] -- Found rclcpp_lifecycle: 16.0.19 (/opt/ros/humble/share/rclcpp_lifecycle/cmake)
[1.533s] -- Found Boost: /usr/lib/x86_64-linux-gnu/cmake/Boost-1.74.0/BoostConfig.cmake (found version "1.74.0") found components: filesystem 
[1.650s] -- library: /usr/lib/x86_64-linux-gnu/libcurl.so
[1.728s] -- Found Eigen3: TRUE (found version "3.4.0") 
[1.728s] -- Ensuring Eigen3 include directory is part of orocos-kdl CMake target
[2.058s] -- Configuring done
[2.094s] -- Generating done
[2.101s] -- Build files have been written to: /home/angel/0710_code/build/dual_arm_alm_cg_planner
[2.140s] Invoked command in '/home/angel/0710_code/build/dual_arm_alm_cg_planner' returned '0': CMAKE_PREFIX_PATH=/opt/ros/humble /usr/bin/cmake /home/angel/0710_code/src/0710_code/dual_arm_alm_cg_planner -DCMAKE_INSTALL_PREFIX=/home/angel/0710_code/install/dual_arm_alm_cg_planner
[2.140s] Invoking command in '/home/angel/0710_code/build/dual_arm_alm_cg_planner': CMAKE_PREFIX_PATH=/opt/ros/humble /usr/bin/cmake --build /home/angel/0710_code/build/dual_arm_alm_cg_planner -- -j8 -l8
[2.225s] [ 20%] [32mBuilding CXX object CMakeFiles/dual_arm_alm_cg_planner.dir/src/planner_manager.cpp.o[0m
[2.225s] [ 40%] [32mBuilding CXX object CMakeFiles/dual_arm_alm_cg_planner.dir/src/data_io.cpp.o[0m
[2.225s] [ 60%] [32mBuilding CXX object CMakeFiles/dual_arm_alm_cg_planner.dir/src/avoidance_system.cpp.o[0m
[2.225s] [ 80%] [32mBuilding CXX object CMakeFiles/dual_arm_alm_cg_planner.dir/src/cg_solver.cpp.o[0m
[60.325s] [100%] [32m[1mLinking CXX shared library libdual_arm_alm_cg_planner.so[0m
[60.577s] [100%] Built target dual_arm_alm_cg_planner
[60.590s] Invoked command in '/home/angel/0710_code/build/dual_arm_alm_cg_planner' returned '0': CMAKE_PREFIX_PATH=/opt/ros/humble /usr/bin/cmake --build /home/angel/0710_code/build/dual_arm_alm_cg_planner -- -j8 -l8
[60.591s] Invoking command in '/home/angel/0710_code/build/dual_arm_alm_cg_planner': CMAKE_PREFIX_PATH=/opt/ros/humble /usr/bin/cmake --install /home/angel/0710_code/build/dual_arm_alm_cg_planner
[60.599s] -- Install configuration: "Release"
[60.599s] -- Installing: /home/angel/0710_code/install/dual_arm_alm_cg_planner/share/dual_arm_alm_cg_planner/dual_arm_alm_cg_planner.xml
[60.701s] -- Installing: /home/angel/0710_code/install/dual_arm_alm_cg_planner/lib/libdual_arm_alm_cg_planner.so
[60.701s] -- Set runtime path of "/home/angel/0710_code/install/dual_arm_alm_cg_planner/lib/libdual_arm_alm_cg_planner.so" to ""
[60.701s] -- Installing: /home/angel/0710_code/install/dual_arm_alm_cg_planner/include
[60.701s] -- Installing: /home/angel/0710_code/install/dual_arm_alm_cg_planner/include/dual_arm_alm_cg_planner
[60.701s] -- Installing: /home/angel/0710_code/install/dual_arm_alm_cg_planner/include/dual_arm_alm_cg_planner/avoidance_system.hpp
[60.701s] -- Installing: /home/angel/0710_code/install/dual_arm_alm_cg_planner/include/dual_arm_alm_cg_planner/cg_solver.hpp
[60.701s] -- Installing: /home/angel/0710_code/install/dual_arm_alm_cg_planner/include/dual_arm_alm_cg_planner/data_io.hpp
[60.701s] -- Installing: /home/angel/0710_code/install/dual_arm_alm_cg_planner/include/dual_arm_alm_cg_planner/planner_manager.hpp
[60.703s] -- Installing: /home/angel/0710_code/install/dual_arm_alm_cg_planner/share/dual_arm_alm_cg_planner/config
[60.703s] -- Installing: /home/angel/0710_code/install/dual_arm_alm_cg_planner/share/dual_arm_alm_cg_planner/config/dual_arm_alm_cg_planning.yaml
[60.704s] -- Installing: /home/angel/0710_code/install/dual_arm_alm_cg_planner/share/dual_arm_alm_cg_planner/environment/library_path.sh
[60.705s] -- Installing: /home/angel/0710_code/install/dual_arm_alm_cg_planner/share/dual_arm_alm_cg_planner/environment/library_path.dsv
[60.705s] -- Installing: /home/angel/0710_code/install/dual_arm_alm_cg_planner/share/ament_index/resource_index/package_run_dependencies/dual_arm_alm_cg_planner
[60.705s] -- Installing: /home/angel/0710_code/install/dual_arm_alm_cg_planner/share/ament_index/resource_index/parent_prefix_path/dual_arm_alm_cg_planner
[60.705s] -- Installing: /home/angel/0710_code/install/dual_arm_alm_cg_planner/share/dual_arm_alm_cg_planner/environment/ament_prefix_path.sh
[60.705s] -- Installing: /home/angel/0710_code/install/dual_arm_alm_cg_planner/share/dual_arm_alm_cg_planner/environment/ament_prefix_path.dsv
[60.705s] -- Installing: /home/angel/0710_code/install/dual_arm_alm_cg_planner/share/dual_arm_alm_cg_planner/environment/path.sh
[60.706s] -- Installing: /home/angel/0710_code/install/dual_arm_alm_cg_planner/share/dual_arm_alm_cg_planner/environment/path.dsv
[60.706s] -- Installing: /home/angel/0710_code/install/dual_arm_alm_cg_planner/share/dual_arm_alm_cg_planner/local_setup.bash
[60.706s] -- Installing: /home/angel/0710_code/install/dual_arm_alm_cg_planner/share/dual_arm_alm_cg_planner/local_setup.sh
[60.706s] -- Installing: /home/angel/0710_code/install/dual_arm_alm_cg_planner/share/dual_arm_alm_cg_planner/local_setup.zsh
[60.707s] -- Installing: /home/angel/0710_code/install/dual_arm_alm_cg_planner/share/dual_arm_alm_cg_planner/local_setup.dsv
[60.707s] -- Installing: /home/angel/0710_code/install/dual_arm_alm_cg_planner/share/dual_arm_alm_cg_planner/package.dsv
[60.707s] -- Installing: /home/angel/0710_code/install/dual_arm_alm_cg_planner/share/ament_index/resource_index/packages/dual_arm_alm_cg_planner
[60.707s] -- Installing: /home/angel/0710_code/install/dual_arm_alm_cg_planner/share/ament_index/resource_index/moveit_core__pluginlib__plugin/dual_arm_alm_cg_planner
[60.708s] -- Installing: /home/angel/0710_code/install/dual_arm_alm_cg_planner/share/dual_arm_alm_cg_planner/cmake/ament_cmake_export_libraries-extras.cmake
[60.708s] -- Installing: /home/angel/0710_code/install/dual_arm_alm_cg_planner/share/dual_arm_alm_cg_planner/cmake/ament_cmake_export_dependencies-extras.cmake
[60.708s] -- Installing: /home/angel/0710_code/install/dual_arm_alm_cg_planner/share/dual_arm_alm_cg_planner/cmake/dual_arm_alm_cg_plannerConfig.cmake
[60.708s] -- Installing: /home/angel/0710_code/install/dual_arm_alm_cg_planner/share/dual_arm_alm_cg_planner/cmake/dual_arm_alm_cg_plannerConfig-version.cmake
[60.708s] -- Installing: /home/angel/0710_code/install/dual_arm_alm_cg_planner/share/dual_arm_alm_cg_planner/package.xml
[60.714s] Invoked command in '/home/angel/0710_code/build/dual_arm_alm_cg_planner' returned '0': CMAKE_PREFIX_PATH=/opt/ros/humble /usr/bin/cmake --install /home/angel/0710_code/build/dual_arm_alm_cg_planner
