[0.010s] Invoking command in '/home/angel/ros2_ws/build/hiwin_dual_arm': AMENT_PREFIX_PATH=/home/angel/ros2_ws/install/hiwin_description:${AMENT_PREFIX_PATH} CMAKE_PREFIX_PATH=/home/angel/ros2_ws/install/hiwin_description:/opt/ros/humble /usr/bin/cmake /home/angel/ros2_ws/src/hiwin_dual_arm -DAMENT_CMAKE_SYMLINK_INSTALL=1 -DCMAKE_INSTALL_PREFIX=/home/angel/ros2_ws/install/hiwin_dual_arm
[108.733s] -- The C compiler identification is GNU 11.4.0
[108.743s] -- The CXX compiler identification is GNU 11.4.0
[108.743s] -- Detecting C compiler ABI info
[108.780s] -- Detecting C compiler ABI info - done
[108.780s] -- Check for working C compiler: /usr/bin/cc - skipped
[108.780s] -- Detecting C compile features
[108.786s] -- Detecting C compile features - done
[108.827s] -- Detecting CXX compiler ABI info
[108.903s] -- Detecting CXX compiler ABI info - done
[108.912s] -- Check for working CXX compiler: /usr/bin/c++ - skipped
[108.912s] -- Detecting CXX compile features
[108.951s] -- Detecting CXX compile features - done
[108.997s] -- Found ament_cmake: 1.3.14 (/opt/ros/humble/share/ament_cmake/cmake)
[109.005s] -- Found Python3: /usr/bin/python3 (found version "3.10.12") found components: Interpreter 
[109.014s] -- Override CMake install command with custom implementation using symlinks instead of copying resources
[109.014s] -- Configuring done
[109.015s] -- Generating done
[109.025s] -- Build files have been written to: /home/angel/ros2_ws/build/hiwin_dual_arm
[110.643s] Invoked command in '/home/angel/ros2_ws/build/hiwin_dual_arm' returned '0': AMENT_PREFIX_PATH=/home/angel/ros2_ws/install/hiwin_description:${AMENT_PREFIX_PATH} CMAKE_PREFIX_PATH=/home/angel/ros2_ws/install/hiwin_description:/opt/ros/humble /usr/bin/cmake /home/angel/ros2_ws/src/hiwin_dual_arm -DAMENT_CMAKE_SYMLINK_INSTALL=1 -DCMAKE_INSTALL_PREFIX=/home/angel/ros2_ws/install/hiwin_dual_arm
[110.699s] Invoking command in '/home/angel/ros2_ws/build/hiwin_dual_arm': AMENT_PREFIX_PATH=/home/angel/ros2_ws/install/hiwin_description:${AMENT_PREFIX_PATH} CMAKE_PREFIX_PATH=/home/angel/ros2_ws/install/hiwin_description:/opt/ros/humble /usr/bin/cmake --build /home/angel/ros2_ws/build/hiwin_dual_arm -- -j8 -l8
[113.040s] Invoked command in '/home/angel/ros2_ws/build/hiwin_dual_arm' returned '0': AMENT_PREFIX_PATH=/home/angel/ros2_ws/install/hiwin_description:${AMENT_PREFIX_PATH} CMAKE_PREFIX_PATH=/home/angel/ros2_ws/install/hiwin_description:/opt/ros/humble /usr/bin/cmake --build /home/angel/ros2_ws/build/hiwin_dual_arm -- -j8 -l8
[113.088s] Invoking command in '/home/angel/ros2_ws/build/hiwin_dual_arm': AMENT_PREFIX_PATH=/home/angel/ros2_ws/install/hiwin_description:${AMENT_PREFIX_PATH} CMAKE_PREFIX_PATH=/home/angel/ros2_ws/install/hiwin_description:/opt/ros/humble /usr/bin/cmake --install /home/angel/ros2_ws/build/hiwin_dual_arm
[113.340s] -- Install configuration: ""
[113.340s] -- Execute custom install script
[113.340s] -- Symlinking: /home/angel/ros2_ws/install/hiwin_dual_arm/share/ament_index/resource_index/package_run_dependencies/hiwin_dual_arm
[113.340s] -- Symlinking: /home/angel/ros2_ws/install/hiwin_dual_arm/share/ament_index/resource_index/parent_prefix_path/hiwin_dual_arm
[113.340s] -- Symlinking: /home/angel/ros2_ws/install/hiwin_dual_arm/share/hiwin_dual_arm/environment/ament_prefix_path.sh
[113.340s] -- Symlinking: /home/angel/ros2_ws/install/hiwin_dual_arm/share/hiwin_dual_arm/environment/ament_prefix_path.dsv
[113.340s] -- Symlinking: /home/angel/ros2_ws/install/hiwin_dual_arm/share/hiwin_dual_arm/environment/path.sh
[113.340s] -- Symlinking: /home/angel/ros2_ws/install/hiwin_dual_arm/share/hiwin_dual_arm/environment/path.dsv
[113.340s] -- Symlinking: /home/angel/ros2_ws/install/hiwin_dual_arm/share/hiwin_dual_arm/local_setup.bash
[113.340s] -- Symlinking: /home/angel/ros2_ws/install/hiwin_dual_arm/share/hiwin_dual_arm/local_setup.sh
[113.341s] -- Symlinking: /home/angel/ros2_ws/install/hiwin_dual_arm/share/hiwin_dual_arm/local_setup.zsh
[113.341s] -- Symlinking: /home/angel/ros2_ws/install/hiwin_dual_arm/share/hiwin_dual_arm/local_setup.dsv
[113.341s] -- Symlinking: /home/angel/ros2_ws/install/hiwin_dual_arm/share/hiwin_dual_arm/package.dsv
[113.341s] -- Symlinking: /home/angel/ros2_ws/install/hiwin_dual_arm/share/ament_index/resource_index/packages/hiwin_dual_arm
[113.341s] -- Symlinking: /home/angel/ros2_ws/install/hiwin_dual_arm/share/hiwin_dual_arm/cmake/hiwin_dual_armConfig.cmake
[113.341s] -- Symlinking: /home/angel/ros2_ws/install/hiwin_dual_arm/share/hiwin_dual_arm/cmake/hiwin_dual_armConfig-version.cmake
[113.341s] -- Symlinking: /home/angel/ros2_ws/install/hiwin_dual_arm/share/hiwin_dual_arm/package.xml
[113.342s] -- Symlinking: /home/angel/ros2_ws/install/hiwin_dual_arm/share/hiwin_dual_arm/launch/brain.launch.py
[113.342s] -- Symlinking: /home/angel/ros2_ws/install/hiwin_dual_arm/share/hiwin_dual_arm/launch/demo.launch.py
[113.343s] -- Symlinking: /home/angel/ros2_ws/install/hiwin_dual_arm/share/hiwin_dual_arm/launch/move_group.launch.py
[113.343s] -- Symlinking: /home/angel/ros2_ws/install/hiwin_dual_arm/share/hiwin_dual_arm/launch/moveit_rviz.launch.py
[113.347s] -- Symlinking: /home/angel/ros2_ws/install/hiwin_dual_arm/share/hiwin_dual_arm/launch/rsp.launch.py
[113.347s] -- Symlinking: /home/angel/ros2_ws/install/hiwin_dual_arm/share/hiwin_dual_arm/launch/setup_assistant.launch.py
[113.347s] -- Symlinking: /home/angel/ros2_ws/install/hiwin_dual_arm/share/hiwin_dual_arm/launch/spawn_controllers.launch.py
[113.357s] -- Symlinking: /home/angel/ros2_ws/install/hiwin_dual_arm/share/hiwin_dual_arm/launch/static_virtual_joint_tfs.launch.py
[113.358s] -- Symlinking: /home/angel/ros2_ws/install/hiwin_dual_arm/share/hiwin_dual_arm/launch/test1.launch.py
[113.358s] -- Symlinking: /home/angel/ros2_ws/install/hiwin_dual_arm/share/hiwin_dual_arm/launch/warehouse_db.launch.py
[113.358s] -- Symlinking: /home/angel/ros2_ws/install/hiwin_dual_arm/share/hiwin_dual_arm/config/dual_arm_alm_cg_planning.yaml
[113.358s] -- Symlinking: /home/angel/ros2_ws/install/hiwin_dual_arm/share/hiwin_dual_arm/config/dual_arm_alm_gd_planning.yaml
[113.358s] -- Symlinking: /home/angel/ros2_ws/install/hiwin_dual_arm/share/hiwin_dual_arm/config/dual_arm_alm_newton_planning.yaml
[113.358s] -- Symlinking: /home/angel/ros2_ws/install/hiwin_dual_arm/share/hiwin_dual_arm/config/dual_arm_lag_cg_planning.yaml
[113.358s] -- Symlinking: /home/angel/ros2_ws/install/hiwin_dual_arm/share/hiwin_dual_arm/config/dual_arm_lag_gd_planning.yaml
[113.358s] -- Symlinking: /home/angel/ros2_ws/install/hiwin_dual_arm/share/hiwin_dual_arm/config/dual_arm_lag_newton_planning.yaml
[113.358s] -- Symlinking: /home/angel/ros2_ws/install/hiwin_dual_arm/share/hiwin_dual_arm/config/dual_hiwin.ros2_control.xacro
[113.359s] -- Symlinking: /home/angel/ros2_ws/install/hiwin_dual_arm/share/hiwin_dual_arm/config/dual_hiwin.srdf
[113.359s] -- Symlinking: /home/angel/ros2_ws/install/hiwin_dual_arm/share/hiwin_dual_arm/config/dual_hiwin.urdf.xacro
[113.359s] -- Symlinking: /home/angel/ros2_ws/install/hiwin_dual_arm/share/hiwin_dual_arm/config/initial_positions.yaml
[113.359s] -- Symlinking: /home/angel/ros2_ws/install/hiwin_dual_arm/share/hiwin_dual_arm/config/joint_limits.yaml
[113.359s] -- Symlinking: /home/angel/ros2_ws/install/hiwin_dual_arm/share/hiwin_dual_arm/config/kinematics.yaml
[113.359s] -- Symlinking: /home/angel/ros2_ws/install/hiwin_dual_arm/share/hiwin_dual_arm/config/moveit.rviz
[113.359s] -- Symlinking: /home/angel/ros2_ws/install/hiwin_dual_arm/share/hiwin_dual_arm/config/moveit_controllers .yaml.txt
[113.359s] -- Symlinking: /home/angel/ros2_ws/install/hiwin_dual_arm/share/hiwin_dual_arm/config/moveit_controllers.yaml
[113.360s] -- Symlinking: /home/angel/ros2_ws/install/hiwin_dual_arm/share/hiwin_dual_arm/config/moveit_controllers_copy.yaml
[113.371s] -- Symlinking: /home/angel/ros2_ws/install/hiwin_dual_arm/share/hiwin_dual_arm/config/ompl_planning.yaml
[113.371s] -- Symlinking: /home/angel/ros2_ws/install/hiwin_dual_arm/share/hiwin_dual_arm/config/pilz_cartesian_limits.yaml
[113.390s] -- Symlinking: /home/angel/ros2_ws/install/hiwin_dual_arm/share/hiwin_dual_arm/config/ros2_controllers.yaml
[113.390s] -- Symlinking: /home/angel/ros2_ws/install/hiwin_dual_arm/share/hiwin_dual_arm/config/ros2_controllers_copy.yaml
[113.392s] -- Symlinking: /home/angel/ros2_ws/install/hiwin_dual_arm/share/hiwin_dual_arm/config/sensors_3d.yaml
[113.414s] -- Symlinking: /home/angel/ros2_ws/install/hiwin_dual_arm/share/hiwin_dual_arm/.setup_assistant
[113.728s] Invoked command in '/home/angel/ros2_ws/build/hiwin_dual_arm' returned '0': AMENT_PREFIX_PATH=/home/angel/ros2_ws/install/hiwin_description:${AMENT_PREFIX_PATH} CMAKE_PREFIX_PATH=/home/angel/ros2_ws/install/hiwin_description:/opt/ros/humble /usr/bin/cmake --install /home/angel/ros2_ws/build/hiwin_dual_arm
