[0.036s] Invoking command in '/home/angel/ros2_ws/build/dual_arm_lag_newton_planner': CMAKE_PREFIX_PATH=/opt/ros/humble /usr/bin/cmake /home/angel/ros2_ws/src/For_hiwin_dual_arm/dual_arm_lag_newton_planner -DAMENT_CMAKE_SYMLINK_INSTALL=1 -DCMAKE_INSTALL_PREFIX=/home/angel/ros2_ws/install/dual_arm_lag_newton_planner
[1.394s] -- The C compiler identification is GNU 11.4.0
[1.394s] -- The CXX compiler identification is GNU 11.4.0
[1.394s] -- Detecting C compiler ABI info
[1.394s] -- Detecting C compiler ABI info - done
[1.394s] -- Check for working C compiler: /usr/bin/cc - skipped
[1.394s] -- Detecting C compile features
[1.394s] -- Detecting C compile features - done
[1.394s] -- Detecting CXX compiler ABI info
[1.394s] -- Detecting CXX compiler ABI info - done
[1.394s] -- Check for working CXX compiler: /usr/bin/c++ - skipped
[1.394s] -- Detecting CXX compile features
[1.394s] -- Detecting CXX compile features - done
[1.394s] -- Found ament_cmake: 1.3.14 (/opt/ros/humble/share/ament_cmake/cmake)
[1.394s] -- Found Python3: /usr/bin/python3 (found version "3.10.12") found components: Interpreter 
[1.394s] -- Override CMake install command with custom implementation using symlinks instead of copying resources
[1.394s] -- Found rclcpp: 16.0.19 (/opt/ros/humble/share/rclcpp/cmake)
[1.395s] -- Found rosidl_generator_c: 3.1.8 (/opt/ros/humble/share/rosidl_generator_c/cmake)
[1.395s] -- Found rosidl_adapter: 3.1.8 (/opt/ros/humble/share/rosidl_adapter/cmake)
[1.395s] -- Found rosidl_generator_cpp: 3.1.8 (/opt/ros/humble/share/rosidl_generator_cpp/cmake)
[1.395s] -- Using all available rosidl_typesupport_c: rosidl_typesupport_fastrtps_c;rosidl_typesupport_introspection_c
[1.395s] -- Using all available rosidl_typesupport_cpp: rosidl_typesupport_fastrtps_cpp;rosidl_typesupport_introspection_cpp
[1.395s] -- Found rmw_implementation_cmake: 6.1.2 (/opt/ros/humble/share/rmw_implementation_cmake/cmake)
[1.395s] -- Found rmw_fastrtps_cpp: 6.2.10 (/opt/ros/humble/share/rmw_fastrtps_cpp/cmake)
[1.395s] -- Found OpenSSL: /usr/lib/x86_64-linux-gnu/libcrypto.so (found version "3.0.2")  
[1.395s] -- Found FastRTPS: /opt/ros/humble/include  
[1.395s] -- Using RMW implementation 'rmw_fastrtps_cpp' as default
[1.395s] -- Looking for pthread.h
[1.395s] -- Looking for pthread.h - found
[1.395s] -- Performing Test CMAKE_HAVE_LIBC_PTHREAD
[1.395s] -- Performing Test CMAKE_HAVE_LIBC_PTHREAD - Success
[1.395s] -- Found Threads: TRUE  
[1.395s] -- Found pluginlib: 5.1.4 (/opt/ros/humble/share/pluginlib/cmake)
[1.395s] -- Found moveit_core: 2.5.9 (/opt/ros/humble/share/moveit_core/cmake)
[1.395s] -- Found Boost: /usr/lib/x86_64-linux-gnu/cmake/Boost-1.74.0/BoostConfig.cmake (found version "1.74.0") found components: chrono date_time filesystem iostreams program_options regex serialization system thread 
[1.396s] -- Found parameter_traits: 0.7.1 (/opt/ros/humble/share/parameter_traits/cmake)
[1.396s] -- Found rclcpp_lifecycle: 16.0.19 (/opt/ros/humble/share/rclcpp_lifecycle/cmake)
[1.396s] -- Found Boost: /usr/lib/x86_64-linux-gnu/cmake/Boost-1.74.0/BoostConfig.cmake (found version "1.74.0") found components: filesystem 
[1.441s] -- library: /usr/lib/x86_64-linux-gnu/libcurl.so
[1.512s] -- Found Eigen3: TRUE (found version "3.4.0") 
[1.512s] -- Ensuring Eigen3 include directory is part of orocos-kdl CMake target
[1.823s] -- Configuring done
[1.848s] -- Generating done
[1.857s] -- Build files have been written to: /home/angel/ros2_ws/build/dual_arm_lag_newton_planner
[1.880s] Invoked command in '/home/angel/ros2_ws/build/dual_arm_lag_newton_planner' returned '0': CMAKE_PREFIX_PATH=/opt/ros/humble /usr/bin/cmake /home/angel/ros2_ws/src/For_hiwin_dual_arm/dual_arm_lag_newton_planner -DAMENT_CMAKE_SYMLINK_INSTALL=1 -DCMAKE_INSTALL_PREFIX=/home/angel/ros2_ws/install/dual_arm_lag_newton_planner
[1.881s] Invoking command in '/home/angel/ros2_ws/build/dual_arm_lag_newton_planner': CMAKE_PREFIX_PATH=/opt/ros/humble /usr/bin/cmake --build /home/angel/ros2_ws/build/dual_arm_lag_newton_planner -- -j8 -l8
[2.927s] [ 40%] [32mBuilding CXX object CMakeFiles/dual_arm_lag_newton_planner.dir/src/avoidance_system.cpp.o[0m
[2.927s] [ 40%] [32mBuilding CXX object CMakeFiles/dual_arm_lag_newton_planner.dir/src/data_io.cpp.o[0m
[2.927s] [ 60%] [32mBuilding CXX object CMakeFiles/dual_arm_lag_newton_planner.dir/src/planner_manager.cpp.o[0m
[2.927s] [ 80%] [32mBuilding CXX object CMakeFiles/dual_arm_lag_newton_planner.dir/src/newton_solver.cpp.o[0m
[34.876s] [100%] [32m[1mLinking CXX shared library libdual_arm_lag_newton_planner.so[0m
[35.030s] [100%] Built target dual_arm_lag_newton_planner
[36.281s] Invoked command in '/home/angel/ros2_ws/build/dual_arm_lag_newton_planner' returned '0': CMAKE_PREFIX_PATH=/opt/ros/humble /usr/bin/cmake --build /home/angel/ros2_ws/build/dual_arm_lag_newton_planner -- -j8 -l8
[36.283s] Invoking command in '/home/angel/ros2_ws/build/dual_arm_lag_newton_planner': CMAKE_PREFIX_PATH=/opt/ros/humble /usr/bin/cmake --install /home/angel/ros2_ws/build/dual_arm_lag_newton_planner
[36.289s] -- Install configuration: "Release"
[36.289s] -- Execute custom install script
[36.289s] -- Symlinking: /home/angel/ros2_ws/install/dual_arm_lag_newton_planner/share/dual_arm_lag_newton_planner//dual_arm_lag_newton_planner.xml
[36.297s] -- Symlinking: /home/angel/ros2_ws/install/dual_arm_lag_newton_planner/lib/libdual_arm_lag_newton_planner.so
[36.305s] -- Symlinking: /home/angel/ros2_ws/install/dual_arm_lag_newton_planner/include/dual_arm_lag_newton_planner/avoidance_system.hpp
[36.312s] -- Symlinking: /home/angel/ros2_ws/install/dual_arm_lag_newton_planner/include/dual_arm_lag_newton_planner/data_io.hpp
[36.319s] -- Symlinking: /home/angel/ros2_ws/install/dual_arm_lag_newton_planner/include/dual_arm_lag_newton_planner/newton_solver.hpp
[36.326s] -- Symlinking: /home/angel/ros2_ws/install/dual_arm_lag_newton_planner/include/dual_arm_lag_newton_planner/planner_manager.hpp
[36.334s] -- Symlinking: /home/angel/ros2_ws/install/dual_arm_lag_newton_planner/share/dual_arm_lag_newton_planner/config/dual_arm_lag_newton_planning.yaml
[36.341s] -- Symlinking: /home/angel/ros2_ws/install/dual_arm_lag_newton_planner/share/dual_arm_lag_newton_planner/environment/library_path.sh
[36.348s] -- Symlinking: /home/angel/ros2_ws/install/dual_arm_lag_newton_planner/share/dual_arm_lag_newton_planner/environment/library_path.dsv
[36.355s] -- Symlinking: /home/angel/ros2_ws/install/dual_arm_lag_newton_planner/share/ament_index/resource_index/package_run_dependencies/dual_arm_lag_newton_planner
[36.363s] -- Symlinking: /home/angel/ros2_ws/install/dual_arm_lag_newton_planner/share/ament_index/resource_index/parent_prefix_path/dual_arm_lag_newton_planner
[36.369s] -- Symlinking: /home/angel/ros2_ws/install/dual_arm_lag_newton_planner/share/dual_arm_lag_newton_planner/environment/ament_prefix_path.sh
[36.376s] -- Symlinking: /home/angel/ros2_ws/install/dual_arm_lag_newton_planner/share/dual_arm_lag_newton_planner/environment/ament_prefix_path.dsv
[36.383s] -- Symlinking: /home/angel/ros2_ws/install/dual_arm_lag_newton_planner/share/dual_arm_lag_newton_planner/environment/path.sh
[36.389s] -- Symlinking: /home/angel/ros2_ws/install/dual_arm_lag_newton_planner/share/dual_arm_lag_newton_planner/environment/path.dsv
[36.397s] -- Symlinking: /home/angel/ros2_ws/install/dual_arm_lag_newton_planner/share/dual_arm_lag_newton_planner/local_setup.bash
[36.404s] -- Symlinking: /home/angel/ros2_ws/install/dual_arm_lag_newton_planner/share/dual_arm_lag_newton_planner/local_setup.sh
[36.411s] -- Symlinking: /home/angel/ros2_ws/install/dual_arm_lag_newton_planner/share/dual_arm_lag_newton_planner/local_setup.zsh
[36.418s] -- Symlinking: /home/angel/ros2_ws/install/dual_arm_lag_newton_planner/share/dual_arm_lag_newton_planner/local_setup.dsv
[36.425s] -- Symlinking: /home/angel/ros2_ws/install/dual_arm_lag_newton_planner/share/dual_arm_lag_newton_planner/package.dsv
[36.432s] -- Symlinking: /home/angel/ros2_ws/install/dual_arm_lag_newton_planner/share/ament_index/resource_index/packages/dual_arm_lag_newton_planner
[36.439s] -- Symlinking: /home/angel/ros2_ws/install/dual_arm_lag_newton_planner/share/ament_index/resource_index/moveit_core__pluginlib__plugin/dual_arm_lag_newton_planner
[36.445s] -- Symlinking: /home/angel/ros2_ws/install/dual_arm_lag_newton_planner/share/dual_arm_lag_newton_planner/cmake/ament_cmake_export_libraries-extras.cmake
[36.452s] -- Symlinking: /home/angel/ros2_ws/install/dual_arm_lag_newton_planner/share/dual_arm_lag_newton_planner/cmake/ament_cmake_export_dependencies-extras.cmake
[36.459s] -- Symlinking: /home/angel/ros2_ws/install/dual_arm_lag_newton_planner/share/dual_arm_lag_newton_planner/cmake/dual_arm_lag_newton_plannerConfig.cmake
[36.465s] -- Symlinking: /home/angel/ros2_ws/install/dual_arm_lag_newton_planner/share/dual_arm_lag_newton_planner/cmake/dual_arm_lag_newton_plannerConfig-version.cmake
[36.472s] -- Symlinking: /home/angel/ros2_ws/install/dual_arm_lag_newton_planner/share/dual_arm_lag_newton_planner/package.xml
[36.480s] Invoked command in '/home/angel/ros2_ws/build/dual_arm_lag_newton_planner' returned '0': CMAKE_PREFIX_PATH=/opt/ros/humble /usr/bin/cmake --install /home/angel/ros2_ws/build/dual_arm_lag_newton_planner
