[0.046s] Invoking command in '/home/angel/0710_code/build/dual_arm_alm_newton_planner': CMAKE_PREFIX_PATH=${CMAKE_PREFIX_PATH}:/opt/ros/humble /usr/bin/cmake /home/angel/0710_code/src/0710_code/dual_arm_alm_newton_planner -DAMENT_CMAKE_SYMLINK_INSTALL=1 -DCMAKE_INSTALL_PREFIX=/home/angel/0710_code/install/dual_arm_alm_newton_planner
[0.055s] -- Found ament_cmake: 1.3.14 (/opt/ros/humble/share/ament_cmake/cmake)
[0.184s] -- Override CMake install command with custom implementation using symlinks instead of copying resources
[0.198s] -- Found rclcpp: 16.0.19 (/opt/ros/humble/share/rclcpp/cmake)
[0.229s] -- Found rosidl_generator_c: 3.1.8 (/opt/ros/humble/share/rosidl_generator_c/cmake)
[0.232s] -- Found rosidl_adapter: 3.1.8 (/opt/ros/humble/share/rosidl_adapter/cmake)
[0.238s] -- Found rosidl_generator_cpp: 3.1.8 (/opt/ros/humble/share/rosidl_generator_cpp/cmake)
[0.247s] -- Using all available rosidl_typesupport_c: rosidl_typesupport_fastrtps_c;rosidl_typesupport_introspection_c
[0.259s] -- Using all available rosidl_typesupport_cpp: rosidl_typesupport_fastrtps_cpp;rosidl_typesupport_introspection_cpp
[0.294s] -- Found rmw_implementation_cmake: 6.1.2 (/opt/ros/humble/share/rmw_implementation_cmake/cmake)
[0.294s] -- Found rmw_fastrtps_cpp: 6.2.10 (/opt/ros/humble/share/rmw_fastrtps_cpp/cmake)
[0.409s] -- Using RMW implementation 'rmw_fastrtps_cpp' as default
[0.454s] -- Found pluginlib: 5.1.3 (/opt/ros/humble/share/pluginlib/cmake)
[0.475s] -- Found moveit_core: 2.5.9 (/opt/ros/humble/share/moveit_core/cmake)
[0.488s] -- Found Boost: /usr/lib/x86_64-linux-gnu/cmake/Boost-1.74.0/BoostConfig.cmake (found version "1.74.0") found components: chrono date_time filesystem iostreams program_options regex serialization system thread 
[0.506s] -- Found parameter_traits: 0.7.1 (/opt/ros/humble/share/parameter_traits/cmake)
[0.513s] -- Found rclcpp_lifecycle: 16.0.19 (/opt/ros/humble/share/rclcpp_lifecycle/cmake)
[0.533s] -- Found Boost: /usr/lib/x86_64-linux-gnu/cmake/Boost-1.74.0/BoostConfig.cmake (found version "1.74.0") found components: filesystem 
[0.579s] -- library: /usr/lib/x86_64-linux-gnu/libcurl.so
[0.633s] -- Ensuring Eigen3 include directory is part of orocos-kdl CMake target
[0.876s] -- Configuring done
[0.899s] -- Generating done
[0.910s] -- Build files have been written to: /home/angel/0710_code/build/dual_arm_alm_newton_planner
[0.927s] Invoked command in '/home/angel/0710_code/build/dual_arm_alm_newton_planner' returned '0': CMAKE_PREFIX_PATH=${CMAKE_PREFIX_PATH}:/opt/ros/humble /usr/bin/cmake /home/angel/0710_code/src/0710_code/dual_arm_alm_newton_planner -DAMENT_CMAKE_SYMLINK_INSTALL=1 -DCMAKE_INSTALL_PREFIX=/home/angel/0710_code/install/dual_arm_alm_newton_planner
[0.931s] Invoking command in '/home/angel/0710_code/build/dual_arm_alm_newton_planner': CMAKE_PREFIX_PATH=${CMAKE_PREFIX_PATH}:/opt/ros/humble /usr/bin/cmake --build /home/angel/0710_code/build/dual_arm_alm_newton_planner -- -j8 -l8
[0.972s] [35m[1mConsolidate compiler generated dependencies of target dual_arm_alm_newton_planner[0m
[0.997s] [ 20%] [32m[1mLinking CXX shared library libdual_arm_alm_newton_planner.so[0m
[1.244s] [100%] Built target dual_arm_alm_newton_planner
[1.257s] Invoked command in '/home/angel/0710_code/build/dual_arm_alm_newton_planner' returned '0': CMAKE_PREFIX_PATH=${CMAKE_PREFIX_PATH}:/opt/ros/humble /usr/bin/cmake --build /home/angel/0710_code/build/dual_arm_alm_newton_planner -- -j8 -l8
[1.259s] Invoking command in '/home/angel/0710_code/build/dual_arm_alm_newton_planner': CMAKE_PREFIX_PATH=${CMAKE_PREFIX_PATH}:/opt/ros/humble /usr/bin/cmake --install /home/angel/0710_code/build/dual_arm_alm_newton_planner
[1.267s] -- Install configuration: "Release"
[1.269s] -- Execute custom install script
[1.269s] -- Symlinking: /home/angel/0710_code/install/dual_arm_alm_newton_planner/share/dual_arm_alm_newton_planner//dual_arm_alm_newton_planner.xml
[1.275s] -- Symlinking: /home/angel/0710_code/install/dual_arm_alm_newton_planner/lib/libdual_arm_alm_newton_planner.so
[1.283s] -- Symlinking: /home/angel/0710_code/install/dual_arm_alm_newton_planner/include/dual_arm_alm_newton_planner/avoidance_system.hpp
[1.291s] -- Symlinking: /home/angel/0710_code/install/dual_arm_alm_newton_planner/include/dual_arm_alm_newton_planner/data_io.hpp
[1.300s] -- Symlinking: /home/angel/0710_code/install/dual_arm_alm_newton_planner/include/dual_arm_alm_newton_planner/newton_solver.hpp
[1.308s] -- Symlinking: /home/angel/0710_code/install/dual_arm_alm_newton_planner/include/dual_arm_alm_newton_planner/planner_manager.hpp
[1.316s] -- Symlinking: /home/angel/0710_code/install/dual_arm_alm_newton_planner/share/dual_arm_alm_newton_planner/config/dual_arm_alm_newton_planning.yaml
[1.325s] -- Symlinking: /home/angel/0710_code/install/dual_arm_alm_newton_planner/share/dual_arm_alm_newton_planner/environment/library_path.sh
[1.334s] -- Symlinking: /home/angel/0710_code/install/dual_arm_alm_newton_planner/share/dual_arm_alm_newton_planner/environment/library_path.dsv
[1.341s] -- Symlinking: /home/angel/0710_code/install/dual_arm_alm_newton_planner/share/ament_index/resource_index/package_run_dependencies/dual_arm_alm_newton_planner
[1.353s] -- Symlinking: /home/angel/0710_code/install/dual_arm_alm_newton_planner/share/ament_index/resource_index/parent_prefix_path/dual_arm_alm_newton_planner
[1.361s] -- Symlinking: /home/angel/0710_code/install/dual_arm_alm_newton_planner/share/dual_arm_alm_newton_planner/environment/ament_prefix_path.sh
[1.367s] -- Symlinking: /home/angel/0710_code/install/dual_arm_alm_newton_planner/share/dual_arm_alm_newton_planner/environment/ament_prefix_path.dsv
[1.374s] -- Symlinking: /home/angel/0710_code/install/dual_arm_alm_newton_planner/share/dual_arm_alm_newton_planner/environment/path.sh
[1.382s] -- Symlinking: /home/angel/0710_code/install/dual_arm_alm_newton_planner/share/dual_arm_alm_newton_planner/environment/path.dsv
[1.392s] -- Symlinking: /home/angel/0710_code/install/dual_arm_alm_newton_planner/share/dual_arm_alm_newton_planner/local_setup.bash
[1.397s] -- Symlinking: /home/angel/0710_code/install/dual_arm_alm_newton_planner/share/dual_arm_alm_newton_planner/local_setup.sh
[1.406s] -- Symlinking: /home/angel/0710_code/install/dual_arm_alm_newton_planner/share/dual_arm_alm_newton_planner/local_setup.zsh
[1.414s] -- Symlinking: /home/angel/0710_code/install/dual_arm_alm_newton_planner/share/dual_arm_alm_newton_planner/local_setup.dsv
[1.421s] -- Symlinking: /home/angel/0710_code/install/dual_arm_alm_newton_planner/share/dual_arm_alm_newton_planner/package.dsv
[1.430s] -- Symlinking: /home/angel/0710_code/install/dual_arm_alm_newton_planner/share/ament_index/resource_index/packages/dual_arm_alm_newton_planner
[1.437s] -- Symlinking: /home/angel/0710_code/install/dual_arm_alm_newton_planner/share/ament_index/resource_index/moveit_core__pluginlib__plugin/dual_arm_alm_newton_planner
[1.445s] -- Symlinking: /home/angel/0710_code/install/dual_arm_alm_newton_planner/share/dual_arm_alm_newton_planner/cmake/ament_cmake_export_libraries-extras.cmake
[1.451s] -- Symlinking: /home/angel/0710_code/install/dual_arm_alm_newton_planner/share/dual_arm_alm_newton_planner/cmake/ament_cmake_export_dependencies-extras.cmake
[1.459s] -- Symlinking: /home/angel/0710_code/install/dual_arm_alm_newton_planner/share/dual_arm_alm_newton_planner/cmake/dual_arm_alm_newton_plannerConfig.cmake
[1.467s] -- Symlinking: /home/angel/0710_code/install/dual_arm_alm_newton_planner/share/dual_arm_alm_newton_planner/cmake/dual_arm_alm_newton_plannerConfig-version.cmake
[1.478s] -- Symlinking: /home/angel/0710_code/install/dual_arm_alm_newton_planner/share/dual_arm_alm_newton_planner/package.xml
[1.518s] Invoked command in '/home/angel/0710_code/build/dual_arm_alm_newton_planner' returned '0': CMAKE_PREFIX_PATH=${CMAKE_PREFIX_PATH}:/opt/ros/humble /usr/bin/cmake --install /home/angel/0710_code/build/dual_arm_alm_newton_planner
