[0.044s] Invoking command in '/home/angel/0710_code/build/dual_arm_alm_cg_planner': CMAKE_PREFIX_PATH=${CMAKE_PREFIX_PATH}:/opt/ros/humble /usr/bin/cmake --build /home/angel/0710_code/build/dual_arm_alm_cg_planner -- -j8 -l8
[0.114s] -- Found ament_cmake: 1.3.14 (/opt/ros/humble/share/ament_cmake/cmake)
[0.263s] -- Found rclcpp: 16.0.19 (/opt/ros/humble/share/rclcpp/cmake)
[0.308s] -- Found rosidl_generator_c: 3.1.8 (/opt/ros/humble/share/rosidl_generator_c/cmake)
[0.311s] -- Found rosidl_adapter: 3.1.8 (/opt/ros/humble/share/rosidl_adapter/cmake)
[0.319s] -- Found rosidl_generator_cpp: 3.1.8 (/opt/ros/humble/share/rosidl_generator_cpp/cmake)
[0.326s] -- Using all available rosidl_typesupport_c: rosidl_typesupport_fastrtps_c;rosidl_typesupport_introspection_c
[0.337s] -- Using all available rosidl_typesupport_cpp: rosidl_typesupport_fastrtps_cpp;rosidl_typesupport_introspection_cpp
[0.366s] -- Found rmw_implementation_cmake: 6.1.2 (/opt/ros/humble/share/rmw_implementation_cmake/cmake)
[0.368s] -- Found rmw_fastrtps_cpp: 6.2.10 (/opt/ros/humble/share/rmw_fastrtps_cpp/cmake)
[0.492s] -- Using RMW implementation 'rmw_fastrtps_cpp' as default
[0.541s] -- Found pluginlib: 5.1.3 (/opt/ros/humble/share/pluginlib/cmake)
[0.561s] -- Found moveit_core: 2.5.9 (/opt/ros/humble/share/moveit_core/cmake)
[0.592s] -- Found Boost: /usr/lib/x86_64-linux-gnu/cmake/Boost-1.74.0/BoostConfig.cmake (found version "1.74.0") found components: chrono date_time filesystem iostreams program_options regex serialization system thread 
[0.622s] -- Found parameter_traits: 0.7.1 (/opt/ros/humble/share/parameter_traits/cmake)
[0.636s] -- Found rclcpp_lifecycle: 16.0.19 (/opt/ros/humble/share/rclcpp_lifecycle/cmake)
[0.656s] -- Found Boost: /usr/lib/x86_64-linux-gnu/cmake/Boost-1.74.0/BoostConfig.cmake (found version "1.74.0") found components: filesystem 
[0.702s] -- library: /usr/lib/x86_64-linux-gnu/libcurl.so
[0.755s] -- Ensuring Eigen3 include directory is part of orocos-kdl CMake target
[1.013s] -- Configuring done
[1.052s] -- Generating done
[1.062s] -- Build files have been written to: /home/angel/0710_code/build/dual_arm_alm_cg_planner
[1.097s] [35m[1mConsolidate compiler generated dependencies of target dual_arm_alm_cg_planner[0m
[1.153s] [ 20%] [32mBuilding CXX object CMakeFiles/dual_arm_alm_cg_planner.dir/src/data_io.cpp.o[0m
[2.389s] [ 40%] [32m[1mLinking CXX shared library libdual_arm_alm_cg_planner.so[0m
[2.557s] [100%] Built target dual_arm_alm_cg_planner
[2.567s] Invoked command in '/home/angel/0710_code/build/dual_arm_alm_cg_planner' returned '0': CMAKE_PREFIX_PATH=${CMAKE_PREFIX_PATH}:/opt/ros/humble /usr/bin/cmake --build /home/angel/0710_code/build/dual_arm_alm_cg_planner -- -j8 -l8
[2.569s] Invoking command in '/home/angel/0710_code/build/dual_arm_alm_cg_planner': CMAKE_PREFIX_PATH=${CMAKE_PREFIX_PATH}:/opt/ros/humble /usr/bin/cmake --install /home/angel/0710_code/build/dual_arm_alm_cg_planner
[2.576s] -- Install configuration: "Release"
[2.576s] -- Installing: /home/angel/0710_code/install/dual_arm_alm_cg_planner/share/dual_arm_alm_cg_planner/dual_arm_alm_cg_planner.xml
[2.577s] -- Installing: /home/angel/0710_code/install/dual_arm_alm_cg_planner/lib/libdual_arm_alm_cg_planner.so
[2.577s] -- Set runtime path of "/home/angel/0710_code/install/dual_arm_alm_cg_planner/lib/libdual_arm_alm_cg_planner.so" to ""
[2.577s] -- Up-to-date: /home/angel/0710_code/install/dual_arm_alm_cg_planner/include
[2.578s] -- Up-to-date: /home/angel/0710_code/install/dual_arm_alm_cg_planner/include/dual_arm_alm_cg_planner
[2.578s] -- Installing: /home/angel/0710_code/install/dual_arm_alm_cg_planner/include/dual_arm_alm_cg_planner/avoidance_system.hpp
[2.578s] -- Installing: /home/angel/0710_code/install/dual_arm_alm_cg_planner/include/dual_arm_alm_cg_planner/cg_solver.hpp
[2.578s] -- Installing: /home/angel/0710_code/install/dual_arm_alm_cg_planner/include/dual_arm_alm_cg_planner/data_io.hpp
[2.578s] -- Installing: /home/angel/0710_code/install/dual_arm_alm_cg_planner/include/dual_arm_alm_cg_planner/planner_manager.hpp
[2.578s] -- Up-to-date: /home/angel/0710_code/install/dual_arm_alm_cg_planner/share/dual_arm_alm_cg_planner/config
[2.578s] -- Installing: /home/angel/0710_code/install/dual_arm_alm_cg_planner/share/dual_arm_alm_cg_planner/config/dual_arm_alm_cg_planning.yaml
[2.578s] -- Up-to-date: /home/angel/0710_code/install/dual_arm_alm_cg_planner/share/dual_arm_alm_cg_planner/environment/library_path.sh
[2.578s] -- Installing: /home/angel/0710_code/install/dual_arm_alm_cg_planner/share/dual_arm_alm_cg_planner/environment/library_path.dsv
[2.578s] -- Up-to-date: /home/angel/0710_code/install/dual_arm_alm_cg_planner/share/ament_index/resource_index/package_run_dependencies/dual_arm_alm_cg_planner
[2.578s] -- Installing: /home/angel/0710_code/install/dual_arm_alm_cg_planner/share/ament_index/resource_index/parent_prefix_path/dual_arm_alm_cg_planner
[2.578s] -- Up-to-date: /home/angel/0710_code/install/dual_arm_alm_cg_planner/share/dual_arm_alm_cg_planner/environment/ament_prefix_path.sh
[2.579s] -- Installing: /home/angel/0710_code/install/dual_arm_alm_cg_planner/share/dual_arm_alm_cg_planner/environment/ament_prefix_path.dsv
[2.579s] -- Up-to-date: /home/angel/0710_code/install/dual_arm_alm_cg_planner/share/dual_arm_alm_cg_planner/environment/path.sh
[2.579s] -- Installing: /home/angel/0710_code/install/dual_arm_alm_cg_planner/share/dual_arm_alm_cg_planner/environment/path.dsv
[2.579s] -- Up-to-date: /home/angel/0710_code/install/dual_arm_alm_cg_planner/share/dual_arm_alm_cg_planner/local_setup.bash
[2.579s] -- Up-to-date: /home/angel/0710_code/install/dual_arm_alm_cg_planner/share/dual_arm_alm_cg_planner/local_setup.sh
[2.579s] -- Up-to-date: /home/angel/0710_code/install/dual_arm_alm_cg_planner/share/dual_arm_alm_cg_planner/local_setup.zsh
[2.579s] -- Installing: /home/angel/0710_code/install/dual_arm_alm_cg_planner/share/dual_arm_alm_cg_planner/local_setup.dsv
[2.579s] -- Installing: /home/angel/0710_code/install/dual_arm_alm_cg_planner/share/dual_arm_alm_cg_planner/package.dsv
[2.579s] -- Up-to-date: /home/angel/0710_code/install/dual_arm_alm_cg_planner/share/ament_index/resource_index/packages/dual_arm_alm_cg_planner
[2.579s] -- Up-to-date: /home/angel/0710_code/install/dual_arm_alm_cg_planner/share/ament_index/resource_index/moveit_core__pluginlib__plugin/dual_arm_alm_cg_planner
[2.581s] -- Up-to-date: /home/angel/0710_code/install/dual_arm_alm_cg_planner/share/dual_arm_alm_cg_planner/cmake/ament_cmake_export_libraries-extras.cmake
[2.581s] -- Up-to-date: /home/angel/0710_code/install/dual_arm_alm_cg_planner/share/dual_arm_alm_cg_planner/cmake/ament_cmake_export_dependencies-extras.cmake
[2.581s] -- Up-to-date: /home/angel/0710_code/install/dual_arm_alm_cg_planner/share/dual_arm_alm_cg_planner/cmake/dual_arm_alm_cg_plannerConfig.cmake
[2.581s] -- Up-to-date: /home/angel/0710_code/install/dual_arm_alm_cg_planner/share/dual_arm_alm_cg_planner/cmake/dual_arm_alm_cg_plannerConfig-version.cmake
[2.581s] -- Installing: /home/angel/0710_code/install/dual_arm_alm_cg_planner/share/dual_arm_alm_cg_planner/package.xml
[2.582s] Invoked command in '/home/angel/0710_code/build/dual_arm_alm_cg_planner' returned '0': CMAKE_PREFIX_PATH=${CMAKE_PREFIX_PATH}:/opt/ros/humble /usr/bin/cmake --install /home/angel/0710_code/build/dual_arm_alm_cg_planner
