[0.025s] Invoking command in '/home/angel/0710_code/build/dual_arm_alm_newton_planner': DEBUGINFOD_URLS=https://debuginfod.ubuntu.com /usr/bin/cmake --build /home/angel/0710_code/build/dual_arm_alm_newton_planner -- -j8 -l8
[1.120s] -- The C compiler identification is GNU 13.3.0
[1.783s] -- The CXX compiler identification is GNU 13.3.0
[1.839s] -- Detecting C compiler ABI info
[2.000s] -- Detecting C compiler ABI info - done
[2.013s] -- Check for working C compiler: /usr/bin/cc - skipped
[2.013s] -- Detecting C compile features
[2.015s] -- Detecting C compile features - done
[2.025s] -- Detecting CXX compiler ABI info
[2.159s] -- Detecting CXX compiler ABI info - done
[2.174s] -- Check for working CXX compiler: /usr/bin/c++ - skipped
[2.175s] -- Detecting CXX compile features
[2.177s] -- Detecting CXX compile features - done
[2.181s] -- Found ament_cmake: 2.5.5 (/opt/ros/jazzy/share/ament_cmake/cmake)
[2.443s] -- Found Python3: /usr/bin/python3 (found version "3.12.3") found components: Interpreter 
[2.631s] -- Found rclcpp: 28.1.16 (/opt/ros/jazzy/share/rclcpp/cmake)
[3.162s] -- Found rosidl_generator_c: 4.6.7 (/opt/ros/jazzy/share/rosidl_generator_c/cmake)
[3.162s] -- Found rosidl_generator_cpp: 4.6.7 (/opt/ros/jazzy/share/rosidl_generator_cpp/cmake)
[3.227s] CMake Error at /opt/ros/jazzy/share/rosidl_typesupport_c/cmake/get_used_typesupports.cmake:35 (message):
[3.227s]   No 'rosidl_typesupport_c' found
[3.227s] Call Stack (most recent call first):
[3.228s]   /opt/ros/jazzy/share/rosidl_typesupport_c/cmake/rosidl_typesupport_c-extras.cmake:8 (get_used_typesupports)
[3.228s]   /opt/ros/jazzy/share/rosidl_typesupport_c/cmake/rosidl_typesupport_cConfig.cmake:41 (include)
[3.228s]   /opt/ros/jazzy/share/builtin_interfaces/cmake/ament_cmake_export_dependencies-extras.cmake:21 (find_package)
[3.228s]   /opt/ros/jazzy/share/builtin_interfaces/cmake/builtin_interfacesConfig.cmake:41 (include)
[3.228s]   /opt/ros/jazzy/share/rclcpp/cmake/ament_cmake_export_dependencies-extras.cmake:21 (find_package)
[3.228s]   /opt/ros/jazzy/share/rclcpp/cmake/rclcppConfig.cmake:41 (include)
[3.228s]   CMakeLists.txt:21 (find_package)
[3.228s] 
[3.228s] 
[3.231s] -- Configuring incomplete, errors occurred!
[3.234s] gmake: *** [Makefile:348: cmake_check_build_system] Error 1
[3.235s] Invoked command in '/home/angel/0710_code/build/dual_arm_alm_newton_planner' returned '2': DEBUGINFOD_URLS=https://debuginfod.ubuntu.com /usr/bin/cmake --build /home/angel/0710_code/build/dual_arm_alm_newton_planner -- -j8 -l8
